[0.152s] [34mcolcon[0m [1;30mDEBUG[0m [32mCommand line arguments: ['/usr/bin/colcon', 'build'][0m
[0.152s] [34mcolcon[0m [1;30mDEBUG[0m [32mParsed command line arguments: Namespace(log_base=None, log_level=None, verb_name='build', build_base='build', install_base='install', merge_install=False, symlink_install=False, test_result_base=None, continue_on_error=False, executor='parallel', parallel_workers=4, event_handlers=None, ignore_user_meta=False, metas=['./colcon.meta'], base_paths=['.'], packages_ignore=None, packages_ignore_regex=None, paths=None, packages_up_to=None, packages_up_to_regex=None, packages_above=None, packages_above_and_dependencies=None, packages_above_depth=None, packages_select_by_dep=None, packages_skip_by_dep=None, packages_skip_up_to=None, packages_select_build_failed=False, packages_skip_build_finished=False, packages_select_test_failures=False, packages_skip_test_passed=False, packages_select=None, packages_skip=None, packages_select_regex=None, packages_skip_regex=None, packages_start=None, packages_end=None, allow_overriding=[], cmake_args=None, cmake_target=None, cmake_target_skip_unavailable=False, cmake_clean_cache=False, cmake_clean_first=False, cmake_force_configure=False, ament_cmake_args=None, catkin_cmake_args=None, catkin_skip_building_tests=False, mixin_files=None, mixin=None, verb_parser=<colcon_mixin.mixin.mixin_argument.MixinArgumentDecorator object at 0x7ba3692b0af0>, verb_extension=<colcon_core.verb.build.BuildVerb object at 0x7ba369229780>, main=<bound method BuildVerb.main of <colcon_core.verb.build.BuildVerb object at 0x7ba369229780>>, mixin_verb=('build',))[0m
[0.531s] [34mcolcon.colcon_core.package_discovery[0m [1;30mLevel 1[0m discover_packages(colcon_meta) check parameters
[0.531s] [34mcolcon.colcon_core.package_discovery[0m [1;30mLevel 1[0m discover_packages(recursive) check parameters
[0.531s] [34mcolcon.colcon_core.package_discovery[0m [1;30mLevel 1[0m discover_packages(ignore) check parameters
[0.531s] [34mcolcon.colcon_core.package_discovery[0m [1;30mLevel 1[0m discover_packages(path) check parameters
[0.531s] [34mcolcon.colcon_core.package_discovery[0m [1;30mLevel 1[0m discover_packages(colcon_meta) discover
[0.531s] [34mcolcon.colcon_core.package_discovery[0m [1;30mLevel 1[0m discover_packages(recursive) discover
[0.531s] [34mcolcon.colcon_core.package_discovery[0m [1;30mINFO[0m Crawling recursively for packages in '/home/ziad/Ziad_WS/ROS2/work_space'
[0.531s] [34mcolcon.colcon_core.package_identification[0m [1;30mLevel 1[0m _identify(.) by extensions ['ignore', 'ignore_ament_install']
[0.531s] [34mcolcon.colcon_core.package_identification[0m [1;30mLevel 1[0m _identify(.) by extension 'ignore'
[0.532s] [34mcolcon.colcon_core.package_identification[0m [1;30mLevel 1[0m _identify(.) by extension 'ignore_ament_install'
[0.532s] [34mcolcon.colcon_core.package_identification[0m [1;30mLevel 1[0m _identify(.) by extensions ['colcon_pkg']
[0.532s] [34mcolcon.colcon_core.package_identification[0m [1;30mLevel 1[0m _identify(.) by extension 'colcon_pkg'
[0.532s] [34mcolcon.colcon_core.package_identification[0m [1;30mLevel 1[0m _identify(.) by extensions ['colcon_meta']
[0.532s] [34mcolcon.colcon_core.package_identification[0m [1;30mLevel 1[0m _identify(.) by extension 'colcon_meta'
[0.532s] [34mcolcon.colcon_core.package_identification[0m [1;30mLevel 1[0m _identify(.) by extensions ['ros']
[0.532s] [34mcolcon.colcon_core.package_identification[0m [1;30mLevel 1[0m _identify(.) by extension 'ros'
[0.556s] [34mcolcon.colcon_core.package_identification[0m [1;30mLevel 1[0m _identify(.) by extensions ['cmake', 'python']
[0.557s] [34mcolcon.colcon_core.package_identification[0m [1;30mLevel 1[0m _identify(.) by extension 'cmake'
[0.557s] [34mcolcon.colcon_core.package_identification[0m [1;30mLevel 1[0m _identify(.) by extension 'python'
[0.557s] [34mcolcon.colcon_core.package_identification[0m [1;30mLevel 1[0m _identify(.) by extensions ['python_setup_py']
[0.557s] [34mcolcon.colcon_core.package_identification[0m [1;30mLevel 1[0m _identify(.) by extension 'python_setup_py'
[0.557s] [34mcolcon.colcon_core.package_identification[0m [1;30mLevel 1[0m _identify(build) by extensions ['ignore', 'ignore_ament_install']
[0.557s] [34mcolcon.colcon_core.package_identification[0m [1;30mLevel 1[0m _identify(build) by extension 'ignore'
[0.557s] [34mcolcon.colcon_core.package_identification[0m [1;30mLevel 1[0m _identify(build) ignored
[0.557s] [34mcolcon.colcon_core.package_identification[0m [1;30mLevel 1[0m _identify(install) by extensions ['ignore', 'ignore_ament_install']
[0.557s] [34mcolcon.colcon_core.package_identification[0m [1;30mLevel 1[0m _identify(install) by extension 'ignore'
[0.557s] [34mcolcon.colcon_core.package_identification[0m [1;30mLevel 1[0m _identify(install) ignored
[0.558s] [34mcolcon.colcon_core.package_identification[0m [1;30mLevel 1[0m _identify(log) by extensions ['ignore', 'ignore_ament_install']
[0.558s] [34mcolcon.colcon_core.package_identification[0m [1;30mLevel 1[0m _identify(log) by extension 'ignore'
[0.558s] [34mcolcon.colcon_core.package_identification[0m [1;30mLevel 1[0m _identify(log) ignored
[0.558s] [34mcolcon.colcon_core.package_identification[0m [1;30mLevel 1[0m _identify(src) by extensions ['ignore', 'ignore_ament_install']
[0.558s] [34mcolcon.colcon_core.package_identification[0m [1;30mLevel 1[0m _identify(src) by extension 'ignore'
[0.558s] [34mcolcon.colcon_core.package_identification[0m [1;30mLevel 1[0m _identify(src) by extension 'ignore_ament_install'
[0.558s] [34mcolcon.colcon_core.package_identification[0m [1;30mLevel 1[0m _identify(src) by extensions ['colcon_pkg']
[0.558s] [34mcolcon.colcon_core.package_identification[0m [1;30mLevel 1[0m _identify(src) by extension 'colcon_pkg'
[0.558s] [34mcolcon.colcon_core.package_identification[0m [1;30mLevel 1[0m _identify(src) by extensions ['colcon_meta']
[0.558s] [34mcolcon.colcon_core.package_identification[0m [1;30mLevel 1[0m _identify(src) by extension 'colcon_meta'
[0.558s] [34mcolcon.colcon_core.package_identification[0m [1;30mLevel 1[0m _identify(src) by extensions ['ros']
[0.558s] [34mcolcon.colcon_core.package_identification[0m [1;30mLevel 1[0m _identify(src) by extension 'ros'
[0.558s] [34mcolcon.colcon_core.package_identification[0m [1;30mLevel 1[0m _identify(src) by extensions ['cmake', 'python']
[0.558s] [34mcolcon.colcon_core.package_identification[0m [1;30mLevel 1[0m _identify(src) by extension 'cmake'
[0.558s] [34mcolcon.colcon_core.package_identification[0m [1;30mLevel 1[0m _identify(src) by extension 'python'
[0.559s] [34mcolcon.colcon_core.package_identification[0m [1;30mLevel 1[0m _identify(src) by extensions ['python_setup_py']
[0.559s] [34mcolcon.colcon_core.package_identification[0m [1;30mLevel 1[0m _identify(src) by extension 'python_setup_py'
[0.559s] [34mcolcon.colcon_core.package_identification[0m [1;30mLevel 1[0m _identify(src/Universal_Robots_ROS2_Gazebo_Simulation) by extensions ['ignore', 'ignore_ament_install']
[0.559s] [34mcolcon.colcon_core.package_identification[0m [1;30mLevel 1[0m _identify(src/Universal_Robots_ROS2_Gazebo_Simulation) by extension 'ignore'
[0.559s] [34mcolcon.colcon_core.package_identification[0m [1;30mLevel 1[0m _identify(src/Universal_Robots_ROS2_Gazebo_Simulation) by extension 'ignore_ament_install'
[0.559s] [34mcolcon.colcon_core.package_identification[0m [1;30mLevel 1[0m _identify(src/Universal_Robots_ROS2_Gazebo_Simulation) by extensions ['colcon_pkg']
[0.559s] [34mcolcon.colcon_core.package_identification[0m [1;30mLevel 1[0m _identify(src/Universal_Robots_ROS2_Gazebo_Simulation) by extension 'colcon_pkg'
[0.559s] [34mcolcon.colcon_core.package_identification[0m [1;30mLevel 1[0m _identify(src/Universal_Robots_ROS2_Gazebo_Simulation) by extensions ['colcon_meta']
[0.559s] [34mcolcon.colcon_core.package_identification[0m [1;30mLevel 1[0m _identify(src/Universal_Robots_ROS2_Gazebo_Simulation) by extension 'colcon_meta'
[0.559s] [34mcolcon.colcon_core.package_identification[0m [1;30mLevel 1[0m _identify(src/Universal_Robots_ROS2_Gazebo_Simulation) by extensions ['ros']
[0.559s] [34mcolcon.colcon_core.package_identification[0m [1;30mLevel 1[0m _identify(src/Universal_Robots_ROS2_Gazebo_Simulation) by extension 'ros'
[0.559s] [34mcolcon.colcon_core.package_identification[0m [1;30mLevel 1[0m _identify(src/Universal_Robots_ROS2_Gazebo_Simulation) by extensions ['cmake', 'python']
[0.559s] [34mcolcon.colcon_core.package_identification[0m [1;30mLevel 1[0m _identify(src/Universal_Robots_ROS2_Gazebo_Simulation) by extension 'cmake'
[0.559s] [34mcolcon.colcon_core.package_identification[0m [1;30mLevel 1[0m _identify(src/Universal_Robots_ROS2_Gazebo_Simulation) by extension 'python'
[0.559s] [34mcolcon.colcon_core.package_identification[0m [1;30mLevel 1[0m _identify(src/Universal_Robots_ROS2_Gazebo_Simulation) by extensions ['python_setup_py']
[0.559s] [34mcolcon.colcon_core.package_identification[0m [1;30mLevel 1[0m _identify(src/Universal_Robots_ROS2_Gazebo_Simulation) by extension 'python_setup_py'
[0.560s] [34mcolcon.colcon_core.package_identification[0m [1;30mLevel 1[0m _identify(src/Universal_Robots_ROS2_Gazebo_Simulation/ur_simulation_gazebo) by extensions ['ignore', 'ignore_ament_install']
[0.560s] [34mcolcon.colcon_core.package_identification[0m [1;30mLevel 1[0m _identify(src/Universal_Robots_ROS2_Gazebo_Simulation/ur_simulation_gazebo) by extension 'ignore'
[0.560s] [34mcolcon.colcon_core.package_identification[0m [1;30mLevel 1[0m _identify(src/Universal_Robots_ROS2_Gazebo_Simulation/ur_simulation_gazebo) by extension 'ignore_ament_install'
[0.560s] [34mcolcon.colcon_core.package_identification[0m [1;30mLevel 1[0m _identify(src/Universal_Robots_ROS2_Gazebo_Simulation/ur_simulation_gazebo) by extensions ['colcon_pkg']
[0.560s] [34mcolcon.colcon_core.package_identification[0m [1;30mLevel 1[0m _identify(src/Universal_Robots_ROS2_Gazebo_Simulation/ur_simulation_gazebo) by extension 'colcon_pkg'
[0.560s] [34mcolcon.colcon_core.package_identification[0m [1;30mLevel 1[0m _identify(src/Universal_Robots_ROS2_Gazebo_Simulation/ur_simulation_gazebo) by extensions ['colcon_meta']
[0.560s] [34mcolcon.colcon_core.package_identification[0m [1;30mLevel 1[0m _identify(src/Universal_Robots_ROS2_Gazebo_Simulation/ur_simulation_gazebo) by extension 'colcon_meta'
[0.560s] [34mcolcon.colcon_core.package_identification[0m [1;30mLevel 1[0m _identify(src/Universal_Robots_ROS2_Gazebo_Simulation/ur_simulation_gazebo) by extensions ['ros']
[0.560s] [34mcolcon.colcon_core.package_identification[0m [1;30mLevel 1[0m _identify(src/Universal_Robots_ROS2_Gazebo_Simulation/ur_simulation_gazebo) by extension 'ros'
[0.565s] [34mcolcon.colcon_core.package_identification[0m [1;30mDEBUG[0m [32mPackage 'src/Universal_Robots_ROS2_Gazebo_Simulation/ur_simulation_gazebo' with type 'ros.ament_cmake' and name 'ur_simulation_gazebo'[0m
[0.565s] [34mcolcon.colcon_core.package_identification[0m [1;30mLevel 1[0m _identify(src/publisher_subscriber) by extensions ['ignore', 'ignore_ament_install']
[0.565s] [34mcolcon.colcon_core.package_identification[0m [1;30mLevel 1[0m _identify(src/publisher_subscriber) by extension 'ignore'
[0.565s] [34mcolcon.colcon_core.package_identification[0m [1;30mLevel 1[0m _identify(src/publisher_subscriber) by extension 'ignore_ament_install'
[0.565s] [34mcolcon.colcon_core.package_identification[0m [1;30mLevel 1[0m _identify(src/publisher_subscriber) by extensions ['colcon_pkg']
[0.565s] [34mcolcon.colcon_core.package_identification[0m [1;30mLevel 1[0m _identify(src/publisher_subscriber) by extension 'colcon_pkg'
[0.565s] [34mcolcon.colcon_core.package_identification[0m [1;30mLevel 1[0m _identify(src/publisher_subscriber) by extensions ['colcon_meta']
[0.565s] [34mcolcon.colcon_core.package_identification[0m [1;30mLevel 1[0m _identify(src/publisher_subscriber) by extension 'colcon_meta'
[0.565s] [34mcolcon.colcon_core.package_identification[0m [1;30mLevel 1[0m _identify(src/publisher_subscriber) by extensions ['ros']
[0.565s] [34mcolcon.colcon_core.package_identification[0m [1;30mLevel 1[0m _identify(src/publisher_subscriber) by extension 'ros'
[0.566s] [34mcolcon.colcon_core.package_identification[0m [1;30mDEBUG[0m [32mPackage 'src/publisher_subscriber' with type 'ros.ament_cmake' and name 'publisher_subscriber'[0m
[0.566s] [34mcolcon.colcon_core.package_identification[0m [1;30mLevel 1[0m _identify(src/robot_model_gazebo) by extensions ['ignore', 'ignore_ament_install']
[0.566s] [34mcolcon.colcon_core.package_identification[0m [1;30mLevel 1[0m _identify(src/robot_model_gazebo) by extension 'ignore'
[0.567s] [34mcolcon.colcon_core.package_identification[0m [1;30mLevel 1[0m _identify(src/robot_model_gazebo) by extension 'ignore_ament_install'
[0.567s] [34mcolcon.colcon_core.package_identification[0m [1;30mLevel 1[0m _identify(src/robot_model_gazebo) by extensions ['colcon_pkg']
[0.567s] [34mcolcon.colcon_core.package_identification[0m [1;30mLevel 1[0m _identify(src/robot_model_gazebo) by extension 'colcon_pkg'
[0.567s] [34mcolcon.colcon_core.package_identification[0m [1;30mLevel 1[0m _identify(src/robot_model_gazebo) by extensions ['colcon_meta']
[0.567s] [34mcolcon.colcon_core.package_identification[0m [1;30mLevel 1[0m _identify(src/robot_model_gazebo) by extension 'colcon_meta'
[0.567s] [34mcolcon.colcon_core.package_identification[0m [1;30mLevel 1[0m _identify(src/robot_model_gazebo) by extensions ['ros']
[0.567s] [34mcolcon.colcon_core.package_identification[0m [1;30mLevel 1[0m _identify(src/robot_model_gazebo) by extension 'ros'
[0.567s] [34mcolcon.colcon_core.package_identification[0m [1;30mDEBUG[0m [32mPackage 'src/robot_model_gazebo' with type 'ros.ament_cmake' and name 'robot_model_gazebo'[0m
[0.568s] [34mcolcon.colcon_core.package_identification[0m [1;30mLevel 1[0m _identify(src/ros2_urdf) by extensions ['ignore', 'ignore_ament_install']
[0.568s] [34mcolcon.colcon_core.package_identification[0m [1;30mLevel 1[0m _identify(src/ros2_urdf) by extension 'ignore'
[0.568s] [34mcolcon.colcon_core.package_identification[0m [1;30mLevel 1[0m _identify(src/ros2_urdf) by extension 'ignore_ament_install'
[0.568s] [34mcolcon.colcon_core.package_identification[0m [1;30mLevel 1[0m _identify(src/ros2_urdf) by extensions ['colcon_pkg']
[0.568s] [34mcolcon.colcon_core.package_identification[0m [1;30mLevel 1[0m _identify(src/ros2_urdf) by extension 'colcon_pkg'
[0.568s] [34mcolcon.colcon_core.package_identification[0m [1;30mLevel 1[0m _identify(src/ros2_urdf) by extensions ['colcon_meta']
[0.568s] [34mcolcon.colcon_core.package_identification[0m [1;30mLevel 1[0m _identify(src/ros2_urdf) by extension 'colcon_meta'
[0.568s] [34mcolcon.colcon_core.package_identification[0m [1;30mLevel 1[0m _identify(src/ros2_urdf) by extensions ['ros']
[0.568s] [34mcolcon.colcon_core.package_identification[0m [1;30mLevel 1[0m _identify(src/ros2_urdf) by extension 'ros'
[0.569s] [34mcolcon.colcon_core.package_identification[0m [1;30mDEBUG[0m [32mPackage 'src/ros2_urdf' with type 'ros.ament_cmake' and name 'ros2_urdf'[0m
[0.569s] [34mcolcon.colcon_core.package_identification[0m [1;30mLevel 1[0m _identify(src/services_actions) by extensions ['ignore', 'ignore_ament_install']
[0.569s] [34mcolcon.colcon_core.package_identification[0m [1;30mLevel 1[0m _identify(src/services_actions) by extension 'ignore'
[0.569s] [34mcolcon.colcon_core.package_identification[0m [1;30mLevel 1[0m _identify(src/services_actions) by extension 'ignore_ament_install'
[0.569s] [34mcolcon.colcon_core.package_identification[0m [1;30mLevel 1[0m _identify(src/services_actions) by extensions ['colcon_pkg']
[0.569s] [34mcolcon.colcon_core.package_identification[0m [1;30mLevel 1[0m _identify(src/services_actions) by extension 'colcon_pkg'
[0.569s] [34mcolcon.colcon_core.package_identification[0m [1;30mLevel 1[0m _identify(src/services_actions) by extensions ['colcon_meta']
[0.569s] [34mcolcon.colcon_core.package_identification[0m [1;30mLevel 1[0m _identify(src/services_actions) by extension 'colcon_meta'
[0.569s] [34mcolcon.colcon_core.package_identification[0m [1;30mLevel 1[0m _identify(src/services_actions) by extensions ['ros']
[0.569s] [34mcolcon.colcon_core.package_identification[0m [1;30mLevel 1[0m _identify(src/services_actions) by extension 'ros'
[0.570s] [34mcolcon.colcon_core.package_identification[0m [1;30mDEBUG[0m [32mPackage 'src/services_actions' with type 'ros.ament_cmake' and name 'services_actions'[0m
[0.570s] [34mcolcon.colcon_core.package_identification[0m [1;30mLevel 1[0m _identify(src/turtlebot3_custom) by extensions ['ignore', 'ignore_ament_install']
[0.570s] [34mcolcon.colcon_core.package_identification[0m [1;30mLevel 1[0m _identify(src/turtlebot3_custom) by extension 'ignore'
[0.570s] [34mcolcon.colcon_core.package_identification[0m [1;30mLevel 1[0m _identify(src/turtlebot3_custom) by extension 'ignore_ament_install'
[0.571s] [34mcolcon.colcon_core.package_identification[0m [1;30mLevel 1[0m _identify(src/turtlebot3_custom) by extensions ['colcon_pkg']
[0.571s] [34mcolcon.colcon_core.package_identification[0m [1;30mLevel 1[0m _identify(src/turtlebot3_custom) by extension 'colcon_pkg'
[0.571s] [34mcolcon.colcon_core.package_identification[0m [1;30mLevel 1[0m _identify(src/turtlebot3_custom) by extensions ['colcon_meta']
[0.571s] [34mcolcon.colcon_core.package_identification[0m [1;30mLevel 1[0m _identify(src/turtlebot3_custom) by extension 'colcon_meta'
[0.571s] [34mcolcon.colcon_core.package_identification[0m [1;30mLevel 1[0m _identify(src/turtlebot3_custom) by extensions ['ros']
[0.571s] [34mcolcon.colcon_core.package_identification[0m [1;30mLevel 1[0m _identify(src/turtlebot3_custom) by extension 'ros'
[0.572s] [34mcolcon.colcon_core.package_identification[0m [1;30mDEBUG[0m [32mPackage 'src/turtlebot3_custom' with type 'ros.ament_cmake' and name 'turtlebot3_custom'[0m
[0.572s] [34mcolcon.colcon_core.package_discovery[0m [1;30mLevel 1[0m discover_packages(recursive) using defaults
[0.572s] [34mcolcon.colcon_core.package_discovery[0m [1;30mLevel 1[0m discover_packages(ignore) discover
[0.572s] [34mcolcon.colcon_core.package_discovery[0m [1;30mLevel 1[0m discover_packages(ignore) using defaults
[0.572s] [34mcolcon.colcon_core.package_discovery[0m [1;30mLevel 1[0m discover_packages(path) discover
[0.572s] [34mcolcon.colcon_core.package_discovery[0m [1;30mLevel 1[0m discover_packages(path) using defaults
[0.590s] [34mcolcon.colcon_core.package_discovery[0m [1;30mLevel 1[0m discover_packages(prefix_path) check parameters
[0.590s] [34mcolcon.colcon_core.package_discovery[0m [1;30mLevel 1[0m discover_packages(prefix_path) discover
[0.592s] [34mcolcon.colcon_installed_package_information.package_discovery[0m [1;30mDEBUG[0m [32mFound 6 installed packages in /home/ziad/Ziad_WS/ROS2/work_space/install[0m
[0.594s] [34mcolcon.colcon_installed_package_information.package_discovery[0m [1;30mDEBUG[0m [32mFound 407 installed packages in /opt/ros/humble[0m
[0.597s] [34mcolcon.colcon_core.package_discovery[0m [1;30mLevel 1[0m discover_packages(prefix_path) using defaults
[0.652s] [34mcolcon.colcon_core.verb[0m [1;30mLevel 5[0m set package 'publisher_subscriber' build argument 'cmake_args' from command line to 'None'
[0.652s] [34mcolcon.colcon_core.verb[0m [1;30mLevel 5[0m set package 'publisher_subscriber' build argument 'cmake_target' from command line to 'None'
[0.652s] [34mcolcon.colcon_core.verb[0m [1;30mLevel 5[0m set package 'publisher_subscriber' build argument 'cmake_target_skip_unavailable' from command line to 'False'
[0.652s] [34mcolcon.colcon_core.verb[0m [1;30mLevel 5[0m set package 'publisher_subscriber' build argument 'cmake_clean_cache' from command line to 'False'
[0.652s] [34mcolcon.colcon_core.verb[0m [1;30mLevel 5[0m set package 'publisher_subscriber' build argument 'cmake_clean_first' from command line to 'False'
[0.652s] [34mcolcon.colcon_core.verb[0m [1;30mLevel 5[0m set package 'publisher_subscriber' build argument 'cmake_force_configure' from command line to 'False'
[0.652s] [34mcolcon.colcon_core.verb[0m [1;30mLevel 5[0m set package 'publisher_subscriber' build argument 'ament_cmake_args' from command line to 'None'
[0.652s] [34mcolcon.colcon_core.verb[0m [1;30mLevel 5[0m set package 'publisher_subscriber' build argument 'catkin_cmake_args' from command line to 'None'
[0.653s] [34mcolcon.colcon_core.verb[0m [1;30mLevel 5[0m set package 'publisher_subscriber' build argument 'catkin_skip_building_tests' from command line to 'False'
[0.653s] [34mcolcon.colcon_core.verb[0m [1;30mDEBUG[0m [32mBuilding package 'publisher_subscriber' with the following arguments: {'ament_cmake_args': None, 'build_base': '/home/ziad/Ziad_WS/ROS2/work_space/build/publisher_subscriber', 'catkin_cmake_args': None, 'catkin_skip_building_tests': False, 'cmake_args': None, 'cmake_clean_cache': False, 'cmake_clean_first': False, 'cmake_force_configure': False, 'cmake_target': None, 'cmake_target_skip_unavailable': False, 'install_base': '/home/ziad/Ziad_WS/ROS2/work_space/install/publisher_subscriber', 'merge_install': False, 'path': '/home/ziad/Ziad_WS/ROS2/work_space/src/publisher_subscriber', 'symlink_install': False, 'test_result_base': None}[0m
[0.653s] [34mcolcon.colcon_core.verb[0m [1;30mLevel 5[0m set package 'robot_model_gazebo' build argument 'cmake_args' from command line to 'None'
[0.653s] [34mcolcon.colcon_core.verb[0m [1;30mLevel 5[0m set package 'robot_model_gazebo' build argument 'cmake_target' from command line to 'None'
[0.653s] [34mcolcon.colcon_core.verb[0m [1;30mLevel 5[0m set package 'robot_model_gazebo' build argument 'cmake_target_skip_unavailable' from command line to 'False'
[0.653s] [34mcolcon.colcon_core.verb[0m [1;30mLevel 5[0m set package 'robot_model_gazebo' build argument 'cmake_clean_cache' from command line to 'False'
[0.653s] [34mcolcon.colcon_core.verb[0m [1;30mLevel 5[0m set package 'robot_model_gazebo' build argument 'cmake_clean_first' from command line to 'False'
[0.653s] [34mcolcon.colcon_core.verb[0m [1;30mLevel 5[0m set package 'robot_model_gazebo' build argument 'cmake_force_configure' from command line to 'False'
[0.653s] [34mcolcon.colcon_core.verb[0m [1;30mLevel 5[0m set package 'robot_model_gazebo' build argument 'ament_cmake_args' from command line to 'None'
[0.653s] [34mcolcon.colcon_core.verb[0m [1;30mLevel 5[0m set package 'robot_model_gazebo' build argument 'catkin_cmake_args' from command line to 'None'
[0.653s] [34mcolcon.colcon_core.verb[0m [1;30mLevel 5[0m set package 'robot_model_gazebo' build argument 'catkin_skip_building_tests' from command line to 'False'
[0.653s] [34mcolcon.colcon_core.verb[0m [1;30mDEBUG[0m [32mBuilding package 'robot_model_gazebo' with the following arguments: {'ament_cmake_args': None, 'build_base': '/home/ziad/Ziad_WS/ROS2/work_space/build/robot_model_gazebo', 'catkin_cmake_args': None, 'catkin_skip_building_tests': False, 'cmake_args': None, 'cmake_clean_cache': False, 'cmake_clean_first': False, 'cmake_force_configure': False, 'cmake_target': None, 'cmake_target_skip_unavailable': False, 'install_base': '/home/ziad/Ziad_WS/ROS2/work_space/install/robot_model_gazebo', 'merge_install': False, 'path': '/home/ziad/Ziad_WS/ROS2/work_space/src/robot_model_gazebo', 'symlink_install': False, 'test_result_base': None}[0m
[0.654s] [34mcolcon.colcon_core.verb[0m [1;30mLevel 5[0m set package 'ros2_urdf' build argument 'cmake_args' from command line to 'None'
[0.654s] [34mcolcon.colcon_core.verb[0m [1;30mLevel 5[0m set package 'ros2_urdf' build argument 'cmake_target' from command line to 'None'
[0.654s] [34mcolcon.colcon_core.verb[0m [1;30mLevel 5[0m set package 'ros2_urdf' build argument 'cmake_target_skip_unavailable' from command line to 'False'
[0.654s] [34mcolcon.colcon_core.verb[0m [1;30mLevel 5[0m set package 'ros2_urdf' build argument 'cmake_clean_cache' from command line to 'False'
[0.654s] [34mcolcon.colcon_core.verb[0m [1;30mLevel 5[0m set package 'ros2_urdf' build argument 'cmake_clean_first' from command line to 'False'
[0.654s] [34mcolcon.colcon_core.verb[0m [1;30mLevel 5[0m set package 'ros2_urdf' build argument 'cmake_force_configure' from command line to 'False'
[0.654s] [34mcolcon.colcon_core.verb[0m [1;30mLevel 5[0m set package 'ros2_urdf' build argument 'ament_cmake_args' from command line to 'None'
[0.654s] [34mcolcon.colcon_core.verb[0m [1;30mLevel 5[0m set package 'ros2_urdf' build argument 'catkin_cmake_args' from command line to 'None'
[0.654s] [34mcolcon.colcon_core.verb[0m [1;30mLevel 5[0m set package 'ros2_urdf' build argument 'catkin_skip_building_tests' from command line to 'False'
[0.654s] [34mcolcon.colcon_core.verb[0m [1;30mDEBUG[0m [32mBuilding package 'ros2_urdf' with the following arguments: {'ament_cmake_args': None, 'build_base': '/home/ziad/Ziad_WS/ROS2/work_space/build/ros2_urdf', 'catkin_cmake_args': None, 'catkin_skip_building_tests': False, 'cmake_args': None, 'cmake_clean_cache': False, 'cmake_clean_first': False, 'cmake_force_configure': False, 'cmake_target': None, 'cmake_target_skip_unavailable': False, 'install_base': '/home/ziad/Ziad_WS/ROS2/work_space/install/ros2_urdf', 'merge_install': False, 'path': '/home/ziad/Ziad_WS/ROS2/work_space/src/ros2_urdf', 'symlink_install': False, 'test_result_base': None}[0m
[0.655s] [34mcolcon.colcon_core.verb[0m [1;30mLevel 5[0m set package 'services_actions' build argument 'cmake_args' from command line to 'None'
[0.655s] [34mcolcon.colcon_core.verb[0m [1;30mLevel 5[0m set package 'services_actions' build argument 'cmake_target' from command line to 'None'
[0.655s] [34mcolcon.colcon_core.verb[0m [1;30mLevel 5[0m set package 'services_actions' build argument 'cmake_target_skip_unavailable' from command line to 'False'
[0.655s] [34mcolcon.colcon_core.verb[0m [1;30mLevel 5[0m set package 'services_actions' build argument 'cmake_clean_cache' from command line to 'False'
[0.655s] [34mcolcon.colcon_core.verb[0m [1;30mLevel 5[0m set package 'services_actions' build argument 'cmake_clean_first' from command line to 'False'
[0.655s] [34mcolcon.colcon_core.verb[0m [1;30mLevel 5[0m set package 'services_actions' build argument 'cmake_force_configure' from command line to 'False'
[0.655s] [34mcolcon.colcon_core.verb[0m [1;30mLevel 5[0m set package 'services_actions' build argument 'ament_cmake_args' from command line to 'None'
[0.655s] [34mcolcon.colcon_core.verb[0m [1;30mLevel 5[0m set package 'services_actions' build argument 'catkin_cmake_args' from command line to 'None'
[0.655s] [34mcolcon.colcon_core.verb[0m [1;30mLevel 5[0m set package 'services_actions' build argument 'catkin_skip_building_tests' from command line to 'False'
[0.655s] [34mcolcon.colcon_core.verb[0m [1;30mDEBUG[0m [32mBuilding package 'services_actions' with the following arguments: {'ament_cmake_args': None, 'build_base': '/home/ziad/Ziad_WS/ROS2/work_space/build/services_actions', 'catkin_cmake_args': None, 'catkin_skip_building_tests': False, 'cmake_args': None, 'cmake_clean_cache': False, 'cmake_clean_first': False, 'cmake_force_configure': False, 'cmake_target': None, 'cmake_target_skip_unavailable': False, 'install_base': '/home/ziad/Ziad_WS/ROS2/work_space/install/services_actions', 'merge_install': False, 'path': '/home/ziad/Ziad_WS/ROS2/work_space/src/services_actions', 'symlink_install': False, 'test_result_base': None}[0m
[0.655s] [34mcolcon.colcon_core.verb[0m [1;30mLevel 5[0m set package 'turtlebot3_custom' build argument 'cmake_args' from command line to 'None'
[0.655s] [34mcolcon.colcon_core.verb[0m [1;30mLevel 5[0m set package 'turtlebot3_custom' build argument 'cmake_target' from command line to 'None'
[0.655s] [34mcolcon.colcon_core.verb[0m [1;30mLevel 5[0m set package 'turtlebot3_custom' build argument 'cmake_target_skip_unavailable' from command line to 'False'
[0.655s] [34mcolcon.colcon_core.verb[0m [1;30mLevel 5[0m set package 'turtlebot3_custom' build argument 'cmake_clean_cache' from command line to 'False'
[0.655s] [34mcolcon.colcon_core.verb[0m [1;30mLevel 5[0m set package 'turtlebot3_custom' build argument 'cmake_clean_first' from command line to 'False'
[0.655s] [34mcolcon.colcon_core.verb[0m [1;30mLevel 5[0m set package 'turtlebot3_custom' build argument 'cmake_force_configure' from command line to 'False'
[0.655s] [34mcolcon.colcon_core.verb[0m [1;30mLevel 5[0m set package 'turtlebot3_custom' build argument 'ament_cmake_args' from command line to 'None'
[0.656s] [34mcolcon.colcon_core.verb[0m [1;30mLevel 5[0m set package 'turtlebot3_custom' build argument 'catkin_cmake_args' from command line to 'None'
[0.656s] [34mcolcon.colcon_core.verb[0m [1;30mLevel 5[0m set package 'turtlebot3_custom' build argument 'catkin_skip_building_tests' from command line to 'False'
[0.656s] [34mcolcon.colcon_core.verb[0m [1;30mDEBUG[0m [32mBuilding package 'turtlebot3_custom' with the following arguments: {'ament_cmake_args': None, 'build_base': '/home/ziad/Ziad_WS/ROS2/work_space/build/turtlebot3_custom', 'catkin_cmake_args': None, 'catkin_skip_building_tests': False, 'cmake_args': None, 'cmake_clean_cache': False, 'cmake_clean_first': False, 'cmake_force_configure': False, 'cmake_target': None, 'cmake_target_skip_unavailable': False, 'install_base': '/home/ziad/Ziad_WS/ROS2/work_space/install/turtlebot3_custom', 'merge_install': False, 'path': '/home/ziad/Ziad_WS/ROS2/work_space/src/turtlebot3_custom', 'symlink_install': False, 'test_result_base': None}[0m
[0.656s] [34mcolcon.colcon_core.verb[0m [1;30mLevel 5[0m set package 'ur_simulation_gazebo' build argument 'cmake_args' from command line to 'None'
[0.656s] [34mcolcon.colcon_core.verb[0m [1;30mLevel 5[0m set package 'ur_simulation_gazebo' build argument 'cmake_target' from command line to 'None'
[0.656s] [34mcolcon.colcon_core.verb[0m [1;30mLevel 5[0m set package 'ur_simulation_gazebo' build argument 'cmake_target_skip_unavailable' from command line to 'False'
[0.656s] [34mcolcon.colcon_core.verb[0m [1;30mLevel 5[0m set package 'ur_simulation_gazebo' build argument 'cmake_clean_cache' from command line to 'False'
[0.656s] [34mcolcon.colcon_core.verb[0m [1;30mLevel 5[0m set package 'ur_simulation_gazebo' build argument 'cmake_clean_first' from command line to 'False'
[0.656s] [34mcolcon.colcon_core.verb[0m [1;30mLevel 5[0m set package 'ur_simulation_gazebo' build argument 'cmake_force_configure' from command line to 'False'
[0.656s] [34mcolcon.colcon_core.verb[0m [1;30mLevel 5[0m set package 'ur_simulation_gazebo' build argument 'ament_cmake_args' from command line to 'None'
[0.656s] [34mcolcon.colcon_core.verb[0m [1;30mLevel 5[0m set package 'ur_simulation_gazebo' build argument 'catkin_cmake_args' from command line to 'None'
[0.656s] [34mcolcon.colcon_core.verb[0m [1;30mLevel 5[0m set package 'ur_simulation_gazebo' build argument 'catkin_skip_building_tests' from command line to 'False'
[0.656s] [34mcolcon.colcon_core.verb[0m [1;30mDEBUG[0m [32mBuilding package 'ur_simulation_gazebo' with the following arguments: {'ament_cmake_args': None, 'build_base': '/home/ziad/Ziad_WS/ROS2/work_space/build/ur_simulation_gazebo', 'catkin_cmake_args': None, 'catkin_skip_building_tests': False, 'cmake_args': None, 'cmake_clean_cache': False, 'cmake_clean_first': False, 'cmake_force_configure': False, 'cmake_target': None, 'cmake_target_skip_unavailable': False, 'install_base': '/home/ziad/Ziad_WS/ROS2/work_space/install/ur_simulation_gazebo', 'merge_install': False, 'path': '/home/ziad/Ziad_WS/ROS2/work_space/src/Universal_Robots_ROS2_Gazebo_Simulation/ur_simulation_gazebo', 'symlink_install': False, 'test_result_base': None}[0m
[0.656s] [34mcolcon.colcon_core.executor[0m [1;30mINFO[0m Executing jobs using 'parallel' executor
[0.658s] [34mcolcon.colcon_parallel_executor.executor.parallel[0m [1;30mDEBUG[0m [32mrun_until_complete[0m
[0.658s] [34mcolcon.colcon_ros.task.ament_cmake.build[0m [1;30mINFO[0m Building ROS package in '/home/ziad/Ziad_WS/ROS2/work_space/src/publisher_subscriber' with build type 'ament_cmake'
[0.658s] [34mcolcon.colcon_cmake.task.cmake.build[0m [1;30mINFO[0m Building CMake package in '/home/ziad/Ziad_WS/ROS2/work_space/src/publisher_subscriber'
[0.661s] [34mcolcon.colcon_core.plugin_system[0m [1;30mINFO[0m Skipping extension 'colcon_core.shell.bat': Not used on non-Windows systems
[0.661s] [34mcolcon.colcon_core.shell[0m [1;30mINFO[0m Skip shell extension 'powershell' for command environment: Not usable outside of PowerShell
[0.661s] [34mcolcon.colcon_core.shell[0m [1;30mDEBUG[0m [32mSkip shell extension 'dsv' for command environment[0m
[0.666s] [34mcolcon.colcon_ros.task.ament_cmake.build[0m [1;30mINFO[0m Building ROS package in '/home/ziad/Ziad_WS/ROS2/work_space/src/robot_model_gazebo' with build type 'ament_cmake'
[0.666s] [34mcolcon.colcon_cmake.task.cmake.build[0m [1;30mINFO[0m Building CMake package in '/home/ziad/Ziad_WS/ROS2/work_space/src/robot_model_gazebo'
[0.666s] [34mcolcon.colcon_core.shell[0m [1;30mINFO[0m Skip shell extension 'powershell' for command environment: Not usable outside of PowerShell
[0.666s] [34mcolcon.colcon_core.shell[0m [1;30mDEBUG[0m [32mSkip shell extension 'dsv' for command environment[0m
[0.672s] [34mcolcon.colcon_ros.task.ament_cmake.build[0m [1;30mINFO[0m Building ROS package in '/home/ziad/Ziad_WS/ROS2/work_space/src/ros2_urdf' with build type 'ament_cmake'
[0.672s] [34mcolcon.colcon_cmake.task.cmake.build[0m [1;30mINFO[0m Building CMake package in '/home/ziad/Ziad_WS/ROS2/work_space/src/ros2_urdf'
[0.673s] [34mcolcon.colcon_core.shell[0m [1;30mINFO[0m Skip shell extension 'powershell' for command environment: Not usable outside of PowerShell
[0.673s] [34mcolcon.colcon_core.shell[0m [1;30mDEBUG[0m [32mSkip shell extension 'dsv' for command environment[0m
[0.679s] [34mcolcon.colcon_ros.task.ament_cmake.build[0m [1;30mINFO[0m Building ROS package in '/home/ziad/Ziad_WS/ROS2/work_space/src/services_actions' with build type 'ament_cmake'
[0.679s] [34mcolcon.colcon_cmake.task.cmake.build[0m [1;30mINFO[0m Building CMake package in '/home/ziad/Ziad_WS/ROS2/work_space/src/services_actions'
[0.680s] [34mcolcon.colcon_core.shell[0m [1;30mINFO[0m Skip shell extension 'powershell' for command environment: Not usable outside of PowerShell
[0.680s] [34mcolcon.colcon_core.shell[0m [1;30mDEBUG[0m [32mSkip shell extension 'dsv' for command environment[0m
[0.693s] [34mcolcon.colcon_core.event_handler.log_command[0m [1;30mDEBUG[0m [32mInvoking command in '/home/ziad/Ziad_WS/ROS2/work_space/build/publisher_subscriber': CMAKE_PREFIX_PATH=${CMAKE_PREFIX_PATH}:/opt/ros/humble /usr/bin/cmake --build /home/ziad/Ziad_WS/ROS2/work_space/build/publisher_subscriber -- -j4 -l4[0m
[0.699s] [34mcolcon.colcon_core.event_handler.log_command[0m [1;30mDEBUG[0m [32mInvoking command in '/home/ziad/Ziad_WS/ROS2/work_space/build/robot_model_gazebo': CMAKE_PREFIX_PATH=${CMAKE_PREFIX_PATH}:/opt/ros/humble /usr/bin/cmake --build /home/ziad/Ziad_WS/ROS2/work_space/build/robot_model_gazebo -- -j4 -l4[0m
[0.703s] [34mcolcon.colcon_core.event_handler.log_command[0m [1;30mDEBUG[0m [32mInvoking command in '/home/ziad/Ziad_WS/ROS2/work_space/build/ros2_urdf': CMAKE_PREFIX_PATH=${CMAKE_PREFIX_PATH}:/opt/ros/humble /usr/bin/cmake --build /home/ziad/Ziad_WS/ROS2/work_space/build/ros2_urdf -- -j4 -l4[0m
[0.712s] [34mcolcon.colcon_core.event_handler.log_command[0m [1;30mDEBUG[0m [32mInvoking command in '/home/ziad/Ziad_WS/ROS2/work_space/build/services_actions': CMAKE_PREFIX_PATH=${CMAKE_PREFIX_PATH}:/opt/ros/humble /usr/bin/cmake --build /home/ziad/Ziad_WS/ROS2/work_space/build/services_actions -- -j4 -l4[0m
[0.770s] [34mcolcon.colcon_core.event_handler.log_command[0m [1;30mDEBUG[0m [32mInvoked command in '/home/ziad/Ziad_WS/ROS2/work_space/build/robot_model_gazebo' returned '0': CMAKE_PREFIX_PATH=${CMAKE_PREFIX_PATH}:/opt/ros/humble /usr/bin/cmake --build /home/ziad/Ziad_WS/ROS2/work_space/build/robot_model_gazebo -- -j4 -l4[0m
[0.798s] [34mcolcon.colcon_core.event_handler.log_command[0m [1;30mDEBUG[0m [32mInvoking command in '/home/ziad/Ziad_WS/ROS2/work_space/build/robot_model_gazebo': CMAKE_PREFIX_PATH=${CMAKE_PREFIX_PATH}:/opt/ros/humble /usr/bin/cmake --install /home/ziad/Ziad_WS/ROS2/work_space/build/robot_model_gazebo[0m
[0.853s] [34mcolcon.colcon_core.environment[0m [1;30mLevel 1[0m create_environment_scripts_only(robot_model_gazebo)
[0.866s] [34mcolcon.colcon_core.environment[0m [1;30mLevel 1[0m checking '/home/ziad/Ziad_WS/ROS2/work_space/install/robot_model_gazebo' for CMake module files
[0.873s] [34mcolcon.colcon_core.environment[0m [1;30mLevel 1[0m checking '/home/ziad/Ziad_WS/ROS2/work_space/install/robot_model_gazebo' for CMake config files
[0.874s] [34mcolcon.colcon_core.shell[0m [1;30mLevel 1[0m create_environment_hook('robot_model_gazebo', 'cmake_prefix_path')
[0.875s] [34mcolcon.colcon_core.shell[0m [1;30mINFO[0m Creating environment hook '/home/ziad/Ziad_WS/ROS2/work_space/install/robot_model_gazebo/share/robot_model_gazebo/hook/cmake_prefix_path.ps1'
[0.879s] [34mcolcon.colcon_core.shell[0m [1;30mINFO[0m Creating environment descriptor '/home/ziad/Ziad_WS/ROS2/work_space/install/robot_model_gazebo/share/robot_model_gazebo/hook/cmake_prefix_path.dsv'
[0.883s] [34mcolcon.colcon_core.shell[0m [1;30mINFO[0m Creating environment hook '/home/ziad/Ziad_WS/ROS2/work_space/install/robot_model_gazebo/share/robot_model_gazebo/hook/cmake_prefix_path.sh'
[0.889s] [34mcolcon.colcon_core.environment[0m [1;30mLevel 1[0m checking '/home/ziad/Ziad_WS/ROS2/work_space/install/robot_model_gazebo/bin'
[0.890s] [34mcolcon.colcon_core.environment[0m [1;30mLevel 1[0m checking '/home/ziad/Ziad_WS/ROS2/work_space/install/robot_model_gazebo/lib/pkgconfig/robot_model_gazebo.pc'
[0.890s] [34mcolcon.colcon_core.environment[0m [1;30mLevel 1[0m checking '/home/ziad/Ziad_WS/ROS2/work_space/install/robot_model_gazebo/lib/python3.10/site-packages'
[0.891s] [34mcolcon.colcon_core.environment[0m [1;30mLevel 1[0m checking '/home/ziad/Ziad_WS/ROS2/work_space/install/robot_model_gazebo/bin'
[0.892s] [34mcolcon.colcon_core.shell[0m [1;30mINFO[0m Creating package script '/home/ziad/Ziad_WS/ROS2/work_space/install/robot_model_gazebo/share/robot_model_gazebo/package.ps1'
[0.899s] [34mcolcon.colcon_core.shell[0m [1;30mINFO[0m Creating package descriptor '/home/ziad/Ziad_WS/ROS2/work_space/install/robot_model_gazebo/share/robot_model_gazebo/package.dsv'
[0.903s] [34mcolcon.colcon_core.shell[0m [1;30mINFO[0m Creating package script '/home/ziad/Ziad_WS/ROS2/work_space/install/robot_model_gazebo/share/robot_model_gazebo/package.sh'
[0.904s] [34mcolcon.colcon_core.shell[0m [1;30mINFO[0m Creating package script '/home/ziad/Ziad_WS/ROS2/work_space/install/robot_model_gazebo/share/robot_model_gazebo/package.bash'
[0.910s] [34mcolcon.colcon_core.event_handler.log_command[0m [1;30mDEBUG[0m [32mInvoked command in '/home/ziad/Ziad_WS/ROS2/work_space/build/robot_model_gazebo' returned '0': CMAKE_PREFIX_PATH=${CMAKE_PREFIX_PATH}:/opt/ros/humble /usr/bin/cmake --install /home/ziad/Ziad_WS/ROS2/work_space/build/robot_model_gazebo[0m
[0.911s] [34mcolcon.colcon_core.shell[0m [1;30mINFO[0m Creating package script '/home/ziad/Ziad_WS/ROS2/work_space/install/robot_model_gazebo/share/robot_model_gazebo/package.zsh'
[0.913s] [34mcolcon.colcon_core.environment[0m [1;30mLevel 1[0m create_file_with_runtime_dependencies(/home/ziad/Ziad_WS/ROS2/work_space/install/robot_model_gazebo/share/colcon-core/packages/robot_model_gazebo)
[0.914s] [34mcolcon.colcon_core.environment[0m [1;30mLevel 1[0m create_environment_scripts_only(robot_model_gazebo)
[0.915s] [34mcolcon.colcon_core.environment[0m [1;30mLevel 1[0m checking '/home/ziad/Ziad_WS/ROS2/work_space/install/robot_model_gazebo' for CMake module files
[0.916s] [34mcolcon.colcon_core.environment[0m [1;30mLevel 1[0m checking '/home/ziad/Ziad_WS/ROS2/work_space/install/robot_model_gazebo' for CMake config files
[0.916s] [34mcolcon.colcon_core.shell[0m [1;30mLevel 1[0m create_environment_hook('robot_model_gazebo', 'cmake_prefix_path')
[0.917s] [34mcolcon.colcon_core.shell[0m [1;30mINFO[0m Creating environment hook '/home/ziad/Ziad_WS/ROS2/work_space/install/robot_model_gazebo/share/robot_model_gazebo/hook/cmake_prefix_path.ps1'
[0.918s] [34mcolcon.colcon_core.shell[0m [1;30mINFO[0m Creating environment descriptor '/home/ziad/Ziad_WS/ROS2/work_space/install/robot_model_gazebo/share/robot_model_gazebo/hook/cmake_prefix_path.dsv'
[0.919s] [34mcolcon.colcon_core.shell[0m [1;30mINFO[0m Creating environment hook '/home/ziad/Ziad_WS/ROS2/work_space/install/robot_model_gazebo/share/robot_model_gazebo/hook/cmake_prefix_path.sh'
[0.920s] [34mcolcon.colcon_core.environment[0m [1;30mLevel 1[0m checking '/home/ziad/Ziad_WS/ROS2/work_space/install/robot_model_gazebo/bin'
[0.920s] [34mcolcon.colcon_core.environment[0m [1;30mLevel 1[0m checking '/home/ziad/Ziad_WS/ROS2/work_space/install/robot_model_gazebo/lib/pkgconfig/robot_model_gazebo.pc'
[0.921s] [34mcolcon.colcon_core.environment[0m [1;30mLevel 1[0m checking '/home/ziad/Ziad_WS/ROS2/work_space/install/robot_model_gazebo/lib/python3.10/site-packages'
[0.921s] [34mcolcon.colcon_core.environment[0m [1;30mLevel 1[0m checking '/home/ziad/Ziad_WS/ROS2/work_space/install/robot_model_gazebo/bin'
[0.922s] [34mcolcon.colcon_core.shell[0m [1;30mINFO[0m Creating package script '/home/ziad/Ziad_WS/ROS2/work_space/install/robot_model_gazebo/share/robot_model_gazebo/package.ps1'
[0.923s] [34mcolcon.colcon_core.shell[0m [1;30mINFO[0m Creating package descriptor '/home/ziad/Ziad_WS/ROS2/work_space/install/robot_model_gazebo/share/robot_model_gazebo/package.dsv'
[0.924s] [34mcolcon.colcon_core.shell[0m [1;30mINFO[0m Creating package script '/home/ziad/Ziad_WS/ROS2/work_space/install/robot_model_gazebo/share/robot_model_gazebo/package.sh'
[0.925s] [34mcolcon.colcon_core.shell[0m [1;30mINFO[0m Creating package script '/home/ziad/Ziad_WS/ROS2/work_space/install/robot_model_gazebo/share/robot_model_gazebo/package.bash'
[0.926s] [34mcolcon.colcon_core.shell[0m [1;30mINFO[0m Creating package script '/home/ziad/Ziad_WS/ROS2/work_space/install/robot_model_gazebo/share/robot_model_gazebo/package.zsh'
[0.927s] [34mcolcon.colcon_core.environment[0m [1;30mLevel 1[0m create_file_with_runtime_dependencies(/home/ziad/Ziad_WS/ROS2/work_space/install/robot_model_gazebo/share/colcon-core/packages/robot_model_gazebo)
[0.928s] [34mcolcon.colcon_ros.task.ament_cmake.build[0m [1;30mINFO[0m Building ROS package in '/home/ziad/Ziad_WS/ROS2/work_space/src/turtlebot3_custom' with build type 'ament_cmake'
[0.928s] [34mcolcon.colcon_cmake.task.cmake.build[0m [1;30mINFO[0m Building CMake package in '/home/ziad/Ziad_WS/ROS2/work_space/src/turtlebot3_custom'
[0.929s] [34mcolcon.colcon_core.shell[0m [1;30mINFO[0m Skip shell extension 'powershell' for command environment: Not usable outside of PowerShell
[0.929s] [34mcolcon.colcon_core.shell[0m [1;30mDEBUG[0m [32mSkip shell extension 'dsv' for command environment[0m
[0.952s] [34mcolcon.colcon_core.event_handler.log_command[0m [1;30mDEBUG[0m [32mInvoking command in '/home/ziad/Ziad_WS/ROS2/work_space/build/turtlebot3_custom': CMAKE_PREFIX_PATH=${CMAKE_PREFIX_PATH}:/opt/ros/humble /usr/bin/cmake --build /home/ziad/Ziad_WS/ROS2/work_space/build/turtlebot3_custom -- -j4 -l4[0m
[0.961s] [34mcolcon.colcon_core.event_handler.log_command[0m [1;30mDEBUG[0m [32mInvoked command in '/home/ziad/Ziad_WS/ROS2/work_space/build/ros2_urdf' returned '0': CMAKE_PREFIX_PATH=${CMAKE_PREFIX_PATH}:/opt/ros/humble /usr/bin/cmake --build /home/ziad/Ziad_WS/ROS2/work_space/build/ros2_urdf -- -j4 -l4[0m
[0.970s] [34mcolcon.colcon_core.event_handler.log_command[0m [1;30mDEBUG[0m [32mInvoking command in '/home/ziad/Ziad_WS/ROS2/work_space/build/ros2_urdf': CMAKE_PREFIX_PATH=${CMAKE_PREFIX_PATH}:/opt/ros/humble /usr/bin/cmake --install /home/ziad/Ziad_WS/ROS2/work_space/build/ros2_urdf[0m
[0.979s] [34mcolcon.colcon_core.event_handler.log_command[0m [1;30mDEBUG[0m [32mInvoked command in '/home/ziad/Ziad_WS/ROS2/work_space/build/publisher_subscriber' returned '0': CMAKE_PREFIX_PATH=${CMAKE_PREFIX_PATH}:/opt/ros/humble /usr/bin/cmake --build /home/ziad/Ziad_WS/ROS2/work_space/build/publisher_subscriber -- -j4 -l4[0m
[0.980s] [34mcolcon.colcon_core.event_handler.log_command[0m [1;30mDEBUG[0m [32mInvoking command in '/home/ziad/Ziad_WS/ROS2/work_space/build/publisher_subscriber': CMAKE_PREFIX_PATH=${CMAKE_PREFIX_PATH}:/opt/ros/humble /usr/bin/cmake --install /home/ziad/Ziad_WS/ROS2/work_space/build/publisher_subscriber[0m
[1.006s] [34mcolcon.colcon_core.environment[0m [1;30mLevel 1[0m create_environment_scripts_only(ros2_urdf)
[1.007s] [34mcolcon.colcon_core.environment[0m [1;30mLevel 1[0m checking '/home/ziad/Ziad_WS/ROS2/work_space/install/ros2_urdf' for CMake module files
[1.008s] [34mcolcon.colcon_core.environment[0m [1;30mLevel 1[0m checking '/home/ziad/Ziad_WS/ROS2/work_space/install/ros2_urdf' for CMake config files
[1.014s] [34mcolcon.colcon_core.shell[0m [1;30mLevel 1[0m create_environment_hook('ros2_urdf', 'cmake_prefix_path')
[1.014s] [34mcolcon.colcon_core.shell[0m [1;30mINFO[0m Creating environment hook '/home/ziad/Ziad_WS/ROS2/work_space/install/ros2_urdf/share/ros2_urdf/hook/cmake_prefix_path.ps1'
[1.016s] [34mcolcon.colcon_core.event_handler.log_command[0m [1;30mDEBUG[0m [32mInvoked command in '/home/ziad/Ziad_WS/ROS2/work_space/build/ros2_urdf' returned '0': CMAKE_PREFIX_PATH=${CMAKE_PREFIX_PATH}:/opt/ros/humble /usr/bin/cmake --install /home/ziad/Ziad_WS/ROS2/work_space/build/ros2_urdf[0m
[1.021s] [34mcolcon.colcon_core.shell[0m [1;30mINFO[0m Creating environment descriptor '/home/ziad/Ziad_WS/ROS2/work_space/install/ros2_urdf/share/ros2_urdf/hook/cmake_prefix_path.dsv'
[1.022s] [34mcolcon.colcon_core.shell[0m [1;30mINFO[0m Creating environment hook '/home/ziad/Ziad_WS/ROS2/work_space/install/ros2_urdf/share/ros2_urdf/hook/cmake_prefix_path.sh'
[1.023s] [34mcolcon.colcon_core.environment[0m [1;30mLevel 1[0m checking '/home/ziad/Ziad_WS/ROS2/work_space/install/ros2_urdf/lib'
[1.024s] [34mcolcon.colcon_core.environment[0m [1;30mLevel 1[0m checking '/home/ziad/Ziad_WS/ROS2/work_space/install/ros2_urdf/bin'
[1.024s] [34mcolcon.colcon_core.environment[0m [1;30mLevel 1[0m checking '/home/ziad/Ziad_WS/ROS2/work_space/install/ros2_urdf/lib/pkgconfig/ros2_urdf.pc'
[1.025s] [34mcolcon.colcon_core.environment[0m [1;30mLevel 1[0m checking '/home/ziad/Ziad_WS/ROS2/work_space/install/ros2_urdf/lib/python3.10/site-packages'
[1.025s] [34mcolcon.colcon_core.environment[0m [1;30mLevel 1[0m checking '/home/ziad/Ziad_WS/ROS2/work_space/install/ros2_urdf/bin'
[1.026s] [34mcolcon.colcon_core.shell[0m [1;30mINFO[0m Creating package script '/home/ziad/Ziad_WS/ROS2/work_space/install/ros2_urdf/share/ros2_urdf/package.ps1'
[1.027s] [34mcolcon.colcon_core.shell[0m [1;30mINFO[0m Creating package descriptor '/home/ziad/Ziad_WS/ROS2/work_space/install/ros2_urdf/share/ros2_urdf/package.dsv'
[1.028s] [34mcolcon.colcon_core.shell[0m [1;30mINFO[0m Creating package script '/home/ziad/Ziad_WS/ROS2/work_space/install/ros2_urdf/share/ros2_urdf/package.sh'
[1.029s] [34mcolcon.colcon_core.shell[0m [1;30mINFO[0m Creating package script '/home/ziad/Ziad_WS/ROS2/work_space/install/ros2_urdf/share/ros2_urdf/package.bash'
[1.030s] [34mcolcon.colcon_core.shell[0m [1;30mINFO[0m Creating package script '/home/ziad/Ziad_WS/ROS2/work_space/install/ros2_urdf/share/ros2_urdf/package.zsh'
[1.031s] [34mcolcon.colcon_core.environment[0m [1;30mLevel 1[0m create_file_with_runtime_dependencies(/home/ziad/Ziad_WS/ROS2/work_space/install/ros2_urdf/share/colcon-core/packages/ros2_urdf)
[1.032s] [34mcolcon.colcon_core.environment[0m [1;30mLevel 1[0m create_environment_scripts_only(ros2_urdf)
[1.033s] [34mcolcon.colcon_core.environment[0m [1;30mLevel 1[0m checking '/home/ziad/Ziad_WS/ROS2/work_space/install/ros2_urdf' for CMake module files
[1.034s] [34mcolcon.colcon_core.environment[0m [1;30mLevel 1[0m checking '/home/ziad/Ziad_WS/ROS2/work_space/install/ros2_urdf' for CMake config files
[1.034s] [34mcolcon.colcon_core.shell[0m [1;30mLevel 1[0m create_environment_hook('ros2_urdf', 'cmake_prefix_path')
[1.035s] [34mcolcon.colcon_core.shell[0m [1;30mINFO[0m Creating environment hook '/home/ziad/Ziad_WS/ROS2/work_space/install/ros2_urdf/share/ros2_urdf/hook/cmake_prefix_path.ps1'
[1.036s] [34mcolcon.colcon_core.shell[0m [1;30mINFO[0m Creating environment descriptor '/home/ziad/Ziad_WS/ROS2/work_space/install/ros2_urdf/share/ros2_urdf/hook/cmake_prefix_path.dsv'
[1.037s] [34mcolcon.colcon_core.shell[0m [1;30mINFO[0m Creating environment hook '/home/ziad/Ziad_WS/ROS2/work_space/install/ros2_urdf/share/ros2_urdf/hook/cmake_prefix_path.sh'
[1.038s] [34mcolcon.colcon_core.environment[0m [1;30mLevel 1[0m checking '/home/ziad/Ziad_WS/ROS2/work_space/install/ros2_urdf/lib'
[1.038s] [34mcolcon.colcon_core.environment[0m [1;30mLevel 1[0m checking '/home/ziad/Ziad_WS/ROS2/work_space/install/ros2_urdf/bin'
[1.038s] [34mcolcon.colcon_core.environment[0m [1;30mLevel 1[0m checking '/home/ziad/Ziad_WS/ROS2/work_space/install/ros2_urdf/lib/pkgconfig/ros2_urdf.pc'
[1.039s] [34mcolcon.colcon_core.environment[0m [1;30mLevel 1[0m checking '/home/ziad/Ziad_WS/ROS2/work_space/install/ros2_urdf/lib/python3.10/site-packages'
[1.039s] [34mcolcon.colcon_core.environment[0m [1;30mLevel 1[0m checking '/home/ziad/Ziad_WS/ROS2/work_space/install/ros2_urdf/bin'
[1.040s] [34mcolcon.colcon_core.shell[0m [1;30mINFO[0m Creating package script '/home/ziad/Ziad_WS/ROS2/work_space/install/ros2_urdf/share/ros2_urdf/package.ps1'
[1.042s] [34mcolcon.colcon_core.shell[0m [1;30mINFO[0m Creating package descriptor '/home/ziad/Ziad_WS/ROS2/work_space/install/ros2_urdf/share/ros2_urdf/package.dsv'
[1.044s] [34mcolcon.colcon_core.shell[0m [1;30mINFO[0m Creating package script '/home/ziad/Ziad_WS/ROS2/work_space/install/ros2_urdf/share/ros2_urdf/package.sh'
[1.045s] [34mcolcon.colcon_core.shell[0m [1;30mINFO[0m Creating package script '/home/ziad/Ziad_WS/ROS2/work_space/install/ros2_urdf/share/ros2_urdf/package.bash'
[1.046s] [34mcolcon.colcon_core.shell[0m [1;30mINFO[0m Creating package script '/home/ziad/Ziad_WS/ROS2/work_space/install/ros2_urdf/share/ros2_urdf/package.zsh'
[1.047s] [34mcolcon.colcon_core.environment[0m [1;30mLevel 1[0m create_file_with_runtime_dependencies(/home/ziad/Ziad_WS/ROS2/work_space/install/ros2_urdf/share/colcon-core/packages/ros2_urdf)
[1.049s] [34mcolcon.colcon_ros.task.ament_cmake.build[0m [1;30mINFO[0m Building ROS package in '/home/ziad/Ziad_WS/ROS2/work_space/src/Universal_Robots_ROS2_Gazebo_Simulation/ur_simulation_gazebo' with build type 'ament_cmake'
[1.050s] [34mcolcon.colcon_cmake.task.cmake.build[0m [1;30mINFO[0m Building CMake package in '/home/ziad/Ziad_WS/ROS2/work_space/src/Universal_Robots_ROS2_Gazebo_Simulation/ur_simulation_gazebo'
[1.050s] [34mcolcon.colcon_core.shell[0m [1;30mINFO[0m Skip shell extension 'powershell' for command environment: Not usable outside of PowerShell
[1.051s] [34mcolcon.colcon_core.shell[0m [1;30mDEBUG[0m [32mSkip shell extension 'dsv' for command environment[0m
[1.064s] [34mcolcon.colcon_core.environment[0m [1;30mLevel 1[0m create_environment_scripts_only(publisher_subscriber)
[1.065s] [34mcolcon.colcon_core.environment[0m [1;30mLevel 1[0m checking '/home/ziad/Ziad_WS/ROS2/work_space/install/publisher_subscriber' for CMake module files
[1.066s] [34mcolcon.colcon_core.event_handler.log_command[0m [1;30mDEBUG[0m [32mInvoked command in '/home/ziad/Ziad_WS/ROS2/work_space/build/publisher_subscriber' returned '0': CMAKE_PREFIX_PATH=${CMAKE_PREFIX_PATH}:/opt/ros/humble /usr/bin/cmake --install /home/ziad/Ziad_WS/ROS2/work_space/build/publisher_subscriber[0m
[1.068s] [34mcolcon.colcon_core.environment[0m [1;30mLevel 1[0m checking '/home/ziad/Ziad_WS/ROS2/work_space/install/publisher_subscriber' for CMake config files
[1.068s] [34mcolcon.colcon_core.shell[0m [1;30mLevel 1[0m create_environment_hook('publisher_subscriber', 'cmake_prefix_path')
[1.070s] [34mcolcon.colcon_core.shell[0m [1;30mINFO[0m Creating environment hook '/home/ziad/Ziad_WS/ROS2/work_space/install/publisher_subscriber/share/publisher_subscriber/hook/cmake_prefix_path.ps1'
[1.071s] [34mcolcon.colcon_core.shell[0m [1;30mINFO[0m Creating environment descriptor '/home/ziad/Ziad_WS/ROS2/work_space/install/publisher_subscriber/share/publisher_subscriber/hook/cmake_prefix_path.dsv'
[1.072s] [34mcolcon.colcon_core.shell[0m [1;30mINFO[0m Creating environment hook '/home/ziad/Ziad_WS/ROS2/work_space/install/publisher_subscriber/share/publisher_subscriber/hook/cmake_prefix_path.sh'
[1.075s] [34mcolcon.colcon_core.environment[0m [1;30mLevel 1[0m checking '/home/ziad/Ziad_WS/ROS2/work_space/install/publisher_subscriber/lib'
[1.075s] [34mcolcon.colcon_core.environment[0m [1;30mLevel 1[0m checking '/home/ziad/Ziad_WS/ROS2/work_space/install/publisher_subscriber/bin'
[1.075s] [34mcolcon.colcon_core.environment[0m [1;30mLevel 1[0m checking '/home/ziad/Ziad_WS/ROS2/work_space/install/publisher_subscriber/lib/pkgconfig/publisher_subscriber.pc'
[1.076s] [34mcolcon.colcon_core.environment[0m [1;30mLevel 1[0m checking '/home/ziad/Ziad_WS/ROS2/work_space/install/publisher_subscriber/lib/python3.10/site-packages'
[1.076s] [34mcolcon.colcon_core.environment[0m [1;30mLevel 1[0m checking '/home/ziad/Ziad_WS/ROS2/work_space/install/publisher_subscriber/bin'
[1.088s] [34mcolcon.colcon_core.shell[0m [1;30mINFO[0m Creating package script '/home/ziad/Ziad_WS/ROS2/work_space/install/publisher_subscriber/share/publisher_subscriber/package.ps1'
[1.089s] [34mcolcon.colcon_core.shell[0m [1;30mINFO[0m Creating package descriptor '/home/ziad/Ziad_WS/ROS2/work_space/install/publisher_subscriber/share/publisher_subscriber/package.dsv'
[1.090s] [34mcolcon.colcon_core.shell[0m [1;30mINFO[0m Creating package script '/home/ziad/Ziad_WS/ROS2/work_space/install/publisher_subscriber/share/publisher_subscriber/package.sh'
[1.100s] [34mcolcon.colcon_core.shell[0m [1;30mINFO[0m Creating package script '/home/ziad/Ziad_WS/ROS2/work_space/install/publisher_subscriber/share/publisher_subscriber/package.bash'
[1.101s] [34mcolcon.colcon_core.shell[0m [1;30mINFO[0m Creating package script '/home/ziad/Ziad_WS/ROS2/work_space/install/publisher_subscriber/share/publisher_subscriber/package.zsh'
[1.102s] [34mcolcon.colcon_core.environment[0m [1;30mLevel 1[0m create_file_with_runtime_dependencies(/home/ziad/Ziad_WS/ROS2/work_space/install/publisher_subscriber/share/colcon-core/packages/publisher_subscriber)
[1.105s] [34mcolcon.colcon_core.environment[0m [1;30mLevel 1[0m create_environment_scripts_only(publisher_subscriber)
[1.106s] [34mcolcon.colcon_core.environment[0m [1;30mLevel 1[0m checking '/home/ziad/Ziad_WS/ROS2/work_space/install/publisher_subscriber' for CMake module files
[1.107s] [34mcolcon.colcon_core.environment[0m [1;30mLevel 1[0m checking '/home/ziad/Ziad_WS/ROS2/work_space/install/publisher_subscriber' for CMake config files
[1.107s] [34mcolcon.colcon_core.shell[0m [1;30mLevel 1[0m create_environment_hook('publisher_subscriber', 'cmake_prefix_path')
[1.108s] [34mcolcon.colcon_core.shell[0m [1;30mINFO[0m Creating environment hook '/home/ziad/Ziad_WS/ROS2/work_space/install/publisher_subscriber/share/publisher_subscriber/hook/cmake_prefix_path.ps1'
[1.109s] [34mcolcon.colcon_core.shell[0m [1;30mINFO[0m Creating environment descriptor '/home/ziad/Ziad_WS/ROS2/work_space/install/publisher_subscriber/share/publisher_subscriber/hook/cmake_prefix_path.dsv'
[1.110s] [34mcolcon.colcon_core.shell[0m [1;30mINFO[0m Creating environment hook '/home/ziad/Ziad_WS/ROS2/work_space/install/publisher_subscriber/share/publisher_subscriber/hook/cmake_prefix_path.sh'
[1.111s] [34mcolcon.colcon_core.environment[0m [1;30mLevel 1[0m checking '/home/ziad/Ziad_WS/ROS2/work_space/install/publisher_subscriber/lib'
[1.111s] [34mcolcon.colcon_core.environment[0m [1;30mLevel 1[0m checking '/home/ziad/Ziad_WS/ROS2/work_space/install/publisher_subscriber/bin'
[1.112s] [34mcolcon.colcon_core.environment[0m [1;30mLevel 1[0m checking '/home/ziad/Ziad_WS/ROS2/work_space/install/publisher_subscriber/lib/pkgconfig/publisher_subscriber.pc'
[1.112s] [34mcolcon.colcon_core.environment[0m [1;30mLevel 1[0m checking '/home/ziad/Ziad_WS/ROS2/work_space/install/publisher_subscriber/lib/python3.10/site-packages'
[1.113s] [34mcolcon.colcon_core.environment[0m [1;30mLevel 1[0m checking '/home/ziad/Ziad_WS/ROS2/work_space/install/publisher_subscriber/bin'
[1.114s] [34mcolcon.colcon_core.shell[0m [1;30mINFO[0m Creating package script '/home/ziad/Ziad_WS/ROS2/work_space/install/publisher_subscriber/share/publisher_subscriber/package.ps1'
[1.115s] [34mcolcon.colcon_core.shell[0m [1;30mINFO[0m Creating package descriptor '/home/ziad/Ziad_WS/ROS2/work_space/install/publisher_subscriber/share/publisher_subscriber/package.dsv'
[1.116s] [34mcolcon.colcon_core.shell[0m [1;30mINFO[0m Creating package script '/home/ziad/Ziad_WS/ROS2/work_space/install/publisher_subscriber/share/publisher_subscriber/package.sh'
[1.118s] [34mcolcon.colcon_core.shell[0m [1;30mINFO[0m Creating package script '/home/ziad/Ziad_WS/ROS2/work_space/install/publisher_subscriber/share/publisher_subscriber/package.bash'
[1.125s] [34mcolcon.colcon_core.shell[0m [1;30mINFO[0m Creating package script '/home/ziad/Ziad_WS/ROS2/work_space/install/publisher_subscriber/share/publisher_subscriber/package.zsh'
[1.130s] [34mcolcon.colcon_core.environment[0m [1;30mLevel 1[0m create_file_with_runtime_dependencies(/home/ziad/Ziad_WS/ROS2/work_space/install/publisher_subscriber/share/colcon-core/packages/publisher_subscriber)
[1.145s] [34mcolcon.colcon_core.event_handler.log_command[0m [1;30mDEBUG[0m [32mInvoking command in '/home/ziad/Ziad_WS/ROS2/work_space/build/ur_simulation_gazebo': CMAKE_PREFIX_PATH=${CMAKE_PREFIX_PATH}:/opt/ros/humble /usr/bin/cmake --build /home/ziad/Ziad_WS/ROS2/work_space/build/ur_simulation_gazebo -- -j4 -l4[0m
[1.297s] [34mcolcon.colcon_core.event_handler.log_command[0m [1;30mDEBUG[0m [32mInvoked command in '/home/ziad/Ziad_WS/ROS2/work_space/build/ur_simulation_gazebo' returned '0': CMAKE_PREFIX_PATH=${CMAKE_PREFIX_PATH}:/opt/ros/humble /usr/bin/cmake --build /home/ziad/Ziad_WS/ROS2/work_space/build/ur_simulation_gazebo -- -j4 -l4[0m
[1.298s] [34mcolcon.colcon_core.event_handler.log_command[0m [1;30mDEBUG[0m [32mInvoking command in '/home/ziad/Ziad_WS/ROS2/work_space/build/ur_simulation_gazebo': CMAKE_PREFIX_PATH=${CMAKE_PREFIX_PATH}:/opt/ros/humble /usr/bin/cmake --install /home/ziad/Ziad_WS/ROS2/work_space/build/ur_simulation_gazebo[0m
[1.338s] [34mcolcon.colcon_core.environment[0m [1;30mLevel 1[0m create_environment_scripts_only(ur_simulation_gazebo)
[1.339s] [34mcolcon.colcon_core.environment[0m [1;30mLevel 1[0m checking '/home/ziad/Ziad_WS/ROS2/work_space/install/ur_simulation_gazebo' for CMake module files
[1.340s] [34mcolcon.colcon_core.environment[0m [1;30mLevel 1[0m checking '/home/ziad/Ziad_WS/ROS2/work_space/install/ur_simulation_gazebo' for CMake config files
[1.340s] [34mcolcon.colcon_core.shell[0m [1;30mLevel 1[0m create_environment_hook('ur_simulation_gazebo', 'cmake_prefix_path')
[1.349s] [34mcolcon.colcon_core.shell[0m [1;30mINFO[0m Creating environment hook '/home/ziad/Ziad_WS/ROS2/work_space/install/ur_simulation_gazebo/share/ur_simulation_gazebo/hook/cmake_prefix_path.ps1'
[1.350s] [34mcolcon.colcon_core.shell[0m [1;30mINFO[0m Creating environment descriptor '/home/ziad/Ziad_WS/ROS2/work_space/install/ur_simulation_gazebo/share/ur_simulation_gazebo/hook/cmake_prefix_path.dsv'
[1.351s] [34mcolcon.colcon_core.shell[0m [1;30mINFO[0m Creating environment hook '/home/ziad/Ziad_WS/ROS2/work_space/install/ur_simulation_gazebo/share/ur_simulation_gazebo/hook/cmake_prefix_path.sh'
[1.357s] [34mcolcon.colcon_core.environment[0m [1;30mLevel 1[0m checking '/home/ziad/Ziad_WS/ROS2/work_space/install/ur_simulation_gazebo/bin'
[1.358s] [34mcolcon.colcon_core.event_handler.log_command[0m [1;30mDEBUG[0m [32mInvoked command in '/home/ziad/Ziad_WS/ROS2/work_space/build/ur_simulation_gazebo' returned '0': CMAKE_PREFIX_PATH=${CMAKE_PREFIX_PATH}:/opt/ros/humble /usr/bin/cmake --install /home/ziad/Ziad_WS/ROS2/work_space/build/ur_simulation_gazebo[0m
[1.358s] [34mcolcon.colcon_core.environment[0m [1;30mLevel 1[0m checking '/home/ziad/Ziad_WS/ROS2/work_space/install/ur_simulation_gazebo/lib/pkgconfig/ur_simulation_gazebo.pc'
[1.359s] [34mcolcon.colcon_core.environment[0m [1;30mLevel 1[0m checking '/home/ziad/Ziad_WS/ROS2/work_space/install/ur_simulation_gazebo/lib/python3.10/site-packages'
[1.362s] [34mcolcon.colcon_core.environment[0m [1;30mLevel 1[0m checking '/home/ziad/Ziad_WS/ROS2/work_space/install/ur_simulation_gazebo/bin'
[1.366s] [34mcolcon.colcon_core.shell[0m [1;30mINFO[0m Creating package script '/home/ziad/Ziad_WS/ROS2/work_space/install/ur_simulation_gazebo/share/ur_simulation_gazebo/package.ps1'
[1.367s] [34mcolcon.colcon_core.shell[0m [1;30mINFO[0m Creating package descriptor '/home/ziad/Ziad_WS/ROS2/work_space/install/ur_simulation_gazebo/share/ur_simulation_gazebo/package.dsv'
[1.368s] [34mcolcon.colcon_core.shell[0m [1;30mINFO[0m Creating package script '/home/ziad/Ziad_WS/ROS2/work_space/install/ur_simulation_gazebo/share/ur_simulation_gazebo/package.sh'
[1.375s] [34mcolcon.colcon_core.shell[0m [1;30mINFO[0m Creating package script '/home/ziad/Ziad_WS/ROS2/work_space/install/ur_simulation_gazebo/share/ur_simulation_gazebo/package.bash'
[1.376s] [34mcolcon.colcon_core.shell[0m [1;30mINFO[0m Creating package script '/home/ziad/Ziad_WS/ROS2/work_space/install/ur_simulation_gazebo/share/ur_simulation_gazebo/package.zsh'
[1.376s] [34mcolcon.colcon_core.environment[0m [1;30mLevel 1[0m create_file_with_runtime_dependencies(/home/ziad/Ziad_WS/ROS2/work_space/install/ur_simulation_gazebo/share/colcon-core/packages/ur_simulation_gazebo)
[1.383s] [34mcolcon.colcon_core.environment[0m [1;30mLevel 1[0m create_environment_scripts_only(ur_simulation_gazebo)
[1.386s] [34mcolcon.colcon_core.environment[0m [1;30mLevel 1[0m checking '/home/ziad/Ziad_WS/ROS2/work_space/install/ur_simulation_gazebo' for CMake module files
[1.387s] [34mcolcon.colcon_core.environment[0m [1;30mLevel 1[0m checking '/home/ziad/Ziad_WS/ROS2/work_space/install/ur_simulation_gazebo' for CMake config files
[1.388s] [34mcolcon.colcon_core.shell[0m [1;30mLevel 1[0m create_environment_hook('ur_simulation_gazebo', 'cmake_prefix_path')
[1.388s] [34mcolcon.colcon_core.shell[0m [1;30mINFO[0m Creating environment hook '/home/ziad/Ziad_WS/ROS2/work_space/install/ur_simulation_gazebo/share/ur_simulation_gazebo/hook/cmake_prefix_path.ps1'
[1.395s] [34mcolcon.colcon_core.shell[0m [1;30mINFO[0m Creating environment descriptor '/home/ziad/Ziad_WS/ROS2/work_space/install/ur_simulation_gazebo/share/ur_simulation_gazebo/hook/cmake_prefix_path.dsv'
[1.396s] [34mcolcon.colcon_core.shell[0m [1;30mINFO[0m Creating environment hook '/home/ziad/Ziad_WS/ROS2/work_space/install/ur_simulation_gazebo/share/ur_simulation_gazebo/hook/cmake_prefix_path.sh'
[1.397s] [34mcolcon.colcon_core.environment[0m [1;30mLevel 1[0m checking '/home/ziad/Ziad_WS/ROS2/work_space/install/ur_simulation_gazebo/bin'
[1.397s] [34mcolcon.colcon_core.environment[0m [1;30mLevel 1[0m checking '/home/ziad/Ziad_WS/ROS2/work_space/install/ur_simulation_gazebo/lib/pkgconfig/ur_simulation_gazebo.pc'
[1.403s] [34mcolcon.colcon_core.environment[0m [1;30mLevel 1[0m checking '/home/ziad/Ziad_WS/ROS2/work_space/install/ur_simulation_gazebo/lib/python3.10/site-packages'
[1.404s] [34mcolcon.colcon_core.environment[0m [1;30mLevel 1[0m checking '/home/ziad/Ziad_WS/ROS2/work_space/install/ur_simulation_gazebo/bin'
[1.405s] [34mcolcon.colcon_core.shell[0m [1;30mINFO[0m Creating package script '/home/ziad/Ziad_WS/ROS2/work_space/install/ur_simulation_gazebo/share/ur_simulation_gazebo/package.ps1'
[1.407s] [34mcolcon.colcon_core.shell[0m [1;30mINFO[0m Creating package descriptor '/home/ziad/Ziad_WS/ROS2/work_space/install/ur_simulation_gazebo/share/ur_simulation_gazebo/package.dsv'
[1.408s] [34mcolcon.colcon_core.shell[0m [1;30mINFO[0m Creating package script '/home/ziad/Ziad_WS/ROS2/work_space/install/ur_simulation_gazebo/share/ur_simulation_gazebo/package.sh'
[1.409s] [34mcolcon.colcon_core.shell[0m [1;30mINFO[0m Creating package script '/home/ziad/Ziad_WS/ROS2/work_space/install/ur_simulation_gazebo/share/ur_simulation_gazebo/package.bash'
[1.419s] [34mcolcon.colcon_core.shell[0m [1;30mINFO[0m Creating package script '/home/ziad/Ziad_WS/ROS2/work_space/install/ur_simulation_gazebo/share/ur_simulation_gazebo/package.zsh'
[1.420s] [34mcolcon.colcon_core.environment[0m [1;30mLevel 1[0m create_file_with_runtime_dependencies(/home/ziad/Ziad_WS/ROS2/work_space/install/ur_simulation_gazebo/share/colcon-core/packages/ur_simulation_gazebo)
[2.507s] [34mcolcon.colcon_core.event_handler.log_command[0m [1;30mDEBUG[0m [32mInvoked command in '/home/ziad/Ziad_WS/ROS2/work_space/build/services_actions' returned '0': CMAKE_PREFIX_PATH=${CMAKE_PREFIX_PATH}:/opt/ros/humble /usr/bin/cmake --build /home/ziad/Ziad_WS/ROS2/work_space/build/services_actions -- -j4 -l4[0m
[2.510s] [34mcolcon.colcon_core.event_handler.log_command[0m [1;30mDEBUG[0m [32mInvoking command in '/home/ziad/Ziad_WS/ROS2/work_space/build/services_actions': CMAKE_PREFIX_PATH=${CMAKE_PREFIX_PATH}:/opt/ros/humble /usr/bin/cmake --install /home/ziad/Ziad_WS/ROS2/work_space/build/services_actions[0m
[2.633s] [34mcolcon.colcon_core.environment[0m [1;30mLevel 1[0m create_environment_scripts_only(services_actions)
[2.633s] [34mcolcon.colcon_core.environment[0m [1;30mLevel 1[0m checking '/home/ziad/Ziad_WS/ROS2/work_space/install/services_actions' for CMake module files
[2.635s] [34mcolcon.colcon_core.event_handler.log_command[0m [1;30mDEBUG[0m [32mInvoked command in '/home/ziad/Ziad_WS/ROS2/work_space/build/services_actions' returned '0': CMAKE_PREFIX_PATH=${CMAKE_PREFIX_PATH}:/opt/ros/humble /usr/bin/cmake --install /home/ziad/Ziad_WS/ROS2/work_space/build/services_actions[0m
[2.636s] [34mcolcon.colcon_core.environment[0m [1;30mLevel 1[0m checking '/home/ziad/Ziad_WS/ROS2/work_space/install/services_actions' for CMake config files
[2.638s] [34mcolcon.colcon_core.shell[0m [1;30mLevel 1[0m create_environment_hook('services_actions', 'cmake_prefix_path')
[2.638s] [34mcolcon.colcon_core.shell[0m [1;30mINFO[0m Creating environment hook '/home/ziad/Ziad_WS/ROS2/work_space/install/services_actions/share/services_actions/hook/cmake_prefix_path.ps1'
[2.640s] [34mcolcon.colcon_core.shell[0m [1;30mINFO[0m Creating environment descriptor '/home/ziad/Ziad_WS/ROS2/work_space/install/services_actions/share/services_actions/hook/cmake_prefix_path.dsv'
[2.641s] [34mcolcon.colcon_core.shell[0m [1;30mINFO[0m Creating environment hook '/home/ziad/Ziad_WS/ROS2/work_space/install/services_actions/share/services_actions/hook/cmake_prefix_path.sh'
[2.642s] [34mcolcon.colcon_core.environment[0m [1;30mLevel 1[0m checking '/home/ziad/Ziad_WS/ROS2/work_space/install/services_actions/lib'
[2.643s] [34mcolcon.colcon_core.shell[0m [1;30mLevel 1[0m create_environment_hook('services_actions', 'ld_library_path_lib')
[2.643s] [34mcolcon.colcon_core.shell[0m [1;30mINFO[0m Creating environment hook '/home/ziad/Ziad_WS/ROS2/work_space/install/services_actions/share/services_actions/hook/ld_library_path_lib.ps1'
[2.644s] [34mcolcon.colcon_core.shell[0m [1;30mINFO[0m Creating environment descriptor '/home/ziad/Ziad_WS/ROS2/work_space/install/services_actions/share/services_actions/hook/ld_library_path_lib.dsv'
[2.645s] [34mcolcon.colcon_core.shell[0m [1;30mINFO[0m Creating environment hook '/home/ziad/Ziad_WS/ROS2/work_space/install/services_actions/share/services_actions/hook/ld_library_path_lib.sh'
[2.647s] [34mcolcon.colcon_core.environment[0m [1;30mLevel 1[0m checking '/home/ziad/Ziad_WS/ROS2/work_space/install/services_actions/bin'
[2.647s] [34mcolcon.colcon_core.environment[0m [1;30mLevel 1[0m checking '/home/ziad/Ziad_WS/ROS2/work_space/install/services_actions/lib/pkgconfig/services_actions.pc'
[2.647s] [34mcolcon.colcon_core.environment[0m [1;30mLevel 1[0m checking '/home/ziad/Ziad_WS/ROS2/work_space/install/services_actions/lib/python3.10/site-packages'
[2.648s] [34mcolcon.colcon_core.environment[0m [1;30mLevel 1[0m checking '/home/ziad/Ziad_WS/ROS2/work_space/install/services_actions/bin'
[2.649s] [34mcolcon.colcon_core.shell[0m [1;30mINFO[0m Creating package script '/home/ziad/Ziad_WS/ROS2/work_space/install/services_actions/share/services_actions/package.ps1'
[2.651s] [34mcolcon.colcon_core.shell[0m [1;30mINFO[0m Creating package descriptor '/home/ziad/Ziad_WS/ROS2/work_space/install/services_actions/share/services_actions/package.dsv'
[2.652s] [34mcolcon.colcon_core.shell[0m [1;30mINFO[0m Creating package script '/home/ziad/Ziad_WS/ROS2/work_space/install/services_actions/share/services_actions/package.sh'
[2.653s] [34mcolcon.colcon_core.shell[0m [1;30mINFO[0m Creating package script '/home/ziad/Ziad_WS/ROS2/work_space/install/services_actions/share/services_actions/package.bash'
[2.654s] [34mcolcon.colcon_core.shell[0m [1;30mINFO[0m Creating package script '/home/ziad/Ziad_WS/ROS2/work_space/install/services_actions/share/services_actions/package.zsh'
[2.655s] [34mcolcon.colcon_core.environment[0m [1;30mLevel 1[0m create_file_with_runtime_dependencies(/home/ziad/Ziad_WS/ROS2/work_space/install/services_actions/share/colcon-core/packages/services_actions)
[2.657s] [34mcolcon.colcon_core.environment[0m [1;30mLevel 1[0m create_environment_scripts_only(services_actions)
[2.658s] [34mcolcon.colcon_core.environment[0m [1;30mLevel 1[0m checking '/home/ziad/Ziad_WS/ROS2/work_space/install/services_actions' for CMake module files
[2.659s] [34mcolcon.colcon_core.environment[0m [1;30mLevel 1[0m checking '/home/ziad/Ziad_WS/ROS2/work_space/install/services_actions' for CMake config files
[2.660s] [34mcolcon.colcon_core.shell[0m [1;30mLevel 1[0m create_environment_hook('services_actions', 'cmake_prefix_path')
[2.661s] [34mcolcon.colcon_core.shell[0m [1;30mINFO[0m Creating environment hook '/home/ziad/Ziad_WS/ROS2/work_space/install/services_actions/share/services_actions/hook/cmake_prefix_path.ps1'
[2.662s] [34mcolcon.colcon_core.shell[0m [1;30mINFO[0m Creating environment descriptor '/home/ziad/Ziad_WS/ROS2/work_space/install/services_actions/share/services_actions/hook/cmake_prefix_path.dsv'
[2.663s] [34mcolcon.colcon_core.shell[0m [1;30mINFO[0m Creating environment hook '/home/ziad/Ziad_WS/ROS2/work_space/install/services_actions/share/services_actions/hook/cmake_prefix_path.sh'
[2.665s] [34mcolcon.colcon_core.environment[0m [1;30mLevel 1[0m checking '/home/ziad/Ziad_WS/ROS2/work_space/install/services_actions/lib'
[2.665s] [34mcolcon.colcon_core.shell[0m [1;30mLevel 1[0m create_environment_hook('services_actions', 'ld_library_path_lib')
[2.665s] [34mcolcon.colcon_core.shell[0m [1;30mINFO[0m Creating environment hook '/home/ziad/Ziad_WS/ROS2/work_space/install/services_actions/share/services_actions/hook/ld_library_path_lib.ps1'
[2.667s] [34mcolcon.colcon_core.shell[0m [1;30mINFO[0m Creating environment descriptor '/home/ziad/Ziad_WS/ROS2/work_space/install/services_actions/share/services_actions/hook/ld_library_path_lib.dsv'
[2.668s] [34mcolcon.colcon_core.shell[0m [1;30mINFO[0m Creating environment hook '/home/ziad/Ziad_WS/ROS2/work_space/install/services_actions/share/services_actions/hook/ld_library_path_lib.sh'
[2.669s] [34mcolcon.colcon_core.environment[0m [1;30mLevel 1[0m checking '/home/ziad/Ziad_WS/ROS2/work_space/install/services_actions/bin'
[2.669s] [34mcolcon.colcon_core.environment[0m [1;30mLevel 1[0m checking '/home/ziad/Ziad_WS/ROS2/work_space/install/services_actions/lib/pkgconfig/services_actions.pc'
[2.670s] [34mcolcon.colcon_core.environment[0m [1;30mLevel 1[0m checking '/home/ziad/Ziad_WS/ROS2/work_space/install/services_actions/lib/python3.10/site-packages'
[2.670s] [34mcolcon.colcon_core.environment[0m [1;30mLevel 1[0m checking '/home/ziad/Ziad_WS/ROS2/work_space/install/services_actions/bin'
[2.671s] [34mcolcon.colcon_core.shell[0m [1;30mINFO[0m Creating package script '/home/ziad/Ziad_WS/ROS2/work_space/install/services_actions/share/services_actions/package.ps1'
[2.673s] [34mcolcon.colcon_core.shell[0m [1;30mINFO[0m Creating package descriptor '/home/ziad/Ziad_WS/ROS2/work_space/install/services_actions/share/services_actions/package.dsv'
[2.675s] [34mcolcon.colcon_core.shell[0m [1;30mINFO[0m Creating package script '/home/ziad/Ziad_WS/ROS2/work_space/install/services_actions/share/services_actions/package.sh'
[2.676s] [34mcolcon.colcon_core.shell[0m [1;30mINFO[0m Creating package script '/home/ziad/Ziad_WS/ROS2/work_space/install/services_actions/share/services_actions/package.bash'
[2.678s] [34mcolcon.colcon_core.shell[0m [1;30mINFO[0m Creating package script '/home/ziad/Ziad_WS/ROS2/work_space/install/services_actions/share/services_actions/package.zsh'
[2.679s] [34mcolcon.colcon_core.environment[0m [1;30mLevel 1[0m create_file_with_runtime_dependencies(/home/ziad/Ziad_WS/ROS2/work_space/install/services_actions/share/colcon-core/packages/services_actions)
[5.416s] [34mcolcon.colcon_core.event_handler.log_command[0m [1;30mDEBUG[0m [32mInvoked command in '/home/ziad/Ziad_WS/ROS2/work_space/build/turtlebot3_custom' returned '0': CMAKE_PREFIX_PATH=${CMAKE_PREFIX_PATH}:/opt/ros/humble /usr/bin/cmake --build /home/ziad/Ziad_WS/ROS2/work_space/build/turtlebot3_custom -- -j4 -l4[0m
[5.419s] [34mcolcon.colcon_core.event_handler.log_command[0m [1;30mDEBUG[0m [32mInvoking command in '/home/ziad/Ziad_WS/ROS2/work_space/build/turtlebot3_custom': CMAKE_PREFIX_PATH=${CMAKE_PREFIX_PATH}:/opt/ros/humble /usr/bin/cmake --install /home/ziad/Ziad_WS/ROS2/work_space/build/turtlebot3_custom[0m
[5.499s] [34mcolcon.colcon_core.environment[0m [1;30mLevel 1[0m create_environment_scripts_only(turtlebot3_custom)
[5.500s] [34mcolcon.colcon_core.environment[0m [1;30mLevel 1[0m checking '/home/ziad/Ziad_WS/ROS2/work_space/install/turtlebot3_custom' for CMake module files
[5.500s] [34mcolcon.colcon_core.event_handler.log_command[0m [1;30mDEBUG[0m [32mInvoked command in '/home/ziad/Ziad_WS/ROS2/work_space/build/turtlebot3_custom' returned '0': CMAKE_PREFIX_PATH=${CMAKE_PREFIX_PATH}:/opt/ros/humble /usr/bin/cmake --install /home/ziad/Ziad_WS/ROS2/work_space/build/turtlebot3_custom[0m
[5.501s] [34mcolcon.colcon_core.environment[0m [1;30mLevel 1[0m checking '/home/ziad/Ziad_WS/ROS2/work_space/install/turtlebot3_custom' for CMake config files
[5.502s] [34mcolcon.colcon_core.shell[0m [1;30mLevel 1[0m create_environment_hook('turtlebot3_custom', 'cmake_prefix_path')
[5.502s] [34mcolcon.colcon_core.shell[0m [1;30mINFO[0m Creating environment hook '/home/ziad/Ziad_WS/ROS2/work_space/install/turtlebot3_custom/share/turtlebot3_custom/hook/cmake_prefix_path.ps1'
[5.503s] [34mcolcon.colcon_core.shell[0m [1;30mINFO[0m Creating environment descriptor '/home/ziad/Ziad_WS/ROS2/work_space/install/turtlebot3_custom/share/turtlebot3_custom/hook/cmake_prefix_path.dsv'
[5.504s] [34mcolcon.colcon_core.shell[0m [1;30mINFO[0m Creating environment hook '/home/ziad/Ziad_WS/ROS2/work_space/install/turtlebot3_custom/share/turtlebot3_custom/hook/cmake_prefix_path.sh'
[5.505s] [34mcolcon.colcon_core.environment[0m [1;30mLevel 1[0m checking '/home/ziad/Ziad_WS/ROS2/work_space/install/turtlebot3_custom/lib'
[5.505s] [34mcolcon.colcon_core.shell[0m [1;30mLevel 1[0m create_environment_hook('turtlebot3_custom', 'ld_library_path_lib')
[5.505s] [34mcolcon.colcon_core.shell[0m [1;30mINFO[0m Creating environment hook '/home/ziad/Ziad_WS/ROS2/work_space/install/turtlebot3_custom/share/turtlebot3_custom/hook/ld_library_path_lib.ps1'
[5.506s] [34mcolcon.colcon_core.shell[0m [1;30mINFO[0m Creating environment descriptor '/home/ziad/Ziad_WS/ROS2/work_space/install/turtlebot3_custom/share/turtlebot3_custom/hook/ld_library_path_lib.dsv'
[5.506s] [34mcolcon.colcon_core.shell[0m [1;30mINFO[0m Creating environment hook '/home/ziad/Ziad_WS/ROS2/work_space/install/turtlebot3_custom/share/turtlebot3_custom/hook/ld_library_path_lib.sh'
[5.507s] [34mcolcon.colcon_core.environment[0m [1;30mLevel 1[0m checking '/home/ziad/Ziad_WS/ROS2/work_space/install/turtlebot3_custom/bin'
[5.507s] [34mcolcon.colcon_core.environment[0m [1;30mLevel 1[0m checking '/home/ziad/Ziad_WS/ROS2/work_space/install/turtlebot3_custom/lib/pkgconfig/turtlebot3_custom.pc'
[5.508s] [34mcolcon.colcon_core.environment[0m [1;30mLevel 1[0m checking '/home/ziad/Ziad_WS/ROS2/work_space/install/turtlebot3_custom/lib/python3.10/site-packages'
[5.508s] [34mcolcon.colcon_core.environment[0m [1;30mLevel 1[0m checking '/home/ziad/Ziad_WS/ROS2/work_space/install/turtlebot3_custom/bin'
[5.509s] [34mcolcon.colcon_core.shell[0m [1;30mINFO[0m Creating package script '/home/ziad/Ziad_WS/ROS2/work_space/install/turtlebot3_custom/share/turtlebot3_custom/package.ps1'
[5.510s] [34mcolcon.colcon_core.shell[0m [1;30mINFO[0m Creating package descriptor '/home/ziad/Ziad_WS/ROS2/work_space/install/turtlebot3_custom/share/turtlebot3_custom/package.dsv'
[5.511s] [34mcolcon.colcon_core.shell[0m [1;30mINFO[0m Creating package script '/home/ziad/Ziad_WS/ROS2/work_space/install/turtlebot3_custom/share/turtlebot3_custom/package.sh'
[5.512s] [34mcolcon.colcon_core.shell[0m [1;30mINFO[0m Creating package script '/home/ziad/Ziad_WS/ROS2/work_space/install/turtlebot3_custom/share/turtlebot3_custom/package.bash'
[5.513s] [34mcolcon.colcon_core.shell[0m [1;30mINFO[0m Creating package script '/home/ziad/Ziad_WS/ROS2/work_space/install/turtlebot3_custom/share/turtlebot3_custom/package.zsh'
[5.513s] [34mcolcon.colcon_core.environment[0m [1;30mLevel 1[0m create_file_with_runtime_dependencies(/home/ziad/Ziad_WS/ROS2/work_space/install/turtlebot3_custom/share/colcon-core/packages/turtlebot3_custom)
[5.514s] [34mcolcon.colcon_core.environment[0m [1;30mLevel 1[0m create_environment_scripts_only(turtlebot3_custom)
[5.515s] [34mcolcon.colcon_core.environment[0m [1;30mLevel 1[0m checking '/home/ziad/Ziad_WS/ROS2/work_space/install/turtlebot3_custom' for CMake module files
[5.516s] [34mcolcon.colcon_core.environment[0m [1;30mLevel 1[0m checking '/home/ziad/Ziad_WS/ROS2/work_space/install/turtlebot3_custom' for CMake config files
[5.517s] [34mcolcon.colcon_core.shell[0m [1;30mLevel 1[0m create_environment_hook('turtlebot3_custom', 'cmake_prefix_path')
[5.518s] [34mcolcon.colcon_core.shell[0m [1;30mINFO[0m Creating environment hook '/home/ziad/Ziad_WS/ROS2/work_space/install/turtlebot3_custom/share/turtlebot3_custom/hook/cmake_prefix_path.ps1'
[5.518s] [34mcolcon.colcon_core.shell[0m [1;30mINFO[0m Creating environment descriptor '/home/ziad/Ziad_WS/ROS2/work_space/install/turtlebot3_custom/share/turtlebot3_custom/hook/cmake_prefix_path.dsv'
[5.519s] [34mcolcon.colcon_core.shell[0m [1;30mINFO[0m Creating environment hook '/home/ziad/Ziad_WS/ROS2/work_space/install/turtlebot3_custom/share/turtlebot3_custom/hook/cmake_prefix_path.sh'
[5.520s] [34mcolcon.colcon_core.environment[0m [1;30mLevel 1[0m checking '/home/ziad/Ziad_WS/ROS2/work_space/install/turtlebot3_custom/lib'
[5.520s] [34mcolcon.colcon_core.shell[0m [1;30mLevel 1[0m create_environment_hook('turtlebot3_custom', 'ld_library_path_lib')
[5.520s] [34mcolcon.colcon_core.shell[0m [1;30mINFO[0m Creating environment hook '/home/ziad/Ziad_WS/ROS2/work_space/install/turtlebot3_custom/share/turtlebot3_custom/hook/ld_library_path_lib.ps1'
[5.521s] [34mcolcon.colcon_core.shell[0m [1;30mINFO[0m Creating environment descriptor '/home/ziad/Ziad_WS/ROS2/work_space/install/turtlebot3_custom/share/turtlebot3_custom/hook/ld_library_path_lib.dsv'
[5.522s] [34mcolcon.colcon_core.shell[0m [1;30mINFO[0m Creating environment hook '/home/ziad/Ziad_WS/ROS2/work_space/install/turtlebot3_custom/share/turtlebot3_custom/hook/ld_library_path_lib.sh'
[5.522s] [34mcolcon.colcon_core.environment[0m [1;30mLevel 1[0m checking '/home/ziad/Ziad_WS/ROS2/work_space/install/turtlebot3_custom/bin'
[5.522s] [34mcolcon.colcon_core.environment[0m [1;30mLevel 1[0m checking '/home/ziad/Ziad_WS/ROS2/work_space/install/turtlebot3_custom/lib/pkgconfig/turtlebot3_custom.pc'
[5.523s] [34mcolcon.colcon_core.environment[0m [1;30mLevel 1[0m checking '/home/ziad/Ziad_WS/ROS2/work_space/install/turtlebot3_custom/lib/python3.10/site-packages'
[5.523s] [34mcolcon.colcon_core.environment[0m [1;30mLevel 1[0m checking '/home/ziad/Ziad_WS/ROS2/work_space/install/turtlebot3_custom/bin'
[5.524s] [34mcolcon.colcon_core.shell[0m [1;30mINFO[0m Creating package script '/home/ziad/Ziad_WS/ROS2/work_space/install/turtlebot3_custom/share/turtlebot3_custom/package.ps1'
[5.525s] [34mcolcon.colcon_core.shell[0m [1;30mINFO[0m Creating package descriptor '/home/ziad/Ziad_WS/ROS2/work_space/install/turtlebot3_custom/share/turtlebot3_custom/package.dsv'
[5.526s] [34mcolcon.colcon_core.shell[0m [1;30mINFO[0m Creating package script '/home/ziad/Ziad_WS/ROS2/work_space/install/turtlebot3_custom/share/turtlebot3_custom/package.sh'
[5.527s] [34mcolcon.colcon_core.shell[0m [1;30mINFO[0m Creating package script '/home/ziad/Ziad_WS/ROS2/work_space/install/turtlebot3_custom/share/turtlebot3_custom/package.bash'
[5.529s] [34mcolcon.colcon_core.shell[0m [1;30mINFO[0m Creating package script '/home/ziad/Ziad_WS/ROS2/work_space/install/turtlebot3_custom/share/turtlebot3_custom/package.zsh'
[5.530s] [34mcolcon.colcon_core.environment[0m [1;30mLevel 1[0m create_file_with_runtime_dependencies(/home/ziad/Ziad_WS/ROS2/work_space/install/turtlebot3_custom/share/colcon-core/packages/turtlebot3_custom)
[5.530s] [34mcolcon.colcon_parallel_executor.executor.parallel[0m [1;30mDEBUG[0m [32mclosing loop[0m
[5.531s] [34mcolcon.colcon_parallel_executor.executor.parallel[0m [1;30mDEBUG[0m [32mloop closed[0m
[5.531s] [34mcolcon.colcon_parallel_executor.executor.parallel[0m [1;30mDEBUG[0m [32mrun_until_complete finished with '0'[0m
[5.531s] [34mcolcon.colcon_core.event_reactor[0m [1;30mDEBUG[0m [32mjoining thread[0m
[5.547s] [34mcolcon.colcon_core.plugin_system[0m [1;30mINFO[0m Skipping extension 'colcon_notification.desktop_notification.terminal_notifier': Not used on non-Darwin systems
[5.547s] [34mcolcon.colcon_core.plugin_system[0m [1;30mINFO[0m Skipping extension 'colcon_notification.desktop_notification.win32': Not used on non-Windows systems
[5.547s] [34mcolcon.colcon_notification.desktop_notification[0m [1;30mINFO[0m Sending desktop notification using 'notify2'
[5.565s] [34mcolcon.colcon_core.event_reactor[0m [1;30mDEBUG[0m [32mjoined thread[0m
[5.566s] [34mcolcon.colcon_core.shell[0m [1;30mINFO[0m Creating prefix script '/home/ziad/Ziad_WS/ROS2/work_space/install/local_setup.ps1'
[5.568s] [34mcolcon.colcon_core.shell[0m [1;30mINFO[0m Creating prefix util module '/home/ziad/Ziad_WS/ROS2/work_space/install/_local_setup_util_ps1.py'
[5.572s] [34mcolcon.colcon_core.shell[0m [1;30mINFO[0m Creating prefix chain script '/home/ziad/Ziad_WS/ROS2/work_space/install/setup.ps1'
[5.575s] [34mcolcon.colcon_core.shell[0m [1;30mINFO[0m Creating prefix script '/home/ziad/Ziad_WS/ROS2/work_space/install/local_setup.sh'
[5.576s] [34mcolcon.colcon_core.shell[0m [1;30mINFO[0m Creating prefix util module '/home/ziad/Ziad_WS/ROS2/work_space/install/_local_setup_util_sh.py'
[5.577s] [34mcolcon.colcon_core.shell[0m [1;30mINFO[0m Creating prefix chain script '/home/ziad/Ziad_WS/ROS2/work_space/install/setup.sh'
[5.580s] [34mcolcon.colcon_core.shell[0m [1;30mINFO[0m Creating prefix script '/home/ziad/Ziad_WS/ROS2/work_space/install/local_setup.bash'
[5.581s] [34mcolcon.colcon_core.shell[0m [1;30mINFO[0m Creating prefix chain script '/home/ziad/Ziad_WS/ROS2/work_space/install/setup.bash'
[5.584s] [34mcolcon.colcon_core.shell[0m [1;30mINFO[0m Creating prefix script '/home/ziad/Ziad_WS/ROS2/work_space/install/local_setup.zsh'
[5.585s] [34mcolcon.colcon_core.shell[0m [1;30mINFO[0m Creating prefix chain script '/home/ziad/Ziad_WS/ROS2/work_space/install/setup.zsh'
