[  2%] Built target services_actions__cpp
[ 10%] Built target services_actions__rosidl_generator_c
[ 10%] Built target ament_cmake_python_copy_services_actions
[ 19%] Built target services_actions__rosidl_typesupport_cpp
[ 27%] Built target services_actions__rosidl_typesupport_fastrtps_cpp
[ 36%] Built target services_actions__rosidl_typesupport_introspection_cpp
[ 44%] Built target services_actions__rosidl_typesupport_fastrtps_c
[ 53%] Built target services_actions__rosidl_typesupport_c
[ 61%] Built target services_actions__rosidl_typesupport_introspection_c
[ 65%] Built target add_two_ints_server
[ 70%] Built target add_two_ints_client
[ 74%] Built target count_down_action_client
[ 78%] Built target count_down_action_server
[ 78%] Built target services_actions
[ 80%] Built target services_actions__py
[ 87%] Built target services_actions__rosidl_generator_py
[ 91%] Built target services_actions__rosidl_typesupport_introspection_c__pyext
[ 95%] Built target services_actions__rosidl_typesupport_fastrtps_c__pyext
[100%] Built target services_actions__rosidl_typesupport_c__pyext
running egg_info
writing services_actions.egg-info/PKG-INFO
writing dependency_links to services_actions.egg-info/dependency_links.txt
writing top-level names to services_actions.egg-info/top_level.txt
reading manifest file 'services_actions.egg-info/SOURCES.txt'
writing manifest file 'services_actions.egg-info/SOURCES.txt'
[100%] Built target ament_cmake_python_build_services_actions_egg
