[0.028s] Invoking command in '/home/ziad/Ziad_WS/ROS2/work_space/build/services_actions': CMAKE_PREFIX_PATH=${CMAKE_PREFIX_PATH}:/home/ziad/turtlebot3_ws/install/turtlebot3_teleop:/home/ziad/turtlebot3_ws/install/turtlebot3_example:/opt/ros/humble /usr/bin/cmake --build /home/ziad/Ziad_WS/ROS2/work_space/build/services_actions -- -j4 -l4
[0.134s] [  2%] Built target services_actions__cpp
[0.142s] [ 10%] Built target services_actions__rosidl_generator_c
[0.157s] [ 10%] Built target ament_cmake_python_copy_services_actions
[0.186s] [ 19%] Built target services_actions__rosidl_typesupport_cpp
[0.187s] [ 27%] Built target services_actions__rosidl_typesupport_fastrtps_cpp
[0.187s] [ 36%] Built target services_actions__rosidl_typesupport_introspection_cpp
[0.204s] [ 44%] Built target services_actions__rosidl_typesupport_fastrtps_c
[0.235s] [ 53%] Built target services_actions__rosidl_typesupport_c
[0.242s] [ 61%] Built target services_actions__rosidl_typesupport_introspection_c
[0.262s] [ 65%] Built target add_two_ints_server
[0.288s] [ 70%] Built target add_two_ints_client
[0.318s] [ 74%] Built target count_down_action_client
[0.318s] [ 78%] Built target count_down_action_server
[0.332s] [ 78%] Built target services_actions
[0.358s] [ 80%] Built target services_actions__py
[0.386s] [ 87%] Built target services_actions__rosidl_generator_py
[0.429s] [ 91%] Built target services_actions__rosidl_typesupport_introspection_c__pyext
[0.432s] [ 95%] Built target services_actions__rosidl_typesupport_fastrtps_c__pyext
[0.436s] [100%] Built target services_actions__rosidl_typesupport_c__pyext
[0.904s] running egg_info
[0.942s] writing services_actions.egg-info/PKG-INFO
[0.942s] writing dependency_links to services_actions.egg-info/dependency_links.txt
[0.942s] writing top-level names to services_actions.egg-info/top_level.txt
[1.045s] reading manifest file 'services_actions.egg-info/SOURCES.txt'
[1.045s] writing manifest file 'services_actions.egg-info/SOURCES.txt'
[1.106s] [100%] Built target ament_cmake_python_build_services_actions_egg
