[0.157s] [34mcolcon[0m [1;30mDEBUG[0m [32mCommand line arguments: ['/usr/bin/colcon', 'build', '--packages-select', 'ros2_action', '--symlink-install'][0m
[0.157s] [34mcolcon[0m [1;30mDEBUG[0m [32mParsed command line arguments: Namespace(log_base=None, log_level=None, verb_name='build', build_base='build', install_base='install', merge_install=False, symlink_install=True, test_result_base=None, continue_on_error=False, executor='parallel', parallel_workers=4, event_handlers=None, ignore_user_meta=False, metas=['./colcon.meta'], base_paths=['.'], packages_ignore=None, packages_ignore_regex=None, paths=None, packages_up_to=None, packages_up_to_regex=None, packages_above=None, packages_above_and_dependencies=None, packages_above_depth=None, packages_select_by_dep=None, packages_skip_by_dep=None, packages_skip_up_to=None, packages_select_build_failed=False, packages_skip_build_finished=False, packages_select_test_failures=False, packages_skip_test_passed=False, packages_select=['ros2_action'], packages_skip=None, packages_select_regex=None, packages_skip_regex=None, packages_start=None, packages_end=None, allow_overriding=[], cmake_args=None, cmake_target=None, cmake_target_skip_unavailable=False, cmake_clean_cache=False, cmake_clean_first=False, cmake_force_configure=False, ament_cmake_args=None, catkin_cmake_args=None, catkin_skip_building_tests=False, mixin_files=None, mixin=None, verb_parser=<colcon_mixin.mixin.mixin_argument.MixinArgumentDecorator object at 0x73538a0a06a0>, verb_extension=<colcon_core.verb.build.BuildVerb object at 0x73538a019360>, main=<bound method BuildVerb.main of <colcon_core.verb.build.BuildVerb object at 0x73538a019360>>, mixin_verb=('build',))[0m
[0.539s] [34mcolcon.colcon_core.package_discovery[0m [1;30mLevel 1[0m discover_packages(colcon_meta) check parameters
[0.539s] [34mcolcon.colcon_core.package_discovery[0m [1;30mLevel 1[0m discover_packages(recursive) check parameters
[0.539s] [34mcolcon.colcon_core.package_discovery[0m [1;30mLevel 1[0m discover_packages(ignore) check parameters
[0.540s] [34mcolcon.colcon_core.package_discovery[0m [1;30mLevel 1[0m discover_packages(path) check parameters
[0.540s] [34mcolcon.colcon_core.package_discovery[0m [1;30mLevel 1[0m discover_packages(colcon_meta) discover
[0.540s] [34mcolcon.colcon_core.package_discovery[0m [1;30mLevel 1[0m discover_packages(recursive) discover
[0.540s] [34mcolcon.colcon_core.package_discovery[0m [1;30mINFO[0m Crawling recursively for packages in '/home/ziad/Ziad_WS/ROS2/work_space'
[0.540s] [34mcolcon.colcon_core.package_identification[0m [1;30mLevel 1[0m _identify(.) by extensions ['ignore', 'ignore_ament_install']
[0.540s] [34mcolcon.colcon_core.package_identification[0m [1;30mLevel 1[0m _identify(.) by extension 'ignore'
[0.540s] [34mcolcon.colcon_core.package_identification[0m [1;30mLevel 1[0m _identify(.) by extension 'ignore_ament_install'
[0.540s] [34mcolcon.colcon_core.package_identification[0m [1;30mLevel 1[0m _identify(.) by extensions ['colcon_pkg']
[0.540s] [34mcolcon.colcon_core.package_identification[0m [1;30mLevel 1[0m _identify(.) by extension 'colcon_pkg'
[0.540s] [34mcolcon.colcon_core.package_identification[0m [1;30mLevel 1[0m _identify(.) by extensions ['colcon_meta']
[0.540s] [34mcolcon.colcon_core.package_identification[0m [1;30mLevel 1[0m _identify(.) by extension 'colcon_meta'
[0.540s] [34mcolcon.colcon_core.package_identification[0m [1;30mLevel 1[0m _identify(.) by extensions ['ros']
[0.540s] [34mcolcon.colcon_core.package_identification[0m [1;30mLevel 1[0m _identify(.) by extension 'ros'
[0.565s] [34mcolcon.colcon_core.package_identification[0m [1;30mLevel 1[0m _identify(.) by extensions ['cmake', 'python']
[0.565s] [34mcolcon.colcon_core.package_identification[0m [1;30mLevel 1[0m _identify(.) by extension 'cmake'
[0.565s] [34mcolcon.colcon_core.package_identification[0m [1;30mLevel 1[0m _identify(.) by extension 'python'
[0.565s] [34mcolcon.colcon_core.package_identification[0m [1;30mLevel 1[0m _identify(.) by extensions ['python_setup_py']
[0.565s] [34mcolcon.colcon_core.package_identification[0m [1;30mLevel 1[0m _identify(.) by extension 'python_setup_py'
[0.565s] [34mcolcon.colcon_core.package_identification[0m [1;30mLevel 1[0m _identify(build) by extensions ['ignore', 'ignore_ament_install']
[0.565s] [34mcolcon.colcon_core.package_identification[0m [1;30mLevel 1[0m _identify(build) by extension 'ignore'
[0.565s] [34mcolcon.colcon_core.package_identification[0m [1;30mLevel 1[0m _identify(build) ignored
[0.566s] [34mcolcon.colcon_core.package_identification[0m [1;30mLevel 1[0m _identify(install) by extensions ['ignore', 'ignore_ament_install']
[0.566s] [34mcolcon.colcon_core.package_identification[0m [1;30mLevel 1[0m _identify(install) by extension 'ignore'
[0.566s] [34mcolcon.colcon_core.package_identification[0m [1;30mLevel 1[0m _identify(install) ignored
[0.566s] [34mcolcon.colcon_core.package_identification[0m [1;30mLevel 1[0m _identify(log) by extensions ['ignore', 'ignore_ament_install']
[0.566s] [34mcolcon.colcon_core.package_identification[0m [1;30mLevel 1[0m _identify(log) by extension 'ignore'
[0.566s] [34mcolcon.colcon_core.package_identification[0m [1;30mLevel 1[0m _identify(log) ignored
[0.566s] [34mcolcon.colcon_core.package_identification[0m [1;30mLevel 1[0m _identify(src) by extensions ['ignore', 'ignore_ament_install']
[0.566s] [34mcolcon.colcon_core.package_identification[0m [1;30mLevel 1[0m _identify(src) by extension 'ignore'
[0.566s] [34mcolcon.colcon_core.package_identification[0m [1;30mLevel 1[0m _identify(src) by extension 'ignore_ament_install'
[0.566s] [34mcolcon.colcon_core.package_identification[0m [1;30mLevel 1[0m _identify(src) by extensions ['colcon_pkg']
[0.566s] [34mcolcon.colcon_core.package_identification[0m [1;30mLevel 1[0m _identify(src) by extension 'colcon_pkg'
[0.566s] [34mcolcon.colcon_core.package_identification[0m [1;30mLevel 1[0m _identify(src) by extensions ['colcon_meta']
[0.566s] [34mcolcon.colcon_core.package_identification[0m [1;30mLevel 1[0m _identify(src) by extension 'colcon_meta'
[0.566s] [34mcolcon.colcon_core.package_identification[0m [1;30mLevel 1[0m _identify(src) by extensions ['ros']
[0.566s] [34mcolcon.colcon_core.package_identification[0m [1;30mLevel 1[0m _identify(src) by extension 'ros'
[0.567s] [34mcolcon.colcon_core.package_identification[0m [1;30mLevel 1[0m _identify(src) by extensions ['cmake', 'python']
[0.567s] [34mcolcon.colcon_core.package_identification[0m [1;30mLevel 1[0m _identify(src) by extension 'cmake'
[0.567s] [34mcolcon.colcon_core.package_identification[0m [1;30mLevel 1[0m _identify(src) by extension 'python'
[0.567s] [34mcolcon.colcon_core.package_identification[0m [1;30mLevel 1[0m _identify(src) by extensions ['python_setup_py']
[0.567s] [34mcolcon.colcon_core.package_identification[0m [1;30mLevel 1[0m _identify(src) by extension 'python_setup_py'
[0.567s] [34mcolcon.colcon_core.package_identification[0m [1;30mLevel 1[0m _identify(src/practise_actions_services) by extensions ['ignore', 'ignore_ament_install']
[0.567s] [34mcolcon.colcon_core.package_identification[0m [1;30mLevel 1[0m _identify(src/practise_actions_services) by extension 'ignore'
[0.567s] [34mcolcon.colcon_core.package_identification[0m [1;30mLevel 1[0m _identify(src/practise_actions_services) by extension 'ignore_ament_install'
[0.567s] [34mcolcon.colcon_core.package_identification[0m [1;30mLevel 1[0m _identify(src/practise_actions_services) by extensions ['colcon_pkg']
[0.567s] [34mcolcon.colcon_core.package_identification[0m [1;30mLevel 1[0m _identify(src/practise_actions_services) by extension 'colcon_pkg'
[0.567s] [34mcolcon.colcon_core.package_identification[0m [1;30mLevel 1[0m _identify(src/practise_actions_services) by extensions ['colcon_meta']
[0.567s] [34mcolcon.colcon_core.package_identification[0m [1;30mLevel 1[0m _identify(src/practise_actions_services) by extension 'colcon_meta'
[0.567s] [34mcolcon.colcon_core.package_identification[0m [1;30mLevel 1[0m _identify(src/practise_actions_services) by extensions ['ros']
[0.567s] [34mcolcon.colcon_core.package_identification[0m [1;30mLevel 1[0m _identify(src/practise_actions_services) by extension 'ros'
[0.571s] [34mcolcon.colcon_core.package_identification[0m [1;30mDEBUG[0m [32mPackage 'src/practise_actions_services' with type 'ros.ament_cmake' and name 'practise_actions_services'[0m
[0.572s] [34mcolcon.colcon_core.package_identification[0m [1;30mLevel 1[0m _identify(src/practise_pub_sub) by extensions ['ignore', 'ignore_ament_install']
[0.572s] [34mcolcon.colcon_core.package_identification[0m [1;30mLevel 1[0m _identify(src/practise_pub_sub) by extension 'ignore'
[0.572s] [34mcolcon.colcon_core.package_identification[0m [1;30mLevel 1[0m _identify(src/practise_pub_sub) by extension 'ignore_ament_install'
[0.572s] [34mcolcon.colcon_core.package_identification[0m [1;30mLevel 1[0m _identify(src/practise_pub_sub) by extensions ['colcon_pkg']
[0.572s] [34mcolcon.colcon_core.package_identification[0m [1;30mLevel 1[0m _identify(src/practise_pub_sub) by extension 'colcon_pkg'
[0.572s] [34mcolcon.colcon_core.package_identification[0m [1;30mLevel 1[0m _identify(src/practise_pub_sub) by extensions ['colcon_meta']
[0.572s] [34mcolcon.colcon_core.package_identification[0m [1;30mLevel 1[0m _identify(src/practise_pub_sub) by extension 'colcon_meta'
[0.572s] [34mcolcon.colcon_core.package_identification[0m [1;30mLevel 1[0m _identify(src/practise_pub_sub) by extensions ['ros']
[0.572s] [34mcolcon.colcon_core.package_identification[0m [1;30mLevel 1[0m _identify(src/practise_pub_sub) by extension 'ros'
[0.573s] [34mcolcon.colcon_core.package_identification[0m [1;30mDEBUG[0m [32mPackage 'src/practise_pub_sub' with type 'ros.ament_cmake' and name 'practise_pub_sub'[0m
[0.573s] [34mcolcon.colcon_core.package_identification[0m [1;30mLevel 1[0m _identify(src/ros2_action) by extensions ['ignore', 'ignore_ament_install']
[0.573s] [34mcolcon.colcon_core.package_identification[0m [1;30mLevel 1[0m _identify(src/ros2_action) by extension 'ignore'
[0.573s] [34mcolcon.colcon_core.package_identification[0m [1;30mLevel 1[0m _identify(src/ros2_action) by extension 'ignore_ament_install'
[0.573s] [34mcolcon.colcon_core.package_identification[0m [1;30mLevel 1[0m _identify(src/ros2_action) by extensions ['colcon_pkg']
[0.573s] [34mcolcon.colcon_core.package_identification[0m [1;30mLevel 1[0m _identify(src/ros2_action) by extension 'colcon_pkg'
[0.574s] [34mcolcon.colcon_core.package_identification[0m [1;30mLevel 1[0m _identify(src/ros2_action) by extensions ['colcon_meta']
[0.574s] [34mcolcon.colcon_core.package_identification[0m [1;30mLevel 1[0m _identify(src/ros2_action) by extension 'colcon_meta'
[0.574s] [34mcolcon.colcon_core.package_identification[0m [1;30mLevel 1[0m _identify(src/ros2_action) by extensions ['ros']
[0.574s] [34mcolcon.colcon_core.package_identification[0m [1;30mLevel 1[0m _identify(src/ros2_action) by extension 'ros'
[0.575s] [34mcolcon.colcon_core.package_identification[0m [1;30mDEBUG[0m [32mPackage 'src/ros2_action' with type 'ros.ament_cmake' and name 'ros2_action'[0m
[0.575s] [34mcolcon.colcon_core.package_identification[0m [1;30mLevel 1[0m _identify(src/ros2_srv) by extensions ['ignore', 'ignore_ament_install']
[0.575s] [34mcolcon.colcon_core.package_identification[0m [1;30mLevel 1[0m _identify(src/ros2_srv) by extension 'ignore'
[0.575s] [34mcolcon.colcon_core.package_identification[0m [1;30mLevel 1[0m _identify(src/ros2_srv) by extension 'ignore_ament_install'
[0.575s] [34mcolcon.colcon_core.package_identification[0m [1;30mLevel 1[0m _identify(src/ros2_srv) by extensions ['colcon_pkg']
[0.575s] [34mcolcon.colcon_core.package_identification[0m [1;30mLevel 1[0m _identify(src/ros2_srv) by extension 'colcon_pkg'
[0.575s] [34mcolcon.colcon_core.package_identification[0m [1;30mLevel 1[0m _identify(src/ros2_srv) by extensions ['colcon_meta']
[0.575s] [34mcolcon.colcon_core.package_identification[0m [1;30mLevel 1[0m _identify(src/ros2_srv) by extension 'colcon_meta'
[0.575s] [34mcolcon.colcon_core.package_identification[0m [1;30mLevel 1[0m _identify(src/ros2_srv) by extensions ['ros']
[0.575s] [34mcolcon.colcon_core.package_identification[0m [1;30mLevel 1[0m _identify(src/ros2_srv) by extension 'ros'
[0.576s] [34mcolcon.colcon_core.package_identification[0m [1;30mDEBUG[0m [32mPackage 'src/ros2_srv' with type 'ros.ament_cmake' and name 'ros2_srv'[0m
[0.576s] [34mcolcon.colcon_core.package_discovery[0m [1;30mLevel 1[0m discover_packages(recursive) using defaults
[0.576s] [34mcolcon.colcon_core.package_discovery[0m [1;30mLevel 1[0m discover_packages(ignore) discover
[0.576s] [34mcolcon.colcon_core.package_discovery[0m [1;30mLevel 1[0m discover_packages(ignore) using defaults
[0.576s] [34mcolcon.colcon_core.package_discovery[0m [1;30mLevel 1[0m discover_packages(path) discover
[0.576s] [34mcolcon.colcon_core.package_discovery[0m [1;30mLevel 1[0m discover_packages(path) using defaults
[0.593s] [34mcolcon.colcon_core.package_selection[0m [1;30mINFO[0m Skipping not selected package 'practise_actions_services' in 'src/practise_actions_services'
[0.593s] [34mcolcon.colcon_core.package_selection[0m [1;30mINFO[0m Skipping not selected package 'practise_pub_sub' in 'src/practise_pub_sub'
[0.594s] [34mcolcon.colcon_core.package_selection[0m [1;30mINFO[0m Skipping not selected package 'ros2_srv' in 'src/ros2_srv'
[0.594s] [34mcolcon.colcon_core.package_discovery[0m [1;30mLevel 1[0m discover_packages(prefix_path) check parameters
[0.594s] [34mcolcon.colcon_core.package_discovery[0m [1;30mLevel 1[0m discover_packages(prefix_path) discover
[0.597s] [34mcolcon.colcon_installed_package_information.package_discovery[0m [1;30mDEBUG[0m [32mFound 12 installed packages in /home/ziad/turtlebot3_ws/install[0m
[0.598s] [34mcolcon.colcon_installed_package_information.package_discovery[0m [1;30mDEBUG[0m [32mFound 396 installed packages in /opt/ros/humble[0m
[0.601s] [34mcolcon.colcon_core.package_discovery[0m [1;30mLevel 1[0m discover_packages(prefix_path) using defaults
[0.674s] [34mcolcon.colcon_core.verb[0m [1;30mLevel 5[0m set package 'ros2_action' build argument 'cmake_args' from command line to 'None'
[0.674s] [34mcolcon.colcon_core.verb[0m [1;30mLevel 5[0m set package 'ros2_action' build argument 'cmake_target' from command line to 'None'
[0.674s] [34mcolcon.colcon_core.verb[0m [1;30mLevel 5[0m set package 'ros2_action' build argument 'cmake_target_skip_unavailable' from command line to 'False'
[0.674s] [34mcolcon.colcon_core.verb[0m [1;30mLevel 5[0m set package 'ros2_action' build argument 'cmake_clean_cache' from command line to 'False'
[0.674s] [34mcolcon.colcon_core.verb[0m [1;30mLevel 5[0m set package 'ros2_action' build argument 'cmake_clean_first' from command line to 'False'
[0.674s] [34mcolcon.colcon_core.verb[0m [1;30mLevel 5[0m set package 'ros2_action' build argument 'cmake_force_configure' from command line to 'False'
[0.674s] [34mcolcon.colcon_core.verb[0m [1;30mLevel 5[0m set package 'ros2_action' build argument 'ament_cmake_args' from command line to 'None'
[0.674s] [34mcolcon.colcon_core.verb[0m [1;30mLevel 5[0m set package 'ros2_action' build argument 'catkin_cmake_args' from command line to 'None'
[0.674s] [34mcolcon.colcon_core.verb[0m [1;30mLevel 5[0m set package 'ros2_action' build argument 'catkin_skip_building_tests' from command line to 'False'
[0.675s] [34mcolcon.colcon_core.verb[0m [1;30mDEBUG[0m [32mBuilding package 'ros2_action' with the following arguments: {'ament_cmake_args': None, 'build_base': '/home/ziad/Ziad_WS/ROS2/work_space/build/ros2_action', 'catkin_cmake_args': None, 'catkin_skip_building_tests': False, 'cmake_args': None, 'cmake_clean_cache': False, 'cmake_clean_first': False, 'cmake_force_configure': False, 'cmake_target': None, 'cmake_target_skip_unavailable': False, 'install_base': '/home/ziad/Ziad_WS/ROS2/work_space/install/ros2_action', 'merge_install': False, 'path': '/home/ziad/Ziad_WS/ROS2/work_space/src/ros2_action', 'symlink_install': True, 'test_result_base': None}[0m
[0.675s] [34mcolcon.colcon_core.executor[0m [1;30mINFO[0m Executing jobs using 'parallel' executor
[0.676s] [34mcolcon.colcon_parallel_executor.executor.parallel[0m [1;30mDEBUG[0m [32mrun_until_complete[0m
[0.676s] [34mcolcon.colcon_ros.task.ament_cmake.build[0m [1;30mINFO[0m Building ROS package in '/home/ziad/Ziad_WS/ROS2/work_space/src/ros2_action' with build type 'ament_cmake'
[0.676s] [34mcolcon.colcon_cmake.task.cmake.build[0m [1;30mINFO[0m Building CMake package in '/home/ziad/Ziad_WS/ROS2/work_space/src/ros2_action'
[0.679s] [34mcolcon.colcon_core.plugin_system[0m [1;30mINFO[0m Skipping extension 'colcon_core.shell.bat': Not used on non-Windows systems
[0.679s] [34mcolcon.colcon_core.shell[0m [1;30mINFO[0m Skip shell extension 'powershell' for command environment: Not usable outside of PowerShell
[0.679s] [34mcolcon.colcon_core.shell[0m [1;30mDEBUG[0m [32mSkip shell extension 'dsv' for command environment[0m
[0.689s] [34mcolcon.colcon_core.event_handler.log_command[0m [1;30mDEBUG[0m [32mInvoking command in '/home/ziad/Ziad_WS/ROS2/work_space/build/ros2_action': CMAKE_PREFIX_PATH=${CMAKE_PREFIX_PATH}:/home/ziad/turtlebot3_ws/install/turtlebot3_teleop:/home/ziad/turtlebot3_ws/install/turtlebot3_example:/opt/ros/humble /usr/bin/cmake /home/ziad/Ziad_WS/ROS2/work_space/src/ros2_action -DAMENT_CMAKE_SYMLINK_INSTALL=1 -DCMAKE_INSTALL_PREFIX=/home/ziad/Ziad_WS/ROS2/work_space/install/ros2_action[0m
[4.396s] [34mcolcon.colcon_core.event_handler.log_command[0m [1;30mDEBUG[0m [32mInvoked command in '/home/ziad/Ziad_WS/ROS2/work_space/build/ros2_action' returned '0': CMAKE_PREFIX_PATH=${CMAKE_PREFIX_PATH}:/home/ziad/turtlebot3_ws/install/turtlebot3_teleop:/home/ziad/turtlebot3_ws/install/turtlebot3_example:/opt/ros/humble /usr/bin/cmake /home/ziad/Ziad_WS/ROS2/work_space/src/ros2_action -DAMENT_CMAKE_SYMLINK_INSTALL=1 -DCMAKE_INSTALL_PREFIX=/home/ziad/Ziad_WS/ROS2/work_space/install/ros2_action[0m
[4.398s] [34mcolcon.colcon_core.event_handler.log_command[0m [1;30mDEBUG[0m [32mInvoking command in '/home/ziad/Ziad_WS/ROS2/work_space/build/ros2_action': CMAKE_PREFIX_PATH=${CMAKE_PREFIX_PATH}:/home/ziad/turtlebot3_ws/install/turtlebot3_teleop:/home/ziad/turtlebot3_ws/install/turtlebot3_example:/opt/ros/humble /usr/bin/cmake --build /home/ziad/Ziad_WS/ROS2/work_space/build/ros2_action -- -j4 -l4[0m
[5.710s] [34mcolcon.colcon_core.event_handler.log_command[0m [1;30mDEBUG[0m [32mInvoked command in '/home/ziad/Ziad_WS/ROS2/work_space/build/ros2_action' returned '2': CMAKE_PREFIX_PATH=${CMAKE_PREFIX_PATH}:/home/ziad/turtlebot3_ws/install/turtlebot3_teleop:/home/ziad/turtlebot3_ws/install/turtlebot3_example:/opt/ros/humble /usr/bin/cmake --build /home/ziad/Ziad_WS/ROS2/work_space/build/ros2_action -- -j4 -l4[0m
[5.711s] [34mcolcon.colcon_core.environment[0m [1;30mLevel 1[0m create_environment_scripts_only(ros2_action)
[5.716s] [34mcolcon.colcon_core.environment[0m [1;30mLevel 1[0m checking '/home/ziad/Ziad_WS/ROS2/work_space/install/ros2_action' for CMake module files
[5.716s] [34mcolcon.colcon_core.environment[0m [1;30mLevel 1[0m checking '/home/ziad/Ziad_WS/ROS2/work_space/install/ros2_action' for CMake config files
[5.717s] [34mcolcon.colcon_core.environment[0m [1;30mLevel 1[0m checking '/home/ziad/Ziad_WS/ROS2/work_space/install/ros2_action/bin'
[5.717s] [34mcolcon.colcon_core.environment[0m [1;30mLevel 1[0m checking '/home/ziad/Ziad_WS/ROS2/work_space/install/ros2_action/lib/pkgconfig/ros2_action.pc'
[5.717s] [34mcolcon.colcon_core.environment[0m [1;30mLevel 1[0m checking '/home/ziad/Ziad_WS/ROS2/work_space/install/ros2_action/lib/python3.10/site-packages'
[5.717s] [34mcolcon.colcon_core.environment[0m [1;30mLevel 1[0m checking '/home/ziad/Ziad_WS/ROS2/work_space/install/ros2_action/bin'
[5.718s] [34mcolcon.colcon_core.shell[0m [1;30mINFO[0m Creating package script '/home/ziad/Ziad_WS/ROS2/work_space/install/ros2_action/share/ros2_action/package.ps1'
[5.719s] [34mcolcon.colcon_core.shell[0m [1;30mINFO[0m Creating package descriptor '/home/ziad/Ziad_WS/ROS2/work_space/install/ros2_action/share/ros2_action/package.dsv'
[5.720s] [34mcolcon.colcon_core.shell[0m [1;30mINFO[0m Creating package script '/home/ziad/Ziad_WS/ROS2/work_space/install/ros2_action/share/ros2_action/package.sh'
[5.721s] [34mcolcon.colcon_core.shell[0m [1;30mINFO[0m Creating package script '/home/ziad/Ziad_WS/ROS2/work_space/install/ros2_action/share/ros2_action/package.bash'
[5.722s] [34mcolcon.colcon_core.shell[0m [1;30mINFO[0m Creating package script '/home/ziad/Ziad_WS/ROS2/work_space/install/ros2_action/share/ros2_action/package.zsh'
[5.723s] [34mcolcon.colcon_core.environment[0m [1;30mLevel 1[0m create_file_with_runtime_dependencies(/home/ziad/Ziad_WS/ROS2/work_space/install/ros2_action/share/colcon-core/packages/ros2_action)
[5.733s] [34mcolcon.colcon_parallel_executor.executor.parallel[0m [1;30mDEBUG[0m [32mclosing loop[0m
[5.733s] [34mcolcon.colcon_parallel_executor.executor.parallel[0m [1;30mDEBUG[0m [32mloop closed[0m
[5.734s] [34mcolcon.colcon_parallel_executor.executor.parallel[0m [1;30mDEBUG[0m [32mrun_until_complete finished with '2'[0m
[5.734s] [34mcolcon.colcon_core.event_reactor[0m [1;30mDEBUG[0m [32mjoining thread[0m
[5.755s] [34mcolcon.colcon_core.plugin_system[0m [1;30mINFO[0m Skipping extension 'colcon_notification.desktop_notification.terminal_notifier': Not used on non-Darwin systems
[5.755s] [34mcolcon.colcon_core.plugin_system[0m [1;30mINFO[0m Skipping extension 'colcon_notification.desktop_notification.win32': Not used on non-Windows systems
[5.755s] [34mcolcon.colcon_notification.desktop_notification[0m [1;30mINFO[0m Sending desktop notification using 'notify2'
[5.773s] [34mcolcon.colcon_core.event_reactor[0m [1;30mDEBUG[0m [32mjoined thread[0m
[5.774s] [34mcolcon.colcon_core.shell[0m [1;30mINFO[0m Creating prefix script '/home/ziad/Ziad_WS/ROS2/work_space/install/local_setup.ps1'
[5.775s] [34mcolcon.colcon_core.shell[0m [1;30mINFO[0m Creating prefix util module '/home/ziad/Ziad_WS/ROS2/work_space/install/_local_setup_util_ps1.py'
[5.777s] [34mcolcon.colcon_core.shell[0m [1;30mINFO[0m Creating prefix chain script '/home/ziad/Ziad_WS/ROS2/work_space/install/setup.ps1'
[5.779s] [34mcolcon.colcon_core.shell[0m [1;30mINFO[0m Creating prefix script '/home/ziad/Ziad_WS/ROS2/work_space/install/local_setup.sh'
[5.779s] [34mcolcon.colcon_core.shell[0m [1;30mINFO[0m Creating prefix util module '/home/ziad/Ziad_WS/ROS2/work_space/install/_local_setup_util_sh.py'
[5.780s] [34mcolcon.colcon_core.shell[0m [1;30mINFO[0m Creating prefix chain script '/home/ziad/Ziad_WS/ROS2/work_space/install/setup.sh'
[5.782s] [34mcolcon.colcon_core.shell[0m [1;30mINFO[0m Creating prefix script '/home/ziad/Ziad_WS/ROS2/work_space/install/local_setup.bash'
[5.782s] [34mcolcon.colcon_core.shell[0m [1;30mINFO[0m Creating prefix chain script '/home/ziad/Ziad_WS/ROS2/work_space/install/setup.bash'
[5.784s] [34mcolcon.colcon_core.shell[0m [1;30mINFO[0m Creating prefix script '/home/ziad/Ziad_WS/ROS2/work_space/install/local_setup.zsh'
[5.784s] [34mcolcon.colcon_core.shell[0m [1;30mINFO[0m Creating prefix chain script '/home/ziad/Ziad_WS/ROS2/work_space/install/setup.zsh'
