[0.025s] Invoking command in '/home/ziad/Ziad_WS/ROS2/code/build/my_package': CMAKE_PREFIX_PATH=/opt/ros/humble /usr/bin/cmake --build /home/ziad/Ziad_WS/ROS2/code/build/my_package -- -j4 -l4
[0.123s] [100%] Built target my_node
[0.142s] Invoked command in '/home/ziad/Ziad_WS/ROS2/code/build/my_package' returned '0': CMAKE_PREFIX_PATH=/opt/ros/humble /usr/bin/cmake --build /home/ziad/Ziad_WS/ROS2/code/build/my_package -- -j4 -l4
[0.161s] Invoking command in '/home/ziad/Ziad_WS/ROS2/code/build/my_package': CMAKE_PREFIX_PATH=/opt/ros/humble /usr/bin/cmake --install /home/ziad/Ziad_WS/ROS2/code/build/my_package
[0.171s] -- Install configuration: ""
[0.172s] -- Up-to-date: /home/ziad/Ziad_WS/ROS2/code/install/my_package/lib/my_package/my_node
[0.174s] -- Up-to-date: /home/ziad/Ziad_WS/ROS2/code/install/my_package/share/ament_index/resource_index/package_run_dependencies/my_package
[0.175s] -- Up-to-date: /home/ziad/Ziad_WS/ROS2/code/install/my_package/share/ament_index/resource_index/parent_prefix_path/my_package
[0.176s] -- Up-to-date: /home/ziad/Ziad_WS/ROS2/code/install/my_package/share/my_package/environment/ament_prefix_path.sh
[0.177s] -- Up-to-date: /home/ziad/Ziad_WS/ROS2/code/install/my_package/share/my_package/environment/ament_prefix_path.dsv
[0.177s] -- Up-to-date: /home/ziad/Ziad_WS/ROS2/code/install/my_package/share/my_package/environment/path.sh
[0.177s] -- Up-to-date: /home/ziad/Ziad_WS/ROS2/code/install/my_package/share/my_package/environment/path.dsv
[0.177s] -- Up-to-date: /home/ziad/Ziad_WS/ROS2/code/install/my_package/share/my_package/local_setup.bash
[0.177s] -- Up-to-date: /home/ziad/Ziad_WS/ROS2/code/install/my_package/share/my_package/local_setup.sh
[0.177s] -- Up-to-date: /home/ziad/Ziad_WS/ROS2/code/install/my_package/share/my_package/local_setup.zsh
[0.178s] -- Up-to-date: /home/ziad/Ziad_WS/ROS2/code/install/my_package/share/my_package/local_setup.dsv
[0.178s] -- Installing: /home/ziad/Ziad_WS/ROS2/code/install/my_package/share/my_package/package.dsv
[0.179s] -- Up-to-date: /home/ziad/Ziad_WS/ROS2/code/install/my_package/share/ament_index/resource_index/packages/my_package
[0.179s] -- Up-to-date: /home/ziad/Ziad_WS/ROS2/code/install/my_package/share/my_package/cmake/my_packageConfig.cmake
[0.180s] -- Up-to-date: /home/ziad/Ziad_WS/ROS2/code/install/my_package/share/my_package/cmake/my_packageConfig-version.cmake
[0.180s] -- Up-to-date: /home/ziad/Ziad_WS/ROS2/code/install/my_package/share/my_package/package.xml
[0.183s] Invoked command in '/home/ziad/Ziad_WS/ROS2/code/build/my_package' returned '0': CMAKE_PREFIX_PATH=/opt/ros/humble /usr/bin/cmake --install /home/ziad/Ziad_WS/ROS2/code/build/my_package
