-- Install configuration: ""
-- Up-to-date: /home/ziad/Ziad_WS/ROS2/work_space/install/ur_simulation_gazebo/share/ur_simulation_gazebo/config
-- Up-to-date: /home/ziad/Ziad_WS/ROS2/work_space/install/ur_simulation_gazebo/share/ur_simulation_gazebo/config/ur_controllers.yaml
-- Up-to-date: /home/ziad/Ziad_WS/ROS2/work_space/install/ur_simulation_gazebo/share/ur_simulation_gazebo/launch
-- Up-to-date: /home/ziad/Ziad_WS/ROS2/work_space/install/ur_simulation_gazebo/share/ur_simulation_gazebo/launch/ur_sim_control.launch.py
-- Up-to-date: /home/ziad/Ziad_WS/ROS2/work_space/install/ur_simulation_gazebo/share/ur_simulation_gazebo/launch/ur_sim_moveit.launch.py
-- Up-to-date: /home/ziad/Ziad_WS/ROS2/work_space/install/ur_simulation_gazebo/share/ament_index/resource_index/package_run_dependencies/ur_simulation_gazebo
-- Up-to-date: /home/ziad/Ziad_WS/ROS2/work_space/install/ur_simulation_gazebo/share/ament_index/resource_index/parent_prefix_path/ur_simulation_gazebo
-- Up-to-date: /home/ziad/Ziad_WS/ROS2/work_space/install/ur_simulation_gazebo/share/ur_simulation_gazebo/environment/ament_prefix_path.sh
-- Up-to-date: /home/ziad/Ziad_WS/ROS2/work_space/install/ur_simulation_gazebo/share/ur_simulation_gazebo/environment/ament_prefix_path.dsv
-- Up-to-date: /home/ziad/Ziad_WS/ROS2/work_space/install/ur_simulation_gazebo/share/ur_simulation_gazebo/environment/path.sh
-- Up-to-date: /home/ziad/Ziad_WS/ROS2/work_space/install/ur_simulation_gazebo/share/ur_simulation_gazebo/environment/path.dsv
-- Up-to-date: /home/ziad/Ziad_WS/ROS2/work_space/install/ur_simulation_gazebo/share/ur_simulation_gazebo/local_setup.bash
-- Up-to-date: /home/ziad/Ziad_WS/ROS2/work_space/install/ur_simulation_gazebo/share/ur_simulation_gazebo/local_setup.sh
-- Up-to-date: /home/ziad/Ziad_WS/ROS2/work_space/install/ur_simulation_gazebo/share/ur_simulation_gazebo/local_setup.zsh
-- Up-to-date: /home/ziad/Ziad_WS/ROS2/work_space/install/ur_simulation_gazebo/share/ur_simulation_gazebo/local_setup.dsv
-- Installing: /home/ziad/Ziad_WS/ROS2/work_space/install/ur_simulation_gazebo/share/ur_simulation_gazebo/package.dsv
-- Up-to-date: /home/ziad/Ziad_WS/ROS2/work_space/install/ur_simulation_gazebo/share/ament_index/resource_index/packages/ur_simulation_gazebo
-- Up-to-date: /home/ziad/Ziad_WS/ROS2/work_space/install/ur_simulation_gazebo/share/ur_simulation_gazebo/cmake/ur_simulation_gazeboConfig.cmake
-- Up-to-date: /home/ziad/Ziad_WS/ROS2/work_space/install/ur_simulation_gazebo/share/ur_simulation_gazebo/cmake/ur_simulation_gazeboConfig-version.cmake
-- Up-to-date: /home/ziad/Ziad_WS/ROS2/work_space/install/ur_simulation_gazebo/share/ur_simulation_gazebo/package.xml
