[0.035s] Invoking command in '/home/ziad/Ziad_WS/ROS2/work_space/build/practise_pub_sub': CMAKE_PREFIX_PATH=${CMAKE_PREFIX_PATH}:/home/ziad/turtlebot3_ws/install/turtlebot3_teleop:/home/ziad/turtlebot3_ws/install/turtlebot3_example:/opt/ros/humble /usr/bin/cmake --build /home/ziad/Ziad_WS/ROS2/work_space/build/practise_pub_sub -- -j4 -l4
[0.192s] [ 25%] Built target subscriper_int
[0.219s] [ 50%] Built target publisher_int
[0.219s] [ 75%] Built target publisher_str
[0.237s] [100%] Built target subscriper_str
[0.276s] Invoked command in '/home/ziad/Ziad_WS/ROS2/work_space/build/practise_pub_sub' returned '0': CMAKE_PREFIX_PATH=${CMAKE_PREFIX_PATH}:/home/ziad/turtlebot3_ws/install/turtlebot3_teleop:/home/ziad/turtlebot3_ws/install/turtlebot3_example:/opt/ros/humble /usr/bin/cmake --build /home/ziad/Ziad_WS/ROS2/work_space/build/practise_pub_sub -- -j4 -l4
[0.279s] Invoking command in '/home/ziad/Ziad_WS/ROS2/work_space/build/practise_pub_sub': CMAKE_PREFIX_PATH=${CMAKE_PREFIX_PATH}:/home/ziad/turtlebot3_ws/install/turtlebot3_teleop:/home/ziad/turtlebot3_ws/install/turtlebot3_example:/opt/ros/humble /usr/bin/cmake --install /home/ziad/Ziad_WS/ROS2/work_space/build/practise_pub_sub
[0.293s] -- Install configuration: ""
[0.294s] -- Up-to-date: /home/ziad/Ziad_WS/ROS2/work_space/install/practise_pub_sub/lib/practise_pub_sub/publisher_int
[0.295s] -- Up-to-date: /home/ziad/Ziad_WS/ROS2/work_space/install/practise_pub_sub/lib/practise_pub_sub/subscriper_int
[0.296s] -- Up-to-date: /home/ziad/Ziad_WS/ROS2/work_space/install/practise_pub_sub/lib/practise_pub_sub/publisher_str
[0.297s] -- Up-to-date: /home/ziad/Ziad_WS/ROS2/work_space/install/practise_pub_sub/lib/practise_pub_sub/subscriper_str
[0.304s] -- Up-to-date: /home/ziad/Ziad_WS/ROS2/work_space/install/practise_pub_sub/share/ament_index/resource_index/package_run_dependencies/practise_pub_sub
[0.304s] -- Up-to-date: /home/ziad/Ziad_WS/ROS2/work_space/install/practise_pub_sub/share/ament_index/resource_index/parent_prefix_path/practise_pub_sub
[0.304s] -- Up-to-date: /home/ziad/Ziad_WS/ROS2/work_space/install/practise_pub_sub/share/practise_pub_sub/environment/ament_prefix_path.sh
[0.305s] -- Up-to-date: /home/ziad/Ziad_WS/ROS2/work_space/install/practise_pub_sub/share/practise_pub_sub/environment/ament_prefix_path.dsv
[0.305s] -- Up-to-date: /home/ziad/Ziad_WS/ROS2/work_space/install/practise_pub_sub/share/practise_pub_sub/environment/path.sh
[0.305s] -- Up-to-date: /home/ziad/Ziad_WS/ROS2/work_space/install/practise_pub_sub/share/practise_pub_sub/environment/path.dsv
[0.305s] -- Up-to-date: /home/ziad/Ziad_WS/ROS2/work_space/install/practise_pub_sub/share/practise_pub_sub/local_setup.bash
[0.305s] -- Up-to-date: /home/ziad/Ziad_WS/ROS2/work_space/install/practise_pub_sub/share/practise_pub_sub/local_setup.sh
[0.305s] -- Up-to-date: /home/ziad/Ziad_WS/ROS2/work_space/install/practise_pub_sub/share/practise_pub_sub/local_setup.zsh
[0.306s] -- Up-to-date: /home/ziad/Ziad_WS/ROS2/work_space/install/practise_pub_sub/share/practise_pub_sub/local_setup.dsv
[0.306s] -- Installing: /home/ziad/Ziad_WS/ROS2/work_space/install/practise_pub_sub/share/practise_pub_sub/package.dsv
[0.306s] -- Up-to-date: /home/ziad/Ziad_WS/ROS2/work_space/install/practise_pub_sub/share/ament_index/resource_index/packages/practise_pub_sub
[0.306s] -- Up-to-date: /home/ziad/Ziad_WS/ROS2/work_space/install/practise_pub_sub/share/practise_pub_sub/cmake/practise_pub_subConfig.cmake
[0.306s] -- Up-to-date: /home/ziad/Ziad_WS/ROS2/work_space/install/practise_pub_sub/share/practise_pub_sub/cmake/practise_pub_subConfig-version.cmake
[0.306s] -- Up-to-date: /home/ziad/Ziad_WS/ROS2/work_space/install/practise_pub_sub/share/practise_pub_sub/package.xml
[0.408s] Invoked command in '/home/ziad/Ziad_WS/ROS2/work_space/build/practise_pub_sub' returned '0': CMAKE_PREFIX_PATH=${CMAKE_PREFIX_PATH}:/home/ziad/turtlebot3_ws/install/turtlebot3_teleop:/home/ziad/turtlebot3_ws/install/turtlebot3_example:/opt/ros/humble /usr/bin/cmake --install /home/ziad/Ziad_WS/ROS2/work_space/build/practise_pub_sub
