[0.031s] Invoking command in '/home/ziad/Ziad_WS/ROS2/work_space/build/ros2_srv': CMAKE_PREFIX_PATH=${CMAKE_PREFIX_PATH}:/home/ziad/turtlebot3_ws/install/turtlebot3_teleop:/home/ziad/turtlebot3_ws/install/turtlebot3_example:/opt/ros/humble /usr/bin/cmake /home/ziad/Ziad_WS/ROS2/work_space/src/ros2_srv -DCMAKE_INSTALL_PREFIX=/home/ziad/Ziad_WS/ROS2/work_space/install/ros2_srv
[0.164s] -- The C compiler identification is GNU 11.4.0
[0.288s] -- The CXX compiler identification is GNU 11.4.0
[0.300s] -- Detecting C compiler ABI info
[0.451s] -- Detecting C compiler ABI info - done
[0.469s] -- Check for working C compiler: /usr/bin/cc - skipped
[0.470s] -- Detecting C compile features
[0.470s] -- Detecting C compile features - done
[0.473s] -- Detecting CXX compiler ABI info
[0.630s] -- Detecting CXX compiler ABI info - done
[0.649s] -- Check for working CXX compiler: /usr/bin/c++ - skipped
[0.649s] -- Detecting CXX compile features
[0.651s] -- Detecting CXX compile features - done
[0.658s] -- Found ament_cmake: 1.3.12 (/opt/ros/humble/share/ament_cmake/cmake)
[2.675s] -- Found Python3: /usr/bin/python3 (found version "3.10.12") found components: Interpreter 
[2.929s] -- Found rclcpp: 16.0.14 (/opt/ros/humble/share/rclcpp/cmake)
[3.046s] -- Found rosidl_generator_c: 3.1.7 (/opt/ros/humble/share/rosidl_generator_c/cmake)
[3.061s] -- Found rosidl_adapter: 3.1.7 (/opt/ros/humble/share/rosidl_adapter/cmake)
[3.082s] -- Found rosidl_generator_cpp: 3.1.7 (/opt/ros/humble/share/rosidl_generator_cpp/cmake)
[3.112s] -- Using all available rosidl_typesupport_c: rosidl_typesupport_fastrtps_c;rosidl_typesupport_introspection_c
[3.156s] -- Using all available rosidl_typesupport_cpp: rosidl_typesupport_fastrtps_cpp;rosidl_typesupport_introspection_cpp
[3.271s] -- Found rmw_implementation_cmake: 6.1.2 (/opt/ros/humble/share/rmw_implementation_cmake/cmake)
[3.277s] -- Found rmw_fastrtps_cpp: 6.2.8 (/opt/ros/humble/share/rmw_fastrtps_cpp/cmake)
[3.466s] -- Found OpenSSL: /usr/lib/x86_64-linux-gnu/libcrypto.so (found version "3.0.2")  
[3.533s] -- Found FastRTPS: /opt/ros/humble/include  
[3.626s] -- Using RMW implementation 'rmw_fastrtps_cpp' as default
[3.655s] -- Looking for pthread.h
[3.788s] -- Looking for pthread.h - found
[3.789s] -- Performing Test CMAKE_HAVE_LIBC_PTHREAD
[3.943s] -- Performing Test CMAKE_HAVE_LIBC_PTHREAD - Success
[3.950s] -- Found Threads: TRUE  
[4.128s] -- Found ament_lint_auto: 0.12.14 (/opt/ros/humble/share/ament_lint_auto/cmake)
[4.366s] -- Added test 'cppcheck' to perform static code analysis on C / C++ code
[4.367s] -- Configured cppcheck include dirs: 
[4.367s] -- Configured cppcheck exclude dirs and/or files: 
[4.367s] -- Added test 'lint_cmake' to check CMake code style
[4.370s] -- Added test 'uncrustify' to check C / C++ code style
[4.370s] -- Configured uncrustify additional arguments: 
[4.373s] -- Added test 'xmllint' to check XML markup files
[4.375s] -- Configuring done
[4.382s] -- Generating done
[4.387s] -- Build files have been written to: /home/ziad/Ziad_WS/ROS2/work_space/build/ros2_srv
[4.410s] Invoked command in '/home/ziad/Ziad_WS/ROS2/work_space/build/ros2_srv' returned '0': CMAKE_PREFIX_PATH=${CMAKE_PREFIX_PATH}:/home/ziad/turtlebot3_ws/install/turtlebot3_teleop:/home/ziad/turtlebot3_ws/install/turtlebot3_example:/opt/ros/humble /usr/bin/cmake /home/ziad/Ziad_WS/ROS2/work_space/src/ros2_srv -DCMAKE_INSTALL_PREFIX=/home/ziad/Ziad_WS/ROS2/work_space/install/ros2_srv
[4.414s] Invoking command in '/home/ziad/Ziad_WS/ROS2/work_space/build/ros2_srv': CMAKE_PREFIX_PATH=${CMAKE_PREFIX_PATH}:/home/ziad/turtlebot3_ws/install/turtlebot3_teleop:/home/ziad/turtlebot3_ws/install/turtlebot3_example:/opt/ros/humble /usr/bin/cmake --build /home/ziad/Ziad_WS/ROS2/work_space/build/ros2_srv -- -j4 -l4
[4.500s] Invoked command in '/home/ziad/Ziad_WS/ROS2/work_space/build/ros2_srv' returned '0': CMAKE_PREFIX_PATH=${CMAKE_PREFIX_PATH}:/home/ziad/turtlebot3_ws/install/turtlebot3_teleop:/home/ziad/turtlebot3_ws/install/turtlebot3_example:/opt/ros/humble /usr/bin/cmake --build /home/ziad/Ziad_WS/ROS2/work_space/build/ros2_srv -- -j4 -l4
[4.514s] Invoking command in '/home/ziad/Ziad_WS/ROS2/work_space/build/ros2_srv': CMAKE_PREFIX_PATH=${CMAKE_PREFIX_PATH}:/home/ziad/turtlebot3_ws/install/turtlebot3_teleop:/home/ziad/turtlebot3_ws/install/turtlebot3_example:/opt/ros/humble /usr/bin/cmake --install /home/ziad/Ziad_WS/ROS2/work_space/build/ros2_srv
[4.532s] -- Install configuration: ""
[4.532s] -- Installing: /home/ziad/Ziad_WS/ROS2/work_space/install/ros2_srv/share/ament_index/resource_index/package_run_dependencies/ros2_srv
[4.533s] -- Installing: /home/ziad/Ziad_WS/ROS2/work_space/install/ros2_srv/share/ament_index/resource_index/parent_prefix_path/ros2_srv
[4.533s] -- Installing: /home/ziad/Ziad_WS/ROS2/work_space/install/ros2_srv/share/ros2_srv/environment/ament_prefix_path.sh
[4.533s] -- Installing: /home/ziad/Ziad_WS/ROS2/work_space/install/ros2_srv/share/ros2_srv/environment/ament_prefix_path.dsv
[4.533s] -- Installing: /home/ziad/Ziad_WS/ROS2/work_space/install/ros2_srv/share/ros2_srv/environment/path.sh
[4.533s] -- Installing: /home/ziad/Ziad_WS/ROS2/work_space/install/ros2_srv/share/ros2_srv/environment/path.dsv
[4.533s] -- Installing: /home/ziad/Ziad_WS/ROS2/work_space/install/ros2_srv/share/ros2_srv/local_setup.bash
[4.534s] -- Installing: /home/ziad/Ziad_WS/ROS2/work_space/install/ros2_srv/share/ros2_srv/local_setup.sh
[4.534s] -- Installing: /home/ziad/Ziad_WS/ROS2/work_space/install/ros2_srv/share/ros2_srv/local_setup.zsh
[4.534s] -- Installing: /home/ziad/Ziad_WS/ROS2/work_space/install/ros2_srv/share/ros2_srv/local_setup.dsv
[4.536s] -- Installing: /home/ziad/Ziad_WS/ROS2/work_space/install/ros2_srv/share/ros2_srv/package.dsv
[4.536s] -- Installing: /home/ziad/Ziad_WS/ROS2/work_space/install/ros2_srv/share/ament_index/resource_index/packages/ros2_srv
[4.536s] -- Installing: /home/ziad/Ziad_WS/ROS2/work_space/install/ros2_srv/share/ros2_srv/cmake/ros2_srvConfig.cmake
[4.536s] -- Installing: /home/ziad/Ziad_WS/ROS2/work_space/install/ros2_srv/share/ros2_srv/cmake/ros2_srvConfig-version.cmake
[4.536s] -- Installing: /home/ziad/Ziad_WS/ROS2/work_space/install/ros2_srv/share/ros2_srv/package.xml
[4.539s] Invoked command in '/home/ziad/Ziad_WS/ROS2/work_space/build/ros2_srv' returned '0': CMAKE_PREFIX_PATH=${CMAKE_PREFIX_PATH}:/home/ziad/turtlebot3_ws/install/turtlebot3_teleop:/home/ziad/turtlebot3_ws/install/turtlebot3_example:/opt/ros/humble /usr/bin/cmake --install /home/ziad/Ziad_WS/ROS2/work_space/build/ros2_srv
