[1.076s] Invoking command in '/home/ziad/Ziad_Repo/ROS2/ros2_ws/src/my_controller_py': PYTHONPATH=/home/ziad/Ziad_Repo/ROS2/ros2_ws/build/my_controller_py/prefix_override:/usr/lib/python3/dist-packages/colcon_core/task/python/colcon_distutils_commands:/home/ziad/Ziad_Repo/ROS2/ros2_ws/install/my_controller_py/lib/python3.10/site-packages:${PYTHONPATH} /usr/bin/python3 -W ignore:setup.py install is deprecated -W ignore:easy_install command is deprecated setup.py egg_info --egg-base ../../build/my_controller_py build --build-base /home/ziad/Ziad_Repo/ROS2/ros2_ws/build/my_controller_py/build install --record /home/ziad/Ziad_Repo/ROS2/ros2_ws/build/my_controller_py/install.log --single-version-externally-managed install_data
[1.445s] running egg_info
[1.446s] creating ../../build/my_controller_py/my_controller_py.egg-info
[1.446s] writing ../../build/my_controller_py/my_controller_py.egg-info/PKG-INFO
[1.447s] writing dependency_links to ../../build/my_controller_py/my_controller_py.egg-info/dependency_links.txt
[1.447s] writing entry points to ../../build/my_controller_py/my_controller_py.egg-info/entry_points.txt
[1.447s] writing requirements to ../../build/my_controller_py/my_controller_py.egg-info/requires.txt
[1.447s] writing top-level names to ../../build/my_controller_py/my_controller_py.egg-info/top_level.txt
[1.447s] writing manifest file '../../build/my_controller_py/my_controller_py.egg-info/SOURCES.txt'
[1.450s] reading manifest file '../../build/my_controller_py/my_controller_py.egg-info/SOURCES.txt'
[1.451s] writing manifest file '../../build/my_controller_py/my_controller_py.egg-info/SOURCES.txt'
[1.451s] running build
[1.451s] running build_py
[1.451s] creating /home/ziad/Ziad_Repo/ROS2/ros2_ws/build/my_controller_py/build
[1.451s] creating /home/ziad/Ziad_Repo/ROS2/ros2_ws/build/my_controller_py/build/lib
[1.452s] creating /home/ziad/Ziad_Repo/ROS2/ros2_ws/build/my_controller_py/build/lib/my_controller_py
[1.452s] copying my_controller_py/__init__.py -> /home/ziad/Ziad_Repo/ROS2/ros2_ws/build/my_controller_py/build/lib/my_controller_py
[1.452s] running install
[1.452s] running install_lib
[1.453s] creating /home/ziad/Ziad_Repo/ROS2/ros2_ws/install/my_controller_py/lib/python3.10/site-packages/my_controller_py
[1.453s] copying /home/ziad/Ziad_Repo/ROS2/ros2_ws/build/my_controller_py/build/lib/my_controller_py/__init__.py -> /home/ziad/Ziad_Repo/ROS2/ros2_ws/install/my_controller_py/lib/python3.10/site-packages/my_controller_py
[1.454s] byte-compiling /home/ziad/Ziad_Repo/ROS2/ros2_ws/install/my_controller_py/lib/python3.10/site-packages/my_controller_py/__init__.py to __init__.cpython-310.pyc
[1.454s] running install_data
[1.454s] creating /home/ziad/Ziad_Repo/ROS2/ros2_ws/install/my_controller_py/share/ament_index
[1.454s] creating /home/ziad/Ziad_Repo/ROS2/ros2_ws/install/my_controller_py/share/ament_index/resource_index
[1.454s] creating /home/ziad/Ziad_Repo/ROS2/ros2_ws/install/my_controller_py/share/ament_index/resource_index/packages
[1.455s] copying resource/my_controller_py -> /home/ziad/Ziad_Repo/ROS2/ros2_ws/install/my_controller_py/share/ament_index/resource_index/packages
[1.455s] copying package.xml -> /home/ziad/Ziad_Repo/ROS2/ros2_ws/install/my_controller_py/share/my_controller_py
[1.455s] running install_egg_info
[1.457s] Copying ../../build/my_controller_py/my_controller_py.egg-info to /home/ziad/Ziad_Repo/ROS2/ros2_ws/install/my_controller_py/lib/python3.10/site-packages/my_controller_py-0.0.0-py3.10.egg-info
[1.458s] running install_scripts
[1.483s] writing list of installed files to '/home/ziad/Ziad_Repo/ROS2/ros2_ws/build/my_controller_py/install.log'
[1.525s] Invoked command in '/home/ziad/Ziad_Repo/ROS2/ros2_ws/src/my_controller_py' returned '0': PYTHONPATH=/home/ziad/Ziad_Repo/ROS2/ros2_ws/build/my_controller_py/prefix_override:/usr/lib/python3/dist-packages/colcon_core/task/python/colcon_distutils_commands:/home/ziad/Ziad_Repo/ROS2/ros2_ws/install/my_controller_py/lib/python3.10/site-packages:${PYTHONPATH} /usr/bin/python3 -W ignore:setup.py install is deprecated -W ignore:easy_install command is deprecated setup.py egg_info --egg-base ../../build/my_controller_py build --build-base /home/ziad/Ziad_Repo/ROS2/ros2_ws/build/my_controller_py/build install --record /home/ziad/Ziad_Repo/ROS2/ros2_ws/build/my_controller_py/install.log --single-version-externally-managed install_data
