[  1%] Built target turtlebot3_custom__cpp
[  9%] Built target turtlebot3_custom__rosidl_generator_c
[ 13%] Built target turtlebot3_controller
[ 13%] Built target ament_cmake_python_copy_turtlebot3_custom
[35m[1mConsolidate compiler generated dependencies of target modern_teleop_controller[0m
[ 21%] Built target turtlebot3_custom__rosidl_typesupport_cpp
[ 23%] [32mBuilding CXX object CMakeFiles/modern_teleop_controller.dir/src/modern_teleop_controller.cpp.o[0m
[ 31%] Built target turtlebot3_custom__rosidl_typesupport_fastrtps_c
[ 39%] Built target turtlebot3_custom__rosidl_typesupport_fastrtps_cpp
[ 47%] Built target turtlebot3_custom__rosidl_typesupport_introspection_c
[ 54%] Built target turtlebot3_custom__rosidl_typesupport_introspection_cpp
[ 62%] Built target turtlebot3_custom__rosidl_typesupport_c
[ 66%] Built target status_client
[ 70%] Built target robot_status_server
[ 74%] Built target navigation_action_server
[ 78%] Built target navigation_client
[ 78%] Built target turtlebot3_custom
[ 80%] Built target turtlebot3_custom__py
[ 86%] Built target turtlebot3_custom__rosidl_generator_py
[ 90%] Built target turtlebot3_custom__rosidl_typesupport_introspection_c__pyext
[ 94%] Built target turtlebot3_custom__rosidl_typesupport_fastrtps_c__pyext
[ 98%] Built target turtlebot3_custom__rosidl_typesupport_c__pyext
running egg_info
writing turtlebot3_custom.egg-info/PKG-INFO
writing dependency_links to turtlebot3_custom.egg-info/dependency_links.txt
writing top-level names to turtlebot3_custom.egg-info/top_level.txt
reading manifest file 'turtlebot3_custom.egg-info/SOURCES.txt'
writing manifest file 'turtlebot3_custom.egg-info/SOURCES.txt'
[ 98%] Built target ament_cmake_python_build_turtlebot3_custom_egg
[100%] [32m[1mLinking CXX executable modern_teleop_controller[0m
[100%] Built target modern_teleop_controller
-- Install configuration: ""
-- Up-to-date: /home/ziad/Ziad_WS/ROS2/work_space/install/turtlebot3_custom/share/ament_index/resource_index/rosidl_interfaces/turtlebot3_custom
-- Up-to-date: /home/ziad/Ziad_WS/ROS2/work_space/install/turtlebot3_custom/include/turtlebot3_custom/turtlebot3_custom
-- Up-to-date: /home/ziad/Ziad_WS/ROS2/work_space/install/turtlebot3_custom/include/turtlebot3_custom/turtlebot3_custom/action
-- Up-to-date: /home/ziad/Ziad_WS/ROS2/work_space/install/turtlebot3_custom/include/turtlebot3_custom/turtlebot3_custom/action/navigate_to_goal.h
-- Up-to-date: /home/ziad/Ziad_WS/ROS2/work_space/install/turtlebot3_custom/include/turtlebot3_custom/turtlebot3_custom/action/detail
-- Up-to-date: /home/ziad/Ziad_WS/ROS2/work_space/install/turtlebot3_custom/include/turtlebot3_custom/turtlebot3_custom/action/detail/navigate_to_goal__functions.c
-- Up-to-date: /home/ziad/Ziad_WS/ROS2/work_space/install/turtlebot3_custom/include/turtlebot3_custom/turtlebot3_custom/action/detail/navigate_to_goal__functions.h
-- Up-to-date: /home/ziad/Ziad_WS/ROS2/work_space/install/turtlebot3_custom/include/turtlebot3_custom/turtlebot3_custom/action/detail/navigate_to_goal__type_support.h
-- Up-to-date: /home/ziad/Ziad_WS/ROS2/work_space/install/turtlebot3_custom/include/turtlebot3_custom/turtlebot3_custom/action/detail/navigate_to_goal__struct.h
-- Up-to-date: /home/ziad/Ziad_WS/ROS2/work_space/install/turtlebot3_custom/include/turtlebot3_custom/turtlebot3_custom/srv
-- Up-to-date: /home/ziad/Ziad_WS/ROS2/work_space/install/turtlebot3_custom/include/turtlebot3_custom/turtlebot3_custom/srv/get_robot_status.h
-- Up-to-date: /home/ziad/Ziad_WS/ROS2/work_space/install/turtlebot3_custom/include/turtlebot3_custom/turtlebot3_custom/srv/detail
-- Up-to-date: /home/ziad/Ziad_WS/ROS2/work_space/install/turtlebot3_custom/include/turtlebot3_custom/turtlebot3_custom/srv/detail/get_robot_status__functions.h
-- Up-to-date: /home/ziad/Ziad_WS/ROS2/work_space/install/turtlebot3_custom/include/turtlebot3_custom/turtlebot3_custom/srv/detail/get_robot_status__type_support.h
-- Up-to-date: /home/ziad/Ziad_WS/ROS2/work_space/install/turtlebot3_custom/include/turtlebot3_custom/turtlebot3_custom/srv/detail/get_robot_status__functions.c
-- Up-to-date: /home/ziad/Ziad_WS/ROS2/work_space/install/turtlebot3_custom/include/turtlebot3_custom/turtlebot3_custom/srv/detail/get_robot_status__struct.h
-- Up-to-date: /home/ziad/Ziad_WS/ROS2/work_space/install/turtlebot3_custom/include/turtlebot3_custom/turtlebot3_custom/msg
-- Up-to-date: /home/ziad/Ziad_WS/ROS2/work_space/install/turtlebot3_custom/include/turtlebot3_custom/turtlebot3_custom/msg/rosidl_generator_c__visibility_control.h
-- Up-to-date: /home/ziad/Ziad_WS/ROS2/work_space/install/turtlebot3_custom/share/turtlebot3_custom/environment/library_path.sh
-- Up-to-date: /home/ziad/Ziad_WS/ROS2/work_space/install/turtlebot3_custom/share/turtlebot3_custom/environment/library_path.dsv
-- Up-to-date: /home/ziad/Ziad_WS/ROS2/work_space/install/turtlebot3_custom/lib/libturtlebot3_custom__rosidl_generator_c.so
-- Up-to-date: /home/ziad/Ziad_WS/ROS2/work_space/install/turtlebot3_custom/include/turtlebot3_custom/turtlebot3_custom
-- Up-to-date: /home/ziad/Ziad_WS/ROS2/work_space/install/turtlebot3_custom/include/turtlebot3_custom/turtlebot3_custom/action
-- Up-to-date: /home/ziad/Ziad_WS/ROS2/work_space/install/turtlebot3_custom/include/turtlebot3_custom/turtlebot3_custom/action/detail
-- Up-to-date: /home/ziad/Ziad_WS/ROS2/work_space/install/turtlebot3_custom/include/turtlebot3_custom/turtlebot3_custom/action/detail/navigate_to_goal__rosidl_typesupport_fastrtps_c.h
-- Up-to-date: /home/ziad/Ziad_WS/ROS2/work_space/install/turtlebot3_custom/include/turtlebot3_custom/turtlebot3_custom/srv
-- Up-to-date: /home/ziad/Ziad_WS/ROS2/work_space/install/turtlebot3_custom/include/turtlebot3_custom/turtlebot3_custom/srv/detail
-- Up-to-date: /home/ziad/Ziad_WS/ROS2/work_space/install/turtlebot3_custom/include/turtlebot3_custom/turtlebot3_custom/srv/detail/get_robot_status__rosidl_typesupport_fastrtps_c.h
-- Up-to-date: /home/ziad/Ziad_WS/ROS2/work_space/install/turtlebot3_custom/include/turtlebot3_custom/turtlebot3_custom/msg
-- Up-to-date: /home/ziad/Ziad_WS/ROS2/work_space/install/turtlebot3_custom/include/turtlebot3_custom/turtlebot3_custom/msg/rosidl_typesupport_fastrtps_c__visibility_control.h
-- Up-to-date: /home/ziad/Ziad_WS/ROS2/work_space/install/turtlebot3_custom/lib/libturtlebot3_custom__rosidl_typesupport_fastrtps_c.so
-- Up-to-date: /home/ziad/Ziad_WS/ROS2/work_space/install/turtlebot3_custom/include/turtlebot3_custom/turtlebot3_custom
-- Up-to-date: /home/ziad/Ziad_WS/ROS2/work_space/install/turtlebot3_custom/include/turtlebot3_custom/turtlebot3_custom/action
-- Up-to-date: /home/ziad/Ziad_WS/ROS2/work_space/install/turtlebot3_custom/include/turtlebot3_custom/turtlebot3_custom/action/navigate_to_goal.hpp
-- Up-to-date: /home/ziad/Ziad_WS/ROS2/work_space/install/turtlebot3_custom/include/turtlebot3_custom/turtlebot3_custom/action/detail
-- Up-to-date: /home/ziad/Ziad_WS/ROS2/work_space/install/turtlebot3_custom/include/turtlebot3_custom/turtlebot3_custom/action/detail/navigate_to_goal__traits.hpp
-- Up-to-date: /home/ziad/Ziad_WS/ROS2/work_space/install/turtlebot3_custom/include/turtlebot3_custom/turtlebot3_custom/action/detail/navigate_to_goal__type_support.hpp
-- Up-to-date: /home/ziad/Ziad_WS/ROS2/work_space/install/turtlebot3_custom/include/turtlebot3_custom/turtlebot3_custom/action/detail/navigate_to_goal__builder.hpp
-- Up-to-date: /home/ziad/Ziad_WS/ROS2/work_space/install/turtlebot3_custom/include/turtlebot3_custom/turtlebot3_custom/action/detail/navigate_to_goal__struct.hpp
-- Up-to-date: /home/ziad/Ziad_WS/ROS2/work_space/install/turtlebot3_custom/include/turtlebot3_custom/turtlebot3_custom/srv
-- Up-to-date: /home/ziad/Ziad_WS/ROS2/work_space/install/turtlebot3_custom/include/turtlebot3_custom/turtlebot3_custom/srv/detail
-- Up-to-date: /home/ziad/Ziad_WS/ROS2/work_space/install/turtlebot3_custom/include/turtlebot3_custom/turtlebot3_custom/srv/detail/get_robot_status__builder.hpp
-- Up-to-date: /home/ziad/Ziad_WS/ROS2/work_space/install/turtlebot3_custom/include/turtlebot3_custom/turtlebot3_custom/srv/detail/get_robot_status__traits.hpp
-- Up-to-date: /home/ziad/Ziad_WS/ROS2/work_space/install/turtlebot3_custom/include/turtlebot3_custom/turtlebot3_custom/srv/detail/get_robot_status__type_support.hpp
-- Up-to-date: /home/ziad/Ziad_WS/ROS2/work_space/install/turtlebot3_custom/include/turtlebot3_custom/turtlebot3_custom/srv/detail/get_robot_status__struct.hpp
-- Up-to-date: /home/ziad/Ziad_WS/ROS2/work_space/install/turtlebot3_custom/include/turtlebot3_custom/turtlebot3_custom/srv/get_robot_status.hpp
-- Up-to-date: /home/ziad/Ziad_WS/ROS2/work_space/install/turtlebot3_custom/include/turtlebot3_custom/turtlebot3_custom/msg
-- Up-to-date: /home/ziad/Ziad_WS/ROS2/work_space/install/turtlebot3_custom/include/turtlebot3_custom/turtlebot3_custom/msg/rosidl_generator_cpp__visibility_control.hpp
-- Up-to-date: /home/ziad/Ziad_WS/ROS2/work_space/install/turtlebot3_custom/include/turtlebot3_custom/turtlebot3_custom
-- Up-to-date: /home/ziad/Ziad_WS/ROS2/work_space/install/turtlebot3_custom/include/turtlebot3_custom/turtlebot3_custom/action
-- Up-to-date: /home/ziad/Ziad_WS/ROS2/work_space/install/turtlebot3_custom/include/turtlebot3_custom/turtlebot3_custom/action/detail
-- Up-to-date: /home/ziad/Ziad_WS/ROS2/work_space/install/turtlebot3_custom/include/turtlebot3_custom/turtlebot3_custom/action/detail/dds_fastrtps
-- Up-to-date: /home/ziad/Ziad_WS/ROS2/work_space/install/turtlebot3_custom/include/turtlebot3_custom/turtlebot3_custom/action/detail/navigate_to_goal__rosidl_typesupport_fastrtps_cpp.hpp
-- Up-to-date: /home/ziad/Ziad_WS/ROS2/work_space/install/turtlebot3_custom/include/turtlebot3_custom/turtlebot3_custom/srv
-- Up-to-date: /home/ziad/Ziad_WS/ROS2/work_space/install/turtlebot3_custom/include/turtlebot3_custom/turtlebot3_custom/srv/detail
-- Up-to-date: /home/ziad/Ziad_WS/ROS2/work_space/install/turtlebot3_custom/include/turtlebot3_custom/turtlebot3_custom/srv/detail/dds_fastrtps
-- Up-to-date: /home/ziad/Ziad_WS/ROS2/work_space/install/turtlebot3_custom/include/turtlebot3_custom/turtlebot3_custom/srv/detail/get_robot_status__rosidl_typesupport_fastrtps_cpp.hpp
-- Up-to-date: /home/ziad/Ziad_WS/ROS2/work_space/install/turtlebot3_custom/include/turtlebot3_custom/turtlebot3_custom/msg
-- Up-to-date: /home/ziad/Ziad_WS/ROS2/work_space/install/turtlebot3_custom/include/turtlebot3_custom/turtlebot3_custom/msg/rosidl_typesupport_fastrtps_cpp__visibility_control.h
-- Up-to-date: /home/ziad/Ziad_WS/ROS2/work_space/install/turtlebot3_custom/lib/libturtlebot3_custom__rosidl_typesupport_fastrtps_cpp.so
-- Up-to-date: /home/ziad/Ziad_WS/ROS2/work_space/install/turtlebot3_custom/include/turtlebot3_custom/turtlebot3_custom
-- Up-to-date: /home/ziad/Ziad_WS/ROS2/work_space/install/turtlebot3_custom/include/turtlebot3_custom/turtlebot3_custom/action
-- Up-to-date: /home/ziad/Ziad_WS/ROS2/work_space/install/turtlebot3_custom/include/turtlebot3_custom/turtlebot3_custom/action/detail
-- Up-to-date: /home/ziad/Ziad_WS/ROS2/work_space/install/turtlebot3_custom/include/turtlebot3_custom/turtlebot3_custom/action/detail/navigate_to_goal__type_support.c
-- Up-to-date: /home/ziad/Ziad_WS/ROS2/work_space/install/turtlebot3_custom/include/turtlebot3_custom/turtlebot3_custom/action/detail/navigate_to_goal__rosidl_typesupport_introspection_c.h
-- Up-to-date: /home/ziad/Ziad_WS/ROS2/work_space/install/turtlebot3_custom/include/turtlebot3_custom/turtlebot3_custom/srv
-- Up-to-date: /home/ziad/Ziad_WS/ROS2/work_space/install/turtlebot3_custom/include/turtlebot3_custom/turtlebot3_custom/srv/detail
-- Up-to-date: /home/ziad/Ziad_WS/ROS2/work_space/install/turtlebot3_custom/include/turtlebot3_custom/turtlebot3_custom/srv/detail/get_robot_status__type_support.c
-- Up-to-date: /home/ziad/Ziad_WS/ROS2/work_space/install/turtlebot3_custom/include/turtlebot3_custom/turtlebot3_custom/srv/detail/get_robot_status__rosidl_typesupport_introspection_c.h
-- Up-to-date: /home/ziad/Ziad_WS/ROS2/work_space/install/turtlebot3_custom/include/turtlebot3_custom/turtlebot3_custom/msg
-- Up-to-date: /home/ziad/Ziad_WS/ROS2/work_space/install/turtlebot3_custom/include/turtlebot3_custom/turtlebot3_custom/msg/rosidl_typesupport_introspection_c__visibility_control.h
-- Up-to-date: /home/ziad/Ziad_WS/ROS2/work_space/install/turtlebot3_custom/lib/libturtlebot3_custom__rosidl_typesupport_introspection_c.so
-- Up-to-date: /home/ziad/Ziad_WS/ROS2/work_space/install/turtlebot3_custom/lib/libturtlebot3_custom__rosidl_typesupport_c.so
-- Up-to-date: /home/ziad/Ziad_WS/ROS2/work_space/install/turtlebot3_custom/include/turtlebot3_custom/turtlebot3_custom
-- Up-to-date: /home/ziad/Ziad_WS/ROS2/work_space/install/turtlebot3_custom/include/turtlebot3_custom/turtlebot3_custom/action
-- Up-to-date: /home/ziad/Ziad_WS/ROS2/work_space/install/turtlebot3_custom/include/turtlebot3_custom/turtlebot3_custom/action/detail
-- Up-to-date: /home/ziad/Ziad_WS/ROS2/work_space/install/turtlebot3_custom/include/turtlebot3_custom/turtlebot3_custom/action/detail/navigate_to_goal__rosidl_typesupport_introspection_cpp.hpp
-- Up-to-date: /home/ziad/Ziad_WS/ROS2/work_space/install/turtlebot3_custom/include/turtlebot3_custom/turtlebot3_custom/action/detail/navigate_to_goal__type_support.cpp
-- Up-to-date: /home/ziad/Ziad_WS/ROS2/work_space/install/turtlebot3_custom/include/turtlebot3_custom/turtlebot3_custom/srv
-- Up-to-date: /home/ziad/Ziad_WS/ROS2/work_space/install/turtlebot3_custom/include/turtlebot3_custom/turtlebot3_custom/srv/detail
-- Up-to-date: /home/ziad/Ziad_WS/ROS2/work_space/install/turtlebot3_custom/include/turtlebot3_custom/turtlebot3_custom/srv/detail/get_robot_status__type_support.cpp
-- Up-to-date: /home/ziad/Ziad_WS/ROS2/work_space/install/turtlebot3_custom/include/turtlebot3_custom/turtlebot3_custom/srv/detail/get_robot_status__rosidl_typesupport_introspection_cpp.hpp
-- Up-to-date: /home/ziad/Ziad_WS/ROS2/work_space/install/turtlebot3_custom/lib/libturtlebot3_custom__rosidl_typesupport_introspection_cpp.so
-- Up-to-date: /home/ziad/Ziad_WS/ROS2/work_space/install/turtlebot3_custom/lib/libturtlebot3_custom__rosidl_typesupport_cpp.so
-- Up-to-date: /home/ziad/Ziad_WS/ROS2/work_space/install/turtlebot3_custom/share/turtlebot3_custom/environment/pythonpath.sh
-- Up-to-date: /home/ziad/Ziad_WS/ROS2/work_space/install/turtlebot3_custom/share/turtlebot3_custom/environment/pythonpath.dsv
-- Up-to-date: /home/ziad/Ziad_WS/ROS2/work_space/install/turtlebot3_custom/local/lib/python3.10/dist-packages/turtlebot3_custom-0.0.0-py3.10.egg-info
-- Installing: /home/ziad/Ziad_WS/ROS2/work_space/install/turtlebot3_custom/local/lib/python3.10/dist-packages/turtlebot3_custom-0.0.0-py3.10.egg-info/dependency_links.txt
-- Installing: /home/ziad/Ziad_WS/ROS2/work_space/install/turtlebot3_custom/local/lib/python3.10/dist-packages/turtlebot3_custom-0.0.0-py3.10.egg-info/top_level.txt
-- Installing: /home/ziad/Ziad_WS/ROS2/work_space/install/turtlebot3_custom/local/lib/python3.10/dist-packages/turtlebot3_custom-0.0.0-py3.10.egg-info/PKG-INFO
-- Installing: /home/ziad/Ziad_WS/ROS2/work_space/install/turtlebot3_custom/local/lib/python3.10/dist-packages/turtlebot3_custom-0.0.0-py3.10.egg-info/SOURCES.txt
-- Up-to-date: /home/ziad/Ziad_WS/ROS2/work_space/install/turtlebot3_custom/local/lib/python3.10/dist-packages/turtlebot3_custom
-- Up-to-date: /home/ziad/Ziad_WS/ROS2/work_space/install/turtlebot3_custom/local/lib/python3.10/dist-packages/turtlebot3_custom/_turtlebot3_custom_s.ep.rosidl_typesupport_introspection_c.c
-- Up-to-date: /home/ziad/Ziad_WS/ROS2/work_space/install/turtlebot3_custom/local/lib/python3.10/dist-packages/turtlebot3_custom/turtlebot3_custom_s__rosidl_typesupport_fastrtps_c.cpython-310-x86_64-linux-gnu.so
-- Up-to-date: /home/ziad/Ziad_WS/ROS2/work_space/install/turtlebot3_custom/local/lib/python3.10/dist-packages/turtlebot3_custom/action
-- Up-to-date: /home/ziad/Ziad_WS/ROS2/work_space/install/turtlebot3_custom/local/lib/python3.10/dist-packages/turtlebot3_custom/action/_navigate_to_goal.py
-- Up-to-date: /home/ziad/Ziad_WS/ROS2/work_space/install/turtlebot3_custom/local/lib/python3.10/dist-packages/turtlebot3_custom/action/_navigate_to_goal_s.c
-- Up-to-date: /home/ziad/Ziad_WS/ROS2/work_space/install/turtlebot3_custom/local/lib/python3.10/dist-packages/turtlebot3_custom/action/__init__.py
-- Up-to-date: /home/ziad/Ziad_WS/ROS2/work_space/install/turtlebot3_custom/local/lib/python3.10/dist-packages/turtlebot3_custom/srv
-- Up-to-date: /home/ziad/Ziad_WS/ROS2/work_space/install/turtlebot3_custom/local/lib/python3.10/dist-packages/turtlebot3_custom/srv/_get_robot_status_s.c
-- Up-to-date: /home/ziad/Ziad_WS/ROS2/work_space/install/turtlebot3_custom/local/lib/python3.10/dist-packages/turtlebot3_custom/srv/_get_robot_status.py
-- Up-to-date: /home/ziad/Ziad_WS/ROS2/work_space/install/turtlebot3_custom/local/lib/python3.10/dist-packages/turtlebot3_custom/srv/__init__.py
-- Up-to-date: /home/ziad/Ziad_WS/ROS2/work_space/install/turtlebot3_custom/local/lib/python3.10/dist-packages/turtlebot3_custom/_turtlebot3_custom_s.ep.rosidl_typesupport_c.c
-- Up-to-date: /home/ziad/Ziad_WS/ROS2/work_space/install/turtlebot3_custom/local/lib/python3.10/dist-packages/turtlebot3_custom/turtlebot3_custom_s__rosidl_typesupport_c.cpython-310-x86_64-linux-gnu.so
-- Up-to-date: /home/ziad/Ziad_WS/ROS2/work_space/install/turtlebot3_custom/local/lib/python3.10/dist-packages/turtlebot3_custom/turtlebot3_custom_s__rosidl_typesupport_introspection_c.cpython-310-x86_64-linux-gnu.so
-- Up-to-date: /home/ziad/Ziad_WS/ROS2/work_space/install/turtlebot3_custom/local/lib/python3.10/dist-packages/turtlebot3_custom/_turtlebot3_custom_s.ep.rosidl_typesupport_fastrtps_c.c
-- Up-to-date: /home/ziad/Ziad_WS/ROS2/work_space/install/turtlebot3_custom/local/lib/python3.10/dist-packages/turtlebot3_custom/__init__.py
-- Up-to-date: /home/ziad/Ziad_WS/ROS2/work_space/install/turtlebot3_custom/local/lib/python3.10/dist-packages/turtlebot3_custom/libturtlebot3_custom__rosidl_generator_py.so
Listing '/home/ziad/Ziad_WS/ROS2/work_space/install/turtlebot3_custom/local/lib/python3.10/dist-packages/turtlebot3_custom'...
Listing '/home/ziad/Ziad_WS/ROS2/work_space/install/turtlebot3_custom/local/lib/python3.10/dist-packages/turtlebot3_custom/action'...
Listing '/home/ziad/Ziad_WS/ROS2/work_space/install/turtlebot3_custom/local/lib/python3.10/dist-packages/turtlebot3_custom/srv'...
-- Up-to-date: /home/ziad/Ziad_WS/ROS2/work_space/install/turtlebot3_custom/local/lib/python3.10/dist-packages/turtlebot3_custom/turtlebot3_custom_s__rosidl_typesupport_fastrtps_c.cpython-310-x86_64-linux-gnu.so
-- Up-to-date: /home/ziad/Ziad_WS/ROS2/work_space/install/turtlebot3_custom/local/lib/python3.10/dist-packages/turtlebot3_custom/turtlebot3_custom_s__rosidl_typesupport_introspection_c.cpython-310-x86_64-linux-gnu.so
-- Up-to-date: /home/ziad/Ziad_WS/ROS2/work_space/install/turtlebot3_custom/local/lib/python3.10/dist-packages/turtlebot3_custom/turtlebot3_custom_s__rosidl_typesupport_c.cpython-310-x86_64-linux-gnu.so
-- Up-to-date: /home/ziad/Ziad_WS/ROS2/work_space/install/turtlebot3_custom/lib/libturtlebot3_custom__rosidl_generator_py.so
-- Up-to-date: /home/ziad/Ziad_WS/ROS2/work_space/install/turtlebot3_custom/share/turtlebot3_custom/action/NavigateToGoal.idl
-- Up-to-date: /home/ziad/Ziad_WS/ROS2/work_space/install/turtlebot3_custom/share/turtlebot3_custom/srv/GetRobotStatus.idl
-- Up-to-date: /home/ziad/Ziad_WS/ROS2/work_space/install/turtlebot3_custom/share/turtlebot3_custom/action/NavigateToGoal.action
-- Up-to-date: /home/ziad/Ziad_WS/ROS2/work_space/install/turtlebot3_custom/share/turtlebot3_custom/srv/GetRobotStatus.srv
-- Up-to-date: /home/ziad/Ziad_WS/ROS2/work_space/install/turtlebot3_custom/share/turtlebot3_custom/srv/GetRobotStatus_Request.msg
-- Up-to-date: /home/ziad/Ziad_WS/ROS2/work_space/install/turtlebot3_custom/share/turtlebot3_custom/srv/GetRobotStatus_Response.msg
-- Up-to-date: /home/ziad/Ziad_WS/ROS2/work_space/install/turtlebot3_custom/lib/turtlebot3_custom/turtlebot3_controller
-- Up-to-date: /home/ziad/Ziad_WS/ROS2/work_space/install/turtlebot3_custom/lib/turtlebot3_custom/robot_status_server
-- Up-to-date: /home/ziad/Ziad_WS/ROS2/work_space/install/turtlebot3_custom/lib/turtlebot3_custom/status_client
-- Up-to-date: /home/ziad/Ziad_WS/ROS2/work_space/install/turtlebot3_custom/lib/turtlebot3_custom/navigation_action_server
-- Up-to-date: /home/ziad/Ziad_WS/ROS2/work_space/install/turtlebot3_custom/lib/turtlebot3_custom/navigation_client
-- Installing: /home/ziad/Ziad_WS/ROS2/work_space/install/turtlebot3_custom/lib/turtlebot3_custom/modern_teleop_controller
-- Set runtime path of "/home/ziad/Ziad_WS/ROS2/work_space/install/turtlebot3_custom/lib/turtlebot3_custom/modern_teleop_controller" to ""
-- Up-to-date: /home/ziad/Ziad_WS/ROS2/work_space/install/turtlebot3_custom/share/turtlebot3_custom//launch
-- Up-to-date: /home/ziad/Ziad_WS/ROS2/work_space/install/turtlebot3_custom/share/turtlebot3_custom//launch/turtlebot3_simulation.launch.py
-- Up-to-date: /home/ziad/Ziad_WS/ROS2/work_space/install/turtlebot3_custom/share/turtlebot3_custom//launch/modern_teleop.launch.py
-- Up-to-date: /home/ziad/Ziad_WS/ROS2/work_space/install/turtlebot3_custom/share/turtlebot3_custom//launch/turtlebot3_custom.launch.py
-- Up-to-date: /home/ziad/Ziad_WS/ROS2/work_space/install/turtlebot3_custom/share/ament_index/resource_index/package_run_dependencies/turtlebot3_custom
-- Up-to-date: /home/ziad/Ziad_WS/ROS2/work_space/install/turtlebot3_custom/share/ament_index/resource_index/parent_prefix_path/turtlebot3_custom
-- Up-to-date: /home/ziad/Ziad_WS/ROS2/work_space/install/turtlebot3_custom/share/turtlebot3_custom/environment/ament_prefix_path.sh
-- Up-to-date: /home/ziad/Ziad_WS/ROS2/work_space/install/turtlebot3_custom/share/turtlebot3_custom/environment/ament_prefix_path.dsv
-- Up-to-date: /home/ziad/Ziad_WS/ROS2/work_space/install/turtlebot3_custom/share/turtlebot3_custom/environment/path.sh
-- Up-to-date: /home/ziad/Ziad_WS/ROS2/work_space/install/turtlebot3_custom/share/turtlebot3_custom/environment/path.dsv
-- Up-to-date: /home/ziad/Ziad_WS/ROS2/work_space/install/turtlebot3_custom/share/turtlebot3_custom/local_setup.bash
-- Up-to-date: /home/ziad/Ziad_WS/ROS2/work_space/install/turtlebot3_custom/share/turtlebot3_custom/local_setup.sh
-- Up-to-date: /home/ziad/Ziad_WS/ROS2/work_space/install/turtlebot3_custom/share/turtlebot3_custom/local_setup.zsh
-- Up-to-date: /home/ziad/Ziad_WS/ROS2/work_space/install/turtlebot3_custom/share/turtlebot3_custom/local_setup.dsv
-- Installing: /home/ziad/Ziad_WS/ROS2/work_space/install/turtlebot3_custom/share/turtlebot3_custom/package.dsv
-- Up-to-date: /home/ziad/Ziad_WS/ROS2/work_space/install/turtlebot3_custom/share/ament_index/resource_index/packages/turtlebot3_custom
-- Up-to-date: /home/ziad/Ziad_WS/ROS2/work_space/install/turtlebot3_custom/share/turtlebot3_custom/cmake/export_turtlebot3_custom__rosidl_generator_cExport.cmake
-- Up-to-date: /home/ziad/Ziad_WS/ROS2/work_space/install/turtlebot3_custom/share/turtlebot3_custom/cmake/export_turtlebot3_custom__rosidl_generator_cExport-noconfig.cmake
-- Up-to-date: /home/ziad/Ziad_WS/ROS2/work_space/install/turtlebot3_custom/share/turtlebot3_custom/cmake/export_turtlebot3_custom__rosidl_typesupport_fastrtps_cExport.cmake
-- Up-to-date: /home/ziad/Ziad_WS/ROS2/work_space/install/turtlebot3_custom/share/turtlebot3_custom/cmake/export_turtlebot3_custom__rosidl_typesupport_fastrtps_cExport-noconfig.cmake
-- Up-to-date: /home/ziad/Ziad_WS/ROS2/work_space/install/turtlebot3_custom/share/turtlebot3_custom/cmake/export_turtlebot3_custom__rosidl_generator_cppExport.cmake
-- Up-to-date: /home/ziad/Ziad_WS/ROS2/work_space/install/turtlebot3_custom/share/turtlebot3_custom/cmake/export_turtlebot3_custom__rosidl_typesupport_fastrtps_cppExport.cmake
-- Up-to-date: /home/ziad/Ziad_WS/ROS2/work_space/install/turtlebot3_custom/share/turtlebot3_custom/cmake/export_turtlebot3_custom__rosidl_typesupport_fastrtps_cppExport-noconfig.cmake
-- Up-to-date: /home/ziad/Ziad_WS/ROS2/work_space/install/turtlebot3_custom/share/turtlebot3_custom/cmake/turtlebot3_custom__rosidl_typesupport_introspection_cExport.cmake
-- Up-to-date: /home/ziad/Ziad_WS/ROS2/work_space/install/turtlebot3_custom/share/turtlebot3_custom/cmake/turtlebot3_custom__rosidl_typesupport_introspection_cExport-noconfig.cmake
-- Up-to-date: /home/ziad/Ziad_WS/ROS2/work_space/install/turtlebot3_custom/share/turtlebot3_custom/cmake/turtlebot3_custom__rosidl_typesupport_cExport.cmake
-- Up-to-date: /home/ziad/Ziad_WS/ROS2/work_space/install/turtlebot3_custom/share/turtlebot3_custom/cmake/turtlebot3_custom__rosidl_typesupport_cExport-noconfig.cmake
-- Up-to-date: /home/ziad/Ziad_WS/ROS2/work_space/install/turtlebot3_custom/share/turtlebot3_custom/cmake/turtlebot3_custom__rosidl_typesupport_introspection_cppExport.cmake
-- Up-to-date: /home/ziad/Ziad_WS/ROS2/work_space/install/turtlebot3_custom/share/turtlebot3_custom/cmake/turtlebot3_custom__rosidl_typesupport_introspection_cppExport-noconfig.cmake
-- Up-to-date: /home/ziad/Ziad_WS/ROS2/work_space/install/turtlebot3_custom/share/turtlebot3_custom/cmake/turtlebot3_custom__rosidl_typesupport_cppExport.cmake
-- Up-to-date: /home/ziad/Ziad_WS/ROS2/work_space/install/turtlebot3_custom/share/turtlebot3_custom/cmake/turtlebot3_custom__rosidl_typesupport_cppExport-noconfig.cmake
-- Up-to-date: /home/ziad/Ziad_WS/ROS2/work_space/install/turtlebot3_custom/share/turtlebot3_custom/cmake/export_turtlebot3_custom__rosidl_generator_pyExport.cmake
-- Up-to-date: /home/ziad/Ziad_WS/ROS2/work_space/install/turtlebot3_custom/share/turtlebot3_custom/cmake/export_turtlebot3_custom__rosidl_generator_pyExport-noconfig.cmake
-- Up-to-date: /home/ziad/Ziad_WS/ROS2/work_space/install/turtlebot3_custom/share/turtlebot3_custom/cmake/rosidl_cmake-extras.cmake
-- Up-to-date: /home/ziad/Ziad_WS/ROS2/work_space/install/turtlebot3_custom/share/turtlebot3_custom/cmake/ament_cmake_export_dependencies-extras.cmake
-- Up-to-date: /home/ziad/Ziad_WS/ROS2/work_space/install/turtlebot3_custom/share/turtlebot3_custom/cmake/ament_cmake_export_include_directories-extras.cmake
-- Up-to-date: /home/ziad/Ziad_WS/ROS2/work_space/install/turtlebot3_custom/share/turtlebot3_custom/cmake/ament_cmake_export_libraries-extras.cmake
-- Up-to-date: /home/ziad/Ziad_WS/ROS2/work_space/install/turtlebot3_custom/share/turtlebot3_custom/cmake/ament_cmake_export_targets-extras.cmake
-- Up-to-date: /home/ziad/Ziad_WS/ROS2/work_space/install/turtlebot3_custom/share/turtlebot3_custom/cmake/rosidl_cmake_export_typesupport_targets-extras.cmake
-- Up-to-date: /home/ziad/Ziad_WS/ROS2/work_space/install/turtlebot3_custom/share/turtlebot3_custom/cmake/rosidl_cmake_export_typesupport_libraries-extras.cmake
-- Up-to-date: /home/ziad/Ziad_WS/ROS2/work_space/install/turtlebot3_custom/share/turtlebot3_custom/cmake/turtlebot3_customConfig.cmake
-- Up-to-date: /home/ziad/Ziad_WS/ROS2/work_space/install/turtlebot3_custom/share/turtlebot3_custom/cmake/turtlebot3_customConfig-version.cmake
-- Up-to-date: /home/ziad/Ziad_WS/ROS2/work_space/install/turtlebot3_custom/share/turtlebot3_custom/package.xml
