[0.040s] Invoking command in '/home/ziad/Ziad_WS/ROS2/work_space/build/practise_actions_services': CMAKE_PREFIX_PATH=${CMAKE_PREFIX_PATH}:/home/ziad/turtlebot3_ws/install/turtlebot3_teleop:/home/ziad/turtlebot3_ws/install/turtlebot3_example:/opt/ros/humble /usr/bin/cmake --build /home/ziad/Ziad_WS/ROS2/work_space/build/practise_actions_services -- -j4 -l4
[0.212s] [ 50%] Built target service_server
[0.216s] [100%] Built target service_client
[0.252s] Invoked command in '/home/ziad/Ziad_WS/ROS2/work_space/build/practise_actions_services' returned '0': CMAKE_PREFIX_PATH=${CMAKE_PREFIX_PATH}:/home/ziad/turtlebot3_ws/install/turtlebot3_teleop:/home/ziad/turtlebot3_ws/install/turtlebot3_example:/opt/ros/humble /usr/bin/cmake --build /home/ziad/Ziad_WS/ROS2/work_space/build/practise_actions_services -- -j4 -l4
[0.263s] Invoking command in '/home/ziad/Ziad_WS/ROS2/work_space/build/practise_actions_services': CMAKE_PREFIX_PATH=${CMAKE_PREFIX_PATH}:/home/ziad/turtlebot3_ws/install/turtlebot3_teleop:/home/ziad/turtlebot3_ws/install/turtlebot3_example:/opt/ros/humble /usr/bin/cmake --install /home/ziad/Ziad_WS/ROS2/work_space/build/practise_actions_services
[0.286s] -- Install configuration: ""
[0.289s] -- Up-to-date: /home/ziad/Ziad_WS/ROS2/work_space/install/practise_actions_services/lib/practise_actions_services/service_client
[0.293s] -- Up-to-date: /home/ziad/Ziad_WS/ROS2/work_space/install/practise_actions_services/lib/practise_actions_services/service_server
[0.293s] -- Up-to-date: /home/ziad/Ziad_WS/ROS2/work_space/install/practise_actions_services/share/ament_index/resource_index/package_run_dependencies/practise_actions_services
[0.293s] -- Up-to-date: /home/ziad/Ziad_WS/ROS2/work_space/install/practise_actions_services/share/ament_index/resource_index/parent_prefix_path/practise_actions_services
[0.293s] -- Up-to-date: /home/ziad/Ziad_WS/ROS2/work_space/install/practise_actions_services/share/practise_actions_services/environment/ament_prefix_path.sh
[0.293s] -- Up-to-date: /home/ziad/Ziad_WS/ROS2/work_space/install/practise_actions_services/share/practise_actions_services/environment/ament_prefix_path.dsv
[0.294s] -- Up-to-date: /home/ziad/Ziad_WS/ROS2/work_space/install/practise_actions_services/share/practise_actions_services/environment/path.sh
[0.294s] -- Up-to-date: /home/ziad/Ziad_WS/ROS2/work_space/install/practise_actions_services/share/practise_actions_services/environment/path.dsv
[0.294s] -- Up-to-date: /home/ziad/Ziad_WS/ROS2/work_space/install/practise_actions_services/share/practise_actions_services/local_setup.bash
[0.294s] -- Up-to-date: /home/ziad/Ziad_WS/ROS2/work_space/install/practise_actions_services/share/practise_actions_services/local_setup.sh
[0.294s] -- Up-to-date: /home/ziad/Ziad_WS/ROS2/work_space/install/practise_actions_services/share/practise_actions_services/local_setup.zsh
[0.294s] -- Up-to-date: /home/ziad/Ziad_WS/ROS2/work_space/install/practise_actions_services/share/practise_actions_services/local_setup.dsv
[0.297s] -- Installing: /home/ziad/Ziad_WS/ROS2/work_space/install/practise_actions_services/share/practise_actions_services/package.dsv
[0.297s] -- Up-to-date: /home/ziad/Ziad_WS/ROS2/work_space/install/practise_actions_services/share/ament_index/resource_index/packages/practise_actions_services
[0.298s] -- Up-to-date: /home/ziad/Ziad_WS/ROS2/work_space/install/practise_actions_services/share/practise_actions_services/cmake/practise_actions_servicesConfig.cmake
[0.298s] -- Up-to-date: /home/ziad/Ziad_WS/ROS2/work_space/install/practise_actions_services/share/practise_actions_services/cmake/practise_actions_servicesConfig-version.cmake
[0.298s] -- Up-to-date: /home/ziad/Ziad_WS/ROS2/work_space/install/practise_actions_services/share/practise_actions_services/package.xml
[0.363s] Invoked command in '/home/ziad/Ziad_WS/ROS2/work_space/build/practise_actions_services' returned '0': CMAKE_PREFIX_PATH=${CMAKE_PREFIX_PATH}:/home/ziad/turtlebot3_ws/install/turtlebot3_teleop:/home/ziad/turtlebot3_ws/install/turtlebot3_example:/opt/ros/humble /usr/bin/cmake --install /home/ziad/Ziad_WS/ROS2/work_space/build/practise_actions_services
