[0.013s] Invoking command in '/home/ziad/Ziad_WS/ROS2/work_space/build/turtlebot3_custom': CMAKE_PREFIX_PATH=/opt/ros/humble /usr/bin/cmake /home/ziad/Ziad_WS/ROS2/work_space/src/turtlebot3_custom -DCMAKE_INSTALL_PREFIX=/home/ziad/Ziad_WS/ROS2/work_space/install/turtlebot3_custom
[0.103s] -- The C compiler identification is GNU 11.4.0
[0.203s] -- The CXX compiler identification is GNU 11.4.0
[0.217s] -- Detecting C compiler ABI info
[0.346s] -- Detecting C compiler ABI info - done
[0.364s] -- Check for working C compiler: /usr/bin/cc - skipped
[0.364s] -- Detecting C compile features
[0.364s] -- Detecting C compile features - done
[0.372s] -- Detecting CXX compiler ABI info
[0.513s] -- Detecting CXX compiler ABI info - done
[0.532s] -- Check for working CXX compiler: /usr/bin/c++ - skipped
[0.532s] -- Detecting CXX compile features
[0.532s] -- Detecting CXX compile features - done
[0.534s] -- Found ament_cmake: 1.3.12 (/opt/ros/humble/share/ament_cmake/cmake)
[2.471s] -- Found Python3: /usr/bin/python3 (found version "3.10.12") found components: Interpreter 
[2.800s] -- Found rclcpp: 16.0.14 (/opt/ros/humble/share/rclcpp/cmake)
[2.933s] -- Found rosidl_generator_c: 3.1.7 (/opt/ros/humble/share/rosidl_generator_c/cmake)
[2.945s] -- Found rosidl_adapter: 3.1.7 (/opt/ros/humble/share/rosidl_adapter/cmake)
[2.967s] -- Found rosidl_generator_cpp: 3.1.7 (/opt/ros/humble/share/rosidl_generator_cpp/cmake)
[2.998s] -- Using all available rosidl_typesupport_c: rosidl_typesupport_fastrtps_c;rosidl_typesupport_introspection_c
[3.072s] -- Using all available rosidl_typesupport_cpp: rosidl_typesupport_fastrtps_cpp;rosidl_typesupport_introspection_cpp
[3.197s] -- Found rmw_implementation_cmake: 6.1.2 (/opt/ros/humble/share/rmw_implementation_cmake/cmake)
[3.202s] -- Found rmw_fastrtps_cpp: 6.2.8 (/opt/ros/humble/share/rmw_fastrtps_cpp/cmake)
[3.528s] -- Found OpenSSL: /usr/lib/x86_64-linux-gnu/libcrypto.so (found version "3.0.2")  
[3.699s] -- Found FastRTPS: /opt/ros/humble/include  
[3.884s] -- Using RMW implementation 'rmw_fastrtps_cpp' as default
[3.923s] -- Looking for pthread.h
[4.195s] -- Looking for pthread.h - found
[4.198s] -- Performing Test CMAKE_HAVE_LIBC_PTHREAD
[4.492s] -- Performing Test CMAKE_HAVE_LIBC_PTHREAD - Success
[4.500s] -- Found Threads: TRUE  
[4.738s] -- Found rclcpp_action: 16.0.14 (/opt/ros/humble/share/rclcpp_action/cmake)
[4.895s] -- Found geometry_msgs: 4.9.0 (/opt/ros/humble/share/geometry_msgs/cmake)
[4.984s] -- Found sensor_msgs: 4.9.0 (/opt/ros/humble/share/sensor_msgs/cmake)
[5.079s] -- Found nav_msgs: 4.9.0 (/opt/ros/humble/share/nav_msgs/cmake)
[5.200s] -- Found tf2: 0.25.16 (/opt/ros/humble/share/tf2/cmake)
[5.256s] -- Found tf2_ros: 0.25.16 (/opt/ros/humble/share/tf2_ros/cmake)
[5.578s] -- Found tf2_geometry_msgs: 0.25.16 (/opt/ros/humble/share/tf2_geometry_msgs/cmake)
[5.697s] -- Found eigen3_cmake_module: 0.1.1 (/opt/ros/humble/share/eigen3_cmake_module/cmake)
[5.701s] -- Found Eigen3: TRUE (found version "3.4.0") 
[5.702s] -- Ensuring Eigen3 include directory is part of orocos-kdl CMake target
[5.713s] -- Found rosidl_default_generators: 1.2.0 (/opt/ros/humble/share/rosidl_default_generators/cmake)
[7.226s] -- Found ament_cmake_ros: 0.10.0 (/opt/ros/humble/share/ament_cmake_ros/cmake)
[9.484s] -- Using all available rosidl_typesupport_c: rosidl_typesupport_fastrtps_c;rosidl_typesupport_introspection_c
[10.547s] -- Using all available rosidl_typesupport_cpp: rosidl_typesupport_fastrtps_cpp;rosidl_typesupport_introspection_cpp
[10.678s] -- Found PythonInterp: /usr/bin/python3 (found suitable version "3.10.12", minimum required is "3.6") 
[10.684s] -- Found python_cmake_module: 0.10.0 (/opt/ros/humble/share/python_cmake_module/cmake)
[10.852s] -- Found PythonLibs: /usr/lib/x86_64-linux-gnu/libpython3.10.so (found suitable version "3.10.12", minimum required is "3.5") 
[10.852s] -- Using PYTHON_EXECUTABLE: /usr/bin/python3
[10.853s] -- Using PYTHON_INCLUDE_DIRS: /usr/include/python3.10
[10.853s] -- Using PYTHON_LIBRARIES: /usr/lib/x86_64-linux-gnu/libpython3.10.so
[11.004s] -- Found PythonExtra: .so  
[11.609s] -- Found ament_lint_auto: 0.12.14 (/opt/ros/humble/share/ament_lint_auto/cmake)
[11.652s] -- Configuring done
[11.982s] -- Generating done
[12.122s] -- Build files have been written to: /home/ziad/Ziad_WS/ROS2/work_space/build/turtlebot3_custom
[12.202s] Invoked command in '/home/ziad/Ziad_WS/ROS2/work_space/build/turtlebot3_custom' returned '0': CMAKE_PREFIX_PATH=/opt/ros/humble /usr/bin/cmake /home/ziad/Ziad_WS/ROS2/work_space/src/turtlebot3_custom -DCMAKE_INSTALL_PREFIX=/home/ziad/Ziad_WS/ROS2/work_space/install/turtlebot3_custom
[12.215s] Invoking command in '/home/ziad/Ziad_WS/ROS2/work_space/build/turtlebot3_custom': CMAKE_PREFIX_PATH=/opt/ros/humble /usr/bin/cmake --build /home/ziad/Ziad_WS/ROS2/work_space/build/turtlebot3_custom -- -j4 -l4
[12.398s] [  2%] [34m[1mGenerating C code for ROS interfaces[0m
[12.414s] [  4%] [34m[1mGenerating C++ code for ROS interfaces[0m
[12.436s] [  6%] [32mBuilding CXX object CMakeFiles/turtlebot3_controller.dir/src/turtlebot3_controller.cpp.o[0m
[12.530s] [  6%] Built target ament_cmake_python_copy_turtlebot3_custom
[16.303s] [  8%] [32mBuilding C object CMakeFiles/turtlebot3_custom__rosidl_generator_c.dir/rosidl_generator_c/turtlebot3_custom/action/detail/navigate_to_goal__functions.c.o[0m
[16.305s] running egg_info
[16.306s] creating turtlebot3_custom.egg-info
[16.318s] [  8%] Built target turtlebot3_custom__cpp
[16.334s] [ 10%] [32mBuilding C object CMakeFiles/turtlebot3_custom__rosidl_generator_c.dir/rosidl_generator_c/turtlebot3_custom/srv/detail/get_robot_status__functions.c.o[0m
[16.384s] writing turtlebot3_custom.egg-info/PKG-INFO
[16.385s] writing dependency_links to turtlebot3_custom.egg-info/dependency_links.txt
[16.385s] writing top-level names to turtlebot3_custom.egg-info/top_level.txt
[16.395s] writing manifest file 'turtlebot3_custom.egg-info/SOURCES.txt'
[16.824s] [ 12%] [34m[1mGenerating C++ type support dispatch for ROS interfaces[0m
[16.836s] reading manifest file 'turtlebot3_custom.egg-info/SOURCES.txt'
[16.836s] writing manifest file 'turtlebot3_custom.egg-info/SOURCES.txt'
[17.254s] [ 12%] Built target ament_cmake_python_build_turtlebot3_custom_egg
[17.325s] [ 14%] [34m[1mGenerating C++ type support for eProsima Fast-RTPS[0m
[17.477s] [ 16%] [32m[1mLinking C shared library libturtlebot3_custom__rosidl_generator_c.so[0m
[17.832s] [ 16%] Built target turtlebot3_custom__rosidl_generator_c
[17.875s] [ 18%] [34m[1mGenerating C++ introspection for ROS interfaces[0m
[20.012s] [ 20%] [32mBuilding CXX object CMakeFiles/turtlebot3_custom__rosidl_typesupport_cpp.dir/rosidl_typesupport_cpp/turtlebot3_custom/action/navigate_to_goal__type_support.cpp.o[0m
[20.166s] [ 24%] [32mBuilding CXX object CMakeFiles/turtlebot3_custom__rosidl_typesupport_fastrtps_cpp.dir/rosidl_typesupport_fastrtps_cpp/turtlebot3_custom/action/detail/dds_fastrtps/navigate_to_goal__type_support.cpp.o[0m
[20.166s] [ 24%] [32mBuilding CXX object CMakeFiles/turtlebot3_custom__rosidl_typesupport_introspection_cpp.dir/rosidl_typesupport_introspection_cpp/turtlebot3_custom/action/detail/navigate_to_goal__type_support.cpp.o[0m
[22.595s] [ 26%] [32mBuilding CXX object CMakeFiles/turtlebot3_custom__rosidl_typesupport_cpp.dir/rosidl_typesupport_cpp/turtlebot3_custom/srv/get_robot_status__type_support.cpp.o[0m
[24.499s] [ 28%] [32mBuilding CXX object CMakeFiles/turtlebot3_custom__rosidl_typesupport_fastrtps_cpp.dir/rosidl_typesupport_fastrtps_cpp/turtlebot3_custom/srv/detail/dds_fastrtps/get_robot_status__type_support.cpp.o[0m
[24.605s] [ 30%] [32m[1mLinking CXX shared library libturtlebot3_custom__rosidl_typesupport_cpp.so[0m
[24.696s] [ 32%] [32mBuilding CXX object CMakeFiles/turtlebot3_custom__rosidl_typesupport_introspection_cpp.dir/rosidl_typesupport_introspection_cpp/turtlebot3_custom/srv/detail/get_robot_status__type_support.cpp.o[0m
[24.857s] [ 32%] Built target turtlebot3_custom__rosidl_typesupport_cpp
[24.938s] [ 34%] [34m[1mGenerating C type support for eProsima Fast-RTPS[0m
[27.089s] [ 36%] [32m[1mLinking CXX shared library libturtlebot3_custom__rosidl_typesupport_introspection_cpp.so[0m
[27.527s] [ 36%] Built target turtlebot3_custom__rosidl_typesupport_introspection_cpp
[28.149s] [ 38%] [32m[1mLinking CXX shared library libturtlebot3_custom__rosidl_typesupport_fastrtps_cpp.so[0m
[28.294s] [ 40%] [32mBuilding CXX object CMakeFiles/turtlebot3_custom__rosidl_typesupport_fastrtps_c.dir/rosidl_typesupport_fastrtps_c/turtlebot3_custom/action/detail/navigate_to_goal__type_support_c.cpp.o[0m
[28.629s] [ 40%] Built target turtlebot3_custom__rosidl_typesupport_fastrtps_cpp
[30.156s] [ 42%] [32mBuilding CXX object CMakeFiles/turtlebot3_custom__rosidl_typesupport_fastrtps_c.dir/rosidl_typesupport_fastrtps_c/turtlebot3_custom/srv/detail/get_robot_status__type_support_c.cpp.o[0m
[31.768s] [ 44%] [32m[1mLinking CXX shared library libturtlebot3_custom__rosidl_typesupport_fastrtps_c.so[0m
[32.125s] [ 44%] Built target turtlebot3_custom__rosidl_typesupport_fastrtps_c
[44.508s] [ 46%] [32m[1mLinking CXX executable turtlebot3_controller[0m
[45.691s] [ 46%] Built target turtlebot3_controller
[45.714s] [ 48%] [32mBuilding CXX object CMakeFiles/robot_status_server.dir/src/robot_status_server.cpp.o[0m
[45.765s] [ 51%] [32m[1mLinking CXX executable robot_status_server[0m
[45.870s] [ 51%] Built target robot_status_server
[45.892s] [ 53%] [32mBuilding CXX object CMakeFiles/status_client.dir/src/status_client.cpp.o[0m
[45.918s] [ 55%] [32m[1mLinking CXX executable status_client[0m
[45.991s] [ 55%] Built target status_client
[46.014s] [ 57%] [32mBuilding CXX object CMakeFiles/navigation_action_server.dir/src/navigation_action_server.cpp.o[0m
[46.041s] [ 59%] [32m[1mLinking CXX executable navigation_action_server[0m
[46.181s] [ 59%] Built target navigation_action_server
[46.203s] [ 61%] [32mBuilding CXX object CMakeFiles/navigation_client.dir/src/navigation_client.cpp.o[0m
[46.491s] [ 63%] [32m[1mLinking CXX executable navigation_client[0m
[46.599s] [ 63%] Built target navigation_client
[46.611s] [ 65%] [34m[1mGenerating C type support dispatch for ROS interfaces[0m
[46.982s] [ 67%] [32mBuilding CXX object CMakeFiles/turtlebot3_custom__rosidl_typesupport_c.dir/rosidl_typesupport_c/turtlebot3_custom/action/navigate_to_goal__type_support.cpp.o[0m
[47.043s] [ 69%] [32mBuilding CXX object CMakeFiles/turtlebot3_custom__rosidl_typesupport_c.dir/rosidl_typesupport_c/turtlebot3_custom/srv/get_robot_status__type_support.cpp.o[0m
[47.080s] [ 71%] [32m[1mLinking CXX shared library libturtlebot3_custom__rosidl_typesupport_c.so[0m
[47.129s] [ 71%] Built target turtlebot3_custom__rosidl_typesupport_c
[47.141s] [ 73%] [34m[1mGenerating C introspection for ROS interfaces[0m
[47.619s] [ 75%] [32mBuilding C object CMakeFiles/turtlebot3_custom__rosidl_typesupport_introspection_c.dir/rosidl_typesupport_introspection_c/turtlebot3_custom/action/detail/navigate_to_goal__type_support.c.o[0m
[47.681s] [ 77%] [32mBuilding C object CMakeFiles/turtlebot3_custom__rosidl_typesupport_introspection_c.dir/rosidl_typesupport_introspection_c/turtlebot3_custom/srv/detail/get_robot_status__type_support.c.o[0m
[47.728s] [ 79%] [32m[1mLinking C shared library libturtlebot3_custom__rosidl_typesupport_introspection_c.so[0m
[47.765s] [ 79%] Built target turtlebot3_custom__rosidl_typesupport_introspection_c
[47.788s] [ 79%] Built target turtlebot3_custom
[47.812s] [ 81%] [34m[1mGenerating Python code for ROS interfaces[0m
[48.867s] [ 81%] Built target turtlebot3_custom__py
[48.889s] [ 83%] [32mBuilding C object CMakeFiles/turtlebot3_custom__rosidl_generator_py.dir/rosidl_generator_py/turtlebot3_custom/action/_navigate_to_goal_s.c.o[0m
[49.059s] [ 85%] [32mBuilding C object CMakeFiles/turtlebot3_custom__rosidl_generator_py.dir/rosidl_generator_py/turtlebot3_custom/srv/_get_robot_status_s.c.o[0m
[49.184s] [ 87%] [32m[1mLinking C shared library rosidl_generator_py/turtlebot3_custom/libturtlebot3_custom__rosidl_generator_py.so[0m
[49.236s] [ 87%] Built target turtlebot3_custom__rosidl_generator_py
[49.261s] [ 89%] [32mBuilding C object CMakeFiles/turtlebot3_custom__rosidl_typesupport_fastrtps_c__pyext.dir/rosidl_generator_py/turtlebot3_custom/_turtlebot3_custom_s.ep.rosidl_typesupport_fastrtps_c.c.o[0m
[49.410s] [ 91%] [32m[1mLinking C shared library rosidl_generator_py/turtlebot3_custom/turtlebot3_custom_s__rosidl_typesupport_fastrtps_c.cpython-310-x86_64-linux-gnu.so[0m
[49.465s] [ 91%] Built target turtlebot3_custom__rosidl_typesupport_fastrtps_c__pyext
[49.488s] [ 93%] [32mBuilding C object CMakeFiles/turtlebot3_custom__rosidl_typesupport_c__pyext.dir/rosidl_generator_py/turtlebot3_custom/_turtlebot3_custom_s.ep.rosidl_typesupport_c.c.o[0m
[49.635s] [ 95%] [32m[1mLinking C shared library rosidl_generator_py/turtlebot3_custom/turtlebot3_custom_s__rosidl_typesupport_c.cpython-310-x86_64-linux-gnu.so[0m
[49.689s] [ 95%] Built target turtlebot3_custom__rosidl_typesupport_c__pyext
[49.712s] [ 97%] [32mBuilding C object CMakeFiles/turtlebot3_custom__rosidl_typesupport_introspection_c__pyext.dir/rosidl_generator_py/turtlebot3_custom/_turtlebot3_custom_s.ep.rosidl_typesupport_introspection_c.c.o[0m
[49.861s] [100%] [32m[1mLinking C shared library rosidl_generator_py/turtlebot3_custom/turtlebot3_custom_s__rosidl_typesupport_introspection_c.cpython-310-x86_64-linux-gnu.so[0m
[49.914s] [100%] Built target turtlebot3_custom__rosidl_typesupport_introspection_c__pyext
[49.927s] Invoked command in '/home/ziad/Ziad_WS/ROS2/work_space/build/turtlebot3_custom' returned '0': CMAKE_PREFIX_PATH=/opt/ros/humble /usr/bin/cmake --build /home/ziad/Ziad_WS/ROS2/work_space/build/turtlebot3_custom -- -j4 -l4
[49.930s] Invoking command in '/home/ziad/Ziad_WS/ROS2/work_space/build/turtlebot3_custom': CMAKE_PREFIX_PATH=/opt/ros/humble /usr/bin/cmake --install /home/ziad/Ziad_WS/ROS2/work_space/build/turtlebot3_custom
[49.940s] -- Install configuration: ""
[49.940s] -- Installing: /home/ziad/Ziad_WS/ROS2/work_space/install/turtlebot3_custom/share/ament_index/resource_index/rosidl_interfaces/turtlebot3_custom
[49.940s] -- Installing: /home/ziad/Ziad_WS/ROS2/work_space/install/turtlebot3_custom/include/turtlebot3_custom/turtlebot3_custom
[49.940s] -- Installing: /home/ziad/Ziad_WS/ROS2/work_space/install/turtlebot3_custom/include/turtlebot3_custom/turtlebot3_custom/action
[49.940s] -- Installing: /home/ziad/Ziad_WS/ROS2/work_space/install/turtlebot3_custom/include/turtlebot3_custom/turtlebot3_custom/action/navigate_to_goal.h
[49.940s] -- Installing: /home/ziad/Ziad_WS/ROS2/work_space/install/turtlebot3_custom/include/turtlebot3_custom/turtlebot3_custom/action/detail
[49.940s] -- Installing: /home/ziad/Ziad_WS/ROS2/work_space/install/turtlebot3_custom/include/turtlebot3_custom/turtlebot3_custom/action/detail/navigate_to_goal__functions.c
[49.941s] -- Installing: /home/ziad/Ziad_WS/ROS2/work_space/install/turtlebot3_custom/include/turtlebot3_custom/turtlebot3_custom/action/detail/navigate_to_goal__functions.h
[49.941s] -- Installing: /home/ziad/Ziad_WS/ROS2/work_space/install/turtlebot3_custom/include/turtlebot3_custom/turtlebot3_custom/action/detail/navigate_to_goal__type_support.h
[49.941s] -- Installing: /home/ziad/Ziad_WS/ROS2/work_space/install/turtlebot3_custom/include/turtlebot3_custom/turtlebot3_custom/action/detail/navigate_to_goal__struct.h
[49.941s] -- Installing: /home/ziad/Ziad_WS/ROS2/work_space/install/turtlebot3_custom/include/turtlebot3_custom/turtlebot3_custom/srv
[49.941s] -- Installing: /home/ziad/Ziad_WS/ROS2/work_space/install/turtlebot3_custom/include/turtlebot3_custom/turtlebot3_custom/srv/get_robot_status.h
[49.941s] -- Installing: /home/ziad/Ziad_WS/ROS2/work_space/install/turtlebot3_custom/include/turtlebot3_custom/turtlebot3_custom/srv/detail
[49.941s] -- Installing: /home/ziad/Ziad_WS/ROS2/work_space/install/turtlebot3_custom/include/turtlebot3_custom/turtlebot3_custom/srv/detail/get_robot_status__functions.h
[49.941s] -- Installing: /home/ziad/Ziad_WS/ROS2/work_space/install/turtlebot3_custom/include/turtlebot3_custom/turtlebot3_custom/srv/detail/get_robot_status__type_support.h
[49.942s] -- Installing: /home/ziad/Ziad_WS/ROS2/work_space/install/turtlebot3_custom/include/turtlebot3_custom/turtlebot3_custom/srv/detail/get_robot_status__functions.c
[49.942s] -- Installing: /home/ziad/Ziad_WS/ROS2/work_space/install/turtlebot3_custom/include/turtlebot3_custom/turtlebot3_custom/srv/detail/get_robot_status__struct.h
[49.942s] -- Installing: /home/ziad/Ziad_WS/ROS2/work_space/install/turtlebot3_custom/include/turtlebot3_custom/turtlebot3_custom/msg
[49.942s] -- Installing: /home/ziad/Ziad_WS/ROS2/work_space/install/turtlebot3_custom/include/turtlebot3_custom/turtlebot3_custom/msg/rosidl_generator_c__visibility_control.h
[49.942s] -- Installing: /home/ziad/Ziad_WS/ROS2/work_space/install/turtlebot3_custom/share/turtlebot3_custom/environment/library_path.sh
[49.942s] -- Installing: /home/ziad/Ziad_WS/ROS2/work_space/install/turtlebot3_custom/share/turtlebot3_custom/environment/library_path.dsv
[49.942s] -- Installing: /home/ziad/Ziad_WS/ROS2/work_space/install/turtlebot3_custom/lib/libturtlebot3_custom__rosidl_generator_c.so
[49.943s] -- Set runtime path of "/home/ziad/Ziad_WS/ROS2/work_space/install/turtlebot3_custom/lib/libturtlebot3_custom__rosidl_generator_c.so" to ""
[49.943s] -- Up-to-date: /home/ziad/Ziad_WS/ROS2/work_space/install/turtlebot3_custom/include/turtlebot3_custom/turtlebot3_custom
[49.943s] -- Up-to-date: /home/ziad/Ziad_WS/ROS2/work_space/install/turtlebot3_custom/include/turtlebot3_custom/turtlebot3_custom/action
[49.943s] -- Up-to-date: /home/ziad/Ziad_WS/ROS2/work_space/install/turtlebot3_custom/include/turtlebot3_custom/turtlebot3_custom/action/detail
[49.943s] -- Installing: /home/ziad/Ziad_WS/ROS2/work_space/install/turtlebot3_custom/include/turtlebot3_custom/turtlebot3_custom/action/detail/navigate_to_goal__rosidl_typesupport_fastrtps_c.h
[49.944s] -- Up-to-date: /home/ziad/Ziad_WS/ROS2/work_space/install/turtlebot3_custom/include/turtlebot3_custom/turtlebot3_custom/srv
[49.944s] -- Up-to-date: /home/ziad/Ziad_WS/ROS2/work_space/install/turtlebot3_custom/include/turtlebot3_custom/turtlebot3_custom/srv/detail
[49.944s] -- Installing: /home/ziad/Ziad_WS/ROS2/work_space/install/turtlebot3_custom/include/turtlebot3_custom/turtlebot3_custom/srv/detail/get_robot_status__rosidl_typesupport_fastrtps_c.h
[49.944s] -- Up-to-date: /home/ziad/Ziad_WS/ROS2/work_space/install/turtlebot3_custom/include/turtlebot3_custom/turtlebot3_custom/msg
[49.944s] -- Installing: /home/ziad/Ziad_WS/ROS2/work_space/install/turtlebot3_custom/include/turtlebot3_custom/turtlebot3_custom/msg/rosidl_typesupport_fastrtps_c__visibility_control.h
[49.944s] -- Installing: /home/ziad/Ziad_WS/ROS2/work_space/install/turtlebot3_custom/lib/libturtlebot3_custom__rosidl_typesupport_fastrtps_c.so
[49.944s] -- Set runtime path of "/home/ziad/Ziad_WS/ROS2/work_space/install/turtlebot3_custom/lib/libturtlebot3_custom__rosidl_typesupport_fastrtps_c.so" to ""
[49.944s] -- Up-to-date: /home/ziad/Ziad_WS/ROS2/work_space/install/turtlebot3_custom/include/turtlebot3_custom/turtlebot3_custom
[49.945s] -- Up-to-date: /home/ziad/Ziad_WS/ROS2/work_space/install/turtlebot3_custom/include/turtlebot3_custom/turtlebot3_custom/action
[49.945s] -- Installing: /home/ziad/Ziad_WS/ROS2/work_space/install/turtlebot3_custom/include/turtlebot3_custom/turtlebot3_custom/action/navigate_to_goal.hpp
[49.945s] -- Up-to-date: /home/ziad/Ziad_WS/ROS2/work_space/install/turtlebot3_custom/include/turtlebot3_custom/turtlebot3_custom/action/detail
[49.946s] -- Installing: /home/ziad/Ziad_WS/ROS2/work_space/install/turtlebot3_custom/include/turtlebot3_custom/turtlebot3_custom/action/detail/navigate_to_goal__traits.hpp
[49.946s] -- Installing: /home/ziad/Ziad_WS/ROS2/work_space/install/turtlebot3_custom/include/turtlebot3_custom/turtlebot3_custom/action/detail/navigate_to_goal__type_support.hpp
[49.946s] -- Installing: /home/ziad/Ziad_WS/ROS2/work_space/install/turtlebot3_custom/include/turtlebot3_custom/turtlebot3_custom/action/detail/navigate_to_goal__builder.hpp
[49.946s] -- Installing: /home/ziad/Ziad_WS/ROS2/work_space/install/turtlebot3_custom/include/turtlebot3_custom/turtlebot3_custom/action/detail/navigate_to_goal__struct.hpp
[49.946s] -- Up-to-date: /home/ziad/Ziad_WS/ROS2/work_space/install/turtlebot3_custom/include/turtlebot3_custom/turtlebot3_custom/srv
[49.947s] -- Up-to-date: /home/ziad/Ziad_WS/ROS2/work_space/install/turtlebot3_custom/include/turtlebot3_custom/turtlebot3_custom/srv/detail
[49.947s] -- Installing: /home/ziad/Ziad_WS/ROS2/work_space/install/turtlebot3_custom/include/turtlebot3_custom/turtlebot3_custom/srv/detail/get_robot_status__builder.hpp
[49.947s] -- Installing: /home/ziad/Ziad_WS/ROS2/work_space/install/turtlebot3_custom/include/turtlebot3_custom/turtlebot3_custom/srv/detail/get_robot_status__traits.hpp
[49.947s] -- Installing: /home/ziad/Ziad_WS/ROS2/work_space/install/turtlebot3_custom/include/turtlebot3_custom/turtlebot3_custom/srv/detail/get_robot_status__type_support.hpp
[49.947s] -- Installing: /home/ziad/Ziad_WS/ROS2/work_space/install/turtlebot3_custom/include/turtlebot3_custom/turtlebot3_custom/srv/detail/get_robot_status__struct.hpp
[49.947s] -- Installing: /home/ziad/Ziad_WS/ROS2/work_space/install/turtlebot3_custom/include/turtlebot3_custom/turtlebot3_custom/srv/get_robot_status.hpp
[49.948s] -- Up-to-date: /home/ziad/Ziad_WS/ROS2/work_space/install/turtlebot3_custom/include/turtlebot3_custom/turtlebot3_custom/msg
[49.948s] -- Installing: /home/ziad/Ziad_WS/ROS2/work_space/install/turtlebot3_custom/include/turtlebot3_custom/turtlebot3_custom/msg/rosidl_generator_cpp__visibility_control.hpp
[49.948s] -- Up-to-date: /home/ziad/Ziad_WS/ROS2/work_space/install/turtlebot3_custom/include/turtlebot3_custom/turtlebot3_custom
[49.948s] -- Up-to-date: /home/ziad/Ziad_WS/ROS2/work_space/install/turtlebot3_custom/include/turtlebot3_custom/turtlebot3_custom/action
[49.948s] -- Up-to-date: /home/ziad/Ziad_WS/ROS2/work_space/install/turtlebot3_custom/include/turtlebot3_custom/turtlebot3_custom/action/detail
[49.948s] -- Installing: /home/ziad/Ziad_WS/ROS2/work_space/install/turtlebot3_custom/include/turtlebot3_custom/turtlebot3_custom/action/detail/dds_fastrtps
[49.948s] -- Installing: /home/ziad/Ziad_WS/ROS2/work_space/install/turtlebot3_custom/include/turtlebot3_custom/turtlebot3_custom/action/detail/navigate_to_goal__rosidl_typesupport_fastrtps_cpp.hpp
[49.949s] -- Up-to-date: /home/ziad/Ziad_WS/ROS2/work_space/install/turtlebot3_custom/include/turtlebot3_custom/turtlebot3_custom/srv
[49.949s] -- Up-to-date: /home/ziad/Ziad_WS/ROS2/work_space/install/turtlebot3_custom/include/turtlebot3_custom/turtlebot3_custom/srv/detail
[49.949s] -- Installing: /home/ziad/Ziad_WS/ROS2/work_space/install/turtlebot3_custom/include/turtlebot3_custom/turtlebot3_custom/srv/detail/dds_fastrtps
[49.949s] -- Installing: /home/ziad/Ziad_WS/ROS2/work_space/install/turtlebot3_custom/include/turtlebot3_custom/turtlebot3_custom/srv/detail/get_robot_status__rosidl_typesupport_fastrtps_cpp.hpp
[49.949s] -- Up-to-date: /home/ziad/Ziad_WS/ROS2/work_space/install/turtlebot3_custom/include/turtlebot3_custom/turtlebot3_custom/msg
[49.949s] -- Installing: /home/ziad/Ziad_WS/ROS2/work_space/install/turtlebot3_custom/include/turtlebot3_custom/turtlebot3_custom/msg/rosidl_typesupport_fastrtps_cpp__visibility_control.h
[49.949s] -- Installing: /home/ziad/Ziad_WS/ROS2/work_space/install/turtlebot3_custom/lib/libturtlebot3_custom__rosidl_typesupport_fastrtps_cpp.so
[49.950s] -- Set runtime path of "/home/ziad/Ziad_WS/ROS2/work_space/install/turtlebot3_custom/lib/libturtlebot3_custom__rosidl_typesupport_fastrtps_cpp.so" to ""
[49.950s] -- Up-to-date: /home/ziad/Ziad_WS/ROS2/work_space/install/turtlebot3_custom/include/turtlebot3_custom/turtlebot3_custom
[49.950s] -- Up-to-date: /home/ziad/Ziad_WS/ROS2/work_space/install/turtlebot3_custom/include/turtlebot3_custom/turtlebot3_custom/action
[49.950s] -- Up-to-date: /home/ziad/Ziad_WS/ROS2/work_space/install/turtlebot3_custom/include/turtlebot3_custom/turtlebot3_custom/action/detail
[49.950s] -- Installing: /home/ziad/Ziad_WS/ROS2/work_space/install/turtlebot3_custom/include/turtlebot3_custom/turtlebot3_custom/action/detail/navigate_to_goal__type_support.c
[49.950s] -- Installing: /home/ziad/Ziad_WS/ROS2/work_space/install/turtlebot3_custom/include/turtlebot3_custom/turtlebot3_custom/action/detail/navigate_to_goal__rosidl_typesupport_introspection_c.h
[49.951s] -- Up-to-date: /home/ziad/Ziad_WS/ROS2/work_space/install/turtlebot3_custom/include/turtlebot3_custom/turtlebot3_custom/srv
[49.951s] -- Up-to-date: /home/ziad/Ziad_WS/ROS2/work_space/install/turtlebot3_custom/include/turtlebot3_custom/turtlebot3_custom/srv/detail
[49.951s] -- Installing: /home/ziad/Ziad_WS/ROS2/work_space/install/turtlebot3_custom/include/turtlebot3_custom/turtlebot3_custom/srv/detail/get_robot_status__type_support.c
[49.951s] -- Installing: /home/ziad/Ziad_WS/ROS2/work_space/install/turtlebot3_custom/include/turtlebot3_custom/turtlebot3_custom/srv/detail/get_robot_status__rosidl_typesupport_introspection_c.h
[49.951s] -- Up-to-date: /home/ziad/Ziad_WS/ROS2/work_space/install/turtlebot3_custom/include/turtlebot3_custom/turtlebot3_custom/msg
[49.951s] -- Installing: /home/ziad/Ziad_WS/ROS2/work_space/install/turtlebot3_custom/include/turtlebot3_custom/turtlebot3_custom/msg/rosidl_typesupport_introspection_c__visibility_control.h
[49.951s] -- Installing: /home/ziad/Ziad_WS/ROS2/work_space/install/turtlebot3_custom/lib/libturtlebot3_custom__rosidl_typesupport_introspection_c.so
[49.952s] -- Set runtime path of "/home/ziad/Ziad_WS/ROS2/work_space/install/turtlebot3_custom/lib/libturtlebot3_custom__rosidl_typesupport_introspection_c.so" to ""
[49.952s] -- Installing: /home/ziad/Ziad_WS/ROS2/work_space/install/turtlebot3_custom/lib/libturtlebot3_custom__rosidl_typesupport_c.so
[49.952s] -- Set runtime path of "/home/ziad/Ziad_WS/ROS2/work_space/install/turtlebot3_custom/lib/libturtlebot3_custom__rosidl_typesupport_c.so" to ""
[49.953s] -- Up-to-date: /home/ziad/Ziad_WS/ROS2/work_space/install/turtlebot3_custom/include/turtlebot3_custom/turtlebot3_custom
[49.953s] -- Up-to-date: /home/ziad/Ziad_WS/ROS2/work_space/install/turtlebot3_custom/include/turtlebot3_custom/turtlebot3_custom/action
[49.953s] -- Up-to-date: /home/ziad/Ziad_WS/ROS2/work_space/install/turtlebot3_custom/include/turtlebot3_custom/turtlebot3_custom/action/detail
[49.953s] -- Installing: /home/ziad/Ziad_WS/ROS2/work_space/install/turtlebot3_custom/include/turtlebot3_custom/turtlebot3_custom/action/detail/navigate_to_goal__rosidl_typesupport_introspection_cpp.hpp
[49.953s] -- Installing: /home/ziad/Ziad_WS/ROS2/work_space/install/turtlebot3_custom/include/turtlebot3_custom/turtlebot3_custom/action/detail/navigate_to_goal__type_support.cpp
[49.953s] -- Up-to-date: /home/ziad/Ziad_WS/ROS2/work_space/install/turtlebot3_custom/include/turtlebot3_custom/turtlebot3_custom/srv
[49.954s] -- Up-to-date: /home/ziad/Ziad_WS/ROS2/work_space/install/turtlebot3_custom/include/turtlebot3_custom/turtlebot3_custom/srv/detail
[49.954s] -- Installing: /home/ziad/Ziad_WS/ROS2/work_space/install/turtlebot3_custom/include/turtlebot3_custom/turtlebot3_custom/srv/detail/get_robot_status__type_support.cpp
[49.954s] -- Installing: /home/ziad/Ziad_WS/ROS2/work_space/install/turtlebot3_custom/include/turtlebot3_custom/turtlebot3_custom/srv/detail/get_robot_status__rosidl_typesupport_introspection_cpp.hpp
[49.954s] -- Installing: /home/ziad/Ziad_WS/ROS2/work_space/install/turtlebot3_custom/lib/libturtlebot3_custom__rosidl_typesupport_introspection_cpp.so
[49.954s] -- Set runtime path of "/home/ziad/Ziad_WS/ROS2/work_space/install/turtlebot3_custom/lib/libturtlebot3_custom__rosidl_typesupport_introspection_cpp.so" to ""
[49.955s] -- Installing: /home/ziad/Ziad_WS/ROS2/work_space/install/turtlebot3_custom/lib/libturtlebot3_custom__rosidl_typesupport_cpp.so
[49.955s] -- Set runtime path of "/home/ziad/Ziad_WS/ROS2/work_space/install/turtlebot3_custom/lib/libturtlebot3_custom__rosidl_typesupport_cpp.so" to ""
[49.955s] -- Installing: /home/ziad/Ziad_WS/ROS2/work_space/install/turtlebot3_custom/share/turtlebot3_custom/environment/pythonpath.sh
[49.955s] -- Installing: /home/ziad/Ziad_WS/ROS2/work_space/install/turtlebot3_custom/share/turtlebot3_custom/environment/pythonpath.dsv
[49.956s] -- Installing: /home/ziad/Ziad_WS/ROS2/work_space/install/turtlebot3_custom/local/lib/python3.10/dist-packages/turtlebot3_custom-0.0.0-py3.10.egg-info
[49.956s] -- Installing: /home/ziad/Ziad_WS/ROS2/work_space/install/turtlebot3_custom/local/lib/python3.10/dist-packages/turtlebot3_custom-0.0.0-py3.10.egg-info/dependency_links.txt
[49.956s] -- Installing: /home/ziad/Ziad_WS/ROS2/work_space/install/turtlebot3_custom/local/lib/python3.10/dist-packages/turtlebot3_custom-0.0.0-py3.10.egg-info/top_level.txt
[49.956s] -- Installing: /home/ziad/Ziad_WS/ROS2/work_space/install/turtlebot3_custom/local/lib/python3.10/dist-packages/turtlebot3_custom-0.0.0-py3.10.egg-info/PKG-INFO
[49.956s] -- Installing: /home/ziad/Ziad_WS/ROS2/work_space/install/turtlebot3_custom/local/lib/python3.10/dist-packages/turtlebot3_custom-0.0.0-py3.10.egg-info/SOURCES.txt
[49.957s] -- Installing: /home/ziad/Ziad_WS/ROS2/work_space/install/turtlebot3_custom/local/lib/python3.10/dist-packages/turtlebot3_custom
[49.957s] -- Installing: /home/ziad/Ziad_WS/ROS2/work_space/install/turtlebot3_custom/local/lib/python3.10/dist-packages/turtlebot3_custom/_turtlebot3_custom_s.ep.rosidl_typesupport_introspection_c.c
[49.957s] -- Installing: /home/ziad/Ziad_WS/ROS2/work_space/install/turtlebot3_custom/local/lib/python3.10/dist-packages/turtlebot3_custom/turtlebot3_custom_s__rosidl_typesupport_fastrtps_c.cpython-310-x86_64-linux-gnu.so
[49.957s] -- Installing: /home/ziad/Ziad_WS/ROS2/work_space/install/turtlebot3_custom/local/lib/python3.10/dist-packages/turtlebot3_custom/action
[49.957s] -- Installing: /home/ziad/Ziad_WS/ROS2/work_space/install/turtlebot3_custom/local/lib/python3.10/dist-packages/turtlebot3_custom/action/_navigate_to_goal.py
[49.958s] -- Installing: /home/ziad/Ziad_WS/ROS2/work_space/install/turtlebot3_custom/local/lib/python3.10/dist-packages/turtlebot3_custom/action/_navigate_to_goal_s.c
[49.958s] -- Installing: /home/ziad/Ziad_WS/ROS2/work_space/install/turtlebot3_custom/local/lib/python3.10/dist-packages/turtlebot3_custom/action/__init__.py
[49.958s] -- Installing: /home/ziad/Ziad_WS/ROS2/work_space/install/turtlebot3_custom/local/lib/python3.10/dist-packages/turtlebot3_custom/srv
[49.958s] -- Installing: /home/ziad/Ziad_WS/ROS2/work_space/install/turtlebot3_custom/local/lib/python3.10/dist-packages/turtlebot3_custom/srv/_get_robot_status_s.c
[49.958s] -- Installing: /home/ziad/Ziad_WS/ROS2/work_space/install/turtlebot3_custom/local/lib/python3.10/dist-packages/turtlebot3_custom/srv/_get_robot_status.py
[49.958s] -- Installing: /home/ziad/Ziad_WS/ROS2/work_space/install/turtlebot3_custom/local/lib/python3.10/dist-packages/turtlebot3_custom/srv/__init__.py
[49.958s] -- Installing: /home/ziad/Ziad_WS/ROS2/work_space/install/turtlebot3_custom/local/lib/python3.10/dist-packages/turtlebot3_custom/_turtlebot3_custom_s.ep.rosidl_typesupport_c.c
[49.958s] -- Installing: /home/ziad/Ziad_WS/ROS2/work_space/install/turtlebot3_custom/local/lib/python3.10/dist-packages/turtlebot3_custom/turtlebot3_custom_s__rosidl_typesupport_c.cpython-310-x86_64-linux-gnu.so
[49.959s] -- Installing: /home/ziad/Ziad_WS/ROS2/work_space/install/turtlebot3_custom/local/lib/python3.10/dist-packages/turtlebot3_custom/turtlebot3_custom_s__rosidl_typesupport_introspection_c.cpython-310-x86_64-linux-gnu.so
[49.959s] -- Installing: /home/ziad/Ziad_WS/ROS2/work_space/install/turtlebot3_custom/local/lib/python3.10/dist-packages/turtlebot3_custom/_turtlebot3_custom_s.ep.rosidl_typesupport_fastrtps_c.c
[49.959s] -- Installing: /home/ziad/Ziad_WS/ROS2/work_space/install/turtlebot3_custom/local/lib/python3.10/dist-packages/turtlebot3_custom/__init__.py
[49.959s] -- Installing: /home/ziad/Ziad_WS/ROS2/work_space/install/turtlebot3_custom/local/lib/python3.10/dist-packages/turtlebot3_custom/libturtlebot3_custom__rosidl_generator_py.so
[50.007s] Listing '/home/ziad/Ziad_WS/ROS2/work_space/install/turtlebot3_custom/local/lib/python3.10/dist-packages/turtlebot3_custom'...
[50.008s] Compiling '/home/ziad/Ziad_WS/ROS2/work_space/install/turtlebot3_custom/local/lib/python3.10/dist-packages/turtlebot3_custom/__init__.py'...
[50.008s] Listing '/home/ziad/Ziad_WS/ROS2/work_space/install/turtlebot3_custom/local/lib/python3.10/dist-packages/turtlebot3_custom/action'...
[50.008s] Compiling '/home/ziad/Ziad_WS/ROS2/work_space/install/turtlebot3_custom/local/lib/python3.10/dist-packages/turtlebot3_custom/action/__init__.py'...
[50.008s] Compiling '/home/ziad/Ziad_WS/ROS2/work_space/install/turtlebot3_custom/local/lib/python3.10/dist-packages/turtlebot3_custom/action/_navigate_to_goal.py'...
[50.008s] Listing '/home/ziad/Ziad_WS/ROS2/work_space/install/turtlebot3_custom/local/lib/python3.10/dist-packages/turtlebot3_custom/srv'...
[50.008s] Compiling '/home/ziad/Ziad_WS/ROS2/work_space/install/turtlebot3_custom/local/lib/python3.10/dist-packages/turtlebot3_custom/srv/__init__.py'...
[50.008s] Compiling '/home/ziad/Ziad_WS/ROS2/work_space/install/turtlebot3_custom/local/lib/python3.10/dist-packages/turtlebot3_custom/srv/_get_robot_status.py'...
[50.014s] -- Installing: /home/ziad/Ziad_WS/ROS2/work_space/install/turtlebot3_custom/local/lib/python3.10/dist-packages/turtlebot3_custom/turtlebot3_custom_s__rosidl_typesupport_fastrtps_c.cpython-310-x86_64-linux-gnu.so
[50.015s] -- Set runtime path of "/home/ziad/Ziad_WS/ROS2/work_space/install/turtlebot3_custom/local/lib/python3.10/dist-packages/turtlebot3_custom/turtlebot3_custom_s__rosidl_typesupport_fastrtps_c.cpython-310-x86_64-linux-gnu.so" to ""
[50.015s] -- Installing: /home/ziad/Ziad_WS/ROS2/work_space/install/turtlebot3_custom/local/lib/python3.10/dist-packages/turtlebot3_custom/turtlebot3_custom_s__rosidl_typesupport_introspection_c.cpython-310-x86_64-linux-gnu.so
[50.016s] -- Set runtime path of "/home/ziad/Ziad_WS/ROS2/work_space/install/turtlebot3_custom/local/lib/python3.10/dist-packages/turtlebot3_custom/turtlebot3_custom_s__rosidl_typesupport_introspection_c.cpython-310-x86_64-linux-gnu.so" to ""
[50.016s] -- Installing: /home/ziad/Ziad_WS/ROS2/work_space/install/turtlebot3_custom/local/lib/python3.10/dist-packages/turtlebot3_custom/turtlebot3_custom_s__rosidl_typesupport_c.cpython-310-x86_64-linux-gnu.so
[50.016s] -- Set runtime path of "/home/ziad/Ziad_WS/ROS2/work_space/install/turtlebot3_custom/local/lib/python3.10/dist-packages/turtlebot3_custom/turtlebot3_custom_s__rosidl_typesupport_c.cpython-310-x86_64-linux-gnu.so" to ""
[50.017s] -- Installing: /home/ziad/Ziad_WS/ROS2/work_space/install/turtlebot3_custom/lib/libturtlebot3_custom__rosidl_generator_py.so
[50.017s] -- Set runtime path of "/home/ziad/Ziad_WS/ROS2/work_space/install/turtlebot3_custom/lib/libturtlebot3_custom__rosidl_generator_py.so" to ""
[50.017s] -- Installing: /home/ziad/Ziad_WS/ROS2/work_space/install/turtlebot3_custom/share/turtlebot3_custom/action/NavigateToGoal.idl
[50.017s] -- Installing: /home/ziad/Ziad_WS/ROS2/work_space/install/turtlebot3_custom/share/turtlebot3_custom/srv/GetRobotStatus.idl
[50.018s] -- Installing: /home/ziad/Ziad_WS/ROS2/work_space/install/turtlebot3_custom/share/turtlebot3_custom/action/NavigateToGoal.action
[50.023s] -- Installing: /home/ziad/Ziad_WS/ROS2/work_space/install/turtlebot3_custom/share/turtlebot3_custom/srv/GetRobotStatus.srv
[50.024s] -- Installing: /home/ziad/Ziad_WS/ROS2/work_space/install/turtlebot3_custom/share/turtlebot3_custom/srv/GetRobotStatus_Request.msg
[50.024s] -- Installing: /home/ziad/Ziad_WS/ROS2/work_space/install/turtlebot3_custom/share/turtlebot3_custom/srv/GetRobotStatus_Response.msg
[50.024s] -- Installing: /home/ziad/Ziad_WS/ROS2/work_space/install/turtlebot3_custom/lib/turtlebot3_custom/turtlebot3_controller
[50.029s] -- Set runtime path of "/home/ziad/Ziad_WS/ROS2/work_space/install/turtlebot3_custom/lib/turtlebot3_custom/turtlebot3_controller" to ""
[50.029s] -- Installing: /home/ziad/Ziad_WS/ROS2/work_space/install/turtlebot3_custom/lib/turtlebot3_custom/robot_status_server
[50.029s] -- Set runtime path of "/home/ziad/Ziad_WS/ROS2/work_space/install/turtlebot3_custom/lib/turtlebot3_custom/robot_status_server" to ""
[50.029s] -- Installing: /home/ziad/Ziad_WS/ROS2/work_space/install/turtlebot3_custom/lib/turtlebot3_custom/status_client
[50.030s] -- Set runtime path of "/home/ziad/Ziad_WS/ROS2/work_space/install/turtlebot3_custom/lib/turtlebot3_custom/status_client" to ""
[50.030s] -- Installing: /home/ziad/Ziad_WS/ROS2/work_space/install/turtlebot3_custom/lib/turtlebot3_custom/navigation_action_server
[50.030s] -- Set runtime path of "/home/ziad/Ziad_WS/ROS2/work_space/install/turtlebot3_custom/lib/turtlebot3_custom/navigation_action_server" to ""
[50.030s] -- Installing: /home/ziad/Ziad_WS/ROS2/work_space/install/turtlebot3_custom/lib/turtlebot3_custom/navigation_client
[50.031s] -- Set runtime path of "/home/ziad/Ziad_WS/ROS2/work_space/install/turtlebot3_custom/lib/turtlebot3_custom/navigation_client" to ""
[50.031s] -- Installing: /home/ziad/Ziad_WS/ROS2/work_space/install/turtlebot3_custom/share/turtlebot3_custom//launch
[50.031s] -- Installing: /home/ziad/Ziad_WS/ROS2/work_space/install/turtlebot3_custom/share/turtlebot3_custom//launch/turtlebot3_simulation.launch.py
[50.031s] -- Installing: /home/ziad/Ziad_WS/ROS2/work_space/install/turtlebot3_custom/share/turtlebot3_custom//launch/turtlebot3_custom.launch.py
[50.032s] -- Installing: /home/ziad/Ziad_WS/ROS2/work_space/install/turtlebot3_custom/share/ament_index/resource_index/package_run_dependencies/turtlebot3_custom
[50.032s] -- Installing: /home/ziad/Ziad_WS/ROS2/work_space/install/turtlebot3_custom/share/ament_index/resource_index/parent_prefix_path/turtlebot3_custom
[50.032s] -- Installing: /home/ziad/Ziad_WS/ROS2/work_space/install/turtlebot3_custom/share/turtlebot3_custom/environment/ament_prefix_path.sh
[50.032s] -- Installing: /home/ziad/Ziad_WS/ROS2/work_space/install/turtlebot3_custom/share/turtlebot3_custom/environment/ament_prefix_path.dsv
[50.032s] -- Installing: /home/ziad/Ziad_WS/ROS2/work_space/install/turtlebot3_custom/share/turtlebot3_custom/environment/path.sh
[50.033s] -- Installing: /home/ziad/Ziad_WS/ROS2/work_space/install/turtlebot3_custom/share/turtlebot3_custom/environment/path.dsv
[50.033s] -- Installing: /home/ziad/Ziad_WS/ROS2/work_space/install/turtlebot3_custom/share/turtlebot3_custom/local_setup.bash
[50.033s] -- Installing: /home/ziad/Ziad_WS/ROS2/work_space/install/turtlebot3_custom/share/turtlebot3_custom/local_setup.sh
[50.033s] -- Installing: /home/ziad/Ziad_WS/ROS2/work_space/install/turtlebot3_custom/share/turtlebot3_custom/local_setup.zsh
[50.033s] -- Installing: /home/ziad/Ziad_WS/ROS2/work_space/install/turtlebot3_custom/share/turtlebot3_custom/local_setup.dsv
[50.033s] -- Installing: /home/ziad/Ziad_WS/ROS2/work_space/install/turtlebot3_custom/share/turtlebot3_custom/package.dsv
[50.034s] -- Installing: /home/ziad/Ziad_WS/ROS2/work_space/install/turtlebot3_custom/share/ament_index/resource_index/packages/turtlebot3_custom
[50.034s] -- Installing: /home/ziad/Ziad_WS/ROS2/work_space/install/turtlebot3_custom/share/turtlebot3_custom/cmake/export_turtlebot3_custom__rosidl_generator_cExport.cmake
[50.034s] -- Installing: /home/ziad/Ziad_WS/ROS2/work_space/install/turtlebot3_custom/share/turtlebot3_custom/cmake/export_turtlebot3_custom__rosidl_generator_cExport-noconfig.cmake
[50.035s] -- Installing: /home/ziad/Ziad_WS/ROS2/work_space/install/turtlebot3_custom/share/turtlebot3_custom/cmake/export_turtlebot3_custom__rosidl_typesupport_fastrtps_cExport.cmake
[50.035s] -- Installing: /home/ziad/Ziad_WS/ROS2/work_space/install/turtlebot3_custom/share/turtlebot3_custom/cmake/export_turtlebot3_custom__rosidl_typesupport_fastrtps_cExport-noconfig.cmake
[50.035s] -- Installing: /home/ziad/Ziad_WS/ROS2/work_space/install/turtlebot3_custom/share/turtlebot3_custom/cmake/export_turtlebot3_custom__rosidl_generator_cppExport.cmake
[50.036s] -- Installing: /home/ziad/Ziad_WS/ROS2/work_space/install/turtlebot3_custom/share/turtlebot3_custom/cmake/export_turtlebot3_custom__rosidl_typesupport_fastrtps_cppExport.cmake
[50.036s] -- Installing: /home/ziad/Ziad_WS/ROS2/work_space/install/turtlebot3_custom/share/turtlebot3_custom/cmake/export_turtlebot3_custom__rosidl_typesupport_fastrtps_cppExport-noconfig.cmake
[50.036s] -- Installing: /home/ziad/Ziad_WS/ROS2/work_space/install/turtlebot3_custom/share/turtlebot3_custom/cmake/turtlebot3_custom__rosidl_typesupport_introspection_cExport.cmake
[50.037s] -- Installing: /home/ziad/Ziad_WS/ROS2/work_space/install/turtlebot3_custom/share/turtlebot3_custom/cmake/turtlebot3_custom__rosidl_typesupport_introspection_cExport-noconfig.cmake
[50.037s] -- Installing: /home/ziad/Ziad_WS/ROS2/work_space/install/turtlebot3_custom/share/turtlebot3_custom/cmake/turtlebot3_custom__rosidl_typesupport_cExport.cmake
[50.037s] -- Installing: /home/ziad/Ziad_WS/ROS2/work_space/install/turtlebot3_custom/share/turtlebot3_custom/cmake/turtlebot3_custom__rosidl_typesupport_cExport-noconfig.cmake
[50.037s] -- Installing: /home/ziad/Ziad_WS/ROS2/work_space/install/turtlebot3_custom/share/turtlebot3_custom/cmake/turtlebot3_custom__rosidl_typesupport_introspection_cppExport.cmake
[50.037s] -- Installing: /home/ziad/Ziad_WS/ROS2/work_space/install/turtlebot3_custom/share/turtlebot3_custom/cmake/turtlebot3_custom__rosidl_typesupport_introspection_cppExport-noconfig.cmake
[50.038s] -- Installing: /home/ziad/Ziad_WS/ROS2/work_space/install/turtlebot3_custom/share/turtlebot3_custom/cmake/turtlebot3_custom__rosidl_typesupport_cppExport.cmake
[50.038s] -- Installing: /home/ziad/Ziad_WS/ROS2/work_space/install/turtlebot3_custom/share/turtlebot3_custom/cmake/turtlebot3_custom__rosidl_typesupport_cppExport-noconfig.cmake
[50.038s] -- Installing: /home/ziad/Ziad_WS/ROS2/work_space/install/turtlebot3_custom/share/turtlebot3_custom/cmake/export_turtlebot3_custom__rosidl_generator_pyExport.cmake
[50.038s] -- Installing: /home/ziad/Ziad_WS/ROS2/work_space/install/turtlebot3_custom/share/turtlebot3_custom/cmake/export_turtlebot3_custom__rosidl_generator_pyExport-noconfig.cmake
[50.038s] -- Installing: /home/ziad/Ziad_WS/ROS2/work_space/install/turtlebot3_custom/share/turtlebot3_custom/cmake/rosidl_cmake-extras.cmake
[50.038s] -- Installing: /home/ziad/Ziad_WS/ROS2/work_space/install/turtlebot3_custom/share/turtlebot3_custom/cmake/ament_cmake_export_dependencies-extras.cmake
[50.039s] -- Installing: /home/ziad/Ziad_WS/ROS2/work_space/install/turtlebot3_custom/share/turtlebot3_custom/cmake/ament_cmake_export_include_directories-extras.cmake
[50.039s] -- Installing: /home/ziad/Ziad_WS/ROS2/work_space/install/turtlebot3_custom/share/turtlebot3_custom/cmake/ament_cmake_export_libraries-extras.cmake
[50.039s] -- Installing: /home/ziad/Ziad_WS/ROS2/work_space/install/turtlebot3_custom/share/turtlebot3_custom/cmake/ament_cmake_export_targets-extras.cmake
[50.039s] -- Installing: /home/ziad/Ziad_WS/ROS2/work_space/install/turtlebot3_custom/share/turtlebot3_custom/cmake/rosidl_cmake_export_typesupport_targets-extras.cmake
[50.039s] -- Installing: /home/ziad/Ziad_WS/ROS2/work_space/install/turtlebot3_custom/share/turtlebot3_custom/cmake/rosidl_cmake_export_typesupport_libraries-extras.cmake
[50.040s] -- Installing: /home/ziad/Ziad_WS/ROS2/work_space/install/turtlebot3_custom/share/turtlebot3_custom/cmake/turtlebot3_customConfig.cmake
[50.040s] -- Installing: /home/ziad/Ziad_WS/ROS2/work_space/install/turtlebot3_custom/share/turtlebot3_custom/cmake/turtlebot3_customConfig-version.cmake
[50.040s] -- Installing: /home/ziad/Ziad_WS/ROS2/work_space/install/turtlebot3_custom/share/turtlebot3_custom/package.xml
[50.044s] Invoked command in '/home/ziad/Ziad_WS/ROS2/work_space/build/turtlebot3_custom' returned '0': CMAKE_PREFIX_PATH=/opt/ros/humble /usr/bin/cmake --install /home/ziad/Ziad_WS/ROS2/work_space/build/turtlebot3_custom
