[0.041s] Invoking command in '/home/ziad/Ziad_WS/ROS2/work_space/build/services_actions': CMAKE_PREFIX_PATH=/opt/ros/humble /usr/bin/cmake --build /home/ziad/Ziad_WS/ROS2/work_space/build/services_actions -- -j4 -l4
[0.789s] [  2%] Built target services_actions__cpp
[0.863s] [ 10%] Built target services_actions__rosidl_generator_c
[0.903s] [ 10%] Built target ament_cmake_python_copy_services_actions
[0.946s] [ 19%] Built target services_actions__rosidl_typesupport_fastrtps_cpp
[1.022s] [ 27%] Built target services_actions__rosidl_typesupport_introspection_cpp
[1.060s] [ 36%] Built target services_actions__rosidl_typesupport_fastrtps_c
[1.087s] [ 44%] Built target services_actions__rosidl_typesupport_introspection_c
[1.132s] [ 53%] Built target services_actions__rosidl_typesupport_c
[1.208s] [ 61%] Built target services_actions__rosidl_typesupport_cpp
[1.244s] [ 61%] Built target services_actions
[1.275s] [ 65%] Built target add_two_ints_client
[1.317s] [ 70%] Built target count_down_action_server
[1.348s] [ 74%] Built target count_down_action_client
[1.373s] [ 76%] Built target services_actions__py
[1.437s] [ 80%] Built target add_two_ints_server
[1.513s] [ 87%] Built target services_actions__rosidl_generator_py
[1.541s] [ 91%] Built target services_actions__rosidl_typesupport_fastrtps_c__pyext
[1.567s] [ 95%] Built target services_actions__rosidl_typesupport_c__pyext
[1.595s] [100%] Built target services_actions__rosidl_typesupport_introspection_c__pyext
[2.070s] running egg_info
[2.134s] writing services_actions.egg-info/PKG-INFO
[2.134s] writing dependency_links to services_actions.egg-info/dependency_links.txt
[2.134s] writing top-level names to services_actions.egg-info/top_level.txt
[2.357s] reading manifest file 'services_actions.egg-info/SOURCES.txt'
[2.364s] writing manifest file 'services_actions.egg-info/SOURCES.txt'
[2.427s] [100%] Built target ament_cmake_python_build_services_actions_egg
[2.441s] Invoked command in '/home/ziad/Ziad_WS/ROS2/work_space/build/services_actions' returned '0': CMAKE_PREFIX_PATH=/opt/ros/humble /usr/bin/cmake --build /home/ziad/Ziad_WS/ROS2/work_space/build/services_actions -- -j4 -l4
[2.452s] Invoking command in '/home/ziad/Ziad_WS/ROS2/work_space/build/services_actions': CMAKE_PREFIX_PATH=/opt/ros/humble /usr/bin/cmake --install /home/ziad/Ziad_WS/ROS2/work_space/build/services_actions
[2.464s] -- Install configuration: ""
[2.464s] -- Up-to-date: /home/ziad/Ziad_WS/ROS2/work_space/install/services_actions/share/ament_index/resource_index/rosidl_interfaces/services_actions
[2.464s] -- Up-to-date: /home/ziad/Ziad_WS/ROS2/work_space/install/services_actions/include/services_actions/services_actions
[2.465s] -- Up-to-date: /home/ziad/Ziad_WS/ROS2/work_space/install/services_actions/include/services_actions/services_actions/action
[2.465s] -- Up-to-date: /home/ziad/Ziad_WS/ROS2/work_space/install/services_actions/include/services_actions/services_actions/action/detail
[2.465s] -- Up-to-date: /home/ziad/Ziad_WS/ROS2/work_space/install/services_actions/include/services_actions/services_actions/action/detail/countdown__type_support.h
[2.465s] -- Up-to-date: /home/ziad/Ziad_WS/ROS2/work_space/install/services_actions/include/services_actions/services_actions/action/detail/countdown__functions.h
[2.465s] -- Up-to-date: /home/ziad/Ziad_WS/ROS2/work_space/install/services_actions/include/services_actions/services_actions/action/detail/countdown__functions.c
[2.465s] -- Up-to-date: /home/ziad/Ziad_WS/ROS2/work_space/install/services_actions/include/services_actions/services_actions/action/detail/countdown__struct.h
[2.466s] -- Up-to-date: /home/ziad/Ziad_WS/ROS2/work_space/install/services_actions/include/services_actions/services_actions/action/countdown.h
[2.466s] -- Up-to-date: /home/ziad/Ziad_WS/ROS2/work_space/install/services_actions/include/services_actions/services_actions/srv
[2.466s] -- Up-to-date: /home/ziad/Ziad_WS/ROS2/work_space/install/services_actions/include/services_actions/services_actions/srv/add_two_int.h
[2.466s] -- Up-to-date: /home/ziad/Ziad_WS/ROS2/work_space/install/services_actions/include/services_actions/services_actions/srv/detail
[2.466s] -- Up-to-date: /home/ziad/Ziad_WS/ROS2/work_space/install/services_actions/include/services_actions/services_actions/srv/detail/add_two_int__struct.h
[2.466s] -- Up-to-date: /home/ziad/Ziad_WS/ROS2/work_space/install/services_actions/include/services_actions/services_actions/srv/detail/add_two_int__functions.h
[2.466s] -- Up-to-date: /home/ziad/Ziad_WS/ROS2/work_space/install/services_actions/include/services_actions/services_actions/srv/detail/add_two_int__functions.c
[2.466s] -- Up-to-date: /home/ziad/Ziad_WS/ROS2/work_space/install/services_actions/include/services_actions/services_actions/srv/detail/add_two_int__type_support.h
[2.466s] -- Up-to-date: /home/ziad/Ziad_WS/ROS2/work_space/install/services_actions/include/services_actions/services_actions/msg
[2.466s] -- Up-to-date: /home/ziad/Ziad_WS/ROS2/work_space/install/services_actions/include/services_actions/services_actions/msg/rosidl_generator_c__visibility_control.h
[2.466s] -- Up-to-date: /home/ziad/Ziad_WS/ROS2/work_space/install/services_actions/share/services_actions/environment/library_path.sh
[2.467s] -- Up-to-date: /home/ziad/Ziad_WS/ROS2/work_space/install/services_actions/share/services_actions/environment/library_path.dsv
[2.467s] -- Up-to-date: /home/ziad/Ziad_WS/ROS2/work_space/install/services_actions/lib/libservices_actions__rosidl_generator_c.so
[2.467s] -- Up-to-date: /home/ziad/Ziad_WS/ROS2/work_space/install/services_actions/include/services_actions/services_actions
[2.467s] -- Up-to-date: /home/ziad/Ziad_WS/ROS2/work_space/install/services_actions/include/services_actions/services_actions/action
[2.467s] -- Up-to-date: /home/ziad/Ziad_WS/ROS2/work_space/install/services_actions/include/services_actions/services_actions/action/detail
[2.467s] -- Up-to-date: /home/ziad/Ziad_WS/ROS2/work_space/install/services_actions/include/services_actions/services_actions/action/detail/countdown__rosidl_typesupport_fastrtps_c.h
[2.467s] -- Up-to-date: /home/ziad/Ziad_WS/ROS2/work_space/install/services_actions/include/services_actions/services_actions/srv
[2.467s] -- Up-to-date: /home/ziad/Ziad_WS/ROS2/work_space/install/services_actions/include/services_actions/services_actions/srv/detail
[2.467s] -- Up-to-date: /home/ziad/Ziad_WS/ROS2/work_space/install/services_actions/include/services_actions/services_actions/srv/detail/add_two_int__rosidl_typesupport_fastrtps_c.h
[2.467s] -- Up-to-date: /home/ziad/Ziad_WS/ROS2/work_space/install/services_actions/include/services_actions/services_actions/msg
[2.467s] -- Up-to-date: /home/ziad/Ziad_WS/ROS2/work_space/install/services_actions/include/services_actions/services_actions/msg/rosidl_typesupport_fastrtps_c__visibility_control.h
[2.468s] -- Up-to-date: /home/ziad/Ziad_WS/ROS2/work_space/install/services_actions/lib/libservices_actions__rosidl_typesupport_fastrtps_c.so
[2.468s] -- Up-to-date: /home/ziad/Ziad_WS/ROS2/work_space/install/services_actions/include/services_actions/services_actions
[2.468s] -- Up-to-date: /home/ziad/Ziad_WS/ROS2/work_space/install/services_actions/include/services_actions/services_actions/action
[2.468s] -- Up-to-date: /home/ziad/Ziad_WS/ROS2/work_space/install/services_actions/include/services_actions/services_actions/action/countdown.hpp
[2.468s] -- Up-to-date: /home/ziad/Ziad_WS/ROS2/work_space/install/services_actions/include/services_actions/services_actions/action/detail
[2.468s] -- Up-to-date: /home/ziad/Ziad_WS/ROS2/work_space/install/services_actions/include/services_actions/services_actions/action/detail/countdown__struct.hpp
[2.468s] -- Up-to-date: /home/ziad/Ziad_WS/ROS2/work_space/install/services_actions/include/services_actions/services_actions/action/detail/countdown__builder.hpp
[2.469s] -- Up-to-date: /home/ziad/Ziad_WS/ROS2/work_space/install/services_actions/include/services_actions/services_actions/action/detail/countdown__traits.hpp
[2.469s] -- Up-to-date: /home/ziad/Ziad_WS/ROS2/work_space/install/services_actions/include/services_actions/services_actions/action/detail/countdown__type_support.hpp
[2.469s] -- Up-to-date: /home/ziad/Ziad_WS/ROS2/work_space/install/services_actions/include/services_actions/services_actions/srv
[2.469s] -- Up-to-date: /home/ziad/Ziad_WS/ROS2/work_space/install/services_actions/include/services_actions/services_actions/srv/detail
[2.469s] -- Up-to-date: /home/ziad/Ziad_WS/ROS2/work_space/install/services_actions/include/services_actions/services_actions/srv/detail/add_two_int__type_support.hpp
[2.469s] -- Up-to-date: /home/ziad/Ziad_WS/ROS2/work_space/install/services_actions/include/services_actions/services_actions/srv/detail/add_two_int__struct.hpp
[2.470s] -- Up-to-date: /home/ziad/Ziad_WS/ROS2/work_space/install/services_actions/include/services_actions/services_actions/srv/detail/add_two_int__builder.hpp
[2.470s] -- Up-to-date: /home/ziad/Ziad_WS/ROS2/work_space/install/services_actions/include/services_actions/services_actions/srv/detail/add_two_int__traits.hpp
[2.470s] -- Up-to-date: /home/ziad/Ziad_WS/ROS2/work_space/install/services_actions/include/services_actions/services_actions/srv/add_two_int.hpp
[2.470s] -- Up-to-date: /home/ziad/Ziad_WS/ROS2/work_space/install/services_actions/include/services_actions/services_actions/msg
[2.471s] -- Up-to-date: /home/ziad/Ziad_WS/ROS2/work_space/install/services_actions/include/services_actions/services_actions/msg/rosidl_generator_cpp__visibility_control.hpp
[2.471s] -- Up-to-date: /home/ziad/Ziad_WS/ROS2/work_space/install/services_actions/include/services_actions/services_actions
[2.471s] -- Up-to-date: /home/ziad/Ziad_WS/ROS2/work_space/install/services_actions/include/services_actions/services_actions/action
[2.471s] -- Up-to-date: /home/ziad/Ziad_WS/ROS2/work_space/install/services_actions/include/services_actions/services_actions/action/detail
[2.471s] -- Up-to-date: /home/ziad/Ziad_WS/ROS2/work_space/install/services_actions/include/services_actions/services_actions/action/detail/dds_fastrtps
[2.471s] -- Up-to-date: /home/ziad/Ziad_WS/ROS2/work_space/install/services_actions/include/services_actions/services_actions/action/detail/countdown__rosidl_typesupport_fastrtps_cpp.hpp
[2.471s] -- Up-to-date: /home/ziad/Ziad_WS/ROS2/work_space/install/services_actions/include/services_actions/services_actions/srv
[2.472s] -- Up-to-date: /home/ziad/Ziad_WS/ROS2/work_space/install/services_actions/include/services_actions/services_actions/srv/detail
[2.472s] -- Up-to-date: /home/ziad/Ziad_WS/ROS2/work_space/install/services_actions/include/services_actions/services_actions/srv/detail/add_two_int__rosidl_typesupport_fastrtps_cpp.hpp
[2.472s] -- Up-to-date: /home/ziad/Ziad_WS/ROS2/work_space/install/services_actions/include/services_actions/services_actions/srv/detail/dds_fastrtps
[2.472s] -- Up-to-date: /home/ziad/Ziad_WS/ROS2/work_space/install/services_actions/include/services_actions/services_actions/msg
[2.472s] -- Up-to-date: /home/ziad/Ziad_WS/ROS2/work_space/install/services_actions/include/services_actions/services_actions/msg/rosidl_typesupport_fastrtps_cpp__visibility_control.h
[2.472s] -- Up-to-date: /home/ziad/Ziad_WS/ROS2/work_space/install/services_actions/lib/libservices_actions__rosidl_typesupport_fastrtps_cpp.so
[2.472s] -- Up-to-date: /home/ziad/Ziad_WS/ROS2/work_space/install/services_actions/include/services_actions/services_actions
[2.473s] -- Up-to-date: /home/ziad/Ziad_WS/ROS2/work_space/install/services_actions/include/services_actions/services_actions/action
[2.473s] -- Up-to-date: /home/ziad/Ziad_WS/ROS2/work_space/install/services_actions/include/services_actions/services_actions/action/detail
[2.473s] -- Up-to-date: /home/ziad/Ziad_WS/ROS2/work_space/install/services_actions/include/services_actions/services_actions/action/detail/countdown__type_support.c
[2.473s] -- Up-to-date: /home/ziad/Ziad_WS/ROS2/work_space/install/services_actions/include/services_actions/services_actions/action/detail/countdown__rosidl_typesupport_introspection_c.h
[2.473s] -- Up-to-date: /home/ziad/Ziad_WS/ROS2/work_space/install/services_actions/include/services_actions/services_actions/srv
[2.474s] -- Up-to-date: /home/ziad/Ziad_WS/ROS2/work_space/install/services_actions/include/services_actions/services_actions/srv/detail
[2.474s] -- Up-to-date: /home/ziad/Ziad_WS/ROS2/work_space/install/services_actions/include/services_actions/services_actions/srv/detail/add_two_int__type_support.c
[2.474s] -- Up-to-date: /home/ziad/Ziad_WS/ROS2/work_space/install/services_actions/include/services_actions/services_actions/srv/detail/add_two_int__rosidl_typesupport_introspection_c.h
[2.474s] -- Up-to-date: /home/ziad/Ziad_WS/ROS2/work_space/install/services_actions/include/services_actions/services_actions/msg
[2.474s] -- Up-to-date: /home/ziad/Ziad_WS/ROS2/work_space/install/services_actions/include/services_actions/services_actions/msg/rosidl_typesupport_introspection_c__visibility_control.h
[2.474s] -- Up-to-date: /home/ziad/Ziad_WS/ROS2/work_space/install/services_actions/lib/libservices_actions__rosidl_typesupport_introspection_c.so
[2.474s] -- Up-to-date: /home/ziad/Ziad_WS/ROS2/work_space/install/services_actions/lib/libservices_actions__rosidl_typesupport_c.so
[2.474s] -- Up-to-date: /home/ziad/Ziad_WS/ROS2/work_space/install/services_actions/include/services_actions/services_actions
[2.474s] -- Up-to-date: /home/ziad/Ziad_WS/ROS2/work_space/install/services_actions/include/services_actions/services_actions/action
[2.475s] -- Up-to-date: /home/ziad/Ziad_WS/ROS2/work_space/install/services_actions/include/services_actions/services_actions/action/detail
[2.475s] -- Up-to-date: /home/ziad/Ziad_WS/ROS2/work_space/install/services_actions/include/services_actions/services_actions/action/detail/countdown__rosidl_typesupport_introspection_cpp.hpp
[2.475s] -- Up-to-date: /home/ziad/Ziad_WS/ROS2/work_space/install/services_actions/include/services_actions/services_actions/action/detail/countdown__type_support.cpp
[2.475s] -- Up-to-date: /home/ziad/Ziad_WS/ROS2/work_space/install/services_actions/include/services_actions/services_actions/srv
[2.475s] -- Up-to-date: /home/ziad/Ziad_WS/ROS2/work_space/install/services_actions/include/services_actions/services_actions/srv/detail
[2.475s] -- Up-to-date: /home/ziad/Ziad_WS/ROS2/work_space/install/services_actions/include/services_actions/services_actions/srv/detail/add_two_int__rosidl_typesupport_introspection_cpp.hpp
[2.475s] -- Up-to-date: /home/ziad/Ziad_WS/ROS2/work_space/install/services_actions/include/services_actions/services_actions/srv/detail/add_two_int__type_support.cpp
[2.475s] -- Up-to-date: /home/ziad/Ziad_WS/ROS2/work_space/install/services_actions/lib/libservices_actions__rosidl_typesupport_introspection_cpp.so
[2.476s] -- Up-to-date: /home/ziad/Ziad_WS/ROS2/work_space/install/services_actions/lib/libservices_actions__rosidl_typesupport_cpp.so
[2.476s] -- Up-to-date: /home/ziad/Ziad_WS/ROS2/work_space/install/services_actions/share/services_actions/environment/pythonpath.sh
[2.476s] -- Up-to-date: /home/ziad/Ziad_WS/ROS2/work_space/install/services_actions/share/services_actions/environment/pythonpath.dsv
[2.476s] -- Up-to-date: /home/ziad/Ziad_WS/ROS2/work_space/install/services_actions/local/lib/python3.10/dist-packages/services_actions-0.0.0-py3.10.egg-info
[2.477s] -- Installing: /home/ziad/Ziad_WS/ROS2/work_space/install/services_actions/local/lib/python3.10/dist-packages/services_actions-0.0.0-py3.10.egg-info/dependency_links.txt
[2.477s] -- Installing: /home/ziad/Ziad_WS/ROS2/work_space/install/services_actions/local/lib/python3.10/dist-packages/services_actions-0.0.0-py3.10.egg-info/top_level.txt
[2.477s] -- Installing: /home/ziad/Ziad_WS/ROS2/work_space/install/services_actions/local/lib/python3.10/dist-packages/services_actions-0.0.0-py3.10.egg-info/PKG-INFO
[2.477s] -- Installing: /home/ziad/Ziad_WS/ROS2/work_space/install/services_actions/local/lib/python3.10/dist-packages/services_actions-0.0.0-py3.10.egg-info/SOURCES.txt
[2.478s] -- Up-to-date: /home/ziad/Ziad_WS/ROS2/work_space/install/services_actions/local/lib/python3.10/dist-packages/services_actions
[2.478s] -- Up-to-date: /home/ziad/Ziad_WS/ROS2/work_space/install/services_actions/local/lib/python3.10/dist-packages/services_actions/_services_actions_s.ep.rosidl_typesupport_fastrtps_c.c
[2.478s] -- Up-to-date: /home/ziad/Ziad_WS/ROS2/work_space/install/services_actions/local/lib/python3.10/dist-packages/services_actions/action
[2.478s] -- Up-to-date: /home/ziad/Ziad_WS/ROS2/work_space/install/services_actions/local/lib/python3.10/dist-packages/services_actions/action/_countdown.py
[2.478s] -- Up-to-date: /home/ziad/Ziad_WS/ROS2/work_space/install/services_actions/local/lib/python3.10/dist-packages/services_actions/action/_countdown_s.c
[2.478s] -- Up-to-date: /home/ziad/Ziad_WS/ROS2/work_space/install/services_actions/local/lib/python3.10/dist-packages/services_actions/action/__init__.py
[2.479s] -- Up-to-date: /home/ziad/Ziad_WS/ROS2/work_space/install/services_actions/local/lib/python3.10/dist-packages/services_actions/services_actions_s__rosidl_typesupport_fastrtps_c.cpython-310-x86_64-linux-gnu.so
[2.479s] -- Up-to-date: /home/ziad/Ziad_WS/ROS2/work_space/install/services_actions/local/lib/python3.10/dist-packages/services_actions/srv
[2.479s] -- Up-to-date: /home/ziad/Ziad_WS/ROS2/work_space/install/services_actions/local/lib/python3.10/dist-packages/services_actions/srv/_add_two_int_s.c
[2.479s] -- Up-to-date: /home/ziad/Ziad_WS/ROS2/work_space/install/services_actions/local/lib/python3.10/dist-packages/services_actions/srv/_add_two_int.py
[2.479s] -- Up-to-date: /home/ziad/Ziad_WS/ROS2/work_space/install/services_actions/local/lib/python3.10/dist-packages/services_actions/srv/__init__.py
[2.479s] -- Up-to-date: /home/ziad/Ziad_WS/ROS2/work_space/install/services_actions/local/lib/python3.10/dist-packages/services_actions/_services_actions_s.ep.rosidl_typesupport_c.c
[2.479s] -- Up-to-date: /home/ziad/Ziad_WS/ROS2/work_space/install/services_actions/local/lib/python3.10/dist-packages/services_actions/_services_actions_s.ep.rosidl_typesupport_introspection_c.c
[2.479s] -- Up-to-date: /home/ziad/Ziad_WS/ROS2/work_space/install/services_actions/local/lib/python3.10/dist-packages/services_actions/services_actions_s__rosidl_typesupport_c.cpython-310-x86_64-linux-gnu.so
[2.480s] -- Up-to-date: /home/ziad/Ziad_WS/ROS2/work_space/install/services_actions/local/lib/python3.10/dist-packages/services_actions/__init__.py
[2.480s] -- Up-to-date: /home/ziad/Ziad_WS/ROS2/work_space/install/services_actions/local/lib/python3.10/dist-packages/services_actions/services_actions_s__rosidl_typesupport_introspection_c.cpython-310-x86_64-linux-gnu.so
[2.480s] -- Up-to-date: /home/ziad/Ziad_WS/ROS2/work_space/install/services_actions/local/lib/python3.10/dist-packages/services_actions/libservices_actions__rosidl_generator_py.so
[2.540s] Listing '/home/ziad/Ziad_WS/ROS2/work_space/install/services_actions/local/lib/python3.10/dist-packages/services_actions'...
[2.540s] Listing '/home/ziad/Ziad_WS/ROS2/work_space/install/services_actions/local/lib/python3.10/dist-packages/services_actions/action'...
[2.540s] Listing '/home/ziad/Ziad_WS/ROS2/work_space/install/services_actions/local/lib/python3.10/dist-packages/services_actions/srv'...
[2.549s] -- Up-to-date: /home/ziad/Ziad_WS/ROS2/work_space/install/services_actions/local/lib/python3.10/dist-packages/services_actions/services_actions_s__rosidl_typesupport_fastrtps_c.cpython-310-x86_64-linux-gnu.so
[2.549s] -- Up-to-date: /home/ziad/Ziad_WS/ROS2/work_space/install/services_actions/local/lib/python3.10/dist-packages/services_actions/services_actions_s__rosidl_typesupport_introspection_c.cpython-310-x86_64-linux-gnu.so
[2.550s] -- Up-to-date: /home/ziad/Ziad_WS/ROS2/work_space/install/services_actions/local/lib/python3.10/dist-packages/services_actions/services_actions_s__rosidl_typesupport_c.cpython-310-x86_64-linux-gnu.so
[2.551s] -- Up-to-date: /home/ziad/Ziad_WS/ROS2/work_space/install/services_actions/lib/libservices_actions__rosidl_generator_py.so
[2.551s] -- Up-to-date: /home/ziad/Ziad_WS/ROS2/work_space/install/services_actions/share/services_actions/srv/AddTwoInt.idl
[2.552s] -- Up-to-date: /home/ziad/Ziad_WS/ROS2/work_space/install/services_actions/share/services_actions/action/Countdown.idl
[2.552s] -- Up-to-date: /home/ziad/Ziad_WS/ROS2/work_space/install/services_actions/share/services_actions/srv/AddTwoInt.srv
[2.552s] -- Up-to-date: /home/ziad/Ziad_WS/ROS2/work_space/install/services_actions/share/services_actions/srv/AddTwoInt_Request.msg
[2.552s] -- Up-to-date: /home/ziad/Ziad_WS/ROS2/work_space/install/services_actions/share/services_actions/srv/AddTwoInt_Response.msg
[2.552s] -- Up-to-date: /home/ziad/Ziad_WS/ROS2/work_space/install/services_actions/share/services_actions/action/Countdown.action
[2.554s] -- Up-to-date: /home/ziad/Ziad_WS/ROS2/work_space/install/services_actions/lib/services_actions/add_two_ints_server
[2.555s] -- Up-to-date: /home/ziad/Ziad_WS/ROS2/work_space/install/services_actions/lib/services_actions/add_two_ints_client
[2.556s] -- Up-to-date: /home/ziad/Ziad_WS/ROS2/work_space/install/services_actions/lib/services_actions/count_down_action_server
[2.557s] -- Up-to-date: /home/ziad/Ziad_WS/ROS2/work_space/install/services_actions/lib/services_actions/count_down_action_client
[2.557s] -- Up-to-date: /home/ziad/Ziad_WS/ROS2/work_space/install/services_actions/share/services_actions/launch
[2.557s] -- Up-to-date: /home/ziad/Ziad_WS/ROS2/work_space/install/services_actions/share/services_actions/launch/run_action.launch.py
[2.557s] -- Up-to-date: /home/ziad/Ziad_WS/ROS2/work_space/install/services_actions/share/services_actions/launch/run_service.launch.py
[2.558s] -- Up-to-date: /home/ziad/Ziad_WS/ROS2/work_space/install/services_actions/share/services_actions/launch/run.launch.py
[2.558s] -- Up-to-date: /home/ziad/Ziad_WS/ROS2/work_space/install/services_actions/share/ament_index/resource_index/package_run_dependencies/services_actions
[2.558s] -- Up-to-date: /home/ziad/Ziad_WS/ROS2/work_space/install/services_actions/share/ament_index/resource_index/parent_prefix_path/services_actions
[2.558s] -- Up-to-date: /home/ziad/Ziad_WS/ROS2/work_space/install/services_actions/share/services_actions/environment/ament_prefix_path.sh
[2.558s] -- Up-to-date: /home/ziad/Ziad_WS/ROS2/work_space/install/services_actions/share/services_actions/environment/ament_prefix_path.dsv
[2.558s] -- Up-to-date: /home/ziad/Ziad_WS/ROS2/work_space/install/services_actions/share/services_actions/environment/path.sh
[2.558s] -- Up-to-date: /home/ziad/Ziad_WS/ROS2/work_space/install/services_actions/share/services_actions/environment/path.dsv
[2.559s] -- Up-to-date: /home/ziad/Ziad_WS/ROS2/work_space/install/services_actions/share/services_actions/local_setup.bash
[2.559s] -- Up-to-date: /home/ziad/Ziad_WS/ROS2/work_space/install/services_actions/share/services_actions/local_setup.sh
[2.559s] -- Up-to-date: /home/ziad/Ziad_WS/ROS2/work_space/install/services_actions/share/services_actions/local_setup.zsh
[2.559s] -- Up-to-date: /home/ziad/Ziad_WS/ROS2/work_space/install/services_actions/share/services_actions/local_setup.dsv
[2.559s] -- Installing: /home/ziad/Ziad_WS/ROS2/work_space/install/services_actions/share/services_actions/package.dsv
[2.559s] -- Up-to-date: /home/ziad/Ziad_WS/ROS2/work_space/install/services_actions/share/ament_index/resource_index/packages/services_actions
[2.560s] -- Up-to-date: /home/ziad/Ziad_WS/ROS2/work_space/install/services_actions/share/services_actions/cmake/export_services_actions__rosidl_generator_cExport.cmake
[2.560s] -- Up-to-date: /home/ziad/Ziad_WS/ROS2/work_space/install/services_actions/share/services_actions/cmake/export_services_actions__rosidl_generator_cExport-noconfig.cmake
[2.560s] -- Up-to-date: /home/ziad/Ziad_WS/ROS2/work_space/install/services_actions/share/services_actions/cmake/export_services_actions__rosidl_typesupport_fastrtps_cExport.cmake
[2.560s] -- Up-to-date: /home/ziad/Ziad_WS/ROS2/work_space/install/services_actions/share/services_actions/cmake/export_services_actions__rosidl_typesupport_fastrtps_cExport-noconfig.cmake
[2.561s] -- Up-to-date: /home/ziad/Ziad_WS/ROS2/work_space/install/services_actions/share/services_actions/cmake/export_services_actions__rosidl_generator_cppExport.cmake
[2.561s] -- Up-to-date: /home/ziad/Ziad_WS/ROS2/work_space/install/services_actions/share/services_actions/cmake/export_services_actions__rosidl_typesupport_fastrtps_cppExport.cmake
[2.561s] -- Up-to-date: /home/ziad/Ziad_WS/ROS2/work_space/install/services_actions/share/services_actions/cmake/export_services_actions__rosidl_typesupport_fastrtps_cppExport-noconfig.cmake
[2.562s] -- Up-to-date: /home/ziad/Ziad_WS/ROS2/work_space/install/services_actions/share/services_actions/cmake/services_actions__rosidl_typesupport_introspection_cExport.cmake
[2.562s] -- Up-to-date: /home/ziad/Ziad_WS/ROS2/work_space/install/services_actions/share/services_actions/cmake/services_actions__rosidl_typesupport_introspection_cExport-noconfig.cmake
[2.562s] -- Up-to-date: /home/ziad/Ziad_WS/ROS2/work_space/install/services_actions/share/services_actions/cmake/services_actions__rosidl_typesupport_cExport.cmake
[2.562s] -- Up-to-date: /home/ziad/Ziad_WS/ROS2/work_space/install/services_actions/share/services_actions/cmake/services_actions__rosidl_typesupport_cExport-noconfig.cmake
[2.563s] -- Up-to-date: /home/ziad/Ziad_WS/ROS2/work_space/install/services_actions/share/services_actions/cmake/services_actions__rosidl_typesupport_introspection_cppExport.cmake
[2.563s] -- Up-to-date: /home/ziad/Ziad_WS/ROS2/work_space/install/services_actions/share/services_actions/cmake/services_actions__rosidl_typesupport_introspection_cppExport-noconfig.cmake
[2.563s] -- Up-to-date: /home/ziad/Ziad_WS/ROS2/work_space/install/services_actions/share/services_actions/cmake/services_actions__rosidl_typesupport_cppExport.cmake
[2.563s] -- Up-to-date: /home/ziad/Ziad_WS/ROS2/work_space/install/services_actions/share/services_actions/cmake/services_actions__rosidl_typesupport_cppExport-noconfig.cmake
[2.564s] -- Up-to-date: /home/ziad/Ziad_WS/ROS2/work_space/install/services_actions/share/services_actions/cmake/export_services_actions__rosidl_generator_pyExport.cmake
[2.564s] -- Up-to-date: /home/ziad/Ziad_WS/ROS2/work_space/install/services_actions/share/services_actions/cmake/export_services_actions__rosidl_generator_pyExport-noconfig.cmake
[2.564s] -- Up-to-date: /home/ziad/Ziad_WS/ROS2/work_space/install/services_actions/share/services_actions/cmake/rosidl_cmake-extras.cmake
[2.564s] -- Up-to-date: /home/ziad/Ziad_WS/ROS2/work_space/install/services_actions/share/services_actions/cmake/ament_cmake_export_dependencies-extras.cmake
[2.564s] -- Up-to-date: /home/ziad/Ziad_WS/ROS2/work_space/install/services_actions/share/services_actions/cmake/ament_cmake_export_include_directories-extras.cmake
[2.564s] -- Up-to-date: /home/ziad/Ziad_WS/ROS2/work_space/install/services_actions/share/services_actions/cmake/ament_cmake_export_libraries-extras.cmake
[2.565s] -- Up-to-date: /home/ziad/Ziad_WS/ROS2/work_space/install/services_actions/share/services_actions/cmake/ament_cmake_export_targets-extras.cmake
[2.565s] -- Up-to-date: /home/ziad/Ziad_WS/ROS2/work_space/install/services_actions/share/services_actions/cmake/rosidl_cmake_export_typesupport_targets-extras.cmake
[2.565s] -- Up-to-date: /home/ziad/Ziad_WS/ROS2/work_space/install/services_actions/share/services_actions/cmake/rosidl_cmake_export_typesupport_libraries-extras.cmake
[2.565s] -- Up-to-date: /home/ziad/Ziad_WS/ROS2/work_space/install/services_actions/share/services_actions/cmake/services_actionsConfig.cmake
[2.565s] -- Up-to-date: /home/ziad/Ziad_WS/ROS2/work_space/install/services_actions/share/services_actions/cmake/services_actionsConfig-version.cmake
[2.565s] -- Up-to-date: /home/ziad/Ziad_WS/ROS2/work_space/install/services_actions/share/services_actions/package.xml
[2.568s] Invoked command in '/home/ziad/Ziad_WS/ROS2/work_space/build/services_actions' returned '0': CMAKE_PREFIX_PATH=/opt/ros/humble /usr/bin/cmake --install /home/ziad/Ziad_WS/ROS2/work_space/build/services_actions
