[0.060s] Invoking command in '/home/ziad/Ziad_WS/ROS2/work_space/build/services_actions': CMAKE_PREFIX_PATH=${CMAKE_PREFIX_PATH}:/opt/ros/humble /usr/bin/cmake --build /home/ziad/Ziad_WS/ROS2/work_space/build/services_actions -- -j4 -l4
[0.390s] [  2%] Built target services_actions__cpp
[0.517s] [  2%] Built target ament_cmake_python_copy_services_actions
[0.578s] [ 10%] Built target services_actions__rosidl_typesupport_fastrtps_cpp
[0.649s] [ 19%] Built target services_actions__rosidl_typesupport_introspection_cpp
[2.821s] running egg_info
[2.943s] writing services_actions.egg-info/PKG-INFO
[2.945s] writing dependency_links to services_actions.egg-info/dependency_links.txt
[2.946s] writing top-level names to services_actions.egg-info/top_level.txt
[3.360s] reading manifest file 'services_actions.egg-info/SOURCES.txt'
[3.376s] writing manifest file 'services_actions.egg-info/SOURCES.txt'
[3.679s] [ 19%] Built target ament_cmake_python_build_services_actions_egg
[3.766s] [ 27%] Built target services_actions__rosidl_typesupport_cpp
[3.841s] [ 36%] Built target services_actions__rosidl_generator_c
[3.922s] [ 40%] Built target count_down_action_server
[3.975s] [ 44%] Built target count_down_action_client
[4.038s] [ 53%] Built target services_actions__rosidl_typesupport_fastrtps_c
[4.091s] [ 61%] Built target services_actions__rosidl_typesupport_introspection_c
[4.140s] [ 70%] Built target services_actions__rosidl_typesupport_c
[4.200s] [ 74%] Built target add_two_ints_client
[4.251s] [ 74%] Built target services_actions
[4.315s] [ 78%] Built target add_two_ints_server
[4.378s] [ 80%] Built target services_actions__py
[4.458s] [ 87%] Built target services_actions__rosidl_generator_py
[4.517s] [ 91%] Built target services_actions__rosidl_typesupport_fastrtps_c__pyext
[4.577s] [ 95%] Built target services_actions__rosidl_typesupport_c__pyext
[4.660s] [100%] Built target services_actions__rosidl_typesupport_introspection_c__pyext
[4.699s] Invoked command in '/home/ziad/Ziad_WS/ROS2/work_space/build/services_actions' returned '0': CMAKE_PREFIX_PATH=${CMAKE_PREFIX_PATH}:/opt/ros/humble /usr/bin/cmake --build /home/ziad/Ziad_WS/ROS2/work_space/build/services_actions -- -j4 -l4
[4.707s] Invoking command in '/home/ziad/Ziad_WS/ROS2/work_space/build/services_actions': CMAKE_PREFIX_PATH=${CMAKE_PREFIX_PATH}:/opt/ros/humble /usr/bin/cmake --install /home/ziad/Ziad_WS/ROS2/work_space/build/services_actions
[4.737s] -- Install configuration: ""
[4.738s] -- Up-to-date: /home/ziad/Ziad_WS/ROS2/work_space/install/services_actions/share/ament_index/resource_index/rosidl_interfaces/services_actions
[4.738s] -- Up-to-date: /home/ziad/Ziad_WS/ROS2/work_space/install/services_actions/include/services_actions/services_actions
[4.738s] -- Up-to-date: /home/ziad/Ziad_WS/ROS2/work_space/install/services_actions/include/services_actions/services_actions/action
[4.739s] -- Up-to-date: /home/ziad/Ziad_WS/ROS2/work_space/install/services_actions/include/services_actions/services_actions/action/detail
[4.740s] -- Up-to-date: /home/ziad/Ziad_WS/ROS2/work_space/install/services_actions/include/services_actions/services_actions/action/detail/countdown__type_support.h
[4.740s] -- Up-to-date: /home/ziad/Ziad_WS/ROS2/work_space/install/services_actions/include/services_actions/services_actions/action/detail/countdown__functions.h
[4.741s] -- Up-to-date: /home/ziad/Ziad_WS/ROS2/work_space/install/services_actions/include/services_actions/services_actions/action/detail/countdown__functions.c
[4.741s] -- Up-to-date: /home/ziad/Ziad_WS/ROS2/work_space/install/services_actions/include/services_actions/services_actions/action/detail/countdown__struct.h
[4.741s] -- Up-to-date: /home/ziad/Ziad_WS/ROS2/work_space/install/services_actions/include/services_actions/services_actions/action/countdown.h
[4.741s] -- Up-to-date: /home/ziad/Ziad_WS/ROS2/work_space/install/services_actions/include/services_actions/services_actions/srv
[4.741s] -- Up-to-date: /home/ziad/Ziad_WS/ROS2/work_space/install/services_actions/include/services_actions/services_actions/srv/add_two_int.h
[4.742s] -- Up-to-date: /home/ziad/Ziad_WS/ROS2/work_space/install/services_actions/include/services_actions/services_actions/srv/detail
[4.742s] -- Up-to-date: /home/ziad/Ziad_WS/ROS2/work_space/install/services_actions/include/services_actions/services_actions/srv/detail/add_two_int__struct.h
[4.742s] -- Up-to-date: /home/ziad/Ziad_WS/ROS2/work_space/install/services_actions/include/services_actions/services_actions/srv/detail/add_two_int__functions.h
[4.742s] -- Up-to-date: /home/ziad/Ziad_WS/ROS2/work_space/install/services_actions/include/services_actions/services_actions/srv/detail/add_two_int__functions.c
[4.742s] -- Up-to-date: /home/ziad/Ziad_WS/ROS2/work_space/install/services_actions/include/services_actions/services_actions/srv/detail/add_two_int__type_support.h
[4.743s] -- Up-to-date: /home/ziad/Ziad_WS/ROS2/work_space/install/services_actions/include/services_actions/services_actions/msg
[4.743s] -- Up-to-date: /home/ziad/Ziad_WS/ROS2/work_space/install/services_actions/include/services_actions/services_actions/msg/rosidl_generator_c__visibility_control.h
[4.745s] -- Up-to-date: /home/ziad/Ziad_WS/ROS2/work_space/install/services_actions/share/services_actions/environment/library_path.sh
[4.746s] -- Up-to-date: /home/ziad/Ziad_WS/ROS2/work_space/install/services_actions/share/services_actions/environment/library_path.dsv
[4.746s] -- Up-to-date: /home/ziad/Ziad_WS/ROS2/work_space/install/services_actions/lib/libservices_actions__rosidl_generator_c.so
[4.747s] -- Up-to-date: /home/ziad/Ziad_WS/ROS2/work_space/install/services_actions/include/services_actions/services_actions
[4.747s] -- Up-to-date: /home/ziad/Ziad_WS/ROS2/work_space/install/services_actions/include/services_actions/services_actions/action
[4.747s] -- Up-to-date: /home/ziad/Ziad_WS/ROS2/work_space/install/services_actions/include/services_actions/services_actions/action/detail
[4.747s] -- Up-to-date: /home/ziad/Ziad_WS/ROS2/work_space/install/services_actions/include/services_actions/services_actions/action/detail/countdown__rosidl_typesupport_fastrtps_c.h
[4.747s] -- Up-to-date: /home/ziad/Ziad_WS/ROS2/work_space/install/services_actions/include/services_actions/services_actions/srv
[4.747s] -- Up-to-date: /home/ziad/Ziad_WS/ROS2/work_space/install/services_actions/include/services_actions/services_actions/srv/detail
[4.747s] -- Up-to-date: /home/ziad/Ziad_WS/ROS2/work_space/install/services_actions/include/services_actions/services_actions/srv/detail/add_two_int__rosidl_typesupport_fastrtps_c.h
[4.747s] -- Up-to-date: /home/ziad/Ziad_WS/ROS2/work_space/install/services_actions/include/services_actions/services_actions/msg
[4.747s] -- Up-to-date: /home/ziad/Ziad_WS/ROS2/work_space/install/services_actions/include/services_actions/services_actions/msg/rosidl_typesupport_fastrtps_c__visibility_control.h
[4.748s] -- Up-to-date: /home/ziad/Ziad_WS/ROS2/work_space/install/services_actions/lib/libservices_actions__rosidl_typesupport_fastrtps_c.so
[4.754s] -- Up-to-date: /home/ziad/Ziad_WS/ROS2/work_space/install/services_actions/include/services_actions/services_actions
[4.754s] -- Up-to-date: /home/ziad/Ziad_WS/ROS2/work_space/install/services_actions/include/services_actions/services_actions/action
[4.754s] -- Up-to-date: /home/ziad/Ziad_WS/ROS2/work_space/install/services_actions/include/services_actions/services_actions/action/countdown.hpp
[4.754s] -- Up-to-date: /home/ziad/Ziad_WS/ROS2/work_space/install/services_actions/include/services_actions/services_actions/action/detail
[4.754s] -- Up-to-date: /home/ziad/Ziad_WS/ROS2/work_space/install/services_actions/include/services_actions/services_actions/action/detail/countdown__struct.hpp
[4.755s] -- Up-to-date: /home/ziad/Ziad_WS/ROS2/work_space/install/services_actions/include/services_actions/services_actions/action/detail/countdown__builder.hpp
[4.755s] -- Up-to-date: /home/ziad/Ziad_WS/ROS2/work_space/install/services_actions/include/services_actions/services_actions/action/detail/countdown__traits.hpp
[4.755s] -- Up-to-date: /home/ziad/Ziad_WS/ROS2/work_space/install/services_actions/include/services_actions/services_actions/action/detail/countdown__type_support.hpp
[4.755s] -- Up-to-date: /home/ziad/Ziad_WS/ROS2/work_space/install/services_actions/include/services_actions/services_actions/srv
[4.755s] -- Up-to-date: /home/ziad/Ziad_WS/ROS2/work_space/install/services_actions/include/services_actions/services_actions/srv/detail
[4.755s] -- Up-to-date: /home/ziad/Ziad_WS/ROS2/work_space/install/services_actions/include/services_actions/services_actions/srv/detail/add_two_int__type_support.hpp
[4.756s] -- Up-to-date: /home/ziad/Ziad_WS/ROS2/work_space/install/services_actions/include/services_actions/services_actions/srv/detail/add_two_int__struct.hpp
[4.756s] -- Up-to-date: /home/ziad/Ziad_WS/ROS2/work_space/install/services_actions/include/services_actions/services_actions/srv/detail/add_two_int__builder.hpp
[4.756s] -- Up-to-date: /home/ziad/Ziad_WS/ROS2/work_space/install/services_actions/include/services_actions/services_actions/srv/detail/add_two_int__traits.hpp
[4.756s] -- Up-to-date: /home/ziad/Ziad_WS/ROS2/work_space/install/services_actions/include/services_actions/services_actions/srv/add_two_int.hpp
[4.756s] -- Up-to-date: /home/ziad/Ziad_WS/ROS2/work_space/install/services_actions/include/services_actions/services_actions/msg
[4.756s] -- Up-to-date: /home/ziad/Ziad_WS/ROS2/work_space/install/services_actions/include/services_actions/services_actions/msg/rosidl_generator_cpp__visibility_control.hpp
[4.756s] -- Up-to-date: /home/ziad/Ziad_WS/ROS2/work_space/install/services_actions/include/services_actions/services_actions
[4.757s] -- Up-to-date: /home/ziad/Ziad_WS/ROS2/work_space/install/services_actions/include/services_actions/services_actions/action
[4.757s] -- Up-to-date: /home/ziad/Ziad_WS/ROS2/work_space/install/services_actions/include/services_actions/services_actions/action/detail
[4.757s] -- Up-to-date: /home/ziad/Ziad_WS/ROS2/work_space/install/services_actions/include/services_actions/services_actions/action/detail/dds_fastrtps
[4.757s] -- Up-to-date: /home/ziad/Ziad_WS/ROS2/work_space/install/services_actions/include/services_actions/services_actions/action/detail/countdown__rosidl_typesupport_fastrtps_cpp.hpp
[4.757s] -- Up-to-date: /home/ziad/Ziad_WS/ROS2/work_space/install/services_actions/include/services_actions/services_actions/srv
[4.757s] -- Up-to-date: /home/ziad/Ziad_WS/ROS2/work_space/install/services_actions/include/services_actions/services_actions/srv/detail
[4.757s] -- Up-to-date: /home/ziad/Ziad_WS/ROS2/work_space/install/services_actions/include/services_actions/services_actions/srv/detail/add_two_int__rosidl_typesupport_fastrtps_cpp.hpp
[4.757s] -- Up-to-date: /home/ziad/Ziad_WS/ROS2/work_space/install/services_actions/include/services_actions/services_actions/srv/detail/dds_fastrtps
[4.757s] -- Up-to-date: /home/ziad/Ziad_WS/ROS2/work_space/install/services_actions/include/services_actions/services_actions/msg
[4.758s] -- Up-to-date: /home/ziad/Ziad_WS/ROS2/work_space/install/services_actions/include/services_actions/services_actions/msg/rosidl_typesupport_fastrtps_cpp__visibility_control.h
[4.765s] -- Up-to-date: /home/ziad/Ziad_WS/ROS2/work_space/install/services_actions/lib/libservices_actions__rosidl_typesupport_fastrtps_cpp.so
[4.765s] -- Up-to-date: /home/ziad/Ziad_WS/ROS2/work_space/install/services_actions/include/services_actions/services_actions
[4.765s] -- Up-to-date: /home/ziad/Ziad_WS/ROS2/work_space/install/services_actions/include/services_actions/services_actions/action
[4.766s] -- Up-to-date: /home/ziad/Ziad_WS/ROS2/work_space/install/services_actions/include/services_actions/services_actions/action/detail
[4.766s] -- Up-to-date: /home/ziad/Ziad_WS/ROS2/work_space/install/services_actions/include/services_actions/services_actions/action/detail/countdown__type_support.c
[4.766s] -- Up-to-date: /home/ziad/Ziad_WS/ROS2/work_space/install/services_actions/include/services_actions/services_actions/action/detail/countdown__rosidl_typesupport_introspection_c.h
[4.766s] -- Up-to-date: /home/ziad/Ziad_WS/ROS2/work_space/install/services_actions/include/services_actions/services_actions/srv
[4.766s] -- Up-to-date: /home/ziad/Ziad_WS/ROS2/work_space/install/services_actions/include/services_actions/services_actions/srv/detail
[4.767s] -- Up-to-date: /home/ziad/Ziad_WS/ROS2/work_space/install/services_actions/include/services_actions/services_actions/srv/detail/add_two_int__type_support.c
[4.767s] -- Up-to-date: /home/ziad/Ziad_WS/ROS2/work_space/install/services_actions/include/services_actions/services_actions/srv/detail/add_two_int__rosidl_typesupport_introspection_c.h
[4.768s] -- Up-to-date: /home/ziad/Ziad_WS/ROS2/work_space/install/services_actions/include/services_actions/services_actions/msg
[4.769s] -- Up-to-date: /home/ziad/Ziad_WS/ROS2/work_space/install/services_actions/include/services_actions/services_actions/msg/rosidl_typesupport_introspection_c__visibility_control.h
[4.769s] -- Up-to-date: /home/ziad/Ziad_WS/ROS2/work_space/install/services_actions/lib/libservices_actions__rosidl_typesupport_introspection_c.so
[4.770s] -- Up-to-date: /home/ziad/Ziad_WS/ROS2/work_space/install/services_actions/lib/libservices_actions__rosidl_typesupport_c.so
[4.770s] -- Up-to-date: /home/ziad/Ziad_WS/ROS2/work_space/install/services_actions/include/services_actions/services_actions
[4.770s] -- Up-to-date: /home/ziad/Ziad_WS/ROS2/work_space/install/services_actions/include/services_actions/services_actions/action
[4.770s] -- Up-to-date: /home/ziad/Ziad_WS/ROS2/work_space/install/services_actions/include/services_actions/services_actions/action/detail
[4.771s] -- Up-to-date: /home/ziad/Ziad_WS/ROS2/work_space/install/services_actions/include/services_actions/services_actions/action/detail/countdown__rosidl_typesupport_introspection_cpp.hpp
[4.771s] -- Up-to-date: /home/ziad/Ziad_WS/ROS2/work_space/install/services_actions/include/services_actions/services_actions/action/detail/countdown__type_support.cpp
[4.771s] -- Up-to-date: /home/ziad/Ziad_WS/ROS2/work_space/install/services_actions/include/services_actions/services_actions/srv
[4.774s] -- Up-to-date: /home/ziad/Ziad_WS/ROS2/work_space/install/services_actions/include/services_actions/services_actions/srv/detail
[4.774s] -- Up-to-date: /home/ziad/Ziad_WS/ROS2/work_space/install/services_actions/include/services_actions/services_actions/srv/detail/add_two_int__rosidl_typesupport_introspection_cpp.hpp
[4.775s] -- Up-to-date: /home/ziad/Ziad_WS/ROS2/work_space/install/services_actions/include/services_actions/services_actions/srv/detail/add_two_int__type_support.cpp
[4.776s] -- Up-to-date: /home/ziad/Ziad_WS/ROS2/work_space/install/services_actions/lib/libservices_actions__rosidl_typesupport_introspection_cpp.so
[4.777s] -- Up-to-date: /home/ziad/Ziad_WS/ROS2/work_space/install/services_actions/lib/libservices_actions__rosidl_typesupport_cpp.so
[4.777s] -- Up-to-date: /home/ziad/Ziad_WS/ROS2/work_space/install/services_actions/share/services_actions/environment/pythonpath.sh
[4.778s] -- Up-to-date: /home/ziad/Ziad_WS/ROS2/work_space/install/services_actions/share/services_actions/environment/pythonpath.dsv
[4.778s] -- Up-to-date: /home/ziad/Ziad_WS/ROS2/work_space/install/services_actions/local/lib/python3.10/dist-packages/services_actions-0.0.0-py3.10.egg-info
[4.778s] -- Installing: /home/ziad/Ziad_WS/ROS2/work_space/install/services_actions/local/lib/python3.10/dist-packages/services_actions-0.0.0-py3.10.egg-info/dependency_links.txt
[4.778s] -- Installing: /home/ziad/Ziad_WS/ROS2/work_space/install/services_actions/local/lib/python3.10/dist-packages/services_actions-0.0.0-py3.10.egg-info/top_level.txt
[4.779s] -- Installing: /home/ziad/Ziad_WS/ROS2/work_space/install/services_actions/local/lib/python3.10/dist-packages/services_actions-0.0.0-py3.10.egg-info/PKG-INFO
[4.779s] -- Installing: /home/ziad/Ziad_WS/ROS2/work_space/install/services_actions/local/lib/python3.10/dist-packages/services_actions-0.0.0-py3.10.egg-info/SOURCES.txt
[4.779s] -- Up-to-date: /home/ziad/Ziad_WS/ROS2/work_space/install/services_actions/local/lib/python3.10/dist-packages/services_actions
[4.779s] -- Up-to-date: /home/ziad/Ziad_WS/ROS2/work_space/install/services_actions/local/lib/python3.10/dist-packages/services_actions/_services_actions_s.ep.rosidl_typesupport_fastrtps_c.c
[4.780s] -- Up-to-date: /home/ziad/Ziad_WS/ROS2/work_space/install/services_actions/local/lib/python3.10/dist-packages/services_actions/action
[4.780s] -- Up-to-date: /home/ziad/Ziad_WS/ROS2/work_space/install/services_actions/local/lib/python3.10/dist-packages/services_actions/action/_countdown.py
[4.780s] -- Up-to-date: /home/ziad/Ziad_WS/ROS2/work_space/install/services_actions/local/lib/python3.10/dist-packages/services_actions/action/_countdown_s.c
[4.780s] -- Up-to-date: /home/ziad/Ziad_WS/ROS2/work_space/install/services_actions/local/lib/python3.10/dist-packages/services_actions/action/__init__.py
[4.780s] -- Up-to-date: /home/ziad/Ziad_WS/ROS2/work_space/install/services_actions/local/lib/python3.10/dist-packages/services_actions/services_actions_s__rosidl_typesupport_fastrtps_c.cpython-310-x86_64-linux-gnu.so
[4.780s] -- Up-to-date: /home/ziad/Ziad_WS/ROS2/work_space/install/services_actions/local/lib/python3.10/dist-packages/services_actions/srv
[4.781s] -- Up-to-date: /home/ziad/Ziad_WS/ROS2/work_space/install/services_actions/local/lib/python3.10/dist-packages/services_actions/srv/_add_two_int_s.c
[4.781s] -- Up-to-date: /home/ziad/Ziad_WS/ROS2/work_space/install/services_actions/local/lib/python3.10/dist-packages/services_actions/srv/_add_two_int.py
[4.781s] -- Up-to-date: /home/ziad/Ziad_WS/ROS2/work_space/install/services_actions/local/lib/python3.10/dist-packages/services_actions/srv/__init__.py
[4.781s] -- Up-to-date: /home/ziad/Ziad_WS/ROS2/work_space/install/services_actions/local/lib/python3.10/dist-packages/services_actions/_services_actions_s.ep.rosidl_typesupport_c.c
[4.781s] -- Up-to-date: /home/ziad/Ziad_WS/ROS2/work_space/install/services_actions/local/lib/python3.10/dist-packages/services_actions/_services_actions_s.ep.rosidl_typesupport_introspection_c.c
[4.781s] -- Up-to-date: /home/ziad/Ziad_WS/ROS2/work_space/install/services_actions/local/lib/python3.10/dist-packages/services_actions/services_actions_s__rosidl_typesupport_c.cpython-310-x86_64-linux-gnu.so
[4.782s] -- Up-to-date: /home/ziad/Ziad_WS/ROS2/work_space/install/services_actions/local/lib/python3.10/dist-packages/services_actions/__init__.py
[4.782s] -- Up-to-date: /home/ziad/Ziad_WS/ROS2/work_space/install/services_actions/local/lib/python3.10/dist-packages/services_actions/services_actions_s__rosidl_typesupport_introspection_c.cpython-310-x86_64-linux-gnu.so
[4.782s] -- Up-to-date: /home/ziad/Ziad_WS/ROS2/work_space/install/services_actions/local/lib/python3.10/dist-packages/services_actions/libservices_actions__rosidl_generator_py.so
[4.882s] Listing '/home/ziad/Ziad_WS/ROS2/work_space/install/services_actions/local/lib/python3.10/dist-packages/services_actions'...
[4.882s] Listing '/home/ziad/Ziad_WS/ROS2/work_space/install/services_actions/local/lib/python3.10/dist-packages/services_actions/action'...
[4.883s] Listing '/home/ziad/Ziad_WS/ROS2/work_space/install/services_actions/local/lib/python3.10/dist-packages/services_actions/srv'...
[4.891s] -- Up-to-date: /home/ziad/Ziad_WS/ROS2/work_space/install/services_actions/local/lib/python3.10/dist-packages/services_actions/services_actions_s__rosidl_typesupport_fastrtps_c.cpython-310-x86_64-linux-gnu.so
[4.892s] -- Up-to-date: /home/ziad/Ziad_WS/ROS2/work_space/install/services_actions/local/lib/python3.10/dist-packages/services_actions/services_actions_s__rosidl_typesupport_introspection_c.cpython-310-x86_64-linux-gnu.so
[4.893s] -- Up-to-date: /home/ziad/Ziad_WS/ROS2/work_space/install/services_actions/local/lib/python3.10/dist-packages/services_actions/services_actions_s__rosidl_typesupport_c.cpython-310-x86_64-linux-gnu.so
[4.893s] -- Up-to-date: /home/ziad/Ziad_WS/ROS2/work_space/install/services_actions/lib/libservices_actions__rosidl_generator_py.so
[4.894s] -- Up-to-date: /home/ziad/Ziad_WS/ROS2/work_space/install/services_actions/share/services_actions/srv/AddTwoInt.idl
[4.894s] -- Up-to-date: /home/ziad/Ziad_WS/ROS2/work_space/install/services_actions/share/services_actions/action/Countdown.idl
[4.895s] -- Up-to-date: /home/ziad/Ziad_WS/ROS2/work_space/install/services_actions/share/services_actions/srv/AddTwoInt.srv
[4.895s] -- Up-to-date: /home/ziad/Ziad_WS/ROS2/work_space/install/services_actions/share/services_actions/srv/AddTwoInt_Request.msg
[4.895s] -- Up-to-date: /home/ziad/Ziad_WS/ROS2/work_space/install/services_actions/share/services_actions/srv/AddTwoInt_Response.msg
[4.895s] -- Up-to-date: /home/ziad/Ziad_WS/ROS2/work_space/install/services_actions/share/services_actions/action/Countdown.action
[4.896s] -- Up-to-date: /home/ziad/Ziad_WS/ROS2/work_space/install/services_actions/lib/services_actions/add_two_ints_server
[4.897s] -- Up-to-date: /home/ziad/Ziad_WS/ROS2/work_space/install/services_actions/lib/services_actions/add_two_ints_client
[4.898s] -- Up-to-date: /home/ziad/Ziad_WS/ROS2/work_space/install/services_actions/lib/services_actions/count_down_action_server
[4.900s] -- Up-to-date: /home/ziad/Ziad_WS/ROS2/work_space/install/services_actions/lib/services_actions/count_down_action_client
[4.900s] -- Up-to-date: /home/ziad/Ziad_WS/ROS2/work_space/install/services_actions/share/services_actions/launch
[4.900s] -- Up-to-date: /home/ziad/Ziad_WS/ROS2/work_space/install/services_actions/share/services_actions/launch/run_action.launch.py
[4.901s] -- Up-to-date: /home/ziad/Ziad_WS/ROS2/work_space/install/services_actions/share/services_actions/launch/run_service.launch.py
[4.901s] -- Up-to-date: /home/ziad/Ziad_WS/ROS2/work_space/install/services_actions/share/services_actions/launch/run.launch.py
[4.901s] -- Up-to-date: /home/ziad/Ziad_WS/ROS2/work_space/install/services_actions/share/ament_index/resource_index/package_run_dependencies/services_actions
[4.901s] -- Up-to-date: /home/ziad/Ziad_WS/ROS2/work_space/install/services_actions/share/ament_index/resource_index/parent_prefix_path/services_actions
[4.901s] -- Up-to-date: /home/ziad/Ziad_WS/ROS2/work_space/install/services_actions/share/services_actions/environment/ament_prefix_path.sh
[4.901s] -- Up-to-date: /home/ziad/Ziad_WS/ROS2/work_space/install/services_actions/share/services_actions/environment/ament_prefix_path.dsv
[4.902s] -- Up-to-date: /home/ziad/Ziad_WS/ROS2/work_space/install/services_actions/share/services_actions/environment/path.sh
[4.902s] -- Up-to-date: /home/ziad/Ziad_WS/ROS2/work_space/install/services_actions/share/services_actions/environment/path.dsv
[4.902s] -- Up-to-date: /home/ziad/Ziad_WS/ROS2/work_space/install/services_actions/share/services_actions/local_setup.bash
[4.902s] -- Up-to-date: /home/ziad/Ziad_WS/ROS2/work_space/install/services_actions/share/services_actions/local_setup.sh
[4.902s] -- Up-to-date: /home/ziad/Ziad_WS/ROS2/work_space/install/services_actions/share/services_actions/local_setup.zsh
[4.902s] -- Up-to-date: /home/ziad/Ziad_WS/ROS2/work_space/install/services_actions/share/services_actions/local_setup.dsv
[4.902s] -- Installing: /home/ziad/Ziad_WS/ROS2/work_space/install/services_actions/share/services_actions/package.dsv
[4.903s] -- Up-to-date: /home/ziad/Ziad_WS/ROS2/work_space/install/services_actions/share/ament_index/resource_index/packages/services_actions
[4.904s] -- Up-to-date: /home/ziad/Ziad_WS/ROS2/work_space/install/services_actions/share/services_actions/cmake/export_services_actions__rosidl_generator_cExport.cmake
[4.904s] -- Up-to-date: /home/ziad/Ziad_WS/ROS2/work_space/install/services_actions/share/services_actions/cmake/export_services_actions__rosidl_generator_cExport-noconfig.cmake
[4.905s] -- Up-to-date: /home/ziad/Ziad_WS/ROS2/work_space/install/services_actions/share/services_actions/cmake/export_services_actions__rosidl_typesupport_fastrtps_cExport.cmake
[4.905s] -- Up-to-date: /home/ziad/Ziad_WS/ROS2/work_space/install/services_actions/share/services_actions/cmake/export_services_actions__rosidl_typesupport_fastrtps_cExport-noconfig.cmake
[4.905s] -- Up-to-date: /home/ziad/Ziad_WS/ROS2/work_space/install/services_actions/share/services_actions/cmake/export_services_actions__rosidl_generator_cppExport.cmake
[4.906s] -- Up-to-date: /home/ziad/Ziad_WS/ROS2/work_space/install/services_actions/share/services_actions/cmake/export_services_actions__rosidl_typesupport_fastrtps_cppExport.cmake
[4.906s] -- Up-to-date: /home/ziad/Ziad_WS/ROS2/work_space/install/services_actions/share/services_actions/cmake/export_services_actions__rosidl_typesupport_fastrtps_cppExport-noconfig.cmake
[4.906s] -- Up-to-date: /home/ziad/Ziad_WS/ROS2/work_space/install/services_actions/share/services_actions/cmake/services_actions__rosidl_typesupport_introspection_cExport.cmake
[4.907s] -- Up-to-date: /home/ziad/Ziad_WS/ROS2/work_space/install/services_actions/share/services_actions/cmake/services_actions__rosidl_typesupport_introspection_cExport-noconfig.cmake
[4.907s] -- Up-to-date: /home/ziad/Ziad_WS/ROS2/work_space/install/services_actions/share/services_actions/cmake/services_actions__rosidl_typesupport_cExport.cmake
[4.907s] -- Up-to-date: /home/ziad/Ziad_WS/ROS2/work_space/install/services_actions/share/services_actions/cmake/services_actions__rosidl_typesupport_cExport-noconfig.cmake
[4.908s] -- Up-to-date: /home/ziad/Ziad_WS/ROS2/work_space/install/services_actions/share/services_actions/cmake/services_actions__rosidl_typesupport_introspection_cppExport.cmake
[4.908s] -- Up-to-date: /home/ziad/Ziad_WS/ROS2/work_space/install/services_actions/share/services_actions/cmake/services_actions__rosidl_typesupport_introspection_cppExport-noconfig.cmake
[4.908s] -- Up-to-date: /home/ziad/Ziad_WS/ROS2/work_space/install/services_actions/share/services_actions/cmake/services_actions__rosidl_typesupport_cppExport.cmake
[4.908s] -- Up-to-date: /home/ziad/Ziad_WS/ROS2/work_space/install/services_actions/share/services_actions/cmake/services_actions__rosidl_typesupport_cppExport-noconfig.cmake
[4.909s] -- Up-to-date: /home/ziad/Ziad_WS/ROS2/work_space/install/services_actions/share/services_actions/cmake/export_services_actions__rosidl_generator_pyExport.cmake
[4.909s] -- Up-to-date: /home/ziad/Ziad_WS/ROS2/work_space/install/services_actions/share/services_actions/cmake/export_services_actions__rosidl_generator_pyExport-noconfig.cmake
[4.909s] -- Up-to-date: /home/ziad/Ziad_WS/ROS2/work_space/install/services_actions/share/services_actions/cmake/rosidl_cmake-extras.cmake
[4.909s] -- Up-to-date: /home/ziad/Ziad_WS/ROS2/work_space/install/services_actions/share/services_actions/cmake/ament_cmake_export_dependencies-extras.cmake
[4.910s] -- Up-to-date: /home/ziad/Ziad_WS/ROS2/work_space/install/services_actions/share/services_actions/cmake/ament_cmake_export_include_directories-extras.cmake
[4.910s] -- Up-to-date: /home/ziad/Ziad_WS/ROS2/work_space/install/services_actions/share/services_actions/cmake/ament_cmake_export_libraries-extras.cmake
[4.910s] -- Up-to-date: /home/ziad/Ziad_WS/ROS2/work_space/install/services_actions/share/services_actions/cmake/ament_cmake_export_targets-extras.cmake
[4.910s] -- Up-to-date: /home/ziad/Ziad_WS/ROS2/work_space/install/services_actions/share/services_actions/cmake/rosidl_cmake_export_typesupport_targets-extras.cmake
[4.910s] -- Up-to-date: /home/ziad/Ziad_WS/ROS2/work_space/install/services_actions/share/services_actions/cmake/rosidl_cmake_export_typesupport_libraries-extras.cmake
[4.910s] -- Up-to-date: /home/ziad/Ziad_WS/ROS2/work_space/install/services_actions/share/services_actions/cmake/services_actionsConfig.cmake
[4.911s] -- Up-to-date: /home/ziad/Ziad_WS/ROS2/work_space/install/services_actions/share/services_actions/cmake/services_actionsConfig-version.cmake
[4.911s] -- Up-to-date: /home/ziad/Ziad_WS/ROS2/work_space/install/services_actions/share/services_actions/package.xml
[4.914s] Invoked command in '/home/ziad/Ziad_WS/ROS2/work_space/build/services_actions' returned '0': CMAKE_PREFIX_PATH=${CMAKE_PREFIX_PATH}:/opt/ros/humble /usr/bin/cmake --install /home/ziad/Ziad_WS/ROS2/work_space/build/services_actions
