[0.016s] Invoking command in '/home/ziad/Ziad_WS/ROS2/work_space/src/ros2_urdf/build/ros2_urdf': CMAKE_PREFIX_PATH=${CMAKE_PREFIX_PATH}:/home/ziad/turtlebot3_ws/install/turtlebot3_teleop:/home/ziad/turtlebot3_ws/install/turtlebot3_example:/opt/ros/humble /usr/bin/cmake --build /home/ziad/Ziad_WS/ROS2/work_space/src/ros2_urdf/build/ros2_urdf -- -j4 -l4
[0.065s] Invoked command in '/home/ziad/Ziad_WS/ROS2/work_space/src/ros2_urdf/build/ros2_urdf' returned '0': CMAKE_PREFIX_PATH=${CMAKE_PREFIX_PATH}:/home/ziad/turtlebot3_ws/install/turtlebot3_teleop:/home/ziad/turtlebot3_ws/install/turtlebot3_example:/opt/ros/humble /usr/bin/cmake --build /home/ziad/Ziad_WS/ROS2/work_space/src/ros2_urdf/build/ros2_urdf -- -j4 -l4
[0.078s] Invoking command in '/home/ziad/Ziad_WS/ROS2/work_space/src/ros2_urdf/build/ros2_urdf': CMAKE_PREFIX_PATH=${CMAKE_PREFIX_PATH}:/home/ziad/turtlebot3_ws/install/turtlebot3_teleop:/home/ziad/turtlebot3_ws/install/turtlebot3_example:/opt/ros/humble /usr/bin/cmake --install /home/ziad/Ziad_WS/ROS2/work_space/src/ros2_urdf/build/ros2_urdf
[0.087s] -- Install configuration: ""
[0.087s] -- Up-to-date: /home/ziad/Ziad_WS/ROS2/work_space/src/ros2_urdf/install/ros2_urdf/share/ros2_urdf/urdf
[0.087s] -- Up-to-date: /home/ziad/Ziad_WS/ROS2/work_space/src/ros2_urdf/install/ros2_urdf/share/ros2_urdf/urdf/simple_robot.urdf
[0.087s] -- Up-to-date: /home/ziad/Ziad_WS/ROS2/work_space/src/ros2_urdf/install/ros2_urdf/share/ros2_urdf/urdf/three_wheel_robot.urdf
[0.088s] -- Up-to-date: /home/ziad/Ziad_WS/ROS2/work_space/src/ros2_urdf/install/ros2_urdf/share/ros2_urdf/launch
[0.088s] -- Installing: /home/ziad/Ziad_WS/ROS2/work_space/src/ros2_urdf/install/ros2_urdf/share/ros2_urdf/launch/display_rviz2.launch.py
[0.088s] -- Up-to-date: /home/ziad/Ziad_WS/ROS2/work_space/src/ros2_urdf/install/ros2_urdf/share/ament_index/resource_index/package_run_dependencies/ros2_urdf
[0.088s] -- Up-to-date: /home/ziad/Ziad_WS/ROS2/work_space/src/ros2_urdf/install/ros2_urdf/share/ament_index/resource_index/parent_prefix_path/ros2_urdf
[0.088s] -- Up-to-date: /home/ziad/Ziad_WS/ROS2/work_space/src/ros2_urdf/install/ros2_urdf/share/ros2_urdf/environment/ament_prefix_path.sh
[0.089s] -- Up-to-date: /home/ziad/Ziad_WS/ROS2/work_space/src/ros2_urdf/install/ros2_urdf/share/ros2_urdf/environment/ament_prefix_path.dsv
[0.089s] -- Up-to-date: /home/ziad/Ziad_WS/ROS2/work_space/src/ros2_urdf/install/ros2_urdf/share/ros2_urdf/environment/path.sh
[0.089s] -- Up-to-date: /home/ziad/Ziad_WS/ROS2/work_space/src/ros2_urdf/install/ros2_urdf/share/ros2_urdf/environment/path.dsv
[0.089s] -- Up-to-date: /home/ziad/Ziad_WS/ROS2/work_space/src/ros2_urdf/install/ros2_urdf/share/ros2_urdf/local_setup.bash
[0.089s] -- Up-to-date: /home/ziad/Ziad_WS/ROS2/work_space/src/ros2_urdf/install/ros2_urdf/share/ros2_urdf/local_setup.sh
[0.089s] -- Up-to-date: /home/ziad/Ziad_WS/ROS2/work_space/src/ros2_urdf/install/ros2_urdf/share/ros2_urdf/local_setup.zsh
[0.089s] -- Up-to-date: /home/ziad/Ziad_WS/ROS2/work_space/src/ros2_urdf/install/ros2_urdf/share/ros2_urdf/local_setup.dsv
[0.089s] -- Up-to-date: /home/ziad/Ziad_WS/ROS2/work_space/src/ros2_urdf/install/ros2_urdf/share/ros2_urdf/package.dsv
[0.089s] -- Up-to-date: /home/ziad/Ziad_WS/ROS2/work_space/src/ros2_urdf/install/ros2_urdf/share/ament_index/resource_index/packages/ros2_urdf
[0.090s] -- Up-to-date: /home/ziad/Ziad_WS/ROS2/work_space/src/ros2_urdf/install/ros2_urdf/share/ros2_urdf/cmake/ros2_urdfConfig.cmake
[0.090s] -- Up-to-date: /home/ziad/Ziad_WS/ROS2/work_space/src/ros2_urdf/install/ros2_urdf/share/ros2_urdf/cmake/ros2_urdfConfig-version.cmake
[0.090s] -- Up-to-date: /home/ziad/Ziad_WS/ROS2/work_space/src/ros2_urdf/install/ros2_urdf/share/ros2_urdf/package.xml
[0.091s] Invoked command in '/home/ziad/Ziad_WS/ROS2/work_space/src/ros2_urdf/build/ros2_urdf' returned '0': CMAKE_PREFIX_PATH=${CMAKE_PREFIX_PATH}:/home/ziad/turtlebot3_ws/install/turtlebot3_teleop:/home/ziad/turtlebot3_ws/install/turtlebot3_example:/opt/ros/humble /usr/bin/cmake --install /home/ziad/Ziad_WS/ROS2/work_space/src/ros2_urdf/build/ros2_urdf
