-- Found ament_cmake: 1.3.12 (/opt/ros/humble/share/ament_cmake/cmake)
-- Found geometry_msgs: 4.9.0 (/opt/ros/humble/share/geometry_msgs/cmake)
-- Found rosidl_generator_c: 3.1.7 (/opt/ros/humble/share/rosidl_generator_c/cmake)
-- Found rosidl_adapter: 3.1.7 (/opt/ros/humble/share/rosidl_adapter/cmake)
-- Found rosidl_generator_cpp: 3.1.7 (/opt/ros/humble/share/rosidl_generator_cpp/cmake)
-- Using all available rosidl_typesupport_c: rosidl_typesupport_fastrtps_c;rosidl_typesupport_introspection_c
-- Using all available rosidl_typesupport_cpp: rosidl_typesupport_fastrtps_cpp;rosidl_typesupport_introspection_cpp
-- Found rclcpp: 16.0.14 (/opt/ros/humble/share/rclcpp/cmake)
-- Found rmw_implementation_cmake: 6.1.2 (/opt/ros/humble/share/rmw_implementation_cmake/cmake)
-- Found rmw_fastrtps_cpp: 6.2.8 (/opt/ros/humble/share/rmw_fastrtps_cpp/cmake)
-- Using RMW implementation 'rmw_fastrtps_cpp' as default
-- Found ament_lint_auto: 0.12.14 (/opt/ros/humble/share/ament_lint_auto/cmake)
-- Added test 'cppcheck' to perform static code analysis on C / C++ code
-- Configured cppcheck include dirs: 
-- Configured cppcheck exclude dirs and/or files: 
-- Added test 'flake8' to check Python code syntax and style conventions
-- Added test 'lint_cmake' to check CMake code style
-- Added test 'pep257' to check Python code against some of the docstring style conventions in PEP 257
-- Added test 'uncrustify' to check C / C++ code style
-- Configured uncrustify additional arguments: 
-- Added test 'xmllint' to check XML markup files
-- Configuring done
-- Generating done
-- Build files have been written to: /home/ziad/Ziad_WS/ROS2/work_space/build/custom_robot
[35m[1mConsolidate compiler generated dependencies of target cmd_vel_publisher[0m
[35m[1mConsolidate compiler generated dependencies of target teleop_keyboard[0m
[ 50%] Built target cmd_vel_publisher
[100%] Built target teleop_keyboard
-- Install configuration: ""
-- Up-to-date: /home/ziad/Ziad_WS/ROS2/work_space/install/custom_robot/lib/custom_robot/cmd_vel_publisher
-- Up-to-date: /home/ziad/Ziad_WS/ROS2/work_space/install/custom_robot/lib/custom_robot/teleop_keyboard
-- Up-to-date: /home/ziad/Ziad_WS/ROS2/work_space/install/custom_robot/share/custom_robot/urdf
-- Up-to-date: /home/ziad/Ziad_WS/ROS2/work_space/install/custom_robot/share/custom_robot/urdf/custom_robot.urdf.xacro
-- Up-to-date: /home/ziad/Ziad_WS/ROS2/work_space/install/custom_robot/share/custom_robot/launch
-- Installing: /home/ziad/Ziad_WS/ROS2/work_space/install/custom_robot/share/custom_robot/launch/gazebo.launch.py
-- Up-to-date: /home/ziad/Ziad_WS/ROS2/work_space/install/custom_robot/share/custom_robot/launch/display_rviz2.launch.py
-- Up-to-date: /home/ziad/Ziad_WS/ROS2/work_space/install/custom_robot/share/custom_robot/worlds
-- Up-to-date: /home/ziad/Ziad_WS/ROS2/work_space/install/custom_robot/share/custom_robot/worlds/city_world.sdf
-- Up-to-date: /home/ziad/Ziad_WS/ROS2/work_space/install/custom_robot/share/ament_index/resource_index/package_run_dependencies/custom_robot
-- Up-to-date: /home/ziad/Ziad_WS/ROS2/work_space/install/custom_robot/share/ament_index/resource_index/parent_prefix_path/custom_robot
-- Up-to-date: /home/ziad/Ziad_WS/ROS2/work_space/install/custom_robot/share/custom_robot/environment/ament_prefix_path.sh
-- Installing: /home/ziad/Ziad_WS/ROS2/work_space/install/custom_robot/share/custom_robot/environment/ament_prefix_path.dsv
-- Up-to-date: /home/ziad/Ziad_WS/ROS2/work_space/install/custom_robot/share/custom_robot/environment/path.sh
-- Installing: /home/ziad/Ziad_WS/ROS2/work_space/install/custom_robot/share/custom_robot/environment/path.dsv
-- Up-to-date: /home/ziad/Ziad_WS/ROS2/work_space/install/custom_robot/share/custom_robot/local_setup.bash
-- Up-to-date: /home/ziad/Ziad_WS/ROS2/work_space/install/custom_robot/share/custom_robot/local_setup.sh
-- Up-to-date: /home/ziad/Ziad_WS/ROS2/work_space/install/custom_robot/share/custom_robot/local_setup.zsh
-- Installing: /home/ziad/Ziad_WS/ROS2/work_space/install/custom_robot/share/custom_robot/local_setup.dsv
-- Installing: /home/ziad/Ziad_WS/ROS2/work_space/install/custom_robot/share/custom_robot/package.dsv
-- Up-to-date: /home/ziad/Ziad_WS/ROS2/work_space/install/custom_robot/share/ament_index/resource_index/packages/custom_robot
-- Up-to-date: /home/ziad/Ziad_WS/ROS2/work_space/install/custom_robot/share/custom_robot/cmake/custom_robotConfig.cmake
-- Up-to-date: /home/ziad/Ziad_WS/ROS2/work_space/install/custom_robot/share/custom_robot/cmake/custom_robotConfig-version.cmake
-- Up-to-date: /home/ziad/Ziad_WS/ROS2/work_space/install/custom_robot/share/custom_robot/package.xml
