[0.032s] Invoking command in '/home/ziad/Ziad_WS/ROS2/work_space/build/custom_robot': CMAKE_PREFIX_PATH=${CMAKE_PREFIX_PATH}:/opt/ros/humble /usr/bin/cmake --build /home/ziad/Ziad_WS/ROS2/work_space/build/custom_robot -- -j4 -l4
[0.084s] -- Found ament_cmake: 1.3.12 (/opt/ros/humble/share/ament_cmake/cmake)
[0.534s] -- Found geometry_msgs: 4.9.0 (/opt/ros/humble/share/geometry_msgs/cmake)
[0.591s] -- Found rosidl_generator_c: 3.1.7 (/opt/ros/humble/share/rosidl_generator_c/cmake)
[0.601s] -- Found rosidl_adapter: 3.1.7 (/opt/ros/humble/share/rosidl_adapter/cmake)
[0.621s] -- Found rosidl_generator_cpp: 3.1.7 (/opt/ros/humble/share/rosidl_generator_cpp/cmake)
[0.658s] -- Using all available rosidl_typesupport_c: rosidl_typesupport_fastrtps_c;rosidl_typesupport_introspection_c
[0.680s] -- Using all available rosidl_typesupport_cpp: rosidl_typesupport_fastrtps_cpp;rosidl_typesupport_introspection_cpp
[0.740s] -- Found rclcpp: 16.0.14 (/opt/ros/humble/share/rclcpp/cmake)
[0.781s] -- Found rmw_implementation_cmake: 6.1.2 (/opt/ros/humble/share/rmw_implementation_cmake/cmake)
[0.784s] -- Found rmw_fastrtps_cpp: 6.2.8 (/opt/ros/humble/share/rmw_fastrtps_cpp/cmake)
[0.932s] -- Using RMW implementation 'rmw_fastrtps_cpp' as default
[0.981s] -- Found ament_lint_auto: 0.12.14 (/opt/ros/humble/share/ament_lint_auto/cmake)
[1.099s] -- Added test 'cppcheck' to perform static code analysis on C / C++ code
[1.099s] -- Configured cppcheck include dirs: 
[1.099s] -- Configured cppcheck exclude dirs and/or files: 
[1.100s] -- Added test 'flake8' to check Python code syntax and style conventions
[1.100s] -- Added test 'lint_cmake' to check CMake code style
[1.101s] -- Added test 'pep257' to check Python code against some of the docstring style conventions in PEP 257
[1.102s] -- Added test 'uncrustify' to check C / C++ code style
[1.103s] -- Configured uncrustify additional arguments: 
[1.103s] -- Added test 'xmllint' to check XML markup files
[1.104s] -- Configuring done
[1.120s] -- Generating done
[1.127s] -- Build files have been written to: /home/ziad/Ziad_WS/ROS2/work_space/build/custom_robot
[1.161s] [35m[1mConsolidate compiler generated dependencies of target cmd_vel_publisher[0m
[1.167s] [35m[1mConsolidate compiler generated dependencies of target teleop_keyboard[0m
[1.175s] [ 50%] Built target cmd_vel_publisher
[1.187s] [100%] Built target teleop_keyboard
[1.201s] Invoked command in '/home/ziad/Ziad_WS/ROS2/work_space/build/custom_robot' returned '0': CMAKE_PREFIX_PATH=${CMAKE_PREFIX_PATH}:/opt/ros/humble /usr/bin/cmake --build /home/ziad/Ziad_WS/ROS2/work_space/build/custom_robot -- -j4 -l4
[1.204s] Invoking command in '/home/ziad/Ziad_WS/ROS2/work_space/build/custom_robot': CMAKE_PREFIX_PATH=${CMAKE_PREFIX_PATH}:/opt/ros/humble /usr/bin/cmake --install /home/ziad/Ziad_WS/ROS2/work_space/build/custom_robot
[1.213s] -- Install configuration: ""
[1.213s] -- Up-to-date: /home/ziad/Ziad_WS/ROS2/work_space/install/custom_robot/lib/custom_robot/cmd_vel_publisher
[1.213s] -- Up-to-date: /home/ziad/Ziad_WS/ROS2/work_space/install/custom_robot/lib/custom_robot/teleop_keyboard
[1.214s] -- Up-to-date: /home/ziad/Ziad_WS/ROS2/work_space/install/custom_robot/share/custom_robot/urdf
[1.214s] -- Up-to-date: /home/ziad/Ziad_WS/ROS2/work_space/install/custom_robot/share/custom_robot/urdf/custom_robot.urdf.xacro
[1.214s] -- Up-to-date: /home/ziad/Ziad_WS/ROS2/work_space/install/custom_robot/share/custom_robot/launch
[1.214s] -- Installing: /home/ziad/Ziad_WS/ROS2/work_space/install/custom_robot/share/custom_robot/launch/gazebo.launch.py
[1.214s] -- Up-to-date: /home/ziad/Ziad_WS/ROS2/work_space/install/custom_robot/share/custom_robot/launch/display_rviz2.launch.py
[1.215s] -- Up-to-date: /home/ziad/Ziad_WS/ROS2/work_space/install/custom_robot/share/custom_robot/worlds
[1.215s] -- Up-to-date: /home/ziad/Ziad_WS/ROS2/work_space/install/custom_robot/share/custom_robot/worlds/city_world.sdf
[1.215s] -- Up-to-date: /home/ziad/Ziad_WS/ROS2/work_space/install/custom_robot/share/ament_index/resource_index/package_run_dependencies/custom_robot
[1.215s] -- Up-to-date: /home/ziad/Ziad_WS/ROS2/work_space/install/custom_robot/share/ament_index/resource_index/parent_prefix_path/custom_robot
[1.215s] -- Up-to-date: /home/ziad/Ziad_WS/ROS2/work_space/install/custom_robot/share/custom_robot/environment/ament_prefix_path.sh
[1.215s] -- Installing: /home/ziad/Ziad_WS/ROS2/work_space/install/custom_robot/share/custom_robot/environment/ament_prefix_path.dsv
[1.216s] -- Up-to-date: /home/ziad/Ziad_WS/ROS2/work_space/install/custom_robot/share/custom_robot/environment/path.sh
[1.216s] -- Installing: /home/ziad/Ziad_WS/ROS2/work_space/install/custom_robot/share/custom_robot/environment/path.dsv
[1.216s] -- Up-to-date: /home/ziad/Ziad_WS/ROS2/work_space/install/custom_robot/share/custom_robot/local_setup.bash
[1.216s] -- Up-to-date: /home/ziad/Ziad_WS/ROS2/work_space/install/custom_robot/share/custom_robot/local_setup.sh
[1.216s] -- Up-to-date: /home/ziad/Ziad_WS/ROS2/work_space/install/custom_robot/share/custom_robot/local_setup.zsh
[1.216s] -- Installing: /home/ziad/Ziad_WS/ROS2/work_space/install/custom_robot/share/custom_robot/local_setup.dsv
[1.216s] -- Installing: /home/ziad/Ziad_WS/ROS2/work_space/install/custom_robot/share/custom_robot/package.dsv
[1.217s] -- Up-to-date: /home/ziad/Ziad_WS/ROS2/work_space/install/custom_robot/share/ament_index/resource_index/packages/custom_robot
[1.217s] -- Up-to-date: /home/ziad/Ziad_WS/ROS2/work_space/install/custom_robot/share/custom_robot/cmake/custom_robotConfig.cmake
[1.217s] -- Up-to-date: /home/ziad/Ziad_WS/ROS2/work_space/install/custom_robot/share/custom_robot/cmake/custom_robotConfig-version.cmake
[1.217s] -- Up-to-date: /home/ziad/Ziad_WS/ROS2/work_space/install/custom_robot/share/custom_robot/package.xml
[1.218s] Invoked command in '/home/ziad/Ziad_WS/ROS2/work_space/build/custom_robot' returned '0': CMAKE_PREFIX_PATH=${CMAKE_PREFIX_PATH}:/opt/ros/humble /usr/bin/cmake --install /home/ziad/Ziad_WS/ROS2/work_space/build/custom_robot
