[0.031s] Invoking command in '/home/ziad/Ziad_WS/ROS2/work_space/build/services_actions': CMAKE_PREFIX_PATH=${CMAKE_PREFIX_PATH}:/opt/ros/humble /usr/bin/cmake --build /home/ziad/Ziad_WS/ROS2/work_space/build/services_actions -- -j4 -l4
[0.160s] [  2%] Built target services_actions__cpp
[0.172s] [ 10%] Built target services_actions__rosidl_generator_c
[0.196s] [ 10%] Built target ament_cmake_python_copy_services_actions
[0.225s] [ 19%] Built target services_actions__rosidl_typesupport_fastrtps_cpp
[0.228s] [ 27%] Built target services_actions__rosidl_typesupport_cpp
[0.234s] [ 36%] Built target services_actions__rosidl_typesupport_introspection_cpp
[0.255s] [ 44%] Built target services_actions__rosidl_typesupport_fastrtps_c
[0.393s] [ 61%] Built target services_actions__rosidl_typesupport_introspection_c
[0.393s] [ 61%] Built target services_actions__rosidl_typesupport_c
[0.434s] [ 65%] Built target add_two_ints_server
[0.434s] [ 70%] Built target count_down_action_server
[0.436s] [ 74%] Built target add_two_ints_client
[0.436s] [ 78%] Built target count_down_action_client
[0.436s] [ 78%] Built target services_actions
[0.462s] [ 80%] Built target services_actions__py
[0.515s] [ 87%] Built target services_actions__rosidl_generator_py
[0.563s] [ 91%] Built target services_actions__rosidl_typesupport_c__pyext
[0.565s] [ 95%] Built target services_actions__rosidl_typesupport_introspection_c__pyext
[0.570s] [100%] Built target services_actions__rosidl_typesupport_fastrtps_c__pyext
[0.991s] running egg_info
[1.023s] writing services_actions.egg-info/PKG-INFO
[1.023s] writing dependency_links to services_actions.egg-info/dependency_links.txt
[1.023s] writing top-level names to services_actions.egg-info/top_level.txt
[1.115s] reading manifest file 'services_actions.egg-info/SOURCES.txt'
[1.116s] writing manifest file 'services_actions.egg-info/SOURCES.txt'
[1.175s] [100%] Built target ament_cmake_python_build_services_actions_egg
[1.188s] Invoked command in '/home/ziad/Ziad_WS/ROS2/work_space/build/services_actions' returned '0': CMAKE_PREFIX_PATH=${CMAKE_PREFIX_PATH}:/opt/ros/humble /usr/bin/cmake --build /home/ziad/Ziad_WS/ROS2/work_space/build/services_actions -- -j4 -l4
[1.190s] Invoking command in '/home/ziad/Ziad_WS/ROS2/work_space/build/services_actions': CMAKE_PREFIX_PATH=${CMAKE_PREFIX_PATH}:/opt/ros/humble /usr/bin/cmake --install /home/ziad/Ziad_WS/ROS2/work_space/build/services_actions
[1.200s] -- Install configuration: ""
[1.200s] -- Up-to-date: /home/ziad/Ziad_WS/ROS2/work_space/install/services_actions/share/ament_index/resource_index/rosidl_interfaces/services_actions
[1.201s] -- Up-to-date: /home/ziad/Ziad_WS/ROS2/work_space/install/services_actions/include/services_actions/services_actions
[1.201s] -- Up-to-date: /home/ziad/Ziad_WS/ROS2/work_space/install/services_actions/include/services_actions/services_actions/action
[1.201s] -- Up-to-date: /home/ziad/Ziad_WS/ROS2/work_space/install/services_actions/include/services_actions/services_actions/action/detail
[1.201s] -- Up-to-date: /home/ziad/Ziad_WS/ROS2/work_space/install/services_actions/include/services_actions/services_actions/action/detail/countdown__type_support.h
[1.201s] -- Up-to-date: /home/ziad/Ziad_WS/ROS2/work_space/install/services_actions/include/services_actions/services_actions/action/detail/countdown__functions.h
[1.201s] -- Up-to-date: /home/ziad/Ziad_WS/ROS2/work_space/install/services_actions/include/services_actions/services_actions/action/detail/countdown__functions.c
[1.201s] -- Up-to-date: /home/ziad/Ziad_WS/ROS2/work_space/install/services_actions/include/services_actions/services_actions/action/detail/countdown__struct.h
[1.202s] -- Up-to-date: /home/ziad/Ziad_WS/ROS2/work_space/install/services_actions/include/services_actions/services_actions/action/countdown.h
[1.202s] -- Up-to-date: /home/ziad/Ziad_WS/ROS2/work_space/install/services_actions/include/services_actions/services_actions/srv
[1.202s] -- Up-to-date: /home/ziad/Ziad_WS/ROS2/work_space/install/services_actions/include/services_actions/services_actions/srv/add_two_int.h
[1.202s] -- Up-to-date: /home/ziad/Ziad_WS/ROS2/work_space/install/services_actions/include/services_actions/services_actions/srv/detail
[1.202s] -- Up-to-date: /home/ziad/Ziad_WS/ROS2/work_space/install/services_actions/include/services_actions/services_actions/srv/detail/add_two_int__struct.h
[1.202s] -- Up-to-date: /home/ziad/Ziad_WS/ROS2/work_space/install/services_actions/include/services_actions/services_actions/srv/detail/add_two_int__functions.h
[1.202s] -- Up-to-date: /home/ziad/Ziad_WS/ROS2/work_space/install/services_actions/include/services_actions/services_actions/srv/detail/add_two_int__functions.c
[1.203s] -- Up-to-date: /home/ziad/Ziad_WS/ROS2/work_space/install/services_actions/include/services_actions/services_actions/srv/detail/add_two_int__type_support.h
[1.203s] -- Up-to-date: /home/ziad/Ziad_WS/ROS2/work_space/install/services_actions/include/services_actions/services_actions/msg
[1.203s] -- Up-to-date: /home/ziad/Ziad_WS/ROS2/work_space/install/services_actions/include/services_actions/services_actions/msg/rosidl_generator_c__visibility_control.h
[1.203s] -- Up-to-date: /home/ziad/Ziad_WS/ROS2/work_space/install/services_actions/share/services_actions/environment/library_path.sh
[1.203s] -- Up-to-date: /home/ziad/Ziad_WS/ROS2/work_space/install/services_actions/share/services_actions/environment/library_path.dsv
[1.203s] -- Up-to-date: /home/ziad/Ziad_WS/ROS2/work_space/install/services_actions/lib/libservices_actions__rosidl_generator_c.so
[1.203s] -- Up-to-date: /home/ziad/Ziad_WS/ROS2/work_space/install/services_actions/include/services_actions/services_actions
[1.204s] -- Up-to-date: /home/ziad/Ziad_WS/ROS2/work_space/install/services_actions/include/services_actions/services_actions/action
[1.204s] -- Up-to-date: /home/ziad/Ziad_WS/ROS2/work_space/install/services_actions/include/services_actions/services_actions/action/detail
[1.204s] -- Up-to-date: /home/ziad/Ziad_WS/ROS2/work_space/install/services_actions/include/services_actions/services_actions/action/detail/countdown__rosidl_typesupport_fastrtps_c.h
[1.204s] -- Up-to-date: /home/ziad/Ziad_WS/ROS2/work_space/install/services_actions/include/services_actions/services_actions/srv
[1.204s] -- Up-to-date: /home/ziad/Ziad_WS/ROS2/work_space/install/services_actions/include/services_actions/services_actions/srv/detail
[1.204s] -- Up-to-date: /home/ziad/Ziad_WS/ROS2/work_space/install/services_actions/include/services_actions/services_actions/srv/detail/add_two_int__rosidl_typesupport_fastrtps_c.h
[1.204s] -- Up-to-date: /home/ziad/Ziad_WS/ROS2/work_space/install/services_actions/include/services_actions/services_actions/msg
[1.204s] -- Up-to-date: /home/ziad/Ziad_WS/ROS2/work_space/install/services_actions/include/services_actions/services_actions/msg/rosidl_typesupport_fastrtps_c__visibility_control.h
[1.204s] -- Up-to-date: /home/ziad/Ziad_WS/ROS2/work_space/install/services_actions/lib/libservices_actions__rosidl_typesupport_fastrtps_c.so
[1.204s] -- Up-to-date: /home/ziad/Ziad_WS/ROS2/work_space/install/services_actions/include/services_actions/services_actions
[1.205s] -- Up-to-date: /home/ziad/Ziad_WS/ROS2/work_space/install/services_actions/include/services_actions/services_actions/action
[1.205s] -- Up-to-date: /home/ziad/Ziad_WS/ROS2/work_space/install/services_actions/include/services_actions/services_actions/action/countdown.hpp
[1.205s] -- Up-to-date: /home/ziad/Ziad_WS/ROS2/work_space/install/services_actions/include/services_actions/services_actions/action/detail
[1.205s] -- Up-to-date: /home/ziad/Ziad_WS/ROS2/work_space/install/services_actions/include/services_actions/services_actions/action/detail/countdown__struct.hpp
[1.205s] -- Up-to-date: /home/ziad/Ziad_WS/ROS2/work_space/install/services_actions/include/services_actions/services_actions/action/detail/countdown__builder.hpp
[1.205s] -- Up-to-date: /home/ziad/Ziad_WS/ROS2/work_space/install/services_actions/include/services_actions/services_actions/action/detail/countdown__traits.hpp
[1.205s] -- Up-to-date: /home/ziad/Ziad_WS/ROS2/work_space/install/services_actions/include/services_actions/services_actions/action/detail/countdown__type_support.hpp
[1.205s] -- Up-to-date: /home/ziad/Ziad_WS/ROS2/work_space/install/services_actions/include/services_actions/services_actions/srv
[1.205s] -- Up-to-date: /home/ziad/Ziad_WS/ROS2/work_space/install/services_actions/include/services_actions/services_actions/srv/detail
[1.205s] -- Up-to-date: /home/ziad/Ziad_WS/ROS2/work_space/install/services_actions/include/services_actions/services_actions/srv/detail/add_two_int__type_support.hpp
[1.205s] -- Up-to-date: /home/ziad/Ziad_WS/ROS2/work_space/install/services_actions/include/services_actions/services_actions/srv/detail/add_two_int__struct.hpp
[1.206s] -- Up-to-date: /home/ziad/Ziad_WS/ROS2/work_space/install/services_actions/include/services_actions/services_actions/srv/detail/add_two_int__builder.hpp
[1.206s] -- Up-to-date: /home/ziad/Ziad_WS/ROS2/work_space/install/services_actions/include/services_actions/services_actions/srv/detail/add_two_int__traits.hpp
[1.206s] -- Up-to-date: /home/ziad/Ziad_WS/ROS2/work_space/install/services_actions/include/services_actions/services_actions/srv/add_two_int.hpp
[1.206s] -- Up-to-date: /home/ziad/Ziad_WS/ROS2/work_space/install/services_actions/include/services_actions/services_actions/msg
[1.206s] -- Up-to-date: /home/ziad/Ziad_WS/ROS2/work_space/install/services_actions/include/services_actions/services_actions/msg/rosidl_generator_cpp__visibility_control.hpp
[1.206s] -- Up-to-date: /home/ziad/Ziad_WS/ROS2/work_space/install/services_actions/include/services_actions/services_actions
[1.206s] -- Up-to-date: /home/ziad/Ziad_WS/ROS2/work_space/install/services_actions/include/services_actions/services_actions/action
[1.206s] -- Up-to-date: /home/ziad/Ziad_WS/ROS2/work_space/install/services_actions/include/services_actions/services_actions/action/detail
[1.206s] -- Up-to-date: /home/ziad/Ziad_WS/ROS2/work_space/install/services_actions/include/services_actions/services_actions/action/detail/dds_fastrtps
[1.206s] -- Up-to-date: /home/ziad/Ziad_WS/ROS2/work_space/install/services_actions/include/services_actions/services_actions/action/detail/countdown__rosidl_typesupport_fastrtps_cpp.hpp
[1.206s] -- Up-to-date: /home/ziad/Ziad_WS/ROS2/work_space/install/services_actions/include/services_actions/services_actions/srv
[1.207s] -- Up-to-date: /home/ziad/Ziad_WS/ROS2/work_space/install/services_actions/include/services_actions/services_actions/srv/detail
[1.207s] -- Up-to-date: /home/ziad/Ziad_WS/ROS2/work_space/install/services_actions/include/services_actions/services_actions/srv/detail/add_two_int__rosidl_typesupport_fastrtps_cpp.hpp
[1.207s] -- Up-to-date: /home/ziad/Ziad_WS/ROS2/work_space/install/services_actions/include/services_actions/services_actions/srv/detail/dds_fastrtps
[1.207s] -- Up-to-date: /home/ziad/Ziad_WS/ROS2/work_space/install/services_actions/include/services_actions/services_actions/msg
[1.207s] -- Up-to-date: /home/ziad/Ziad_WS/ROS2/work_space/install/services_actions/include/services_actions/services_actions/msg/rosidl_typesupport_fastrtps_cpp__visibility_control.h
[1.207s] -- Up-to-date: /home/ziad/Ziad_WS/ROS2/work_space/install/services_actions/lib/libservices_actions__rosidl_typesupport_fastrtps_cpp.so
[1.207s] -- Up-to-date: /home/ziad/Ziad_WS/ROS2/work_space/install/services_actions/include/services_actions/services_actions
[1.207s] -- Up-to-date: /home/ziad/Ziad_WS/ROS2/work_space/install/services_actions/include/services_actions/services_actions/action
[1.207s] -- Up-to-date: /home/ziad/Ziad_WS/ROS2/work_space/install/services_actions/include/services_actions/services_actions/action/detail
[1.207s] -- Up-to-date: /home/ziad/Ziad_WS/ROS2/work_space/install/services_actions/include/services_actions/services_actions/action/detail/countdown__type_support.c
[1.208s] -- Up-to-date: /home/ziad/Ziad_WS/ROS2/work_space/install/services_actions/include/services_actions/services_actions/action/detail/countdown__rosidl_typesupport_introspection_c.h
[1.208s] -- Up-to-date: /home/ziad/Ziad_WS/ROS2/work_space/install/services_actions/include/services_actions/services_actions/srv
[1.208s] -- Up-to-date: /home/ziad/Ziad_WS/ROS2/work_space/install/services_actions/include/services_actions/services_actions/srv/detail
[1.208s] -- Up-to-date: /home/ziad/Ziad_WS/ROS2/work_space/install/services_actions/include/services_actions/services_actions/srv/detail/add_two_int__type_support.c
[1.208s] -- Up-to-date: /home/ziad/Ziad_WS/ROS2/work_space/install/services_actions/include/services_actions/services_actions/srv/detail/add_two_int__rosidl_typesupport_introspection_c.h
[1.208s] -- Up-to-date: /home/ziad/Ziad_WS/ROS2/work_space/install/services_actions/include/services_actions/services_actions/msg
[1.208s] -- Up-to-date: /home/ziad/Ziad_WS/ROS2/work_space/install/services_actions/include/services_actions/services_actions/msg/rosidl_typesupport_introspection_c__visibility_control.h
[1.208s] -- Up-to-date: /home/ziad/Ziad_WS/ROS2/work_space/install/services_actions/lib/libservices_actions__rosidl_typesupport_introspection_c.so
[1.208s] -- Up-to-date: /home/ziad/Ziad_WS/ROS2/work_space/install/services_actions/lib/libservices_actions__rosidl_typesupport_c.so
[1.208s] -- Up-to-date: /home/ziad/Ziad_WS/ROS2/work_space/install/services_actions/include/services_actions/services_actions
[1.208s] -- Up-to-date: /home/ziad/Ziad_WS/ROS2/work_space/install/services_actions/include/services_actions/services_actions/action
[1.208s] -- Up-to-date: /home/ziad/Ziad_WS/ROS2/work_space/install/services_actions/include/services_actions/services_actions/action/detail
[1.208s] -- Up-to-date: /home/ziad/Ziad_WS/ROS2/work_space/install/services_actions/include/services_actions/services_actions/action/detail/countdown__rosidl_typesupport_introspection_cpp.hpp
[1.209s] -- Up-to-date: /home/ziad/Ziad_WS/ROS2/work_space/install/services_actions/include/services_actions/services_actions/action/detail/countdown__type_support.cpp
[1.209s] -- Up-to-date: /home/ziad/Ziad_WS/ROS2/work_space/install/services_actions/include/services_actions/services_actions/srv
[1.209s] -- Up-to-date: /home/ziad/Ziad_WS/ROS2/work_space/install/services_actions/include/services_actions/services_actions/srv/detail
[1.209s] -- Up-to-date: /home/ziad/Ziad_WS/ROS2/work_space/install/services_actions/include/services_actions/services_actions/srv/detail/add_two_int__rosidl_typesupport_introspection_cpp.hpp
[1.209s] -- Up-to-date: /home/ziad/Ziad_WS/ROS2/work_space/install/services_actions/include/services_actions/services_actions/srv/detail/add_two_int__type_support.cpp
[1.209s] -- Up-to-date: /home/ziad/Ziad_WS/ROS2/work_space/install/services_actions/lib/libservices_actions__rosidl_typesupport_introspection_cpp.so
[1.209s] -- Up-to-date: /home/ziad/Ziad_WS/ROS2/work_space/install/services_actions/lib/libservices_actions__rosidl_typesupport_cpp.so
[1.210s] -- Up-to-date: /home/ziad/Ziad_WS/ROS2/work_space/install/services_actions/share/services_actions/environment/pythonpath.sh
[1.210s] -- Up-to-date: /home/ziad/Ziad_WS/ROS2/work_space/install/services_actions/share/services_actions/environment/pythonpath.dsv
[1.210s] -- Up-to-date: /home/ziad/Ziad_WS/ROS2/work_space/install/services_actions/local/lib/python3.10/dist-packages/services_actions-0.0.0-py3.10.egg-info
[1.210s] -- Installing: /home/ziad/Ziad_WS/ROS2/work_space/install/services_actions/local/lib/python3.10/dist-packages/services_actions-0.0.0-py3.10.egg-info/dependency_links.txt
[1.210s] -- Installing: /home/ziad/Ziad_WS/ROS2/work_space/install/services_actions/local/lib/python3.10/dist-packages/services_actions-0.0.0-py3.10.egg-info/top_level.txt
[1.210s] -- Installing: /home/ziad/Ziad_WS/ROS2/work_space/install/services_actions/local/lib/python3.10/dist-packages/services_actions-0.0.0-py3.10.egg-info/PKG-INFO
[1.210s] -- Installing: /home/ziad/Ziad_WS/ROS2/work_space/install/services_actions/local/lib/python3.10/dist-packages/services_actions-0.0.0-py3.10.egg-info/SOURCES.txt
[1.210s] -- Up-to-date: /home/ziad/Ziad_WS/ROS2/work_space/install/services_actions/local/lib/python3.10/dist-packages/services_actions
[1.210s] -- Up-to-date: /home/ziad/Ziad_WS/ROS2/work_space/install/services_actions/local/lib/python3.10/dist-packages/services_actions/_services_actions_s.ep.rosidl_typesupport_fastrtps_c.c
[1.210s] -- Up-to-date: /home/ziad/Ziad_WS/ROS2/work_space/install/services_actions/local/lib/python3.10/dist-packages/services_actions/action
[1.210s] -- Up-to-date: /home/ziad/Ziad_WS/ROS2/work_space/install/services_actions/local/lib/python3.10/dist-packages/services_actions/action/_countdown.py
[1.210s] -- Up-to-date: /home/ziad/Ziad_WS/ROS2/work_space/install/services_actions/local/lib/python3.10/dist-packages/services_actions/action/_countdown_s.c
[1.210s] -- Up-to-date: /home/ziad/Ziad_WS/ROS2/work_space/install/services_actions/local/lib/python3.10/dist-packages/services_actions/action/__init__.py
[1.211s] -- Up-to-date: /home/ziad/Ziad_WS/ROS2/work_space/install/services_actions/local/lib/python3.10/dist-packages/services_actions/services_actions_s__rosidl_typesupport_fastrtps_c.cpython-310-x86_64-linux-gnu.so
[1.211s] -- Up-to-date: /home/ziad/Ziad_WS/ROS2/work_space/install/services_actions/local/lib/python3.10/dist-packages/services_actions/srv
[1.211s] -- Up-to-date: /home/ziad/Ziad_WS/ROS2/work_space/install/services_actions/local/lib/python3.10/dist-packages/services_actions/srv/_add_two_int_s.c
[1.211s] -- Up-to-date: /home/ziad/Ziad_WS/ROS2/work_space/install/services_actions/local/lib/python3.10/dist-packages/services_actions/srv/_add_two_int.py
[1.211s] -- Up-to-date: /home/ziad/Ziad_WS/ROS2/work_space/install/services_actions/local/lib/python3.10/dist-packages/services_actions/srv/__init__.py
[1.211s] -- Up-to-date: /home/ziad/Ziad_WS/ROS2/work_space/install/services_actions/local/lib/python3.10/dist-packages/services_actions/_services_actions_s.ep.rosidl_typesupport_c.c
[1.211s] -- Up-to-date: /home/ziad/Ziad_WS/ROS2/work_space/install/services_actions/local/lib/python3.10/dist-packages/services_actions/_services_actions_s.ep.rosidl_typesupport_introspection_c.c
[1.211s] -- Up-to-date: /home/ziad/Ziad_WS/ROS2/work_space/install/services_actions/local/lib/python3.10/dist-packages/services_actions/services_actions_s__rosidl_typesupport_c.cpython-310-x86_64-linux-gnu.so
[1.211s] -- Up-to-date: /home/ziad/Ziad_WS/ROS2/work_space/install/services_actions/local/lib/python3.10/dist-packages/services_actions/__init__.py
[1.211s] -- Up-to-date: /home/ziad/Ziad_WS/ROS2/work_space/install/services_actions/local/lib/python3.10/dist-packages/services_actions/services_actions_s__rosidl_typesupport_introspection_c.cpython-310-x86_64-linux-gnu.so
[1.211s] -- Up-to-date: /home/ziad/Ziad_WS/ROS2/work_space/install/services_actions/local/lib/python3.10/dist-packages/services_actions/libservices_actions__rosidl_generator_py.so
[1.246s] Listing '/home/ziad/Ziad_WS/ROS2/work_space/install/services_actions/local/lib/python3.10/dist-packages/services_actions'...
[1.246s] Listing '/home/ziad/Ziad_WS/ROS2/work_space/install/services_actions/local/lib/python3.10/dist-packages/services_actions/action'...
[1.246s] Listing '/home/ziad/Ziad_WS/ROS2/work_space/install/services_actions/local/lib/python3.10/dist-packages/services_actions/srv'...
[1.252s] -- Up-to-date: /home/ziad/Ziad_WS/ROS2/work_space/install/services_actions/local/lib/python3.10/dist-packages/services_actions/services_actions_s__rosidl_typesupport_fastrtps_c.cpython-310-x86_64-linux-gnu.so
[1.253s] -- Up-to-date: /home/ziad/Ziad_WS/ROS2/work_space/install/services_actions/local/lib/python3.10/dist-packages/services_actions/services_actions_s__rosidl_typesupport_introspection_c.cpython-310-x86_64-linux-gnu.so
[1.253s] -- Up-to-date: /home/ziad/Ziad_WS/ROS2/work_space/install/services_actions/local/lib/python3.10/dist-packages/services_actions/services_actions_s__rosidl_typesupport_c.cpython-310-x86_64-linux-gnu.so
[1.253s] -- Up-to-date: /home/ziad/Ziad_WS/ROS2/work_space/install/services_actions/lib/libservices_actions__rosidl_generator_py.so
[1.254s] -- Up-to-date: /home/ziad/Ziad_WS/ROS2/work_space/install/services_actions/share/services_actions/srv/AddTwoInt.idl
[1.254s] -- Up-to-date: /home/ziad/Ziad_WS/ROS2/work_space/install/services_actions/share/services_actions/action/Countdown.idl
[1.254s] -- Up-to-date: /home/ziad/Ziad_WS/ROS2/work_space/install/services_actions/share/services_actions/srv/AddTwoInt.srv
[1.254s] -- Up-to-date: /home/ziad/Ziad_WS/ROS2/work_space/install/services_actions/share/services_actions/srv/AddTwoInt_Request.msg
[1.254s] -- Up-to-date: /home/ziad/Ziad_WS/ROS2/work_space/install/services_actions/share/services_actions/srv/AddTwoInt_Response.msg
[1.254s] -- Up-to-date: /home/ziad/Ziad_WS/ROS2/work_space/install/services_actions/share/services_actions/action/Countdown.action
[1.254s] -- Up-to-date: /home/ziad/Ziad_WS/ROS2/work_space/install/services_actions/lib/services_actions/add_two_ints_server
[1.255s] -- Up-to-date: /home/ziad/Ziad_WS/ROS2/work_space/install/services_actions/lib/services_actions/add_two_ints_client
[1.255s] -- Up-to-date: /home/ziad/Ziad_WS/ROS2/work_space/install/services_actions/lib/services_actions/count_down_action_server
[1.255s] -- Up-to-date: /home/ziad/Ziad_WS/ROS2/work_space/install/services_actions/lib/services_actions/count_down_action_client
[1.256s] -- Up-to-date: /home/ziad/Ziad_WS/ROS2/work_space/install/services_actions/share/services_actions/launch
[1.256s] -- Up-to-date: /home/ziad/Ziad_WS/ROS2/work_space/install/services_actions/share/services_actions/launch/run_action.launch.py
[1.256s] -- Up-to-date: /home/ziad/Ziad_WS/ROS2/work_space/install/services_actions/share/services_actions/launch/run_service.launch.py
[1.256s] -- Up-to-date: /home/ziad/Ziad_WS/ROS2/work_space/install/services_actions/share/services_actions/launch/run.launch.py
[1.256s] -- Up-to-date: /home/ziad/Ziad_WS/ROS2/work_space/install/services_actions/share/ament_index/resource_index/package_run_dependencies/services_actions
[1.256s] -- Up-to-date: /home/ziad/Ziad_WS/ROS2/work_space/install/services_actions/share/ament_index/resource_index/parent_prefix_path/services_actions
[1.257s] -- Up-to-date: /home/ziad/Ziad_WS/ROS2/work_space/install/services_actions/share/services_actions/environment/ament_prefix_path.sh
[1.257s] -- Up-to-date: /home/ziad/Ziad_WS/ROS2/work_space/install/services_actions/share/services_actions/environment/ament_prefix_path.dsv
[1.257s] -- Up-to-date: /home/ziad/Ziad_WS/ROS2/work_space/install/services_actions/share/services_actions/environment/path.sh
[1.257s] -- Up-to-date: /home/ziad/Ziad_WS/ROS2/work_space/install/services_actions/share/services_actions/environment/path.dsv
[1.257s] -- Up-to-date: /home/ziad/Ziad_WS/ROS2/work_space/install/services_actions/share/services_actions/local_setup.bash
[1.257s] -- Up-to-date: /home/ziad/Ziad_WS/ROS2/work_space/install/services_actions/share/services_actions/local_setup.sh
[1.257s] -- Up-to-date: /home/ziad/Ziad_WS/ROS2/work_space/install/services_actions/share/services_actions/local_setup.zsh
[1.257s] -- Up-to-date: /home/ziad/Ziad_WS/ROS2/work_space/install/services_actions/share/services_actions/local_setup.dsv
[1.257s] -- Installing: /home/ziad/Ziad_WS/ROS2/work_space/install/services_actions/share/services_actions/package.dsv
[1.257s] -- Up-to-date: /home/ziad/Ziad_WS/ROS2/work_space/install/services_actions/share/ament_index/resource_index/packages/services_actions
[1.258s] -- Up-to-date: /home/ziad/Ziad_WS/ROS2/work_space/install/services_actions/share/services_actions/cmake/export_services_actions__rosidl_generator_cExport.cmake
[1.258s] -- Up-to-date: /home/ziad/Ziad_WS/ROS2/work_space/install/services_actions/share/services_actions/cmake/export_services_actions__rosidl_generator_cExport-noconfig.cmake
[1.258s] -- Up-to-date: /home/ziad/Ziad_WS/ROS2/work_space/install/services_actions/share/services_actions/cmake/export_services_actions__rosidl_typesupport_fastrtps_cExport.cmake
[1.258s] -- Up-to-date: /home/ziad/Ziad_WS/ROS2/work_space/install/services_actions/share/services_actions/cmake/export_services_actions__rosidl_typesupport_fastrtps_cExport-noconfig.cmake
[1.258s] -- Up-to-date: /home/ziad/Ziad_WS/ROS2/work_space/install/services_actions/share/services_actions/cmake/export_services_actions__rosidl_generator_cppExport.cmake
[1.258s] -- Up-to-date: /home/ziad/Ziad_WS/ROS2/work_space/install/services_actions/share/services_actions/cmake/export_services_actions__rosidl_typesupport_fastrtps_cppExport.cmake
[1.258s] -- Up-to-date: /home/ziad/Ziad_WS/ROS2/work_space/install/services_actions/share/services_actions/cmake/export_services_actions__rosidl_typesupport_fastrtps_cppExport-noconfig.cmake
[1.258s] -- Up-to-date: /home/ziad/Ziad_WS/ROS2/work_space/install/services_actions/share/services_actions/cmake/services_actions__rosidl_typesupport_introspection_cExport.cmake
[1.258s] -- Up-to-date: /home/ziad/Ziad_WS/ROS2/work_space/install/services_actions/share/services_actions/cmake/services_actions__rosidl_typesupport_introspection_cExport-noconfig.cmake
[1.259s] -- Up-to-date: /home/ziad/Ziad_WS/ROS2/work_space/install/services_actions/share/services_actions/cmake/services_actions__rosidl_typesupport_cExport.cmake
[1.259s] -- Up-to-date: /home/ziad/Ziad_WS/ROS2/work_space/install/services_actions/share/services_actions/cmake/services_actions__rosidl_typesupport_cExport-noconfig.cmake
[1.259s] -- Up-to-date: /home/ziad/Ziad_WS/ROS2/work_space/install/services_actions/share/services_actions/cmake/services_actions__rosidl_typesupport_introspection_cppExport.cmake
[1.259s] -- Up-to-date: /home/ziad/Ziad_WS/ROS2/work_space/install/services_actions/share/services_actions/cmake/services_actions__rosidl_typesupport_introspection_cppExport-noconfig.cmake
[1.259s] -- Up-to-date: /home/ziad/Ziad_WS/ROS2/work_space/install/services_actions/share/services_actions/cmake/services_actions__rosidl_typesupport_cppExport.cmake
[1.259s] -- Up-to-date: /home/ziad/Ziad_WS/ROS2/work_space/install/services_actions/share/services_actions/cmake/services_actions__rosidl_typesupport_cppExport-noconfig.cmake
[1.259s] -- Up-to-date: /home/ziad/Ziad_WS/ROS2/work_space/install/services_actions/share/services_actions/cmake/export_services_actions__rosidl_generator_pyExport.cmake
[1.259s] -- Up-to-date: /home/ziad/Ziad_WS/ROS2/work_space/install/services_actions/share/services_actions/cmake/export_services_actions__rosidl_generator_pyExport-noconfig.cmake
[1.259s] -- Up-to-date: /home/ziad/Ziad_WS/ROS2/work_space/install/services_actions/share/services_actions/cmake/rosidl_cmake-extras.cmake
[1.259s] -- Up-to-date: /home/ziad/Ziad_WS/ROS2/work_space/install/services_actions/share/services_actions/cmake/ament_cmake_export_dependencies-extras.cmake
[1.259s] -- Up-to-date: /home/ziad/Ziad_WS/ROS2/work_space/install/services_actions/share/services_actions/cmake/ament_cmake_export_include_directories-extras.cmake
[1.260s] -- Up-to-date: /home/ziad/Ziad_WS/ROS2/work_space/install/services_actions/share/services_actions/cmake/ament_cmake_export_libraries-extras.cmake
[1.260s] -- Up-to-date: /home/ziad/Ziad_WS/ROS2/work_space/install/services_actions/share/services_actions/cmake/ament_cmake_export_targets-extras.cmake
[1.260s] -- Up-to-date: /home/ziad/Ziad_WS/ROS2/work_space/install/services_actions/share/services_actions/cmake/rosidl_cmake_export_typesupport_targets-extras.cmake
[1.260s] -- Up-to-date: /home/ziad/Ziad_WS/ROS2/work_space/install/services_actions/share/services_actions/cmake/rosidl_cmake_export_typesupport_libraries-extras.cmake
[1.260s] -- Up-to-date: /home/ziad/Ziad_WS/ROS2/work_space/install/services_actions/share/services_actions/cmake/services_actionsConfig.cmake
[1.260s] -- Up-to-date: /home/ziad/Ziad_WS/ROS2/work_space/install/services_actions/share/services_actions/cmake/services_actionsConfig-version.cmake
[1.260s] -- Up-to-date: /home/ziad/Ziad_WS/ROS2/work_space/install/services_actions/share/services_actions/package.xml
[1.262s] Invoked command in '/home/ziad/Ziad_WS/ROS2/work_space/build/services_actions' returned '0': CMAKE_PREFIX_PATH=${CMAKE_PREFIX_PATH}:/opt/ros/humble /usr/bin/cmake --install /home/ziad/Ziad_WS/ROS2/work_space/build/services_actions
