[0.033s] Invoking command in '/home/ziad/Ziad_WS/ROS2/work_space/build/ros2_srv': CMAKE_PREFIX_PATH=${CMAKE_PREFIX_PATH}:/home/ziad/turtlebot3_ws/install/turtlebot3_teleop:/home/ziad/turtlebot3_ws/install/turtlebot3_example:/opt/ros/humble /usr/bin/cmake --build /home/ziad/Ziad_WS/ROS2/work_space/build/ros2_srv -- -j4 -l4
[0.141s] Invoked command in '/home/ziad/Ziad_WS/ROS2/work_space/build/ros2_srv' returned '0': CMAKE_PREFIX_PATH=${CMAKE_PREFIX_PATH}:/home/ziad/turtlebot3_ws/install/turtlebot3_teleop:/home/ziad/turtlebot3_ws/install/turtlebot3_example:/opt/ros/humble /usr/bin/cmake --build /home/ziad/Ziad_WS/ROS2/work_space/build/ros2_srv -- -j4 -l4
[0.185s] Invoking command in '/home/ziad/Ziad_WS/ROS2/work_space/build/ros2_srv': CMAKE_PREFIX_PATH=${CMAKE_PREFIX_PATH}:/home/ziad/turtlebot3_ws/install/turtlebot3_teleop:/home/ziad/turtlebot3_ws/install/turtlebot3_example:/opt/ros/humble /usr/bin/cmake --install /home/ziad/Ziad_WS/ROS2/work_space/build/ros2_srv
[0.195s] -- Install configuration: ""
[0.196s] -- Up-to-date: /home/ziad/Ziad_WS/ROS2/work_space/install/ros2_srv/share/ament_index/resource_index/package_run_dependencies/ros2_srv
[0.197s] -- Up-to-date: /home/ziad/Ziad_WS/ROS2/work_space/install/ros2_srv/share/ament_index/resource_index/parent_prefix_path/ros2_srv
[0.197s] -- Up-to-date: /home/ziad/Ziad_WS/ROS2/work_space/install/ros2_srv/share/ros2_srv/environment/ament_prefix_path.sh
[0.198s] -- Up-to-date: /home/ziad/Ziad_WS/ROS2/work_space/install/ros2_srv/share/ros2_srv/environment/ament_prefix_path.dsv
[0.198s] -- Up-to-date: /home/ziad/Ziad_WS/ROS2/work_space/install/ros2_srv/share/ros2_srv/environment/path.sh
[0.198s] -- Up-to-date: /home/ziad/Ziad_WS/ROS2/work_space/install/ros2_srv/share/ros2_srv/environment/path.dsv
[0.199s] -- Up-to-date: /home/ziad/Ziad_WS/ROS2/work_space/install/ros2_srv/share/ros2_srv/local_setup.bash
[0.199s] -- Up-to-date: /home/ziad/Ziad_WS/ROS2/work_space/install/ros2_srv/share/ros2_srv/local_setup.sh
[0.199s] -- Up-to-date: /home/ziad/Ziad_WS/ROS2/work_space/install/ros2_srv/share/ros2_srv/local_setup.zsh
[0.199s] -- Up-to-date: /home/ziad/Ziad_WS/ROS2/work_space/install/ros2_srv/share/ros2_srv/local_setup.dsv
[0.199s] -- Installing: /home/ziad/Ziad_WS/ROS2/work_space/install/ros2_srv/share/ros2_srv/package.dsv
[0.199s] -- Up-to-date: /home/ziad/Ziad_WS/ROS2/work_space/install/ros2_srv/share/ament_index/resource_index/packages/ros2_srv
[0.200s] -- Up-to-date: /home/ziad/Ziad_WS/ROS2/work_space/install/ros2_srv/share/ros2_srv/cmake/ros2_srvConfig.cmake
[0.200s] -- Up-to-date: /home/ziad/Ziad_WS/ROS2/work_space/install/ros2_srv/share/ros2_srv/cmake/ros2_srvConfig-version.cmake
[0.200s] -- Up-to-date: /home/ziad/Ziad_WS/ROS2/work_space/install/ros2_srv/share/ros2_srv/package.xml
[0.203s] Invoked command in '/home/ziad/Ziad_WS/ROS2/work_space/build/ros2_srv' returned '0': CMAKE_PREFIX_PATH=${CMAKE_PREFIX_PATH}:/home/ziad/turtlebot3_ws/install/turtlebot3_teleop:/home/ziad/turtlebot3_ws/install/turtlebot3_example:/opt/ros/humble /usr/bin/cmake --install /home/ziad/Ziad_WS/ROS2/work_space/build/ros2_srv
