[35m[1mConsolidate compiler generated dependencies of target Publisher_Node[0m
[35m[1mConsolidate compiler generated dependencies of target Subscriber_Node[0m
[ 50%] [32mBuilding CXX object CMakeFiles/Publisher_Node.dir/src/pub.cpp.o[0m
[ 75%] Built target Subscriber_Node
[100%] [32m[1mLinking CXX executable Publisher_Node[0m
[100%] Built target Publisher_Node
-- Install configuration: ""
-- Installing: /home/ziad/Ziad_WS/ROS2/work_space_2/install/AhmedMoo/lib/AhmedMoo/Publisher_Node
-- Set runtime path of "/home/ziad/Ziad_WS/ROS2/work_space_2/install/AhmedMoo/lib/AhmedMoo/Publisher_Node" to ""
-- Up-to-date: /home/ziad/Ziad_WS/ROS2/work_space_2/install/AhmedMoo/lib/AhmedMoo/Subscriber_Node
-- Up-to-date: /home/ziad/Ziad_WS/ROS2/work_space_2/install/AhmedMoo/share/ament_index/resource_index/package_run_dependencies/AhmedMoo
-- Up-to-date: /home/ziad/Ziad_WS/ROS2/work_space_2/install/AhmedMoo/share/ament_index/resource_index/parent_prefix_path/AhmedMoo
-- Up-to-date: /home/ziad/Ziad_WS/ROS2/work_space_2/install/AhmedMoo/share/AhmedMoo/environment/ament_prefix_path.sh
-- Up-to-date: /home/ziad/Ziad_WS/ROS2/work_space_2/install/AhmedMoo/share/AhmedMoo/environment/ament_prefix_path.dsv
-- Up-to-date: /home/ziad/Ziad_WS/ROS2/work_space_2/install/AhmedMoo/share/AhmedMoo/environment/path.sh
-- Up-to-date: /home/ziad/Ziad_WS/ROS2/work_space_2/install/AhmedMoo/share/AhmedMoo/environment/path.dsv
-- Up-to-date: /home/ziad/Ziad_WS/ROS2/work_space_2/install/AhmedMoo/share/AhmedMoo/local_setup.bash
-- Up-to-date: /home/ziad/Ziad_WS/ROS2/work_space_2/install/AhmedMoo/share/AhmedMoo/local_setup.sh
-- Up-to-date: /home/ziad/Ziad_WS/ROS2/work_space_2/install/AhmedMoo/share/AhmedMoo/local_setup.zsh
-- Up-to-date: /home/ziad/Ziad_WS/ROS2/work_space_2/install/AhmedMoo/share/AhmedMoo/local_setup.dsv
-- Installing: /home/ziad/Ziad_WS/ROS2/work_space_2/install/AhmedMoo/share/AhmedMoo/package.dsv
-- Up-to-date: /home/ziad/Ziad_WS/ROS2/work_space_2/install/AhmedMoo/share/ament_index/resource_index/packages/AhmedMoo
-- Up-to-date: /home/ziad/Ziad_WS/ROS2/work_space_2/install/AhmedMoo/share/AhmedMoo/cmake/AhmedMooConfig.cmake
-- Up-to-date: /home/ziad/Ziad_WS/ROS2/work_space_2/install/AhmedMoo/share/AhmedMoo/cmake/AhmedMooConfig-version.cmake
-- Up-to-date: /home/ziad/Ziad_WS/ROS2/work_space_2/install/AhmedMoo/share/AhmedMoo/package.xml
