[0.014s] Invoking command in '/home/ziad/Ziad_WS/ROS2/work_space_2/build/AhmedMoo': CMAKE_PREFIX_PATH=/opt/ros/humble /usr/bin/cmake --build /home/ziad/Ziad_WS/ROS2/work_space_2/build/AhmedMoo -- -j4 -l4
[0.060s] [35m[1mConsolidate compiler generated dependencies of target Publisher_Node[0m
[0.060s] [35m[1mConsolidate compiler generated dependencies of target Subscriber_Node[0m
[0.078s] [ 50%] [32mBuilding CXX object CMakeFiles/Publisher_Node.dir/src/pub.cpp.o[0m
[0.078s] [ 75%] Built target Subscriber_Node
[5.089s] [100%] [32m[1mLinking CXX executable Publisher_Node[0m
[5.312s] [100%] Built target Publisher_Node
[5.323s] Invoked command in '/home/ziad/Ziad_WS/ROS2/work_space_2/build/AhmedMoo' returned '0': CMAKE_PREFIX_PATH=/opt/ros/humble /usr/bin/cmake --build /home/ziad/Ziad_WS/ROS2/work_space_2/build/AhmedMoo -- -j4 -l4
[5.333s] Invoking command in '/home/ziad/Ziad_WS/ROS2/work_space_2/build/AhmedMoo': CMAKE_PREFIX_PATH=/opt/ros/humble /usr/bin/cmake --install /home/ziad/Ziad_WS/ROS2/work_space_2/build/AhmedMoo
[5.342s] -- Install configuration: ""
[5.343s] -- Installing: /home/ziad/Ziad_WS/ROS2/work_space_2/install/AhmedMoo/lib/AhmedMoo/Publisher_Node
[5.345s] -- Set runtime path of "/home/ziad/Ziad_WS/ROS2/work_space_2/install/AhmedMoo/lib/AhmedMoo/Publisher_Node" to ""
[5.345s] -- Up-to-date: /home/ziad/Ziad_WS/ROS2/work_space_2/install/AhmedMoo/lib/AhmedMoo/Subscriber_Node
[5.346s] -- Up-to-date: /home/ziad/Ziad_WS/ROS2/work_space_2/install/AhmedMoo/share/ament_index/resource_index/package_run_dependencies/AhmedMoo
[5.346s] -- Up-to-date: /home/ziad/Ziad_WS/ROS2/work_space_2/install/AhmedMoo/share/ament_index/resource_index/parent_prefix_path/AhmedMoo
[5.346s] -- Up-to-date: /home/ziad/Ziad_WS/ROS2/work_space_2/install/AhmedMoo/share/AhmedMoo/environment/ament_prefix_path.sh
[5.346s] -- Up-to-date: /home/ziad/Ziad_WS/ROS2/work_space_2/install/AhmedMoo/share/AhmedMoo/environment/ament_prefix_path.dsv
[5.347s] -- Up-to-date: /home/ziad/Ziad_WS/ROS2/work_space_2/install/AhmedMoo/share/AhmedMoo/environment/path.sh
[5.347s] -- Up-to-date: /home/ziad/Ziad_WS/ROS2/work_space_2/install/AhmedMoo/share/AhmedMoo/environment/path.dsv
[5.347s] -- Up-to-date: /home/ziad/Ziad_WS/ROS2/work_space_2/install/AhmedMoo/share/AhmedMoo/local_setup.bash
[5.347s] -- Up-to-date: /home/ziad/Ziad_WS/ROS2/work_space_2/install/AhmedMoo/share/AhmedMoo/local_setup.sh
[5.347s] -- Up-to-date: /home/ziad/Ziad_WS/ROS2/work_space_2/install/AhmedMoo/share/AhmedMoo/local_setup.zsh
[5.347s] -- Up-to-date: /home/ziad/Ziad_WS/ROS2/work_space_2/install/AhmedMoo/share/AhmedMoo/local_setup.dsv
[5.347s] -- Installing: /home/ziad/Ziad_WS/ROS2/work_space_2/install/AhmedMoo/share/AhmedMoo/package.dsv
[5.347s] -- Up-to-date: /home/ziad/Ziad_WS/ROS2/work_space_2/install/AhmedMoo/share/ament_index/resource_index/packages/AhmedMoo
[5.347s] -- Up-to-date: /home/ziad/Ziad_WS/ROS2/work_space_2/install/AhmedMoo/share/AhmedMoo/cmake/AhmedMooConfig.cmake
[5.347s] -- Up-to-date: /home/ziad/Ziad_WS/ROS2/work_space_2/install/AhmedMoo/share/AhmedMoo/cmake/AhmedMooConfig-version.cmake
[5.348s] -- Up-to-date: /home/ziad/Ziad_WS/ROS2/work_space_2/install/AhmedMoo/share/AhmedMoo/package.xml
[5.349s] Invoked command in '/home/ziad/Ziad_WS/ROS2/work_space_2/build/AhmedMoo' returned '0': CMAKE_PREFIX_PATH=/opt/ros/humble /usr/bin/cmake --install /home/ziad/Ziad_WS/ROS2/work_space_2/build/AhmedMoo
