[0.029s] Invoking command in '/home/ziad/Ziad_WS/ROS2/code/build/cpp_pubsub': CMAKE_PREFIX_PATH=/opt/ros/humble /usr/bin/cmake --build /home/ziad/Ziad_WS/ROS2/code/build/cpp_pubsub -- -j4 -l4
[0.226s] [ 50%] Built target publisher_node
[0.233s] [100%] Built target subscriber_node
[0.261s] Invoked command in '/home/ziad/Ziad_WS/ROS2/code/build/cpp_pubsub' returned '0': CMAKE_PREFIX_PATH=/opt/ros/humble /usr/bin/cmake --build /home/ziad/Ziad_WS/ROS2/code/build/cpp_pubsub -- -j4 -l4
[0.263s] Invoking command in '/home/ziad/Ziad_WS/ROS2/code/build/cpp_pubsub': CMAKE_PREFIX_PATH=/opt/ros/humble /usr/bin/cmake --install /home/ziad/Ziad_WS/ROS2/code/build/cpp_pubsub
[0.275s] -- Install configuration: ""
[0.277s] -- Up-to-date: /home/ziad/Ziad_WS/ROS2/code/install/cpp_pubsub/lib/cpp_pubsub/publisher_node
[0.279s] -- Up-to-date: /home/ziad/Ziad_WS/ROS2/code/install/cpp_pubsub/lib/cpp_pubsub/subscriber_node
[0.281s] -- Up-to-date: /home/ziad/Ziad_WS/ROS2/code/install/cpp_pubsub/share/ament_index/resource_index/package_run_dependencies/cpp_pubsub
[0.282s] -- Up-to-date: /home/ziad/Ziad_WS/ROS2/code/install/cpp_pubsub/share/ament_index/resource_index/parent_prefix_path/cpp_pubsub
[0.282s] -- Up-to-date: /home/ziad/Ziad_WS/ROS2/code/install/cpp_pubsub/share/cpp_pubsub/environment/ament_prefix_path.sh
[0.283s] -- Up-to-date: /home/ziad/Ziad_WS/ROS2/code/install/cpp_pubsub/share/cpp_pubsub/environment/ament_prefix_path.dsv
[0.283s] -- Up-to-date: /home/ziad/Ziad_WS/ROS2/code/install/cpp_pubsub/share/cpp_pubsub/environment/path.sh
[0.283s] -- Up-to-date: /home/ziad/Ziad_WS/ROS2/code/install/cpp_pubsub/share/cpp_pubsub/environment/path.dsv
[0.283s] -- Up-to-date: /home/ziad/Ziad_WS/ROS2/code/install/cpp_pubsub/share/cpp_pubsub/local_setup.bash
[0.283s] -- Up-to-date: /home/ziad/Ziad_WS/ROS2/code/install/cpp_pubsub/share/cpp_pubsub/local_setup.sh
[0.284s] -- Up-to-date: /home/ziad/Ziad_WS/ROS2/code/install/cpp_pubsub/share/cpp_pubsub/local_setup.zsh
[0.284s] -- Up-to-date: /home/ziad/Ziad_WS/ROS2/code/install/cpp_pubsub/share/cpp_pubsub/local_setup.dsv
[0.284s] -- Installing: /home/ziad/Ziad_WS/ROS2/code/install/cpp_pubsub/share/cpp_pubsub/package.dsv
[0.285s] -- Up-to-date: /home/ziad/Ziad_WS/ROS2/code/install/cpp_pubsub/share/ament_index/resource_index/packages/cpp_pubsub
[0.285s] -- Up-to-date: /home/ziad/Ziad_WS/ROS2/code/install/cpp_pubsub/share/cpp_pubsub/cmake/cpp_pubsubConfig.cmake
[0.285s] -- Up-to-date: /home/ziad/Ziad_WS/ROS2/code/install/cpp_pubsub/share/cpp_pubsub/cmake/cpp_pubsubConfig-version.cmake
[0.285s] -- Up-to-date: /home/ziad/Ziad_WS/ROS2/code/install/cpp_pubsub/share/cpp_pubsub/package.xml
[0.289s] Invoked command in '/home/ziad/Ziad_WS/ROS2/code/build/cpp_pubsub' returned '0': CMAKE_PREFIX_PATH=/opt/ros/humble /usr/bin/cmake --install /home/ziad/Ziad_WS/ROS2/code/build/cpp_pubsub
