[0.069s] Invoking command in '/home/ziad/Ziad_work_space/ROS2/work_space/build/simple_pub_sub': CMAKE_PREFIX_PATH=/opt/ros/humble /usr/bin/cmake /home/ziad/Ziad_work_space/ROS2/work_space/src/simple_pub_sub -DCMAKE_INSTALL_PREFIX=/home/ziad/Ziad_work_space/ROS2/work_space/install/simple_pub_sub
[0.852s] -- The C compiler identification is GNU 11.4.0
[1.284s] -- The CXX compiler identification is GNU 11.4.0
[1.308s] -- Detecting C compiler ABI info
[1.561s] -- Detecting C compiler ABI info - done
[1.575s] -- Check for working C compiler: /usr/bin/cc - skipped
[1.576s] -- Detecting C compile features
[1.588s] -- Detecting C compile features - done
[1.599s] -- Detecting CXX compiler ABI info
[1.826s] -- Detecting CXX compiler ABI info - done
[1.864s] -- Check for working CXX compiler: /usr/bin/c++ - skipped
[1.865s] -- Detecting CXX compile features
[1.867s] -- Detecting CXX compile features - done
[1.899s] -- Found ament_cmake: 1.3.12 (/opt/ros/humble/share/ament_cmake/cmake)
[2.501s] -- Found Python3: /usr/bin/python3 (found version "3.10.12") found components: Interpreter 
[2.696s] -- Found rclcpp: 16.0.14 (/opt/ros/humble/share/rclcpp/cmake)
[2.754s] -- Found rosidl_generator_c: 3.1.7 (/opt/ros/humble/share/rosidl_generator_c/cmake)
[2.762s] -- Found rosidl_adapter: 3.1.7 (/opt/ros/humble/share/rosidl_adapter/cmake)
[2.774s] -- Found rosidl_generator_cpp: 3.1.7 (/opt/ros/humble/share/rosidl_generator_cpp/cmake)
[2.792s] -- Using all available rosidl_typesupport_c: rosidl_typesupport_fastrtps_c;rosidl_typesupport_introspection_c
[2.817s] -- Using all available rosidl_typesupport_cpp: rosidl_typesupport_fastrtps_cpp;rosidl_typesupport_introspection_cpp
[2.885s] -- Found rmw_implementation_cmake: 6.1.2 (/opt/ros/humble/share/rmw_implementation_cmake/cmake)
[2.888s] -- Found rmw_fastrtps_cpp: 6.2.8 (/opt/ros/humble/share/rmw_fastrtps_cpp/cmake)
[3.117s] -- Found OpenSSL: /usr/lib/x86_64-linux-gnu/libcrypto.so (found version "3.0.2")  
[3.159s] -- Found FastRTPS: /opt/ros/humble/include  
[3.218s] -- Using RMW implementation 'rmw_fastrtps_cpp' as default
[3.228s] -- Looking for pthread.h
[3.442s] -- Looking for pthread.h - found
[3.442s] -- Performing Test CMAKE_HAVE_LIBC_PTHREAD
[3.638s] -- Performing Test CMAKE_HAVE_LIBC_PTHREAD - Success
[3.642s] -- Found Threads: TRUE  
[3.757s] -- Found ament_lint_auto: 0.12.14 (/opt/ros/humble/share/ament_lint_auto/cmake)
[3.896s] -- Added test 'cppcheck' to perform static code analysis on C / C++ code
[3.897s] -- Configured cppcheck include dirs: 
[3.897s] -- Configured cppcheck exclude dirs and/or files: 
[3.900s] -- Added test 'lint_cmake' to check CMake code style
[3.912s] -- Added test 'uncrustify' to check C / C++ code style
[3.912s] -- Configured uncrustify additional arguments: 
[3.913s] -- Added test 'xmllint' to check XML markup files
[3.915s] -- Configuring done
[3.931s] -- Generating done
[3.938s] -- Build files have been written to: /home/ziad/Ziad_work_space/ROS2/work_space/build/simple_pub_sub
[3.951s] Invoked command in '/home/ziad/Ziad_work_space/ROS2/work_space/build/simple_pub_sub' returned '0': CMAKE_PREFIX_PATH=/opt/ros/humble /usr/bin/cmake /home/ziad/Ziad_work_space/ROS2/work_space/src/simple_pub_sub -DCMAKE_INSTALL_PREFIX=/home/ziad/Ziad_work_space/ROS2/work_space/install/simple_pub_sub
[3.958s] Invoking command in '/home/ziad/Ziad_work_space/ROS2/work_space/build/simple_pub_sub': CMAKE_PREFIX_PATH=/opt/ros/humble /usr/bin/cmake --build /home/ziad/Ziad_work_space/ROS2/work_space/build/simple_pub_sub -- -j8 -l8
[4.064s] [ 25%] [32mBuilding CXX object CMakeFiles/sub.dir/src/sub.cpp.o[0m
[4.074s] [ 50%] [32mBuilding CXX object CMakeFiles/pub.dir/src/pub.cpp.o[0m
[8.184s] [01m[K/home/ziad/Ziad_work_space/ROS2/work_space/src/simple_pub_sub/src/pub.cpp:[m[K In member function ‘[01m[Kvoid publisher::callBack()[m[K’:
[8.184s] [01m[K/home/ziad/Ziad_work_space/ROS2/work_space/src/simple_pub_sub/src/pub.cpp:29:30:[m[K [01;31m[Kerror: [m[K‘[01m[Kusing SharedPtr = class std::shared_ptr<rclcpp::Publisher<std_msgs::msg::String_<std::allocator<void> > > >[m[K’ {aka ‘[01m[Kclass std::shared_ptr<rclcpp::Publisher<std_msgs::msg::String_<std::allocator<void> > > >[m[K’} has no member named ‘[01m[Kpublish[m[K’
[8.185s]    29 |             this->publisher_.[01;31m[Kpublish[m[K(massege);
[8.185s]       |                              [01;31m[K^~~~~~~[m[K
[8.210s] [01m[K/home/ziad/Ziad_work_space/ROS2/work_space/src/simple_pub_sub/src/sub.cpp:[m[K In constructor ‘[01m[Ksubscriper::subscriper()[m[K’:
[8.210s] [01m[K/home/ziad/Ziad_work_space/ROS2/work_space/src/simple_pub_sub/src/sub.cpp:20:41:[m[K [01;31m[Kerror: [m[Kno matching function for call to ‘[01m[Krclcpp::Subscription<std_msgs::msg::String_<std::allocator<void> > >::Subscription()[m[K’
[8.211s]    20 |         subscriper() : Node("subscriper"[01;31m[K)[m[K {
[8.211s]       |                                         [01;31m[K^[m[K
[8.211s] In file included from [01m[K/opt/ros/humble/include/rclcpp/rclcpp/any_executable.hpp:25[m[K,
[8.212s]                  from [01m[K/opt/ros/humble/include/rclcpp/rclcpp/memory_strategy.hpp:25[m[K,
[8.212s]                  from [01m[K/opt/ros/humble/include/rclcpp/rclcpp/memory_strategies.hpp:18[m[K,
[8.212s]                  from [01m[K/opt/ros/humble/include/rclcpp/rclcpp/executor_options.hpp:20[m[K,
[8.213s]                  from [01m[K/opt/ros/humble/include/rclcpp/rclcpp/executor.hpp:37[m[K,
[8.213s]                  from [01m[K/opt/ros/humble/include/rclcpp/rclcpp/executors/multi_threaded_executor.hpp:25[m[K,
[8.213s]                  from [01m[K/opt/ros/humble/include/rclcpp/rclcpp/executors.hpp:21[m[K,
[8.214s]                  from [01m[K/opt/ros/humble/include/rclcpp/rclcpp/rclcpp.hpp:155[m[K,
[8.214s]                  from [01m[K/home/ziad/Ziad_work_space/ROS2/work_space/src/simple_pub_sub/src/sub.cpp:13[m[K:
[8.214s] [01m[K/opt/ros/humble/include/rclcpp/rclcpp/subscription.hpp:130:3:[m[K [01;36m[Knote: [m[Kcandidate: ‘[01m[Krclcpp::Subscription<MessageT, AllocatorT, SubscribedT, ROSMessageT, MessageMemoryStrategyT>::Subscription(rclcpp::node_interfaces::NodeBaseInterface*, const rosidl_message_type_support_t&, const string&, const rclcpp::QoS&, rclcpp::AnySubscriptionCallback<CallbackMessageT, AllocatorT>, const rclcpp::SubscriptionOptionsWithAllocator<AllocatorT>&, typename MessageMemoryStrategyT::SharedPtr, rclcpp::Subscription<MessageT, AllocatorT, SubscribedT, ROSMessageT, MessageMemoryStrategyT>::SubscriptionTopicStatisticsSharedPtr) [with MessageT = std_msgs::msg::String_<std::allocator<void> >; AllocatorT = std::allocator<void>; SubscribedT = std_msgs::msg::String_<std::allocator<void> >; ROSMessageT = std_msgs::msg::String_<std::allocator<void> >; MessageMemoryStrategyT = rclcpp::message_memory_strategy::MessageMemoryStrategy<std_msgs::msg::String_<std::allocator<void> >, std::allocator<void> >; rosidl_message_type_support_t = rosidl_message_type_support_t; std::string = std::__cxx11::basic_string<char>; typename MessageMemoryStrategyT::SharedPtr = std::shared_ptr<rclcpp::message_memory_strategy::MessageMemoryStrategy<std_msgs::msg::String_<std::allocator<void> >, std::allocator<void> > >; rclcpp::Subscription<MessageT, AllocatorT, SubscribedT, ROSMessageT, MessageMemoryStrategyT>::SubscriptionTopicStatisticsSharedPtr = std::shared_ptr<rclcpp::topic_statistics::SubscriptionTopicStatistics<std_msgs::msg::String_<std::allocator<void> > > >][m[K’
[8.214s]   130 |   [01;36m[KSubscription[m[K(
[8.215s]       |   [01;36m[K^~~~~~~~~~~~[m[K
[8.232s] [01m[K/opt/ros/humble/include/rclcpp/rclcpp/subscription.hpp:130:3:[m[K [01;36m[Knote: [m[K  candidate expects 8 arguments, 0 provided
[8.250s] [01m[K/home/ziad/Ziad_work_space/ROS2/work_space/src/simple_pub_sub/src/sub.cpp:21:158:[m[K [01;31m[Kerror: [m[Kno match for ‘[01m[Koperator=[m[K’ (operand types are ‘[01m[Krclcpp::Subscription<std_msgs::msg::String_<std::allocator<void> > >[m[K’ and ‘[01m[Kstd::shared_ptr<rclcpp::Subscription<std_msgs::msg::String_<std::allocator<void> > > >[m[K’)
[8.250s]    21 |             this->subscriper_ = this->create_subscription<std_msgs::msg::String>("chatter", 10, std::bind(&subscriper::callBack, this, std::placeholders::_1)[01;31m[K)[m[K;
[8.250s]       |                                                                                                                                                              [01;31m[K^[m[K
[8.250s] In file included from [01m[K/opt/ros/humble/include/rclcpp/rclcpp/context.hpp:35[m[K,
[8.251s]                  from [01m[K/opt/ros/humble/include/rclcpp/rclcpp/executor.hpp:34[m[K,
[8.251s]                  from [01m[K/opt/ros/humble/include/rclcpp/rclcpp/executors/multi_threaded_executor.hpp:25[m[K,
[8.251s]                  from [01m[K/opt/ros/humble/include/rclcpp/rclcpp/executors.hpp:21[m[K,
[8.252s]                  from [01m[K/opt/ros/humble/include/rclcpp/rclcpp/rclcpp.hpp:155[m[K,
[8.252s]                  from [01m[K/home/ziad/Ziad_work_space/ROS2/work_space/src/simple_pub_sub/src/sub.cpp:13[m[K:
[8.252s] [01m[K/opt/ros/humble/include/rclcpp/rclcpp/subscription.hpp:423:3:[m[K [01;36m[Knote: [m[Kcandidate: ‘[01m[Krclcpp::Subscription<MessageT, AllocatorT, SubscribedT, ROSMessageT, MessageMemoryStrategyT>& rclcpp::Subscription<MessageT, AllocatorT, SubscribedT, ROSMessageT, MessageMemoryStrategyT>::operator=(const rclcpp::Subscription<MessageT, AllocatorT, SubscribedT, ROSMessageT, MessageMemoryStrategyT>&) [with MessageT = std_msgs::msg::String_<std::allocator<void> >; AllocatorT = std::allocator<void>; SubscribedT = std_msgs::msg::String_<std::allocator<void> >; ROSMessageT = std_msgs::msg::String_<std::allocator<void> >; MessageMemoryStrategyT = rclcpp::message_memory_strategy::MessageMemoryStrategy<std_msgs::msg::String_<std::allocator<void> >, std::allocator<void> >][m[K’ (deleted)
[8.253s]   423 |   [01;36m[KRCLCPP_DISABLE_COPY[m[K(Subscription)
[8.253s]       |   [01;36m[K^~~~~~~~~~~~~~~~~~~[m[K
[8.253s] [01m[K/opt/ros/humble/include/rclcpp/rclcpp/subscription.hpp:423:3:[m[K [01;36m[Knote: [m[K  no known conversion for argument 1 from ‘[01m[Kstd::shared_ptr<rclcpp::Subscription<std_msgs::msg::String_<std::allocator<void> > > >[m[K’ to ‘[01m[Kconst rclcpp::Subscription<std_msgs::msg::String_<std::allocator<void> > >&[m[K’
[8.254s]   423 |   [01;36m[KRCLCPP_DISABLE_COPY[m[K(Subscription)
[8.254s]       |   [01;36m[K^~~~~~~~~~~~~~~~~~~[m[K
[8.254s] In file included from [01m[K/opt/ros/humble/include/rclcpp/rclcpp/logging.hpp:24[m[K,
[8.254s]                  from [01m[K/opt/ros/humble/include/rclcpp/rclcpp/client.hpp:40[m[K,
[8.255s]                  from [01m[K/opt/ros/humble/include/rclcpp/rclcpp/callback_group.hpp:24[m[K,
[8.255s]                  from [01m[K/opt/ros/humble/include/rclcpp/rclcpp/any_executable.hpp:20[m[K,
[8.255s]                  from [01m[K/opt/ros/humble/include/rclcpp/rclcpp/memory_strategy.hpp:25[m[K,
[8.256s]                  from [01m[K/opt/ros/humble/include/rclcpp/rclcpp/memory_strategies.hpp:18[m[K,
[8.256s]                  from [01m[K/opt/ros/humble/include/rclcpp/rclcpp/executor_options.hpp:20[m[K,
[8.256s]                  from [01m[K/opt/ros/humble/include/rclcpp/rclcpp/executor.hpp:37[m[K,
[8.256s]                  from [01m[K/opt/ros/humble/include/rclcpp/rclcpp/executors/multi_threaded_executor.hpp:25[m[K,
[8.257s]                  from [01m[K/opt/ros/humble/include/rclcpp/rclcpp/executors.hpp:21[m[K,
[8.257s]                  from [01m[K/opt/ros/humble/include/rclcpp/rclcpp/rclcpp.hpp:155[m[K,
[8.257s]                  from [01m[K/home/ziad/Ziad_work_space/ROS2/work_space/src/simple_pub_sub/src/sub.cpp:13[m[K:
[8.258s] [01m[K/home/ziad/Ziad_work_space/ROS2/work_space/src/simple_pub_sub/src/sub.cpp:[m[K In member function ‘[01m[Kvoid subscriper::callBack(std_msgs::msg::String_<std::allocator<void> >::SharedPtr)[m[K’:
[8.258s] [01m[K/home/ziad/Ziad_work_space/ROS2/work_space/src/simple_pub_sub/src/sub.cpp:25:67:[m[K [01;31m[Kerror: [m[K‘[01m[Kconst SharedPtr[m[K’ {aka ‘[01m[Kconst class std::shared_ptr<std_msgs::msg::String_<std::allocator<void> > >[m[K’} has no member named ‘[01m[Kdata[m[K’
[8.259s]    25 |             RCLCPP_INFO(this->get_logger(), "I heared: [%s]", msg.[01;31m[Kdata[m[K.c_str());
[8.259s]       |                                                                   [01;31m[K^~~~[m[K
[8.259s] [01m[K/home/ziad/Ziad_work_space/ROS2/work_space/src/simple_pub_sub/src/sub.cpp:[m[K In function ‘[01m[Kint main(int, char**)[m[K’:
[8.259s] [01m[K/home/ziad/Ziad_work_space/ROS2/work_space/src/simple_pub_sub/src/sub.cpp:33:17:[m[K [01;31m[Kerror: [m[Kno matching function for call to ‘[01m[Kspin(std::shared_ptr<subscriper>)[m[K’
[8.260s]    33 |     [01;31m[Krclcpp::spin(std::make_shared<subscriper>())[m[K;
[8.260s]       |     [01;31m[K~~~~~~~~~~~~^~~~~~~~~~~~~~~~~~~~~~~~~~~~~~~~[m[K
[8.260s] In file included from [01m[K/opt/ros/humble/include/rclcpp/rclcpp/rclcpp.hpp:155[m[K,
[8.261s]                  from [01m[K/home/ziad/Ziad_work_space/ROS2/work_space/src/simple_pub_sub/src/sub.cpp:13[m[K:
[8.261s] [01m[K/opt/ros/humble/include/rclcpp/rclcpp/executors.hpp:45:1:[m[K [01;36m[Knote: [m[Kcandidate: ‘[01m[Kvoid rclcpp::spin(rclcpp::node_interfaces::NodeBaseInterface::SharedPtr)[m[K’
[8.261s]    45 | [01;36m[Kspin[m[K(rclcpp::node_interfaces::NodeBaseInterface::SharedPtr node_ptr);
[8.261s]       | [01;36m[K^~~~[m[K
[8.262s] [01m[K/opt/ros/humble/include/rclcpp/rclcpp/executors.hpp:45:60:[m[K [01;36m[Knote: [m[K  no known conversion for argument 1 from ‘[01m[Kshared_ptr<[01;32m[Ksubscriper[m[K>[m[K’ to ‘[01m[Kshared_ptr<[01;32m[Krclcpp::node_interfaces::NodeBaseInterface[m[K>[m[K’
[8.262s]    45 | spin([01;36m[Krclcpp::node_interfaces::NodeBaseInterface::SharedPtr node_ptr[m[K);
[8.262s]       |      [01;36m[K~~~~~~~~~~~~~~~~~~~~~~~~~~~~~~~~~~~~~~~~~~~~~~~~~~~~~~^~~~~~~~[m[K
[8.263s] [01m[K/opt/ros/humble/include/rclcpp/rclcpp/executors.hpp:49:1:[m[K [01;36m[Knote: [m[Kcandidate: ‘[01m[Kvoid rclcpp::spin(rclcpp::Node::SharedPtr)[m[K’
[8.263s]    49 | [01;36m[Kspin[m[K(rclcpp::Node::SharedPtr node_ptr);
[8.263s]       | [01;36m[K^~~~[m[K
[8.263s] [01m[K/opt/ros/humble/include/rclcpp/rclcpp/executors.hpp:49:30:[m[K [01;36m[Knote: [m[K  no known conversion for argument 1 from ‘[01m[Kshared_ptr<[01;32m[Ksubscriper[m[K>[m[K’ to ‘[01m[Kshared_ptr<[01;32m[Krclcpp::Node[m[K>[m[K’
[8.264s]    49 | spin([01;36m[Krclcpp::Node::SharedPtr node_ptr[m[K);
[8.264s]       |      [01;36m[K~~~~~~~~~~~~~~~~~~~~~~~~^~~~~~~~[m[K
[9.591s] gmake[2]: *** [CMakeFiles/pub.dir/build.make:76: CMakeFiles/pub.dir/src/pub.cpp.o] Error 1
[9.591s] gmake[1]: *** [CMakeFiles/Makefile2:139: CMakeFiles/pub.dir/all] Error 2
[9.592s] gmake[1]: *** Waiting for unfinished jobs....
[11.570s] gmake[2]: *** [CMakeFiles/sub.dir/build.make:76: CMakeFiles/sub.dir/src/sub.cpp.o] Error 1
[11.570s] gmake[1]: *** [CMakeFiles/Makefile2:165: CMakeFiles/sub.dir/all] Error 2
[11.571s] gmake: *** [Makefile:146: all] Error 2
[11.607s] Invoked command in '/home/ziad/Ziad_work_space/ROS2/work_space/build/simple_pub_sub' returned '2': CMAKE_PREFIX_PATH=/opt/ros/humble /usr/bin/cmake --build /home/ziad/Ziad_work_space/ROS2/work_space/build/simple_pub_sub -- -j8 -l8
