[0.178s] Invoking command in '/home/ziad/Ziad_work_space/ROS2/work_space/build/simple_pub_sub': CMAKE_PREFIX_PATH=/opt/ros/humble /usr/bin/cmake --build /home/ziad/Ziad_work_space/ROS2/work_space/build/simple_pub_sub -- -j8 -l8
[0.971s] [35m[1mConsolidate compiler generated dependencies of target pub[0m
[0.979s] [35m[1mConsolidate compiler generated dependencies of target sub[0m
[0.999s] [ 25%] [32mBuilding CXX object CMakeFiles/pub.dir/src/pub.cpp.o[0m
[1.013s] [ 50%] [32mBuilding CXX object CMakeFiles/sub.dir/src/sub.cpp.o[0m
[6.694s] [01m[K/home/ziad/Ziad_work_space/ROS2/work_space/src/simple_pub_sub/src/sub.cpp:[m[K In constructor ‘[01m[Ksubscriper::subscriper()[m[K’:
[6.694s] [01m[K/home/ziad/Ziad_work_space/ROS2/work_space/src/simple_pub_sub/src/sub.cpp:20:41:[m[K [01;31m[Kerror: [m[Kno matching function for call to ‘[01m[Krclcpp::Subscription<std_msgs::msg::String_<std::allocator<void> > >::Subscription()[m[K’
[6.694s]    20 |         subscriper() : Node("subscriper"[01;31m[K)[m[K {
[6.695s]       |                                         [01;31m[K^[m[K
[6.719s] In file included from [01m[K/opt/ros/humble/include/rclcpp/rclcpp/any_executable.hpp:25[m[K,
[6.719s]                  from [01m[K/opt/ros/humble/include/rclcpp/rclcpp/memory_strategy.hpp:25[m[K,
[6.719s]                  from [01m[K/opt/ros/humble/include/rclcpp/rclcpp/memory_strategies.hpp:18[m[K,
[6.719s]                  from [01m[K/opt/ros/humble/include/rclcpp/rclcpp/executor_options.hpp:20[m[K,
[6.719s]                  from [01m[K/opt/ros/humble/include/rclcpp/rclcpp/executor.hpp:37[m[K,
[6.719s]                  from [01m[K/opt/ros/humble/include/rclcpp/rclcpp/executors/multi_threaded_executor.hpp:25[m[K,
[6.719s]                  from [01m[K/opt/ros/humble/include/rclcpp/rclcpp/executors.hpp:21[m[K,
[6.720s]                  from [01m[K/opt/ros/humble/include/rclcpp/rclcpp/rclcpp.hpp:155[m[K,
[6.720s]                  from [01m[K/home/ziad/Ziad_work_space/ROS2/work_space/src/simple_pub_sub/src/sub.cpp:13[m[K:
[6.720s] [01m[K/opt/ros/humble/include/rclcpp/rclcpp/subscription.hpp:130:3:[m[K [01;36m[Knote: [m[Kcandidate: ‘[01m[Krclcpp::Subscription<MessageT, AllocatorT, SubscribedT, ROSMessageT, MessageMemoryStrategyT>::Subscription(rclcpp::node_interfaces::NodeBaseInterface*, const rosidl_message_type_support_t&, const string&, const rclcpp::QoS&, rclcpp::AnySubscriptionCallback<CallbackMessageT, AllocatorT>, const rclcpp::SubscriptionOptionsWithAllocator<AllocatorT>&, typename MessageMemoryStrategyT::SharedPtr, rclcpp::Subscription<MessageT, AllocatorT, SubscribedT, ROSMessageT, MessageMemoryStrategyT>::SubscriptionTopicStatisticsSharedPtr) [with MessageT = std_msgs::msg::String_<std::allocator<void> >; AllocatorT = std::allocator<void>; SubscribedT = std_msgs::msg::String_<std::allocator<void> >; ROSMessageT = std_msgs::msg::String_<std::allocator<void> >; MessageMemoryStrategyT = rclcpp::message_memory_strategy::MessageMemoryStrategy<std_msgs::msg::String_<std::allocator<void> >, std::allocator<void> >; rosidl_message_type_support_t = rosidl_message_type_support_t; std::string = std::__cxx11::basic_string<char>; typename MessageMemoryStrategyT::SharedPtr = std::shared_ptr<rclcpp::message_memory_strategy::MessageMemoryStrategy<std_msgs::msg::String_<std::allocator<void> >, std::allocator<void> > >; rclcpp::Subscription<MessageT, AllocatorT, SubscribedT, ROSMessageT, MessageMemoryStrategyT>::SubscriptionTopicStatisticsSharedPtr = std::shared_ptr<rclcpp::topic_statistics::SubscriptionTopicStatistics<std_msgs::msg::String_<std::allocator<void> > > >][m[K’
[6.720s]   130 |   [01;36m[KSubscription[m[K(
[6.720s]       |   [01;36m[K^~~~~~~~~~~~[m[K
[6.729s] [01m[K/opt/ros/humble/include/rclcpp/rclcpp/subscription.hpp:130:3:[m[K [01;36m[Knote: [m[K  candidate expects 8 arguments, 0 provided
[6.748s] [01m[K/home/ziad/Ziad_work_space/ROS2/work_space/src/simple_pub_sub/src/sub.cpp:21:158:[m[K [01;31m[Kerror: [m[Kno match for ‘[01m[Koperator=[m[K’ (operand types are ‘[01m[Krclcpp::Subscription<std_msgs::msg::String_<std::allocator<void> > >[m[K’ and ‘[01m[Kstd::shared_ptr<rclcpp::Subscription<std_msgs::msg::String_<std::allocator<void> > > >[m[K’)
[6.748s]    21 |             this->subscriper_ = this->create_subscription<std_msgs::msg::String>("chatter", 10, std::bind(&subscriper::callBack, this, std::placeholders::_1)[01;31m[K)[m[K;
[6.749s]       |                                                                                                                                                              [01;31m[K^[m[K
[6.749s] In file included from [01m[K/opt/ros/humble/include/rclcpp/rclcpp/context.hpp:35[m[K,
[6.749s]                  from [01m[K/opt/ros/humble/include/rclcpp/rclcpp/executor.hpp:34[m[K,
[6.750s]                  from [01m[K/opt/ros/humble/include/rclcpp/rclcpp/executors/multi_threaded_executor.hpp:25[m[K,
[6.750s]                  from [01m[K/opt/ros/humble/include/rclcpp/rclcpp/executors.hpp:21[m[K,
[6.750s]                  from [01m[K/opt/ros/humble/include/rclcpp/rclcpp/rclcpp.hpp:155[m[K,
[6.751s]                  from [01m[K/home/ziad/Ziad_work_space/ROS2/work_space/src/simple_pub_sub/src/sub.cpp:13[m[K:
[6.751s] [01m[K/opt/ros/humble/include/rclcpp/rclcpp/subscription.hpp:423:3:[m[K [01;36m[Knote: [m[Kcandidate: ‘[01m[Krclcpp::Subscription<MessageT, AllocatorT, SubscribedT, ROSMessageT, MessageMemoryStrategyT>& rclcpp::Subscription<MessageT, AllocatorT, SubscribedT, ROSMessageT, MessageMemoryStrategyT>::operator=(const rclcpp::Subscription<MessageT, AllocatorT, SubscribedT, ROSMessageT, MessageMemoryStrategyT>&) [with MessageT = std_msgs::msg::String_<std::allocator<void> >; AllocatorT = std::allocator<void>; SubscribedT = std_msgs::msg::String_<std::allocator<void> >; ROSMessageT = std_msgs::msg::String_<std::allocator<void> >; MessageMemoryStrategyT = rclcpp::message_memory_strategy::MessageMemoryStrategy<std_msgs::msg::String_<std::allocator<void> >, std::allocator<void> >][m[K’ (deleted)
[6.751s]   423 |   [01;36m[KRCLCPP_DISABLE_COPY[m[K(Subscription)
[6.752s]       |   [01;36m[K^~~~~~~~~~~~~~~~~~~[m[K
[6.752s] [01m[K/opt/ros/humble/include/rclcpp/rclcpp/subscription.hpp:423:3:[m[K [01;36m[Knote: [m[K  no known conversion for argument 1 from ‘[01m[Kstd::shared_ptr<rclcpp::Subscription<std_msgs::msg::String_<std::allocator<void> > > >[m[K’ to ‘[01m[Kconst rclcpp::Subscription<std_msgs::msg::String_<std::allocator<void> > >&[m[K’
[6.752s]   423 |   [01;36m[KRCLCPP_DISABLE_COPY[m[K(Subscription)
[6.752s]       |   [01;36m[K^~~~~~~~~~~~~~~~~~~[m[K
[6.760s] In file included from [01m[K/opt/ros/humble/include/rclcpp/rclcpp/logging.hpp:24[m[K,
[6.760s]                  from [01m[K/opt/ros/humble/include/rclcpp/rclcpp/client.hpp:40[m[K,
[6.761s]                  from [01m[K/opt/ros/humble/include/rclcpp/rclcpp/callback_group.hpp:24[m[K,
[6.761s]                  from [01m[K/opt/ros/humble/include/rclcpp/rclcpp/any_executable.hpp:20[m[K,
[6.761s]                  from [01m[K/opt/ros/humble/include/rclcpp/rclcpp/memory_strategy.hpp:25[m[K,
[6.762s]                  from [01m[K/opt/ros/humble/include/rclcpp/rclcpp/memory_strategies.hpp:18[m[K,
[6.762s]                  from [01m[K/opt/ros/humble/include/rclcpp/rclcpp/executor_options.hpp:20[m[K,
[6.762s]                  from [01m[K/opt/ros/humble/include/rclcpp/rclcpp/executor.hpp:37[m[K,
[6.762s]                  from [01m[K/opt/ros/humble/include/rclcpp/rclcpp/executors/multi_threaded_executor.hpp:25[m[K,
[6.763s]                  from [01m[K/opt/ros/humble/include/rclcpp/rclcpp/executors.hpp:21[m[K,
[6.763s]                  from [01m[K/opt/ros/humble/include/rclcpp/rclcpp/rclcpp.hpp:155[m[K,
[6.763s]                  from [01m[K/home/ziad/Ziad_work_space/ROS2/work_space/src/simple_pub_sub/src/sub.cpp:13[m[K:
[6.764s] [01m[K/home/ziad/Ziad_work_space/ROS2/work_space/src/simple_pub_sub/src/sub.cpp:[m[K In member function ‘[01m[Kvoid subscriper::callBack(std_msgs::msg::String_<std::allocator<void> >::SharedPtr)[m[K’:
[6.764s] [01m[K/home/ziad/Ziad_work_space/ROS2/work_space/src/simple_pub_sub/src/sub.cpp:25:67:[m[K [01;31m[Kerror: [m[K‘[01m[Kconst SharedPtr[m[K’ {aka ‘[01m[Kconst class std::shared_ptr<std_msgs::msg::String_<std::allocator<void> > >[m[K’} has no member named ‘[01m[Kdata[m[K’
[6.764s]    25 |             RCLCPP_INFO(this->get_logger(), "I heared: [%s]", msg.[01;31m[Kdata[m[K.c_str());
[6.765s]       |                                                                   [01;31m[K^~~~[m[K
[10.971s] gmake[2]: *** [CMakeFiles/sub.dir/build.make:76: CMakeFiles/sub.dir/src/sub.cpp.o] Error 1
[10.971s] gmake[1]: *** [CMakeFiles/Makefile2:165: CMakeFiles/sub.dir/all] Error 2
[10.971s] gmake[1]: *** Waiting for unfinished jobs....
[14.815s] [ 75%] [32m[1mLinking CXX executable pub[0m
[20.236s] [ 75%] Built target pub
[20.239s] gmake: *** [Makefile:146: all] Error 2
[20.289s] Invoked command in '/home/ziad/Ziad_work_space/ROS2/work_space/build/simple_pub_sub' returned '2': CMAKE_PREFIX_PATH=/opt/ros/humble /usr/bin/cmake --build /home/ziad/Ziad_work_space/ROS2/work_space/build/simple_pub_sub -- -j8 -l8
