[0.047s] Invoking command in '/home/ziad/Ziad_WS/ROS2/work_space/build/turtlebot3_custom': CMAKE_PREFIX_PATH=${CMAKE_PREFIX_PATH}:/opt/ros/humble /usr/bin/cmake --build /home/ziad/Ziad_WS/ROS2/work_space/build/turtlebot3_custom -- -j4 -l4
[0.228s] [  2%] Built target turtlebot3_custom__cpp
[0.276s] [  6%] Built target turtlebot3_controller
[0.276s] [ 14%] Built target turtlebot3_custom__rosidl_generator_c
[0.316s] [ 14%] Built target ament_cmake_python_copy_turtlebot3_custom
[0.341s] [ 22%] Built target turtlebot3_custom__rosidl_typesupport_cpp
[0.368s] [ 30%] Built target turtlebot3_custom__rosidl_typesupport_introspection_cpp
[0.394s] [ 38%] Built target turtlebot3_custom__rosidl_typesupport_fastrtps_cpp
[0.442s] [ 46%] Built target turtlebot3_custom__rosidl_typesupport_introspection_c
[0.454s] [ 55%] Built target turtlebot3_custom__rosidl_typesupport_fastrtps_c
[0.457s] [ 63%] Built target turtlebot3_custom__rosidl_typesupport_c
[0.479s] [35m[1mConsolidate compiler generated dependencies of target robot_status_server[0m
[0.508s] [ 65%] [32mBuilding CXX object CMakeFiles/status_client.dir/src/status_client.cpp.o[0m
[0.522s] [ 69%] Built target navigation_action_server
[0.524s] [ 71%] [32mBuilding CXX object CMakeFiles/robot_status_server.dir/src/robot_status_server.cpp.o[0m
[0.566s] [ 75%] Built target navigation_client
[0.625s] [ 75%] Built target turtlebot3_custom
[0.704s] [ 77%] Built target turtlebot3_custom__py
[0.777s] [ 83%] Built target turtlebot3_custom__rosidl_generator_py
[0.846s] [ 87%] Built target turtlebot3_custom__rosidl_typesupport_fastrtps_c__pyext
[0.932s] [ 91%] Built target turtlebot3_custom__rosidl_typesupport_introspection_c__pyext
[1.021s] [ 95%] Built target turtlebot3_custom__rosidl_typesupport_c__pyext
[1.494s] running egg_info
[1.525s] writing turtlebot3_custom.egg-info/PKG-INFO
[1.526s] writing dependency_links to turtlebot3_custom.egg-info/dependency_links.txt
[1.526s] writing top-level names to turtlebot3_custom.egg-info/top_level.txt
[1.847s] reading manifest file 'turtlebot3_custom.egg-info/SOURCES.txt'
[2.091s] writing manifest file 'turtlebot3_custom.egg-info/SOURCES.txt'
[2.198s] [ 95%] Built target ament_cmake_python_build_turtlebot3_custom_egg
[9.291s] [01m[K/home/ziad/Ziad_WS/ROS2/work_space/src/turtlebot3_custom/src/status_client.cpp:[m[K In member function ‘[01m[Kvoid StatusClient::send_request()[m[K’:
[9.291s] [01m[K/home/ziad/Ziad_WS/ROS2/work_space/src/turtlebot3_custom/src/status_client.cpp:35:22:[m[K [01;31m[Kerror: [m[K‘[01m[Kusing element_type = struct turtlebot3_custom::srv::GetRobotStatus[m[K’ {aka ‘[01m[Kstruct turtlebot3_custom::srv::GetRobotStatus[m[K’} has no member named ‘[01m[Kquery_type[m[K’
[9.291s]    35 |             request->[01;31m[Kquery_type[m[K = "general";
[9.291s]       |                      [01;31m[K^~~~~~~~~~[m[K
[9.291s] [01m[K/home/ziad/Ziad_WS/ROS2/work_space/src/turtlebot3_custom/src/status_client.cpp:36:54:[m[K [01;31m[Kerror: [m[Kno matching function for call to ‘[01m[Krclcpp::Client<turtlebot3_custom::srv::GetRobotStatus>::async_send_request(std::shared_ptr<turtlebot3_custom::srv::GetRobotStatus>&)[m[K’
[9.292s]    36 |             auto result = [01;31m[Kclient_->async_send_request(request)[m[K;
[9.292s]       |                           [01;31m[K~~~~~~~~~~~~~~~~~~~~~~~~~~~^~~~~~~~~[m[K
[9.299s] In file included from [01m[K/opt/ros/humble/include/rclcpp/rclcpp/callback_group.hpp:24[m[K,
[9.299s]                  from [01m[K/opt/ros/humble/include/rclcpp/rclcpp/any_executable.hpp:20[m[K,
[9.299s]                  from [01m[K/opt/ros/humble/include/rclcpp/rclcpp/memory_strategy.hpp:25[m[K,
[9.299s]                  from [01m[K/opt/ros/humble/include/rclcpp/rclcpp/memory_strategies.hpp:18[m[K,
[9.300s]                  from [01m[K/opt/ros/humble/include/rclcpp/rclcpp/executor_options.hpp:20[m[K,
[9.300s]                  from [01m[K/opt/ros/humble/include/rclcpp/rclcpp/executor.hpp:37[m[K,
[9.300s]                  from [01m[K/opt/ros/humble/include/rclcpp/rclcpp/executors/multi_threaded_executor.hpp:25[m[K,
[9.300s]                  from [01m[K/opt/ros/humble/include/rclcpp/rclcpp/executors.hpp:21[m[K,
[9.300s]                  from [01m[K/opt/ros/humble/include/rclcpp/rclcpp/rclcpp.hpp:155[m[K,
[9.300s]                  from [01m[K/home/ziad/Ziad_WS/ROS2/work_space/src/turtlebot3_custom/src/status_client.cpp:12[m[K:
[9.300s] [01m[K/opt/ros/humble/include/rclcpp/rclcpp/client.hpp:643:3:[m[K [01;36m[Knote: [m[Kcandidate: ‘[01m[Ktemplate<class CallbackT, typename std::enable_if<rclcpp::function_traits::same_arguments<CallbackT, std::function<void(std::shared_future<std::shared_ptr<turtlebot3_custom::srv::GetRobotStatus_Response_<std::allocator<void> > > >)> >::value, void>::type* <anonymous> > rclcpp::Client<ServiceT>::SharedFutureAndRequestId rclcpp::Client<ServiceT>::async_send_request(rclcpp::Client<ServiceT>::SharedRequest, CallbackT&&) [with CallbackT = CallbackT; typename std::enable_if<rclcpp::function_traits::same_arguments<CallbackT, std::function<void(std::shared_future<typename ServiceT::Response::SharedPtr>)> >::value>::type* <anonymous> = <anonymous>; ServiceT = turtlebot3_custom::srv::GetRobotStatus][m[K’
[9.300s]   643 |   [01;36m[Kasync_send_request[m[K(SharedRequest request, CallbackT && cb)
[9.301s]       |   [01;36m[K^~~~~~~~~~~~~~~~~~[m[K
[9.301s] [01m[K/opt/ros/humble/include/rclcpp/rclcpp/client.hpp:643:3:[m[K [01;36m[Knote: [m[K  template argument deduction/substitution failed:
[9.304s] [01m[K/home/ziad/Ziad_WS/ROS2/work_space/src/turtlebot3_custom/src/status_client.cpp:36:54:[m[K [01;36m[Knote: [m[K  candidate expects 2 arguments, 1 provided
[9.305s]    36 |             auto result = [01;36m[Kclient_->async_send_request(request)[m[K;
[9.305s]       |                           [01;36m[K~~~~~~~~~~~~~~~~~~~~~~~~~~~^~~~~~~~~[m[K
[9.305s] In file included from [01m[K/opt/ros/humble/include/rclcpp/rclcpp/callback_group.hpp:24[m[K,
[9.305s]                  from [01m[K/opt/ros/humble/include/rclcpp/rclcpp/any_executable.hpp:20[m[K,
[9.305s]                  from [01m[K/opt/ros/humble/include/rclcpp/rclcpp/memory_strategy.hpp:25[m[K,
[9.305s]                  from [01m[K/opt/ros/humble/include/rclcpp/rclcpp/memory_strategies.hpp:18[m[K,
[9.305s]                  from [01m[K/opt/ros/humble/include/rclcpp/rclcpp/executor_options.hpp:20[m[K,
[9.305s]                  from [01m[K/opt/ros/humble/include/rclcpp/rclcpp/executor.hpp:37[m[K,
[9.306s]                  from [01m[K/opt/ros/humble/include/rclcpp/rclcpp/executors/multi_threaded_executor.hpp:25[m[K,
[9.306s]                  from [01m[K/opt/ros/humble/include/rclcpp/rclcpp/executors.hpp:21[m[K,
[9.306s]                  from [01m[K/opt/ros/humble/include/rclcpp/rclcpp/rclcpp.hpp:155[m[K,
[9.306s]                  from [01m[K/home/ziad/Ziad_WS/ROS2/work_space/src/turtlebot3_custom/src/status_client.cpp:12[m[K:
[9.306s] [01m[K/opt/ros/humble/include/rclcpp/rclcpp/client.hpp:674:3:[m[K [01;36m[Knote: [m[Kcandidate: ‘[01m[Ktemplate<class CallbackT, typename std::enable_if<rclcpp::function_traits::same_arguments<CallbackT, std::function<void(std::shared_future<std::pair<std::shared_ptr<turtlebot3_custom::srv::GetRobotStatus_Request_<std::allocator<void> > >, std::shared_ptr<turtlebot3_custom::srv::GetRobotStatus_Response_<std::allocator<void> > > > >)> >::value, void>::type* <anonymous> > rclcpp::Client<ServiceT>::SharedFutureWithRequestAndRequestId rclcpp::Client<ServiceT>::async_send_request(rclcpp::Client<ServiceT>::SharedRequest, CallbackT&&) [with CallbackT = CallbackT; typename std::enable_if<rclcpp::function_traits::same_arguments<CallbackT, std::function<void(std::shared_future<std::pair<typename ServiceT::Request::SharedPtr, typename ServiceT::Response::SharedPtr> >)> >::value>::type* <anonymous> = <anonymous>; ServiceT = turtlebot3_custom::srv::GetRobotStatus][m[K’
[9.306s]   674 |   [01;36m[Kasync_send_request[m[K(SharedRequest request, CallbackT && cb)
[9.306s]       |   [01;36m[K^~~~~~~~~~~~~~~~~~[m[K
[9.306s] [01m[K/opt/ros/humble/include/rclcpp/rclcpp/client.hpp:674:3:[m[K [01;36m[Knote: [m[K  template argument deduction/substitution failed:
[9.306s] [01m[K/home/ziad/Ziad_WS/ROS2/work_space/src/turtlebot3_custom/src/status_client.cpp:36:54:[m[K [01;36m[Knote: [m[K  candidate expects 2 arguments, 1 provided
[9.307s]    36 |             auto result = [01;36m[Kclient_->async_send_request(request)[m[K;
[9.307s]       |                           [01;36m[K~~~~~~~~~~~~~~~~~~~~~~~~~~~^~~~~~~~~[m[K
[9.307s] In file included from [01m[K/opt/ros/humble/include/rclcpp/rclcpp/callback_group.hpp:24[m[K,
[9.307s]                  from [01m[K/opt/ros/humble/include/rclcpp/rclcpp/any_executable.hpp:20[m[K,
[9.307s]                  from [01m[K/opt/ros/humble/include/rclcpp/rclcpp/memory_strategy.hpp:25[m[K,
[9.308s]                  from [01m[K/opt/ros/humble/include/rclcpp/rclcpp/memory_strategies.hpp:18[m[K,
[9.308s]                  from [01m[K/opt/ros/humble/include/rclcpp/rclcpp/executor_options.hpp:20[m[K,
[9.308s]                  from [01m[K/opt/ros/humble/include/rclcpp/rclcpp/executor.hpp:37[m[K,
[9.308s]                  from [01m[K/opt/ros/humble/include/rclcpp/rclcpp/executors/multi_threaded_executor.hpp:25[m[K,
[9.308s]                  from [01m[K/opt/ros/humble/include/rclcpp/rclcpp/executors.hpp:21[m[K,
[9.308s]                  from [01m[K/opt/ros/humble/include/rclcpp/rclcpp/rclcpp.hpp:155[m[K,
[9.308s]                  from [01m[K/home/ziad/Ziad_WS/ROS2/work_space/src/turtlebot3_custom/src/status_client.cpp:12[m[K:
[9.308s] [01m[K/opt/ros/humble/include/rclcpp/rclcpp/client.hpp:608:3:[m[K [01;36m[Knote: [m[Kcandidate: ‘[01m[Krclcpp::Client<ServiceT>::FutureAndRequestId rclcpp::Client<ServiceT>::async_send_request(rclcpp::Client<ServiceT>::SharedRequest) [with ServiceT = turtlebot3_custom::srv::GetRobotStatus; rclcpp::Client<ServiceT>::SharedRequest = std::shared_ptr<turtlebot3_custom::srv::GetRobotStatus_Request_<std::allocator<void> > >][m[K’
[9.309s]   608 |   [01;36m[Kasync_send_request[m[K(SharedRequest request)
[9.309s]       |   [01;36m[K^~~~~~~~~~~~~~~~~~[m[K
[9.309s] [01m[K/opt/ros/humble/include/rclcpp/rclcpp/client.hpp:608:36:[m[K [01;36m[Knote: [m[K  no known conversion for argument 1 from ‘[01m[Kshared_ptr<[01;32m[Kturtlebot3_custom::srv::GetRobotStatus[m[K>[m[K’ to ‘[01m[Kshared_ptr<[01;32m[Kturtlebot3_custom::srv::GetRobotStatus_Request_<std::allocator<void> >[m[K>[m[K’
[9.309s]   608 |   async_send_request([01;36m[KSharedRequest request[m[K)
[9.309s]       |                      [01;36m[K~~~~~~~~~~~~~~^~~~~~~[m[K
[10.092s] gmake[2]: *** [CMakeFiles/status_client.dir/build.make:76: CMakeFiles/status_client.dir/src/status_client.cpp.o] Error 1
[10.093s] gmake[1]: *** [CMakeFiles/Makefile2:654: CMakeFiles/status_client.dir/all] Error 2
[10.093s] gmake[1]: *** Waiting for unfinished jobs....
[21.096s] [ 97%] [32m[1mLinking CXX executable robot_status_server[0m
[22.659s] [ 97%] Built target robot_status_server
[22.660s] gmake: *** [Makefile:146: all] Error 2
[22.663s] Invoked command in '/home/ziad/Ziad_WS/ROS2/work_space/build/turtlebot3_custom' returned '2': CMAKE_PREFIX_PATH=${CMAKE_PREFIX_PATH}:/opt/ros/humble /usr/bin/cmake --build /home/ziad/Ziad_WS/ROS2/work_space/build/turtlebot3_custom -- -j4 -l4
