[0.035s] Invoking command in '/home/ziad/Ziad_WS/ROS2/work_space/build/practise_pub_sub': CMAKE_PREFIX_PATH=${CMAKE_PREFIX_PATH}:/home/ziad/turtlebot3_ws/install/turtlebot3_teleop:/home/ziad/turtlebot3_ws/install/turtlebot3_example:/opt/ros/humble /usr/bin/cmake --build /home/ziad/Ziad_WS/ROS2/work_space/build/practise_pub_sub -- -j4 -l4
[0.270s] [ 25%] Built target subscriper_int
[0.285s] [ 50%] Built target publisher_int
[0.290s] [ 75%] Built target subscriper_str
[0.291s] [100%] Built target publisher_str
[0.378s] Invoked command in '/home/ziad/Ziad_WS/ROS2/work_space/build/practise_pub_sub' returned '0': CMAKE_PREFIX_PATH=${CMAKE_PREFIX_PATH}:/home/ziad/turtlebot3_ws/install/turtlebot3_teleop:/home/ziad/turtlebot3_ws/install/turtlebot3_example:/opt/ros/humble /usr/bin/cmake --build /home/ziad/Ziad_WS/ROS2/work_space/build/practise_pub_sub -- -j4 -l4
[0.387s] Invoking command in '/home/ziad/Ziad_WS/ROS2/work_space/build/practise_pub_sub': CMAKE_PREFIX_PATH=${CMAKE_PREFIX_PATH}:/home/ziad/turtlebot3_ws/install/turtlebot3_teleop:/home/ziad/turtlebot3_ws/install/turtlebot3_example:/opt/ros/humble /usr/bin/cmake --install /home/ziad/Ziad_WS/ROS2/work_space/build/practise_pub_sub
[0.425s] -- Install configuration: ""
[0.433s] -- Up-to-date: /home/ziad/Ziad_WS/ROS2/work_space/install/practise_pub_sub/lib/practise_pub_sub/publisher_int
[0.434s] -- Up-to-date: /home/ziad/Ziad_WS/ROS2/work_space/install/practise_pub_sub/lib/practise_pub_sub/subscriper_int
[0.442s] -- Up-to-date: /home/ziad/Ziad_WS/ROS2/work_space/install/practise_pub_sub/lib/practise_pub_sub/publisher_str
[0.445s] -- Up-to-date: /home/ziad/Ziad_WS/ROS2/work_space/install/practise_pub_sub/lib/practise_pub_sub/subscriper_str
[0.445s] -- Up-to-date: /home/ziad/Ziad_WS/ROS2/work_space/install/practise_pub_sub/share/ament_index/resource_index/package_run_dependencies/practise_pub_sub
[0.446s] -- Up-to-date: /home/ziad/Ziad_WS/ROS2/work_space/install/practise_pub_sub/share/ament_index/resource_index/parent_prefix_path/practise_pub_sub
[0.451s] -- Up-to-date: /home/ziad/Ziad_WS/ROS2/work_space/install/practise_pub_sub/share/practise_pub_sub/environment/ament_prefix_path.sh
[0.456s] -- Up-to-date: /home/ziad/Ziad_WS/ROS2/work_space/install/practise_pub_sub/share/practise_pub_sub/environment/ament_prefix_path.dsv
[0.457s] -- Up-to-date: /home/ziad/Ziad_WS/ROS2/work_space/install/practise_pub_sub/share/practise_pub_sub/environment/path.sh
[0.457s] -- Up-to-date: /home/ziad/Ziad_WS/ROS2/work_space/install/practise_pub_sub/share/practise_pub_sub/environment/path.dsv
[0.457s] -- Up-to-date: /home/ziad/Ziad_WS/ROS2/work_space/install/practise_pub_sub/share/practise_pub_sub/local_setup.bash
[0.457s] -- Up-to-date: /home/ziad/Ziad_WS/ROS2/work_space/install/practise_pub_sub/share/practise_pub_sub/local_setup.sh
[0.457s] -- Up-to-date: /home/ziad/Ziad_WS/ROS2/work_space/install/practise_pub_sub/share/practise_pub_sub/local_setup.zsh
[0.458s] -- Up-to-date: /home/ziad/Ziad_WS/ROS2/work_space/install/practise_pub_sub/share/practise_pub_sub/local_setup.dsv
[0.458s] -- Installing: /home/ziad/Ziad_WS/ROS2/work_space/install/practise_pub_sub/share/practise_pub_sub/package.dsv
[0.458s] -- Up-to-date: /home/ziad/Ziad_WS/ROS2/work_space/install/practise_pub_sub/share/ament_index/resource_index/packages/practise_pub_sub
[0.458s] -- Up-to-date: /home/ziad/Ziad_WS/ROS2/work_space/install/practise_pub_sub/share/practise_pub_sub/cmake/practise_pub_subConfig.cmake
[0.458s] -- Up-to-date: /home/ziad/Ziad_WS/ROS2/work_space/install/practise_pub_sub/share/practise_pub_sub/cmake/practise_pub_subConfig-version.cmake
[0.458s] -- Up-to-date: /home/ziad/Ziad_WS/ROS2/work_space/install/practise_pub_sub/share/practise_pub_sub/package.xml
[0.482s] Invoked command in '/home/ziad/Ziad_WS/ROS2/work_space/build/practise_pub_sub' returned '0': CMAKE_PREFIX_PATH=${CMAKE_PREFIX_PATH}:/home/ziad/turtlebot3_ws/install/turtlebot3_teleop:/home/ziad/turtlebot3_ws/install/turtlebot3_example:/opt/ros/humble /usr/bin/cmake --install /home/ziad/Ziad_WS/ROS2/work_space/build/practise_pub_sub
