-- Found ament_cmake: 1.3.11 (/opt/ros/humble/share/ament_cmake/cmake)
-- Found rclcpp: 16.0.12 (/opt/ros/humble/share/rclcpp/cmake)
-- Found rosidl_generator_c: 3.1.6 (/opt/ros/humble/share/rosidl_generator_c/cmake)
-- Found rosidl_adapter: 3.1.6 (/opt/ros/humble/share/rosidl_adapter/cmake)
-- Found rosidl_generator_cpp: 3.1.6 (/opt/ros/humble/share/rosidl_generator_cpp/cmake)
-- Using all available rosidl_typesupport_c: rosidl_typesupport_fastrtps_c;rosidl_typesupport_introspection_c
-- Using all available rosidl_typesupport_cpp: rosidl_typesupport_fastrtps_cpp;rosidl_typesupport_introspection_cpp
-- Found rmw_implementation_cmake: 6.1.2 (/opt/ros/humble/share/rmw_implementation_cmake/cmake)
-- Found rmw_fastrtps_cpp: 6.2.7 (/opt/ros/humble/share/rmw_fastrtps_cpp/cmake)
-- Using RMW implementation 'rmw_fastrtps_cpp' as default
-- Found ament_lint_auto: 0.12.12 (/opt/ros/humble/share/ament_lint_auto/cmake)
-- Added test 'cppcheck' to perform static code analysis on C / C++ code
-- Configured cppcheck include dirs: 
-- Configured cppcheck exclude dirs and/or files: 
-- Added test 'flake8' to check Python code syntax and style conventions
-- Added test 'lint_cmake' to check CMake code style
-- Added test 'pep257' to check Python code against some of the docstring style conventions in PEP 257
-- Added test 'uncrustify' to check C / C++ code style
-- Configured uncrustify additional arguments: 
-- Added test 'xmllint' to check XML markup files
-- Configuring done
-- Generating done
-- Build files have been written to: /home/ziad/Ziad_WS/ROS2/code/build/cpp_pubsub
[35m[1mConsolidate compiler generated dependencies of target subscriber_node[0m
[ 25%] [32mBuilding CXX object CMakeFiles/subscriber_node.dir/src/subscriber.cpp.o[0m
[ 50%] [32m[1mLinking CXX executable subscriber_node[0m
[ 50%] Built target subscriber_node
[35m[1mConsolidate compiler generated dependencies of target publisher_node[0m
[100%] Built target publisher_node
-- Install configuration: ""
-- Installing: /home/ziad/Ziad_WS/ROS2/code/install/cpp_pubsub/lib/cpp_pubsub/publisher_node
-- Set runtime path of "/home/ziad/Ziad_WS/ROS2/code/install/cpp_pubsub/lib/cpp_pubsub/publisher_node" to ""
-- Installing: /home/ziad/Ziad_WS/ROS2/code/install/cpp_pubsub/lib/cpp_pubsub/subscriber_node
-- Set runtime path of "/home/ziad/Ziad_WS/ROS2/code/install/cpp_pubsub/lib/cpp_pubsub/subscriber_node" to ""
-- Installing: /home/ziad/Ziad_WS/ROS2/code/install/cpp_pubsub/share/ament_index/resource_index/package_run_dependencies/cpp_pubsub
-- Installing: /home/ziad/Ziad_WS/ROS2/code/install/cpp_pubsub/share/ament_index/resource_index/parent_prefix_path/cpp_pubsub
-- Installing: /home/ziad/Ziad_WS/ROS2/code/install/cpp_pubsub/share/cpp_pubsub/environment/ament_prefix_path.sh
-- Installing: /home/ziad/Ziad_WS/ROS2/code/install/cpp_pubsub/share/cpp_pubsub/environment/ament_prefix_path.dsv
-- Installing: /home/ziad/Ziad_WS/ROS2/code/install/cpp_pubsub/share/cpp_pubsub/environment/path.sh
-- Installing: /home/ziad/Ziad_WS/ROS2/code/install/cpp_pubsub/share/cpp_pubsub/environment/path.dsv
-- Installing: /home/ziad/Ziad_WS/ROS2/code/install/cpp_pubsub/share/cpp_pubsub/local_setup.bash
-- Installing: /home/ziad/Ziad_WS/ROS2/code/install/cpp_pubsub/share/cpp_pubsub/local_setup.sh
-- Installing: /home/ziad/Ziad_WS/ROS2/code/install/cpp_pubsub/share/cpp_pubsub/local_setup.zsh
-- Installing: /home/ziad/Ziad_WS/ROS2/code/install/cpp_pubsub/share/cpp_pubsub/local_setup.dsv
-- Installing: /home/ziad/Ziad_WS/ROS2/code/install/cpp_pubsub/share/cpp_pubsub/package.dsv
-- Installing: /home/ziad/Ziad_WS/ROS2/code/install/cpp_pubsub/share/ament_index/resource_index/packages/cpp_pubsub
-- Installing: /home/ziad/Ziad_WS/ROS2/code/install/cpp_pubsub/share/cpp_pubsub/cmake/cpp_pubsubConfig.cmake
-- Installing: /home/ziad/Ziad_WS/ROS2/code/install/cpp_pubsub/share/cpp_pubsub/cmake/cpp_pubsubConfig-version.cmake
-- Installing: /home/ziad/Ziad_WS/ROS2/code/install/cpp_pubsub/share/cpp_pubsub/package.xml
