[0.041s] Invoking command in '/home/ziad/Ziad_WS/ROS2/code/build/cpp_pubsub': CMAKE_PREFIX_PATH=/opt/ros/humble /usr/bin/cmake --build /home/ziad/Ziad_WS/ROS2/code/build/cpp_pubsub -- -j4 -l4
[0.401s] -- Found ament_cmake: 1.3.11 (/opt/ros/humble/share/ament_cmake/cmake)
[0.672s] -- Found rclcpp: 16.0.12 (/opt/ros/humble/share/rclcpp/cmake)
[0.742s] -- Found rosidl_generator_c: 3.1.6 (/opt/ros/humble/share/rosidl_generator_c/cmake)
[0.747s] -- Found rosidl_adapter: 3.1.6 (/opt/ros/humble/share/rosidl_adapter/cmake)
[0.760s] -- Found rosidl_generator_cpp: 3.1.6 (/opt/ros/humble/share/rosidl_generator_cpp/cmake)
[0.779s] -- Using all available rosidl_typesupport_c: rosidl_typesupport_fastrtps_c;rosidl_typesupport_introspection_c
[0.804s] -- Using all available rosidl_typesupport_cpp: rosidl_typesupport_fastrtps_cpp;rosidl_typesupport_introspection_cpp
[0.870s] -- Found rmw_implementation_cmake: 6.1.2 (/opt/ros/humble/share/rmw_implementation_cmake/cmake)
[0.873s] -- Found rmw_fastrtps_cpp: 6.2.7 (/opt/ros/humble/share/rmw_fastrtps_cpp/cmake)
[1.062s] -- Using RMW implementation 'rmw_fastrtps_cpp' as default
[1.188s] -- Found ament_lint_auto: 0.12.12 (/opt/ros/humble/share/ament_lint_auto/cmake)
[1.419s] -- Added test 'cppcheck' to perform static code analysis on C / C++ code
[1.421s] -- Configured cppcheck include dirs: 
[1.422s] -- Configured cppcheck exclude dirs and/or files: 
[1.422s] -- Added test 'flake8' to check Python code syntax and style conventions
[1.424s] -- Added test 'lint_cmake' to check CMake code style
[1.425s] -- Added test 'pep257' to check Python code against some of the docstring style conventions in PEP 257
[1.429s] -- Added test 'uncrustify' to check C / C++ code style
[1.429s] -- Configured uncrustify additional arguments: 
[1.429s] -- Added test 'xmllint' to check XML markup files
[1.432s] -- Configuring done
[1.461s] -- Generating done
[1.473s] -- Build files have been written to: /home/ziad/Ziad_WS/ROS2/code/build/cpp_pubsub
[1.515s] [35m[1mConsolidate compiler generated dependencies of target subscriber_node[0m
[1.541s] [ 25%] [32mBuilding CXX object CMakeFiles/subscriber_node.dir/src/subscriber.cpp.o[0m
[17.316s] [ 50%] [32m[1mLinking CXX executable subscriber_node[0m
[18.021s] [ 50%] Built target subscriber_node
[18.037s] [35m[1mConsolidate compiler generated dependencies of target publisher_node[0m
[18.058s] [100%] Built target publisher_node
[18.074s] Invoked command in '/home/ziad/Ziad_WS/ROS2/code/build/cpp_pubsub' returned '0': CMAKE_PREFIX_PATH=/opt/ros/humble /usr/bin/cmake --build /home/ziad/Ziad_WS/ROS2/code/build/cpp_pubsub -- -j4 -l4
[18.076s] Invoking command in '/home/ziad/Ziad_WS/ROS2/code/build/cpp_pubsub': CMAKE_PREFIX_PATH=/opt/ros/humble /usr/bin/cmake --install /home/ziad/Ziad_WS/ROS2/code/build/cpp_pubsub
[18.085s] -- Install configuration: ""
[18.085s] -- Installing: /home/ziad/Ziad_WS/ROS2/code/install/cpp_pubsub/lib/cpp_pubsub/publisher_node
[18.088s] -- Set runtime path of "/home/ziad/Ziad_WS/ROS2/code/install/cpp_pubsub/lib/cpp_pubsub/publisher_node" to ""
[18.089s] -- Installing: /home/ziad/Ziad_WS/ROS2/code/install/cpp_pubsub/lib/cpp_pubsub/subscriber_node
[18.094s] -- Set runtime path of "/home/ziad/Ziad_WS/ROS2/code/install/cpp_pubsub/lib/cpp_pubsub/subscriber_node" to ""
[18.094s] -- Installing: /home/ziad/Ziad_WS/ROS2/code/install/cpp_pubsub/share/ament_index/resource_index/package_run_dependencies/cpp_pubsub
[18.094s] -- Installing: /home/ziad/Ziad_WS/ROS2/code/install/cpp_pubsub/share/ament_index/resource_index/parent_prefix_path/cpp_pubsub
[18.095s] -- Installing: /home/ziad/Ziad_WS/ROS2/code/install/cpp_pubsub/share/cpp_pubsub/environment/ament_prefix_path.sh
[18.095s] -- Installing: /home/ziad/Ziad_WS/ROS2/code/install/cpp_pubsub/share/cpp_pubsub/environment/ament_prefix_path.dsv
[18.096s] -- Installing: /home/ziad/Ziad_WS/ROS2/code/install/cpp_pubsub/share/cpp_pubsub/environment/path.sh
[18.096s] -- Installing: /home/ziad/Ziad_WS/ROS2/code/install/cpp_pubsub/share/cpp_pubsub/environment/path.dsv
[18.096s] -- Installing: /home/ziad/Ziad_WS/ROS2/code/install/cpp_pubsub/share/cpp_pubsub/local_setup.bash
[18.097s] -- Installing: /home/ziad/Ziad_WS/ROS2/code/install/cpp_pubsub/share/cpp_pubsub/local_setup.sh
[18.097s] -- Installing: /home/ziad/Ziad_WS/ROS2/code/install/cpp_pubsub/share/cpp_pubsub/local_setup.zsh
[18.097s] -- Installing: /home/ziad/Ziad_WS/ROS2/code/install/cpp_pubsub/share/cpp_pubsub/local_setup.dsv
[18.098s] -- Installing: /home/ziad/Ziad_WS/ROS2/code/install/cpp_pubsub/share/cpp_pubsub/package.dsv
[18.098s] -- Installing: /home/ziad/Ziad_WS/ROS2/code/install/cpp_pubsub/share/ament_index/resource_index/packages/cpp_pubsub
[18.098s] -- Installing: /home/ziad/Ziad_WS/ROS2/code/install/cpp_pubsub/share/cpp_pubsub/cmake/cpp_pubsubConfig.cmake
[18.099s] -- Installing: /home/ziad/Ziad_WS/ROS2/code/install/cpp_pubsub/share/cpp_pubsub/cmake/cpp_pubsubConfig-version.cmake
[18.099s] -- Installing: /home/ziad/Ziad_WS/ROS2/code/install/cpp_pubsub/share/cpp_pubsub/package.xml
[18.102s] Invoked command in '/home/ziad/Ziad_WS/ROS2/code/build/cpp_pubsub' returned '0': CMAKE_PREFIX_PATH=/opt/ros/humble /usr/bin/cmake --install /home/ziad/Ziad_WS/ROS2/code/build/cpp_pubsub
