[0.045s] Invoking command in '/home/ziad/Ziad_WS/ROS2/work_space/build/ur_simulation_gazebo': CMAKE_PREFIX_PATH=${CMAKE_PREFIX_PATH}:/opt/ros/humble /usr/bin/cmake --build /home/ziad/Ziad_WS/ROS2/work_space/build/ur_simulation_gazebo -- -j4 -l4
[0.238s] Invoked command in '/home/ziad/Ziad_WS/ROS2/work_space/build/ur_simulation_gazebo' returned '0': CMAKE_PREFIX_PATH=${CMAKE_PREFIX_PATH}:/opt/ros/humble /usr/bin/cmake --build /home/ziad/Ziad_WS/ROS2/work_space/build/ur_simulation_gazebo -- -j4 -l4
[0.243s] Invoking command in '/home/ziad/Ziad_WS/ROS2/work_space/build/ur_simulation_gazebo': CMAKE_PREFIX_PATH=${CMAKE_PREFIX_PATH}:/opt/ros/humble /usr/bin/cmake --install /home/ziad/Ziad_WS/ROS2/work_space/build/ur_simulation_gazebo
[0.255s] -- Install configuration: ""
[0.257s] -- Up-to-date: /home/ziad/Ziad_WS/ROS2/work_space/install/ur_simulation_gazebo/share/ur_simulation_gazebo/config
[0.257s] -- Up-to-date: /home/ziad/Ziad_WS/ROS2/work_space/install/ur_simulation_gazebo/share/ur_simulation_gazebo/config/ur_controllers.yaml
[0.257s] -- Up-to-date: /home/ziad/Ziad_WS/ROS2/work_space/install/ur_simulation_gazebo/share/ur_simulation_gazebo/launch
[0.257s] -- Up-to-date: /home/ziad/Ziad_WS/ROS2/work_space/install/ur_simulation_gazebo/share/ur_simulation_gazebo/launch/ur_sim_control.launch.py
[0.257s] -- Up-to-date: /home/ziad/Ziad_WS/ROS2/work_space/install/ur_simulation_gazebo/share/ur_simulation_gazebo/launch/ur_sim_moveit.launch.py
[0.258s] -- Up-to-date: /home/ziad/Ziad_WS/ROS2/work_space/install/ur_simulation_gazebo/share/ament_index/resource_index/package_run_dependencies/ur_simulation_gazebo
[0.258s] -- Up-to-date: /home/ziad/Ziad_WS/ROS2/work_space/install/ur_simulation_gazebo/share/ament_index/resource_index/parent_prefix_path/ur_simulation_gazebo
[0.258s] -- Up-to-date: /home/ziad/Ziad_WS/ROS2/work_space/install/ur_simulation_gazebo/share/ur_simulation_gazebo/environment/ament_prefix_path.sh
[0.258s] -- Up-to-date: /home/ziad/Ziad_WS/ROS2/work_space/install/ur_simulation_gazebo/share/ur_simulation_gazebo/environment/ament_prefix_path.dsv
[0.258s] -- Up-to-date: /home/ziad/Ziad_WS/ROS2/work_space/install/ur_simulation_gazebo/share/ur_simulation_gazebo/environment/path.sh
[0.258s] -- Up-to-date: /home/ziad/Ziad_WS/ROS2/work_space/install/ur_simulation_gazebo/share/ur_simulation_gazebo/environment/path.dsv
[0.258s] -- Up-to-date: /home/ziad/Ziad_WS/ROS2/work_space/install/ur_simulation_gazebo/share/ur_simulation_gazebo/local_setup.bash
[0.259s] -- Up-to-date: /home/ziad/Ziad_WS/ROS2/work_space/install/ur_simulation_gazebo/share/ur_simulation_gazebo/local_setup.sh
[0.259s] -- Up-to-date: /home/ziad/Ziad_WS/ROS2/work_space/install/ur_simulation_gazebo/share/ur_simulation_gazebo/local_setup.zsh
[0.259s] -- Up-to-date: /home/ziad/Ziad_WS/ROS2/work_space/install/ur_simulation_gazebo/share/ur_simulation_gazebo/local_setup.dsv
[0.259s] -- Installing: /home/ziad/Ziad_WS/ROS2/work_space/install/ur_simulation_gazebo/share/ur_simulation_gazebo/package.dsv
[0.259s] -- Up-to-date: /home/ziad/Ziad_WS/ROS2/work_space/install/ur_simulation_gazebo/share/ament_index/resource_index/packages/ur_simulation_gazebo
[0.259s] -- Up-to-date: /home/ziad/Ziad_WS/ROS2/work_space/install/ur_simulation_gazebo/share/ur_simulation_gazebo/cmake/ur_simulation_gazeboConfig.cmake
[0.259s] -- Up-to-date: /home/ziad/Ziad_WS/ROS2/work_space/install/ur_simulation_gazebo/share/ur_simulation_gazebo/cmake/ur_simulation_gazeboConfig-version.cmake
[0.260s] -- Up-to-date: /home/ziad/Ziad_WS/ROS2/work_space/install/ur_simulation_gazebo/share/ur_simulation_gazebo/package.xml
[0.262s] Invoked command in '/home/ziad/Ziad_WS/ROS2/work_space/build/ur_simulation_gazebo' returned '0': CMAKE_PREFIX_PATH=${CMAKE_PREFIX_PATH}:/opt/ros/humble /usr/bin/cmake --install /home/ziad/Ziad_WS/ROS2/work_space/build/ur_simulation_gazebo
