[01m[K/home/ziad/Ziad_WS/ROS2/work_space/src/ros2_action/src/add_two_ints_client.cpp:2:10:[m[K [01;31m[Kfatal error: [m[Kros2_action/srv/add_two_ints.hpp: No such file or directory
    2 | #include [01;31m[K"ros2_action/srv/add_two_ints.hpp"[m[K
      |          [01;31m[K^~~~~~~~~~~~~~~~~~~~~~~~~~~~~~~~~~[m[K
compilation terminated.
gmake[2]: *** [CMakeFiles/add_two_ints_client.dir/build.make:76: CMakeFiles/add_two_ints_client.dir/src/add_two_ints_client.cpp.o] Error 1
gmake[1]: *** [CMakeFiles/Makefile2:626: CMakeFiles/add_two_ints_client.dir/all] Error 2
gmake[1]: *** Waiting for unfinished jobs....
[01m[K/home/ziad/Ziad_WS/ROS2/work_space/src/ros2_action/src/add_two_ints_server.cpp:2:10:[m[K [01;31m[Kfatal error: [m[Kros2_action/srv/add_two_ints.hpp: No such file or directory
    2 | #include [01;31m[K"ros2_action/srv/add_two_ints.hpp"[m[K
      |          [01;31m[K^~~~~~~~~~~~~~~~~~~~~~~~~~~~~~~~~~[m[K
compilation terminated.
gmake[2]: *** [CMakeFiles/add_two_ints_server.dir/build.make:76: CMakeFiles/add_two_ints_server.dir/src/add_two_ints_server.cpp.o] Error 1
gmake[1]: *** [CMakeFiles/Makefile2:599: CMakeFiles/add_two_ints_server.dir/all] Error 2
[01m[K/home/ziad/Ziad_WS/ROS2/work_space/src/ros2_action/src/countdown_server.cpp:3:10:[m[K [01;31m[Kfatal error: [m[Kros2_action/action/countdown.hpp: No such file or directory
    3 | #include [01;31m[K"ros2_action/action/countdown.hpp"[m[K
      |          [01;31m[K^~~~~~~~~~~~~~~~~~~~~~~~~~~~~~~~~~[m[K
compilation terminated.
gmake[2]: *** [CMakeFiles/countdown_server.dir/build.make:76: CMakeFiles/countdown_server.dir/src/countdown_server.cpp.o] Error 1
gmake[1]: *** [CMakeFiles/Makefile2:653: CMakeFiles/countdown_server.dir/all] Error 2
gmake: *** [Makefile:146: all] Error 2
