[0.040s] Invoking command in '/home/ziad/Ziad_WS/ROS2/work_space/build/diff_drive_robot': CMAKE_PREFIX_PATH=${CMAKE_PREFIX_PATH}:/opt/ros/humble /usr/bin/cmake --build /home/ziad/Ziad_WS/ROS2/work_space/build/diff_drive_robot -- -j4 -l4
[0.161s] Invoked command in '/home/ziad/Ziad_WS/ROS2/work_space/build/diff_drive_robot' returned '0': CMAKE_PREFIX_PATH=${CMAKE_PREFIX_PATH}:/opt/ros/humble /usr/bin/cmake --build /home/ziad/Ziad_WS/ROS2/work_space/build/diff_drive_robot -- -j4 -l4
[0.167s] Invoking command in '/home/ziad/Ziad_WS/ROS2/work_space/build/diff_drive_robot': CMAKE_PREFIX_PATH=${CMAKE_PREFIX_PATH}:/opt/ros/humble /usr/bin/cmake --install /home/ziad/Ziad_WS/ROS2/work_space/build/diff_drive_robot
[0.197s] -- Install configuration: ""
[0.197s] -- Up-to-date: /home/ziad/Ziad_WS/ROS2/work_space/install/diff_drive_robot/share/diff_drive_robot/launch
[0.197s] -- Installing: /home/ziad/Ziad_WS/ROS2/work_space/install/diff_drive_robot/share/diff_drive_robot/launch/robot_launch.py
[0.197s] -- Up-to-date: /home/ziad/Ziad_WS/ROS2/work_space/install/diff_drive_robot/share/diff_drive_robot/urdf
[0.197s] -- Up-to-date: /home/ziad/Ziad_WS/ROS2/work_space/install/diff_drive_robot/share/diff_drive_robot/urdf/diff_drive.urdf.xacro
[0.197s] -- Up-to-date: /home/ziad/Ziad_WS/ROS2/work_space/install/diff_drive_robot/share/ament_index/resource_index/package_run_dependencies/diff_drive_robot
[0.197s] -- Up-to-date: /home/ziad/Ziad_WS/ROS2/work_space/install/diff_drive_robot/share/ament_index/resource_index/parent_prefix_path/diff_drive_robot
[0.197s] -- Up-to-date: /home/ziad/Ziad_WS/ROS2/work_space/install/diff_drive_robot/share/diff_drive_robot/environment/ament_prefix_path.sh
[0.198s] -- Up-to-date: /home/ziad/Ziad_WS/ROS2/work_space/install/diff_drive_robot/share/diff_drive_robot/environment/ament_prefix_path.dsv
[0.198s] -- Up-to-date: /home/ziad/Ziad_WS/ROS2/work_space/install/diff_drive_robot/share/diff_drive_robot/environment/path.sh
[0.198s] -- Up-to-date: /home/ziad/Ziad_WS/ROS2/work_space/install/diff_drive_robot/share/diff_drive_robot/environment/path.dsv
[0.205s] -- Up-to-date: /home/ziad/Ziad_WS/ROS2/work_space/install/diff_drive_robot/share/diff_drive_robot/local_setup.bash
[0.205s] -- Up-to-date: /home/ziad/Ziad_WS/ROS2/work_space/install/diff_drive_robot/share/diff_drive_robot/local_setup.sh
[0.205s] -- Up-to-date: /home/ziad/Ziad_WS/ROS2/work_space/install/diff_drive_robot/share/diff_drive_robot/local_setup.zsh
[0.205s] -- Up-to-date: /home/ziad/Ziad_WS/ROS2/work_space/install/diff_drive_robot/share/diff_drive_robot/local_setup.dsv
[0.206s] -- Installing: /home/ziad/Ziad_WS/ROS2/work_space/install/diff_drive_robot/share/diff_drive_robot/package.dsv
[0.206s] -- Up-to-date: /home/ziad/Ziad_WS/ROS2/work_space/install/diff_drive_robot/share/ament_index/resource_index/packages/diff_drive_robot
[0.206s] -- Up-to-date: /home/ziad/Ziad_WS/ROS2/work_space/install/diff_drive_robot/share/diff_drive_robot/cmake/diff_drive_robotConfig.cmake
[0.206s] -- Up-to-date: /home/ziad/Ziad_WS/ROS2/work_space/install/diff_drive_robot/share/diff_drive_robot/cmake/diff_drive_robotConfig-version.cmake
[0.206s] -- Up-to-date: /home/ziad/Ziad_WS/ROS2/work_space/install/diff_drive_robot/share/diff_drive_robot/package.xml
[0.262s] Invoked command in '/home/ziad/Ziad_WS/ROS2/work_space/build/diff_drive_robot' returned '0': CMAKE_PREFIX_PATH=${CMAKE_PREFIX_PATH}:/opt/ros/humble /usr/bin/cmake --install /home/ziad/Ziad_WS/ROS2/work_space/build/diff_drive_robot
