[0.084s] Invoking command in '/home/ziad/Ziad_WS/ROS2/work_space/build/turtlebot3_custom': CMAKE_PREFIX_PATH=${CMAKE_PREFIX_PATH}:/opt/ros/humble /usr/bin/cmake --build /home/ziad/Ziad_WS/ROS2/work_space/build/turtlebot3_custom -- -j4 -l4
[0.392s] [  4%] Built target turtlebot3_controller
[0.396s] [  4%] Built target ament_cmake_python_copy_turtlebot3_custom
[0.401s] [  6%] Built target turtlebot3_custom__cpp
[0.405s] [ 14%] Built target turtlebot3_custom__rosidl_generator_c
[0.493s] [ 22%] Built target turtlebot3_custom__rosidl_typesupport_cpp
[0.503s] [ 30%] Built target turtlebot3_custom__rosidl_typesupport_introspection_cpp
[0.517s] [ 38%] Built target turtlebot3_custom__rosidl_typesupport_fastrtps_cpp
[0.579s] [ 46%] Built target turtlebot3_custom__rosidl_typesupport_fastrtps_c
[0.613s] [ 55%] Built target turtlebot3_custom__rosidl_typesupport_introspection_c
[0.644s] [35m[1mConsolidate compiler generated dependencies of target status_client[0m
[0.648s] [ 63%] Built target turtlebot3_custom__rosidl_typesupport_c
[0.667s] [ 67%] Built target robot_status_server
[0.677s] [ 71%] Built target status_client
[0.683s] [35m[1mConsolidate compiler generated dependencies of target navigation_action_server[0m
[0.724s] [ 75%] Built target navigation_client
[0.727s] [ 75%] Built target turtlebot3_custom
[0.741s] [ 77%] [32mBuilding CXX object CMakeFiles/navigation_action_server.dir/src/navigation_action_server.cpp.o[0m
[0.768s] [ 79%] Built target turtlebot3_custom__py
[0.811s] [ 85%] Built target turtlebot3_custom__rosidl_generator_py
[0.863s] [ 89%] Built target turtlebot3_custom__rosidl_typesupport_introspection_c__pyext
[0.882s] [ 93%] Built target turtlebot3_custom__rosidl_typesupport_fastrtps_c__pyext
[0.917s] [ 97%] Built target turtlebot3_custom__rosidl_typesupport_c__pyext
[1.340s] running egg_info
[1.383s] writing turtlebot3_custom.egg-info/PKG-INFO
[1.384s] writing dependency_links to turtlebot3_custom.egg-info/dependency_links.txt
[1.384s] writing top-level names to turtlebot3_custom.egg-info/top_level.txt
[1.558s] reading manifest file 'turtlebot3_custom.egg-info/SOURCES.txt'
[1.559s] writing manifest file 'turtlebot3_custom.egg-info/SOURCES.txt'
[1.669s] [ 97%] Built target ament_cmake_python_build_turtlebot3_custom_egg
[4.868s] [100%] [32m[1mLinking CXX executable navigation_action_server[0m
[5.424s] [100%] Built target navigation_action_server
[5.438s] Invoked command in '/home/ziad/Ziad_WS/ROS2/work_space/build/turtlebot3_custom' returned '0': CMAKE_PREFIX_PATH=${CMAKE_PREFIX_PATH}:/opt/ros/humble /usr/bin/cmake --build /home/ziad/Ziad_WS/ROS2/work_space/build/turtlebot3_custom -- -j4 -l4
[5.440s] Invoking command in '/home/ziad/Ziad_WS/ROS2/work_space/build/turtlebot3_custom': CMAKE_PREFIX_PATH=${CMAKE_PREFIX_PATH}:/opt/ros/humble /usr/bin/cmake --install /home/ziad/Ziad_WS/ROS2/work_space/build/turtlebot3_custom
[5.462s] -- Install configuration: ""
[5.463s] -- Up-to-date: /home/ziad/Ziad_WS/ROS2/work_space/install/turtlebot3_custom/share/ament_index/resource_index/rosidl_interfaces/turtlebot3_custom
[5.463s] -- Up-to-date: /home/ziad/Ziad_WS/ROS2/work_space/install/turtlebot3_custom/include/turtlebot3_custom/turtlebot3_custom
[5.465s] -- Up-to-date: /home/ziad/Ziad_WS/ROS2/work_space/install/turtlebot3_custom/include/turtlebot3_custom/turtlebot3_custom/action
[5.466s] -- Up-to-date: /home/ziad/Ziad_WS/ROS2/work_space/install/turtlebot3_custom/include/turtlebot3_custom/turtlebot3_custom/action/navigate_to_goal.h
[5.466s] -- Up-to-date: /home/ziad/Ziad_WS/ROS2/work_space/install/turtlebot3_custom/include/turtlebot3_custom/turtlebot3_custom/action/detail
[5.466s] -- Up-to-date: /home/ziad/Ziad_WS/ROS2/work_space/install/turtlebot3_custom/include/turtlebot3_custom/turtlebot3_custom/action/detail/navigate_to_goal__functions.c
[5.466s] -- Up-to-date: /home/ziad/Ziad_WS/ROS2/work_space/install/turtlebot3_custom/include/turtlebot3_custom/turtlebot3_custom/action/detail/navigate_to_goal__functions.h
[5.467s] -- Up-to-date: /home/ziad/Ziad_WS/ROS2/work_space/install/turtlebot3_custom/include/turtlebot3_custom/turtlebot3_custom/action/detail/navigate_to_goal__type_support.h
[5.467s] -- Up-to-date: /home/ziad/Ziad_WS/ROS2/work_space/install/turtlebot3_custom/include/turtlebot3_custom/turtlebot3_custom/action/detail/navigate_to_goal__struct.h
[5.467s] -- Up-to-date: /home/ziad/Ziad_WS/ROS2/work_space/install/turtlebot3_custom/include/turtlebot3_custom/turtlebot3_custom/srv
[5.467s] -- Up-to-date: /home/ziad/Ziad_WS/ROS2/work_space/install/turtlebot3_custom/include/turtlebot3_custom/turtlebot3_custom/srv/get_robot_status.h
[5.467s] -- Up-to-date: /home/ziad/Ziad_WS/ROS2/work_space/install/turtlebot3_custom/include/turtlebot3_custom/turtlebot3_custom/srv/detail
[5.467s] -- Up-to-date: /home/ziad/Ziad_WS/ROS2/work_space/install/turtlebot3_custom/include/turtlebot3_custom/turtlebot3_custom/srv/detail/get_robot_status__functions.h
[5.467s] -- Up-to-date: /home/ziad/Ziad_WS/ROS2/work_space/install/turtlebot3_custom/include/turtlebot3_custom/turtlebot3_custom/srv/detail/get_robot_status__type_support.h
[5.468s] -- Up-to-date: /home/ziad/Ziad_WS/ROS2/work_space/install/turtlebot3_custom/include/turtlebot3_custom/turtlebot3_custom/srv/detail/get_robot_status__functions.c
[5.468s] -- Up-to-date: /home/ziad/Ziad_WS/ROS2/work_space/install/turtlebot3_custom/include/turtlebot3_custom/turtlebot3_custom/srv/detail/get_robot_status__struct.h
[5.468s] -- Up-to-date: /home/ziad/Ziad_WS/ROS2/work_space/install/turtlebot3_custom/include/turtlebot3_custom/turtlebot3_custom/msg
[5.468s] -- Up-to-date: /home/ziad/Ziad_WS/ROS2/work_space/install/turtlebot3_custom/include/turtlebot3_custom/turtlebot3_custom/msg/rosidl_generator_c__visibility_control.h
[5.468s] -- Up-to-date: /home/ziad/Ziad_WS/ROS2/work_space/install/turtlebot3_custom/share/turtlebot3_custom/environment/library_path.sh
[5.468s] -- Up-to-date: /home/ziad/Ziad_WS/ROS2/work_space/install/turtlebot3_custom/share/turtlebot3_custom/environment/library_path.dsv
[5.472s] -- Up-to-date: /home/ziad/Ziad_WS/ROS2/work_space/install/turtlebot3_custom/lib/libturtlebot3_custom__rosidl_generator_c.so
[5.473s] -- Up-to-date: /home/ziad/Ziad_WS/ROS2/work_space/install/turtlebot3_custom/include/turtlebot3_custom/turtlebot3_custom
[5.473s] -- Up-to-date: /home/ziad/Ziad_WS/ROS2/work_space/install/turtlebot3_custom/include/turtlebot3_custom/turtlebot3_custom/action
[5.473s] -- Up-to-date: /home/ziad/Ziad_WS/ROS2/work_space/install/turtlebot3_custom/include/turtlebot3_custom/turtlebot3_custom/action/detail
[5.473s] -- Up-to-date: /home/ziad/Ziad_WS/ROS2/work_space/install/turtlebot3_custom/include/turtlebot3_custom/turtlebot3_custom/action/detail/navigate_to_goal__rosidl_typesupport_fastrtps_c.h
[5.474s] -- Up-to-date: /home/ziad/Ziad_WS/ROS2/work_space/install/turtlebot3_custom/include/turtlebot3_custom/turtlebot3_custom/srv
[5.474s] -- Up-to-date: /home/ziad/Ziad_WS/ROS2/work_space/install/turtlebot3_custom/include/turtlebot3_custom/turtlebot3_custom/srv/detail
[5.474s] -- Up-to-date: /home/ziad/Ziad_WS/ROS2/work_space/install/turtlebot3_custom/include/turtlebot3_custom/turtlebot3_custom/srv/detail/get_robot_status__rosidl_typesupport_fastrtps_c.h
[5.474s] -- Up-to-date: /home/ziad/Ziad_WS/ROS2/work_space/install/turtlebot3_custom/include/turtlebot3_custom/turtlebot3_custom/msg
[5.476s] -- Up-to-date: /home/ziad/Ziad_WS/ROS2/work_space/install/turtlebot3_custom/include/turtlebot3_custom/turtlebot3_custom/msg/rosidl_typesupport_fastrtps_c__visibility_control.h
[5.477s] -- Up-to-date: /home/ziad/Ziad_WS/ROS2/work_space/install/turtlebot3_custom/lib/libturtlebot3_custom__rosidl_typesupport_fastrtps_c.so
[5.478s] -- Up-to-date: /home/ziad/Ziad_WS/ROS2/work_space/install/turtlebot3_custom/include/turtlebot3_custom/turtlebot3_custom
[5.478s] -- Up-to-date: /home/ziad/Ziad_WS/ROS2/work_space/install/turtlebot3_custom/include/turtlebot3_custom/turtlebot3_custom/action
[5.479s] -- Up-to-date: /home/ziad/Ziad_WS/ROS2/work_space/install/turtlebot3_custom/include/turtlebot3_custom/turtlebot3_custom/action/navigate_to_goal.hpp
[5.479s] -- Up-to-date: /home/ziad/Ziad_WS/ROS2/work_space/install/turtlebot3_custom/include/turtlebot3_custom/turtlebot3_custom/action/detail
[5.479s] -- Up-to-date: /home/ziad/Ziad_WS/ROS2/work_space/install/turtlebot3_custom/include/turtlebot3_custom/turtlebot3_custom/action/detail/navigate_to_goal__traits.hpp
[5.479s] -- Up-to-date: /home/ziad/Ziad_WS/ROS2/work_space/install/turtlebot3_custom/include/turtlebot3_custom/turtlebot3_custom/action/detail/navigate_to_goal__type_support.hpp
[5.480s] -- Up-to-date: /home/ziad/Ziad_WS/ROS2/work_space/install/turtlebot3_custom/include/turtlebot3_custom/turtlebot3_custom/action/detail/navigate_to_goal__builder.hpp
[5.480s] -- Up-to-date: /home/ziad/Ziad_WS/ROS2/work_space/install/turtlebot3_custom/include/turtlebot3_custom/turtlebot3_custom/action/detail/navigate_to_goal__struct.hpp
[5.480s] -- Up-to-date: /home/ziad/Ziad_WS/ROS2/work_space/install/turtlebot3_custom/include/turtlebot3_custom/turtlebot3_custom/srv
[5.480s] -- Up-to-date: /home/ziad/Ziad_WS/ROS2/work_space/install/turtlebot3_custom/include/turtlebot3_custom/turtlebot3_custom/srv/detail
[5.480s] -- Up-to-date: /home/ziad/Ziad_WS/ROS2/work_space/install/turtlebot3_custom/include/turtlebot3_custom/turtlebot3_custom/srv/detail/get_robot_status__builder.hpp
[5.480s] -- Up-to-date: /home/ziad/Ziad_WS/ROS2/work_space/install/turtlebot3_custom/include/turtlebot3_custom/turtlebot3_custom/srv/detail/get_robot_status__traits.hpp
[5.480s] -- Up-to-date: /home/ziad/Ziad_WS/ROS2/work_space/install/turtlebot3_custom/include/turtlebot3_custom/turtlebot3_custom/srv/detail/get_robot_status__type_support.hpp
[5.481s] -- Up-to-date: /home/ziad/Ziad_WS/ROS2/work_space/install/turtlebot3_custom/include/turtlebot3_custom/turtlebot3_custom/srv/detail/get_robot_status__struct.hpp
[5.481s] -- Up-to-date: /home/ziad/Ziad_WS/ROS2/work_space/install/turtlebot3_custom/include/turtlebot3_custom/turtlebot3_custom/srv/get_robot_status.hpp
[5.481s] -- Up-to-date: /home/ziad/Ziad_WS/ROS2/work_space/install/turtlebot3_custom/include/turtlebot3_custom/turtlebot3_custom/msg
[5.481s] -- Up-to-date: /home/ziad/Ziad_WS/ROS2/work_space/install/turtlebot3_custom/include/turtlebot3_custom/turtlebot3_custom/msg/rosidl_generator_cpp__visibility_control.hpp
[5.481s] -- Up-to-date: /home/ziad/Ziad_WS/ROS2/work_space/install/turtlebot3_custom/include/turtlebot3_custom/turtlebot3_custom
[5.485s] -- Up-to-date: /home/ziad/Ziad_WS/ROS2/work_space/install/turtlebot3_custom/include/turtlebot3_custom/turtlebot3_custom/action
[5.485s] -- Up-to-date: /home/ziad/Ziad_WS/ROS2/work_space/install/turtlebot3_custom/include/turtlebot3_custom/turtlebot3_custom/action/detail
[5.485s] -- Up-to-date: /home/ziad/Ziad_WS/ROS2/work_space/install/turtlebot3_custom/include/turtlebot3_custom/turtlebot3_custom/action/detail/dds_fastrtps
[5.486s] -- Up-to-date: /home/ziad/Ziad_WS/ROS2/work_space/install/turtlebot3_custom/include/turtlebot3_custom/turtlebot3_custom/action/detail/navigate_to_goal__rosidl_typesupport_fastrtps_cpp.hpp
[5.486s] -- Up-to-date: /home/ziad/Ziad_WS/ROS2/work_space/install/turtlebot3_custom/include/turtlebot3_custom/turtlebot3_custom/srv
[5.486s] -- Up-to-date: /home/ziad/Ziad_WS/ROS2/work_space/install/turtlebot3_custom/include/turtlebot3_custom/turtlebot3_custom/srv/detail
[5.486s] -- Up-to-date: /home/ziad/Ziad_WS/ROS2/work_space/install/turtlebot3_custom/include/turtlebot3_custom/turtlebot3_custom/srv/detail/dds_fastrtps
[5.486s] -- Up-to-date: /home/ziad/Ziad_WS/ROS2/work_space/install/turtlebot3_custom/include/turtlebot3_custom/turtlebot3_custom/srv/detail/get_robot_status__rosidl_typesupport_fastrtps_cpp.hpp
[5.487s] -- Up-to-date: /home/ziad/Ziad_WS/ROS2/work_space/install/turtlebot3_custom/include/turtlebot3_custom/turtlebot3_custom/msg
[5.487s] -- Up-to-date: /home/ziad/Ziad_WS/ROS2/work_space/install/turtlebot3_custom/include/turtlebot3_custom/turtlebot3_custom/msg/rosidl_typesupport_fastrtps_cpp__visibility_control.h
[5.495s] -- Up-to-date: /home/ziad/Ziad_WS/ROS2/work_space/install/turtlebot3_custom/lib/libturtlebot3_custom__rosidl_typesupport_fastrtps_cpp.so
[5.496s] -- Up-to-date: /home/ziad/Ziad_WS/ROS2/work_space/install/turtlebot3_custom/include/turtlebot3_custom/turtlebot3_custom
[5.496s] -- Up-to-date: /home/ziad/Ziad_WS/ROS2/work_space/install/turtlebot3_custom/include/turtlebot3_custom/turtlebot3_custom/action
[5.497s] -- Up-to-date: /home/ziad/Ziad_WS/ROS2/work_space/install/turtlebot3_custom/include/turtlebot3_custom/turtlebot3_custom/action/detail
[5.497s] -- Up-to-date: /home/ziad/Ziad_WS/ROS2/work_space/install/turtlebot3_custom/include/turtlebot3_custom/turtlebot3_custom/action/detail/navigate_to_goal__type_support.c
[5.497s] -- Up-to-date: /home/ziad/Ziad_WS/ROS2/work_space/install/turtlebot3_custom/include/turtlebot3_custom/turtlebot3_custom/action/detail/navigate_to_goal__rosidl_typesupport_introspection_c.h
[5.497s] -- Up-to-date: /home/ziad/Ziad_WS/ROS2/work_space/install/turtlebot3_custom/include/turtlebot3_custom/turtlebot3_custom/srv
[5.498s] -- Up-to-date: /home/ziad/Ziad_WS/ROS2/work_space/install/turtlebot3_custom/include/turtlebot3_custom/turtlebot3_custom/srv/detail
[5.498s] -- Up-to-date: /home/ziad/Ziad_WS/ROS2/work_space/install/turtlebot3_custom/include/turtlebot3_custom/turtlebot3_custom/srv/detail/get_robot_status__type_support.c
[5.498s] -- Up-to-date: /home/ziad/Ziad_WS/ROS2/work_space/install/turtlebot3_custom/include/turtlebot3_custom/turtlebot3_custom/srv/detail/get_robot_status__rosidl_typesupport_introspection_c.h
[5.498s] -- Up-to-date: /home/ziad/Ziad_WS/ROS2/work_space/install/turtlebot3_custom/include/turtlebot3_custom/turtlebot3_custom/msg
[5.498s] -- Up-to-date: /home/ziad/Ziad_WS/ROS2/work_space/install/turtlebot3_custom/include/turtlebot3_custom/turtlebot3_custom/msg/rosidl_typesupport_introspection_c__visibility_control.h
[5.509s] -- Up-to-date: /home/ziad/Ziad_WS/ROS2/work_space/install/turtlebot3_custom/lib/libturtlebot3_custom__rosidl_typesupport_introspection_c.so
[5.518s] -- Up-to-date: /home/ziad/Ziad_WS/ROS2/work_space/install/turtlebot3_custom/lib/libturtlebot3_custom__rosidl_typesupport_c.so
[5.519s] -- Up-to-date: /home/ziad/Ziad_WS/ROS2/work_space/install/turtlebot3_custom/include/turtlebot3_custom/turtlebot3_custom
[5.519s] -- Up-to-date: /home/ziad/Ziad_WS/ROS2/work_space/install/turtlebot3_custom/include/turtlebot3_custom/turtlebot3_custom/action
[5.520s] -- Up-to-date: /home/ziad/Ziad_WS/ROS2/work_space/install/turtlebot3_custom/include/turtlebot3_custom/turtlebot3_custom/action/detail
[5.520s] -- Up-to-date: /home/ziad/Ziad_WS/ROS2/work_space/install/turtlebot3_custom/include/turtlebot3_custom/turtlebot3_custom/action/detail/navigate_to_goal__rosidl_typesupport_introspection_cpp.hpp
[5.520s] -- Up-to-date: /home/ziad/Ziad_WS/ROS2/work_space/install/turtlebot3_custom/include/turtlebot3_custom/turtlebot3_custom/action/detail/navigate_to_goal__type_support.cpp
[5.520s] -- Up-to-date: /home/ziad/Ziad_WS/ROS2/work_space/install/turtlebot3_custom/include/turtlebot3_custom/turtlebot3_custom/srv
[5.521s] -- Up-to-date: /home/ziad/Ziad_WS/ROS2/work_space/install/turtlebot3_custom/include/turtlebot3_custom/turtlebot3_custom/srv/detail
[5.521s] -- Up-to-date: /home/ziad/Ziad_WS/ROS2/work_space/install/turtlebot3_custom/include/turtlebot3_custom/turtlebot3_custom/srv/detail/get_robot_status__type_support.cpp
[5.521s] -- Up-to-date: /home/ziad/Ziad_WS/ROS2/work_space/install/turtlebot3_custom/include/turtlebot3_custom/turtlebot3_custom/srv/detail/get_robot_status__rosidl_typesupport_introspection_cpp.hpp
[5.537s] -- Up-to-date: /home/ziad/Ziad_WS/ROS2/work_space/install/turtlebot3_custom/lib/libturtlebot3_custom__rosidl_typesupport_introspection_cpp.so
[5.545s] -- Up-to-date: /home/ziad/Ziad_WS/ROS2/work_space/install/turtlebot3_custom/lib/libturtlebot3_custom__rosidl_typesupport_cpp.so
[5.547s] -- Up-to-date: /home/ziad/Ziad_WS/ROS2/work_space/install/turtlebot3_custom/share/turtlebot3_custom/environment/pythonpath.sh
[5.548s] -- Up-to-date: /home/ziad/Ziad_WS/ROS2/work_space/install/turtlebot3_custom/share/turtlebot3_custom/environment/pythonpath.dsv
[5.549s] -- Up-to-date: /home/ziad/Ziad_WS/ROS2/work_space/install/turtlebot3_custom/local/lib/python3.10/dist-packages/turtlebot3_custom-0.0.0-py3.10.egg-info
[5.550s] -- Installing: /home/ziad/Ziad_WS/ROS2/work_space/install/turtlebot3_custom/local/lib/python3.10/dist-packages/turtlebot3_custom-0.0.0-py3.10.egg-info/dependency_links.txt
[5.550s] -- Installing: /home/ziad/Ziad_WS/ROS2/work_space/install/turtlebot3_custom/local/lib/python3.10/dist-packages/turtlebot3_custom-0.0.0-py3.10.egg-info/top_level.txt
[5.551s] -- Installing: /home/ziad/Ziad_WS/ROS2/work_space/install/turtlebot3_custom/local/lib/python3.10/dist-packages/turtlebot3_custom-0.0.0-py3.10.egg-info/PKG-INFO
[5.553s] -- Installing: /home/ziad/Ziad_WS/ROS2/work_space/install/turtlebot3_custom/local/lib/python3.10/dist-packages/turtlebot3_custom-0.0.0-py3.10.egg-info/SOURCES.txt
[5.555s] -- Up-to-date: /home/ziad/Ziad_WS/ROS2/work_space/install/turtlebot3_custom/local/lib/python3.10/dist-packages/turtlebot3_custom
[5.555s] -- Up-to-date: /home/ziad/Ziad_WS/ROS2/work_space/install/turtlebot3_custom/local/lib/python3.10/dist-packages/turtlebot3_custom/_turtlebot3_custom_s.ep.rosidl_typesupport_introspection_c.c
[5.556s] -- Up-to-date: /home/ziad/Ziad_WS/ROS2/work_space/install/turtlebot3_custom/local/lib/python3.10/dist-packages/turtlebot3_custom/turtlebot3_custom_s__rosidl_typesupport_fastrtps_c.cpython-310-x86_64-linux-gnu.so
[5.556s] -- Up-to-date: /home/ziad/Ziad_WS/ROS2/work_space/install/turtlebot3_custom/local/lib/python3.10/dist-packages/turtlebot3_custom/action
[5.556s] -- Up-to-date: /home/ziad/Ziad_WS/ROS2/work_space/install/turtlebot3_custom/local/lib/python3.10/dist-packages/turtlebot3_custom/action/_navigate_to_goal.py
[5.556s] -- Up-to-date: /home/ziad/Ziad_WS/ROS2/work_space/install/turtlebot3_custom/local/lib/python3.10/dist-packages/turtlebot3_custom/action/_navigate_to_goal_s.c
[5.557s] -- Up-to-date: /home/ziad/Ziad_WS/ROS2/work_space/install/turtlebot3_custom/local/lib/python3.10/dist-packages/turtlebot3_custom/action/__init__.py
[5.557s] -- Up-to-date: /home/ziad/Ziad_WS/ROS2/work_space/install/turtlebot3_custom/local/lib/python3.10/dist-packages/turtlebot3_custom/srv
[5.557s] -- Up-to-date: /home/ziad/Ziad_WS/ROS2/work_space/install/turtlebot3_custom/local/lib/python3.10/dist-packages/turtlebot3_custom/srv/_get_robot_status_s.c
[5.557s] -- Up-to-date: /home/ziad/Ziad_WS/ROS2/work_space/install/turtlebot3_custom/local/lib/python3.10/dist-packages/turtlebot3_custom/srv/_get_robot_status.py
[5.557s] -- Up-to-date: /home/ziad/Ziad_WS/ROS2/work_space/install/turtlebot3_custom/local/lib/python3.10/dist-packages/turtlebot3_custom/srv/__init__.py
[5.558s] -- Up-to-date: /home/ziad/Ziad_WS/ROS2/work_space/install/turtlebot3_custom/local/lib/python3.10/dist-packages/turtlebot3_custom/_turtlebot3_custom_s.ep.rosidl_typesupport_c.c
[5.558s] -- Up-to-date: /home/ziad/Ziad_WS/ROS2/work_space/install/turtlebot3_custom/local/lib/python3.10/dist-packages/turtlebot3_custom/turtlebot3_custom_s__rosidl_typesupport_c.cpython-310-x86_64-linux-gnu.so
[5.558s] -- Up-to-date: /home/ziad/Ziad_WS/ROS2/work_space/install/turtlebot3_custom/local/lib/python3.10/dist-packages/turtlebot3_custom/turtlebot3_custom_s__rosidl_typesupport_introspection_c.cpython-310-x86_64-linux-gnu.so
[5.558s] -- Up-to-date: /home/ziad/Ziad_WS/ROS2/work_space/install/turtlebot3_custom/local/lib/python3.10/dist-packages/turtlebot3_custom/_turtlebot3_custom_s.ep.rosidl_typesupport_fastrtps_c.c
[5.558s] -- Up-to-date: /home/ziad/Ziad_WS/ROS2/work_space/install/turtlebot3_custom/local/lib/python3.10/dist-packages/turtlebot3_custom/__init__.py
[5.558s] -- Up-to-date: /home/ziad/Ziad_WS/ROS2/work_space/install/turtlebot3_custom/local/lib/python3.10/dist-packages/turtlebot3_custom/libturtlebot3_custom__rosidl_generator_py.so
[5.603s] Listing '/home/ziad/Ziad_WS/ROS2/work_space/install/turtlebot3_custom/local/lib/python3.10/dist-packages/turtlebot3_custom'...
[5.604s] Listing '/home/ziad/Ziad_WS/ROS2/work_space/install/turtlebot3_custom/local/lib/python3.10/dist-packages/turtlebot3_custom/action'...
[5.604s] Listing '/home/ziad/Ziad_WS/ROS2/work_space/install/turtlebot3_custom/local/lib/python3.10/dist-packages/turtlebot3_custom/srv'...
[5.621s] -- Up-to-date: /home/ziad/Ziad_WS/ROS2/work_space/install/turtlebot3_custom/local/lib/python3.10/dist-packages/turtlebot3_custom/turtlebot3_custom_s__rosidl_typesupport_fastrtps_c.cpython-310-x86_64-linux-gnu.so
[5.625s] -- Up-to-date: /home/ziad/Ziad_WS/ROS2/work_space/install/turtlebot3_custom/local/lib/python3.10/dist-packages/turtlebot3_custom/turtlebot3_custom_s__rosidl_typesupport_introspection_c.cpython-310-x86_64-linux-gnu.so
[5.632s] -- Up-to-date: /home/ziad/Ziad_WS/ROS2/work_space/install/turtlebot3_custom/local/lib/python3.10/dist-packages/turtlebot3_custom/turtlebot3_custom_s__rosidl_typesupport_c.cpython-310-x86_64-linux-gnu.so
[5.634s] -- Up-to-date: /home/ziad/Ziad_WS/ROS2/work_space/install/turtlebot3_custom/lib/libturtlebot3_custom__rosidl_generator_py.so
[5.638s] -- Up-to-date: /home/ziad/Ziad_WS/ROS2/work_space/install/turtlebot3_custom/share/turtlebot3_custom/action/NavigateToGoal.idl
[5.638s] -- Up-to-date: /home/ziad/Ziad_WS/ROS2/work_space/install/turtlebot3_custom/share/turtlebot3_custom/srv/GetRobotStatus.idl
[5.639s] -- Up-to-date: /home/ziad/Ziad_WS/ROS2/work_space/install/turtlebot3_custom/share/turtlebot3_custom/action/NavigateToGoal.action
[5.640s] -- Up-to-date: /home/ziad/Ziad_WS/ROS2/work_space/install/turtlebot3_custom/share/turtlebot3_custom/srv/GetRobotStatus.srv
[5.640s] -- Up-to-date: /home/ziad/Ziad_WS/ROS2/work_space/install/turtlebot3_custom/share/turtlebot3_custom/srv/GetRobotStatus_Request.msg
[5.640s] -- Up-to-date: /home/ziad/Ziad_WS/ROS2/work_space/install/turtlebot3_custom/share/turtlebot3_custom/srv/GetRobotStatus_Response.msg
[5.649s] -- Up-to-date: /home/ziad/Ziad_WS/ROS2/work_space/install/turtlebot3_custom/lib/turtlebot3_custom/turtlebot3_controller
[5.661s] -- Up-to-date: /home/ziad/Ziad_WS/ROS2/work_space/install/turtlebot3_custom/lib/turtlebot3_custom/robot_status_server
[5.669s] -- Installing: /home/ziad/Ziad_WS/ROS2/work_space/install/turtlebot3_custom/lib/turtlebot3_custom/status_client
[5.673s] -- Set runtime path of "/home/ziad/Ziad_WS/ROS2/work_space/install/turtlebot3_custom/lib/turtlebot3_custom/status_client" to ""
[5.680s] -- Installing: /home/ziad/Ziad_WS/ROS2/work_space/install/turtlebot3_custom/lib/turtlebot3_custom/navigation_action_server
[5.683s] -- Set runtime path of "/home/ziad/Ziad_WS/ROS2/work_space/install/turtlebot3_custom/lib/turtlebot3_custom/navigation_action_server" to ""
[5.684s] -- Up-to-date: /home/ziad/Ziad_WS/ROS2/work_space/install/turtlebot3_custom/lib/turtlebot3_custom/navigation_client
[5.685s] -- Up-to-date: /home/ziad/Ziad_WS/ROS2/work_space/install/turtlebot3_custom/share/turtlebot3_custom//launch
[5.685s] -- Up-to-date: /home/ziad/Ziad_WS/ROS2/work_space/install/turtlebot3_custom/share/turtlebot3_custom//launch/turtlebot3_simulation.launch.py
[5.686s] -- Up-to-date: /home/ziad/Ziad_WS/ROS2/work_space/install/turtlebot3_custom/share/turtlebot3_custom//launch/turtlebot3_custom.launch.py
[5.687s] -- Up-to-date: /home/ziad/Ziad_WS/ROS2/work_space/install/turtlebot3_custom/share/ament_index/resource_index/package_run_dependencies/turtlebot3_custom
[5.687s] -- Up-to-date: /home/ziad/Ziad_WS/ROS2/work_space/install/turtlebot3_custom/share/ament_index/resource_index/parent_prefix_path/turtlebot3_custom
[5.687s] -- Up-to-date: /home/ziad/Ziad_WS/ROS2/work_space/install/turtlebot3_custom/share/turtlebot3_custom/environment/ament_prefix_path.sh
[5.688s] -- Up-to-date: /home/ziad/Ziad_WS/ROS2/work_space/install/turtlebot3_custom/share/turtlebot3_custom/environment/ament_prefix_path.dsv
[5.688s] -- Up-to-date: /home/ziad/Ziad_WS/ROS2/work_space/install/turtlebot3_custom/share/turtlebot3_custom/environment/path.sh
[5.688s] -- Up-to-date: /home/ziad/Ziad_WS/ROS2/work_space/install/turtlebot3_custom/share/turtlebot3_custom/environment/path.dsv
[5.689s] -- Up-to-date: /home/ziad/Ziad_WS/ROS2/work_space/install/turtlebot3_custom/share/turtlebot3_custom/local_setup.bash
[5.689s] -- Up-to-date: /home/ziad/Ziad_WS/ROS2/work_space/install/turtlebot3_custom/share/turtlebot3_custom/local_setup.sh
[5.689s] -- Up-to-date: /home/ziad/Ziad_WS/ROS2/work_space/install/turtlebot3_custom/share/turtlebot3_custom/local_setup.zsh
[5.690s] -- Up-to-date: /home/ziad/Ziad_WS/ROS2/work_space/install/turtlebot3_custom/share/turtlebot3_custom/local_setup.dsv
[5.690s] -- Installing: /home/ziad/Ziad_WS/ROS2/work_space/install/turtlebot3_custom/share/turtlebot3_custom/package.dsv
[5.690s] -- Up-to-date: /home/ziad/Ziad_WS/ROS2/work_space/install/turtlebot3_custom/share/ament_index/resource_index/packages/turtlebot3_custom
[5.698s] -- Up-to-date: /home/ziad/Ziad_WS/ROS2/work_space/install/turtlebot3_custom/share/turtlebot3_custom/cmake/export_turtlebot3_custom__rosidl_generator_cExport.cmake
[5.698s] -- Up-to-date: /home/ziad/Ziad_WS/ROS2/work_space/install/turtlebot3_custom/share/turtlebot3_custom/cmake/export_turtlebot3_custom__rosidl_generator_cExport-noconfig.cmake
[5.698s] -- Up-to-date: /home/ziad/Ziad_WS/ROS2/work_space/install/turtlebot3_custom/share/turtlebot3_custom/cmake/export_turtlebot3_custom__rosidl_typesupport_fastrtps_cExport.cmake
[5.698s] -- Up-to-date: /home/ziad/Ziad_WS/ROS2/work_space/install/turtlebot3_custom/share/turtlebot3_custom/cmake/export_turtlebot3_custom__rosidl_typesupport_fastrtps_cExport-noconfig.cmake
[5.699s] -- Up-to-date: /home/ziad/Ziad_WS/ROS2/work_space/install/turtlebot3_custom/share/turtlebot3_custom/cmake/export_turtlebot3_custom__rosidl_generator_cppExport.cmake
[5.700s] -- Up-to-date: /home/ziad/Ziad_WS/ROS2/work_space/install/turtlebot3_custom/share/turtlebot3_custom/cmake/export_turtlebot3_custom__rosidl_typesupport_fastrtps_cppExport.cmake
[5.700s] -- Up-to-date: /home/ziad/Ziad_WS/ROS2/work_space/install/turtlebot3_custom/share/turtlebot3_custom/cmake/export_turtlebot3_custom__rosidl_typesupport_fastrtps_cppExport-noconfig.cmake
[5.700s] -- Up-to-date: /home/ziad/Ziad_WS/ROS2/work_space/install/turtlebot3_custom/share/turtlebot3_custom/cmake/turtlebot3_custom__rosidl_typesupport_introspection_cExport.cmake
[5.700s] -- Up-to-date: /home/ziad/Ziad_WS/ROS2/work_space/install/turtlebot3_custom/share/turtlebot3_custom/cmake/turtlebot3_custom__rosidl_typesupport_introspection_cExport-noconfig.cmake
[5.709s] -- Up-to-date: /home/ziad/Ziad_WS/ROS2/work_space/install/turtlebot3_custom/share/turtlebot3_custom/cmake/turtlebot3_custom__rosidl_typesupport_cExport.cmake
[5.710s] -- Up-to-date: /home/ziad/Ziad_WS/ROS2/work_space/install/turtlebot3_custom/share/turtlebot3_custom/cmake/turtlebot3_custom__rosidl_typesupport_cExport-noconfig.cmake
[5.711s] -- Up-to-date: /home/ziad/Ziad_WS/ROS2/work_space/install/turtlebot3_custom/share/turtlebot3_custom/cmake/turtlebot3_custom__rosidl_typesupport_introspection_cppExport.cmake
[5.711s] -- Up-to-date: /home/ziad/Ziad_WS/ROS2/work_space/install/turtlebot3_custom/share/turtlebot3_custom/cmake/turtlebot3_custom__rosidl_typesupport_introspection_cppExport-noconfig.cmake
[5.712s] -- Up-to-date: /home/ziad/Ziad_WS/ROS2/work_space/install/turtlebot3_custom/share/turtlebot3_custom/cmake/turtlebot3_custom__rosidl_typesupport_cppExport.cmake
[5.712s] -- Up-to-date: /home/ziad/Ziad_WS/ROS2/work_space/install/turtlebot3_custom/share/turtlebot3_custom/cmake/turtlebot3_custom__rosidl_typesupport_cppExport-noconfig.cmake
[5.722s] -- Up-to-date: /home/ziad/Ziad_WS/ROS2/work_space/install/turtlebot3_custom/share/turtlebot3_custom/cmake/export_turtlebot3_custom__rosidl_generator_pyExport.cmake
[5.722s] -- Up-to-date: /home/ziad/Ziad_WS/ROS2/work_space/install/turtlebot3_custom/share/turtlebot3_custom/cmake/export_turtlebot3_custom__rosidl_generator_pyExport-noconfig.cmake
[5.723s] -- Up-to-date: /home/ziad/Ziad_WS/ROS2/work_space/install/turtlebot3_custom/share/turtlebot3_custom/cmake/rosidl_cmake-extras.cmake
[5.723s] -- Up-to-date: /home/ziad/Ziad_WS/ROS2/work_space/install/turtlebot3_custom/share/turtlebot3_custom/cmake/ament_cmake_export_dependencies-extras.cmake
[5.724s] -- Up-to-date: /home/ziad/Ziad_WS/ROS2/work_space/install/turtlebot3_custom/share/turtlebot3_custom/cmake/ament_cmake_export_include_directories-extras.cmake
[5.724s] -- Up-to-date: /home/ziad/Ziad_WS/ROS2/work_space/install/turtlebot3_custom/share/turtlebot3_custom/cmake/ament_cmake_export_libraries-extras.cmake
[5.724s] -- Up-to-date: /home/ziad/Ziad_WS/ROS2/work_space/install/turtlebot3_custom/share/turtlebot3_custom/cmake/ament_cmake_export_targets-extras.cmake
[5.724s] -- Up-to-date: /home/ziad/Ziad_WS/ROS2/work_space/install/turtlebot3_custom/share/turtlebot3_custom/cmake/rosidl_cmake_export_typesupport_targets-extras.cmake
[5.725s] -- Up-to-date: /home/ziad/Ziad_WS/ROS2/work_space/install/turtlebot3_custom/share/turtlebot3_custom/cmake/rosidl_cmake_export_typesupport_libraries-extras.cmake
[5.725s] -- Up-to-date: /home/ziad/Ziad_WS/ROS2/work_space/install/turtlebot3_custom/share/turtlebot3_custom/cmake/turtlebot3_customConfig.cmake
[5.726s] -- Up-to-date: /home/ziad/Ziad_WS/ROS2/work_space/install/turtlebot3_custom/share/turtlebot3_custom/cmake/turtlebot3_customConfig-version.cmake
[5.726s] -- Up-to-date: /home/ziad/Ziad_WS/ROS2/work_space/install/turtlebot3_custom/share/turtlebot3_custom/package.xml
[5.733s] Invoked command in '/home/ziad/Ziad_WS/ROS2/work_space/build/turtlebot3_custom' returned '0': CMAKE_PREFIX_PATH=${CMAKE_PREFIX_PATH}:/opt/ros/humble /usr/bin/cmake --install /home/ziad/Ziad_WS/ROS2/work_space/build/turtlebot3_custom
