-- Found ament_cmake: 1.3.12 (/opt/ros/humble/share/ament_cmake/cmake)
-- Override CMake install command with custom implementation using symlinks instead of copying resources
-- Found rclcpp: 16.0.14 (/opt/ros/humble/share/rclcpp/cmake)
-- Found rosidl_generator_c: 3.1.7 (/opt/ros/humble/share/rosidl_generator_c/cmake)
-- Found rosidl_adapter: 3.1.7 (/opt/ros/humble/share/rosidl_adapter/cmake)
-- Found rosidl_generator_cpp: 3.1.7 (/opt/ros/humble/share/rosidl_generator_cpp/cmake)
-- Using all available rosidl_typesupport_c: rosidl_typesupport_fastrtps_c;rosidl_typesupport_introspection_c
-- Using all available rosidl_typesupport_cpp: rosidl_typesupport_fastrtps_cpp;rosidl_typesupport_introspection_cpp
-- Found rmw_implementation_cmake: 6.1.2 (/opt/ros/humble/share/rmw_implementation_cmake/cmake)
-- Found rmw_fastrtps_cpp: 6.2.8 (/opt/ros/humble/share/rmw_fastrtps_cpp/cmake)
-- Using RMW implementation 'rmw_fastrtps_cpp' as default
-- Found rclcpp_action: 16.0.14 (/opt/ros/humble/share/rclcpp_action/cmake)
-- Found rosidl_default_generators: 1.2.0 (/opt/ros/humble/share/rosidl_default_generators/cmake)
-- Found ament_cmake_ros: 0.10.0 (/opt/ros/humble/share/ament_cmake_ros/cmake)
-- Using all available rosidl_typesupport_c: rosidl_typesupport_fastrtps_c;rosidl_typesupport_introspection_c
-- Using all available rosidl_typesupport_cpp: rosidl_typesupport_fastrtps_cpp;rosidl_typesupport_introspection_cpp
-- Found python_cmake_module: 0.10.0 (/opt/ros/humble/share/python_cmake_module/cmake)
-- Using PYTHON_EXECUTABLE: /usr/bin/python3
-- Using PYTHON_INCLUDE_DIRS: /usr/include/python3.10
-- Using PYTHON_LIBRARIES: /usr/lib/x86_64-linux-gnu/libpython3.10.so
-- Configuring done
-- Generating done
-- Build files have been written to: /home/ziad/Ziad_WS/ROS2/work_space/build/ros2_action
[  2%] [34m[1mGenerating C code for ROS interfaces[0m
[  4%] [34m[1mGenerating C++ code for ROS interfaces[0m
[  4%] Built target ament_cmake_python_symlink_ros2_action
running egg_info
writing ros2_action.egg-info/PKG-INFO
writing dependency_links to ros2_action.egg-info/dependency_links.txt
writing top-level names to ros2_action.egg-info/top_level.txt
reading manifest file 'ros2_action.egg-info/SOURCES.txt'
writing manifest file 'ros2_action.egg-info/SOURCES.txt'
[  4%] Built target ament_cmake_python_build_ros2_action_egg
[  4%] Built target ros2_action__cpp
[  6%] [34m[1mGenerating C++ type support for eProsima Fast-RTPS[0m
[  8%] [34m[1mGenerating C++ introspection for ROS interfaces[0m
[ 10%] [34m[1mGenerating C++ type support dispatch for ROS interfaces[0m
[35m[1mConsolidate compiler generated dependencies of target ros2_action__rosidl_generator_c[0m
[ 12%] [32mBuilding C object CMakeFiles/ros2_action__rosidl_generator_c.dir/rosidl_generator_c/ros2_action/srv/detail/add_two_ints__functions.c.o[0m
[ 14%] [32mBuilding C object CMakeFiles/ros2_action__rosidl_generator_c.dir/rosidl_generator_c/ros2_action/action/detail/countdown__functions.c.o[0m
[ 17%] [32m[1mLinking C shared library libros2_action__rosidl_generator_c.so[0m
[ 19%] [32mBuilding CXX object CMakeFiles/ros2_action__rosidl_typesupport_cpp.dir/rosidl_typesupport_cpp/ros2_action/srv/add_two_ints__type_support.cpp.o[0m
[ 19%] Built target ros2_action__rosidl_generator_c
[ 21%] [32mBuilding CXX object CMakeFiles/ros2_action__rosidl_typesupport_cpp.dir/rosidl_typesupport_cpp/ros2_action/action/countdown__type_support.cpp.o[0m
[ 23%] [32mBuilding CXX object CMakeFiles/ros2_action__rosidl_typesupport_introspection_cpp.dir/rosidl_typesupport_introspection_cpp/ros2_action/srv/detail/add_two_ints__type_support.cpp.o[0m
[ 25%] [32mBuilding CXX object CMakeFiles/ros2_action__rosidl_typesupport_fastrtps_cpp.dir/rosidl_typesupport_fastrtps_cpp/ros2_action/srv/detail/dds_fastrtps/add_two_ints__type_support.cpp.o[0m
[ 27%] [34m[1mGenerating C type support for eProsima Fast-RTPS[0m
[ 29%] [32mBuilding CXX object CMakeFiles/ros2_action__rosidl_typesupport_introspection_cpp.dir/rosidl_typesupport_introspection_cpp/ros2_action/action/detail/countdown__type_support.cpp.o[0m
[ 31%] [32m[1mLinking CXX shared library libros2_action__rosidl_typesupport_cpp.so[0m
[ 34%] [32mBuilding CXX object CMakeFiles/ros2_action__rosidl_typesupport_fastrtps_cpp.dir/rosidl_typesupport_fastrtps_cpp/ros2_action/action/detail/dds_fastrtps/countdown__type_support.cpp.o[0m
[ 34%] Built target ros2_action__rosidl_typesupport_cpp
[ 36%] [34m[1mGenerating C introspection for ROS interfaces[0m
[ 38%] [32mBuilding CXX object CMakeFiles/ros2_action__rosidl_typesupport_fastrtps_c.dir/rosidl_typesupport_fastrtps_c/ros2_action/srv/detail/add_two_ints__type_support_c.cpp.o[0m
[ 40%] [32mBuilding C object CMakeFiles/ros2_action__rosidl_typesupport_introspection_c.dir/rosidl_typesupport_introspection_c/ros2_action/srv/detail/add_two_ints__type_support.c.o[0m
[ 42%] [32m[1mLinking CXX shared library libros2_action__rosidl_typesupport_introspection_cpp.so[0m
[ 44%] [32mBuilding C object CMakeFiles/ros2_action__rosidl_typesupport_introspection_c.dir/rosidl_typesupport_introspection_c/ros2_action/action/detail/countdown__type_support.c.o[0m
[ 46%] [32m[1mLinking CXX shared library libros2_action__rosidl_typesupport_fastrtps_cpp.so[0m
[ 48%] [32m[1mLinking C shared library libros2_action__rosidl_typesupport_introspection_c.so[0m
[ 48%] Built target ros2_action__rosidl_typesupport_introspection_cpp
[ 48%] Built target ros2_action__rosidl_typesupport_introspection_c
[ 51%] [32mBuilding CXX object CMakeFiles/ros2_action__rosidl_typesupport_fastrtps_c.dir/rosidl_typesupport_fastrtps_c/ros2_action/action/detail/countdown__type_support_c.cpp.o[0m
[ 53%] [34m[1mGenerating C type support dispatch for ROS interfaces[0m
[ 53%] Built target ros2_action__rosidl_typesupport_fastrtps_cpp
[ 55%] [32mBuilding CXX object CMakeFiles/add_two_ints_server.dir/src/add_two_ints_server.cpp.o[0m
[ 57%] [32mBuilding CXX object CMakeFiles/add_two_ints_client.dir/src/add_two_ints_client.cpp.o[0m
[ 59%] [32mBuilding CXX object CMakeFiles/ros2_action__rosidl_typesupport_c.dir/rosidl_typesupport_c/ros2_action/srv/add_two_ints__type_support.cpp.o[0m
[ 61%] [32m[1mLinking CXX shared library libros2_action__rosidl_typesupport_fastrtps_c.so[0m
[ 63%] [32mBuilding CXX object CMakeFiles/ros2_action__rosidl_typesupport_c.dir/rosidl_typesupport_c/ros2_action/action/countdown__type_support.cpp.o[0m
[ 65%] [32m[1mLinking CXX shared library libros2_action__rosidl_typesupport_c.so[0m
[ 65%] Built target ros2_action__rosidl_typesupport_fastrtps_c
[ 68%] [32mBuilding CXX object CMakeFiles/countdown_server.dir/src/countdown_server.cpp.o[0m
[ 68%] Built target ros2_action__rosidl_typesupport_c
[ 70%] [32mBuilding CXX object CMakeFiles/countdown_client.dir/src/countdown_client.cpp.o[0m
[ 72%] [32m[1mLinking CXX executable add_two_ints_server[0m
[ 74%] [32m[1mLinking CXX executable add_two_ints_client[0m
[ 74%] Built target add_two_ints_server
[ 74%] Built target ros2_action
[ 76%] [34m[1mGenerating Python code for ROS interfaces[0m
[ 76%] Built target add_two_ints_client
[ 78%] [32m[1mLinking CXX executable countdown_server[0m
[ 80%] [32m[1mLinking CXX executable countdown_client[0m
[ 80%] Built target countdown_server
[ 80%] Built target countdown_client
[ 80%] Built target ros2_action__py
[ 85%] [32mBuilding C object CMakeFiles/ros2_action__rosidl_generator_py.dir/rosidl_generator_py/ros2_action/srv/_add_two_ints_s.c.o[0m
[ 85%] [32mBuilding C object CMakeFiles/ros2_action__rosidl_generator_py.dir/rosidl_generator_py/ros2_action/action/_countdown_s.c.o[0m
[ 87%] [32m[1mLinking C shared library rosidl_generator_py/ros2_action/libros2_action__rosidl_generator_py.so[0m
[ 87%] Built target ros2_action__rosidl_generator_py
[ 89%] [32mBuilding C object CMakeFiles/ros2_action__rosidl_typesupport_fastrtps_c__pyext.dir/rosidl_generator_py/ros2_action/_ros2_action_s.ep.rosidl_typesupport_fastrtps_c.c.o[0m
[ 91%] [32mBuilding C object CMakeFiles/ros2_action__rosidl_typesupport_c__pyext.dir/rosidl_generator_py/ros2_action/_ros2_action_s.ep.rosidl_typesupport_c.c.o[0m
[ 93%] [32mBuilding C object CMakeFiles/ros2_action__rosidl_typesupport_introspection_c__pyext.dir/rosidl_generator_py/ros2_action/_ros2_action_s.ep.rosidl_typesupport_introspection_c.c.o[0m
[ 95%] [32m[1mLinking C shared library rosidl_generator_py/ros2_action/ros2_action_s__rosidl_typesupport_c.cpython-310-x86_64-linux-gnu.so[0m
[ 97%] [32m[1mLinking C shared library rosidl_generator_py/ros2_action/ros2_action_s__rosidl_typesupport_fastrtps_c.cpython-310-x86_64-linux-gnu.so[0m
[100%] [32m[1mLinking C shared library rosidl_generator_py/ros2_action/ros2_action_s__rosidl_typesupport_introspection_c.cpython-310-x86_64-linux-gnu.so[0m
[100%] Built target ros2_action__rosidl_typesupport_c__pyext
[100%] Built target ros2_action__rosidl_typesupport_fastrtps_c__pyext
[100%] Built target ros2_action__rosidl_typesupport_introspection_c__pyext
-- Install configuration: ""
-- Execute custom install script
-- Symlinking: /home/ziad/Ziad_WS/ROS2/work_space/install/ros2_action/share/ament_index/resource_index/rosidl_interfaces/ros2_action
-- Symlinking: /home/ziad/Ziad_WS/ROS2/work_space/install/ros2_action/include/ros2_action/ros2_action/action/countdown.h
-- Symlinking: /home/ziad/Ziad_WS/ROS2/work_space/install/ros2_action/include/ros2_action/ros2_action/action/detail/countdown__functions.h
-- Symlinking: /home/ziad/Ziad_WS/ROS2/work_space/install/ros2_action/include/ros2_action/ros2_action/action/detail/countdown__struct.h
-- Symlinking: /home/ziad/Ziad_WS/ROS2/work_space/install/ros2_action/include/ros2_action/ros2_action/action/detail/countdown__type_support.h
-- Symlinking: /home/ziad/Ziad_WS/ROS2/work_space/install/ros2_action/include/ros2_action/ros2_action/msg/rosidl_generator_c__visibility_control.h
-- Symlinking: /home/ziad/Ziad_WS/ROS2/work_space/install/ros2_action/include/ros2_action/ros2_action/srv/add_two_ints.h
-- Symlinking: /home/ziad/Ziad_WS/ROS2/work_space/install/ros2_action/include/ros2_action/ros2_action/srv/detail/add_two_ints__functions.h
-- Symlinking: /home/ziad/Ziad_WS/ROS2/work_space/install/ros2_action/include/ros2_action/ros2_action/srv/detail/add_two_ints__struct.h
-- Symlinking: /home/ziad/Ziad_WS/ROS2/work_space/install/ros2_action/include/ros2_action/ros2_action/srv/detail/add_two_ints__type_support.h
-- Symlinking: /home/ziad/Ziad_WS/ROS2/work_space/install/ros2_action/share/ros2_action/environment/library_path.sh
-- Symlinking: /home/ziad/Ziad_WS/ROS2/work_space/install/ros2_action/share/ros2_action/environment/library_path.dsv
-- Symlinking: /home/ziad/Ziad_WS/ROS2/work_space/install/ros2_action/include/ros2_action/ros2_action/action/detail/countdown__rosidl_typesupport_fastrtps_c.h
-- Symlinking: /home/ziad/Ziad_WS/ROS2/work_space/install/ros2_action/include/ros2_action/ros2_action/msg/rosidl_typesupport_fastrtps_c__visibility_control.h
-- Symlinking: /home/ziad/Ziad_WS/ROS2/work_space/install/ros2_action/include/ros2_action/ros2_action/srv/detail/add_two_ints__rosidl_typesupport_fastrtps_c.h
-- Symlinking: /home/ziad/Ziad_WS/ROS2/work_space/install/ros2_action/include/ros2_action/ros2_action/action/countdown.hpp
-- Symlinking: /home/ziad/Ziad_WS/ROS2/work_space/install/ros2_action/include/ros2_action/ros2_action/action/detail/countdown__builder.hpp
-- Symlinking: /home/ziad/Ziad_WS/ROS2/work_space/install/ros2_action/include/ros2_action/ros2_action/action/detail/countdown__struct.hpp
-- Symlinking: /home/ziad/Ziad_WS/ROS2/work_space/install/ros2_action/include/ros2_action/ros2_action/action/detail/countdown__traits.hpp
-- Symlinking: /home/ziad/Ziad_WS/ROS2/work_space/install/ros2_action/include/ros2_action/ros2_action/action/detail/countdown__type_support.hpp
-- Symlinking: /home/ziad/Ziad_WS/ROS2/work_space/install/ros2_action/include/ros2_action/ros2_action/msg/rosidl_generator_cpp__visibility_control.hpp
-- Symlinking: /home/ziad/Ziad_WS/ROS2/work_space/install/ros2_action/include/ros2_action/ros2_action/srv/add_two_ints.hpp
-- Symlinking: /home/ziad/Ziad_WS/ROS2/work_space/install/ros2_action/include/ros2_action/ros2_action/srv/detail/add_two_ints__builder.hpp
-- Symlinking: /home/ziad/Ziad_WS/ROS2/work_space/install/ros2_action/include/ros2_action/ros2_action/srv/detail/add_two_ints__struct.hpp
-- Symlinking: /home/ziad/Ziad_WS/ROS2/work_space/install/ros2_action/include/ros2_action/ros2_action/srv/detail/add_two_ints__traits.hpp
-- Symlinking: /home/ziad/Ziad_WS/ROS2/work_space/install/ros2_action/include/ros2_action/ros2_action/srv/detail/add_two_ints__type_support.hpp
-- Symlinking: /home/ziad/Ziad_WS/ROS2/work_space/install/ros2_action/include/ros2_action/ros2_action/action/detail/countdown__rosidl_typesupport_fastrtps_cpp.hpp
-- Symlinking: /home/ziad/Ziad_WS/ROS2/work_space/install/ros2_action/include/ros2_action/ros2_action/msg/rosidl_typesupport_fastrtps_cpp__visibility_control.h
-- Symlinking: /home/ziad/Ziad_WS/ROS2/work_space/install/ros2_action/include/ros2_action/ros2_action/srv/detail/add_two_ints__rosidl_typesupport_fastrtps_cpp.hpp
-- Symlinking: /home/ziad/Ziad_WS/ROS2/work_space/install/ros2_action/include/ros2_action/ros2_action/action/detail/countdown__rosidl_typesupport_introspection_c.h
-- Symlinking: /home/ziad/Ziad_WS/ROS2/work_space/install/ros2_action/include/ros2_action/ros2_action/msg/rosidl_typesupport_introspection_c__visibility_control.h
-- Symlinking: /home/ziad/Ziad_WS/ROS2/work_space/install/ros2_action/include/ros2_action/ros2_action/srv/detail/add_two_ints__rosidl_typesupport_introspection_c.h
-- Symlinking: /home/ziad/Ziad_WS/ROS2/work_space/install/ros2_action/include/ros2_action/ros2_action/action/detail/countdown__rosidl_typesupport_introspection_cpp.hpp
-- Symlinking: /home/ziad/Ziad_WS/ROS2/work_space/install/ros2_action/include/ros2_action/ros2_action/srv/detail/add_two_ints__rosidl_typesupport_introspection_cpp.hpp
-- Symlinking: /home/ziad/Ziad_WS/ROS2/work_space/install/ros2_action/share/ros2_action/environment/pythonpath.sh
-- Symlinking: /home/ziad/Ziad_WS/ROS2/work_space/install/ros2_action/share/ros2_action/environment/pythonpath.dsv
-- Symlinking: /home/ziad/Ziad_WS/ROS2/work_space/install/ros2_action/local/lib/python3.10/dist-packages/ros2_action-0.0.0-py3.10.egg-info/PKG-INFO
-- Symlinking: /home/ziad/Ziad_WS/ROS2/work_space/install/ros2_action/local/lib/python3.10/dist-packages/ros2_action-0.0.0-py3.10.egg-info/SOURCES.txt
-- Symlinking: /home/ziad/Ziad_WS/ROS2/work_space/install/ros2_action/local/lib/python3.10/dist-packages/ros2_action-0.0.0-py3.10.egg-info/dependency_links.txt
-- Symlinking: /home/ziad/Ziad_WS/ROS2/work_space/install/ros2_action/local/lib/python3.10/dist-packages/ros2_action-0.0.0-py3.10.egg-info/top_level.txt
-- Symlinking: /home/ziad/Ziad_WS/ROS2/work_space/install/ros2_action/local/lib/python3.10/dist-packages/ros2_action/__init__.py
-- Symlinking: /home/ziad/Ziad_WS/ROS2/work_space/install/ros2_action/local/lib/python3.10/dist-packages/ros2_action/_ros2_action_s.ep.rosidl_typesupport_c.c
-- Symlinking: /home/ziad/Ziad_WS/ROS2/work_space/install/ros2_action/local/lib/python3.10/dist-packages/ros2_action/_ros2_action_s.ep.rosidl_typesupport_fastrtps_c.c
-- Symlinking: /home/ziad/Ziad_WS/ROS2/work_space/install/ros2_action/local/lib/python3.10/dist-packages/ros2_action/_ros2_action_s.ep.rosidl_typesupport_introspection_c.c
-- Symlinking: /home/ziad/Ziad_WS/ROS2/work_space/install/ros2_action/local/lib/python3.10/dist-packages/ros2_action/action/__init__.py
-- Symlinking: /home/ziad/Ziad_WS/ROS2/work_space/install/ros2_action/local/lib/python3.10/dist-packages/ros2_action/action/_countdown.py
-- Symlinking: /home/ziad/Ziad_WS/ROS2/work_space/install/ros2_action/local/lib/python3.10/dist-packages/ros2_action/action/_countdown_s.c
-- Symlinking: /home/ziad/Ziad_WS/ROS2/work_space/install/ros2_action/local/lib/python3.10/dist-packages/ros2_action/libros2_action__rosidl_generator_py.so
-- Symlinking: /home/ziad/Ziad_WS/ROS2/work_space/install/ros2_action/local/lib/python3.10/dist-packages/ros2_action/ros2_action_s__rosidl_typesupport_c.cpython-310-x86_64-linux-gnu.so
-- Symlinking: /home/ziad/Ziad_WS/ROS2/work_space/install/ros2_action/local/lib/python3.10/dist-packages/ros2_action/ros2_action_s__rosidl_typesupport_fastrtps_c.cpython-310-x86_64-linux-gnu.so
-- Symlinking: /home/ziad/Ziad_WS/ROS2/work_space/install/ros2_action/local/lib/python3.10/dist-packages/ros2_action/ros2_action_s__rosidl_typesupport_introspection_c.cpython-310-x86_64-linux-gnu.so
-- Symlinking: /home/ziad/Ziad_WS/ROS2/work_space/install/ros2_action/local/lib/python3.10/dist-packages/ros2_action/srv/__init__.py
-- Symlinking: /home/ziad/Ziad_WS/ROS2/work_space/install/ros2_action/local/lib/python3.10/dist-packages/ros2_action/srv/_add_two_ints.py
-- Symlinking: /home/ziad/Ziad_WS/ROS2/work_space/install/ros2_action/local/lib/python3.10/dist-packages/ros2_action/srv/_add_two_ints_s.c
-- Up-to-date symlink: /home/ziad/Ziad_WS/ROS2/work_space/install/ros2_action/local/lib/python3.10/dist-packages/ros2_action/ros2_action_s__rosidl_typesupport_fastrtps_c.cpython-310-x86_64-linux-gnu.so
-- Up-to-date symlink: /home/ziad/Ziad_WS/ROS2/work_space/install/ros2_action/local/lib/python3.10/dist-packages/ros2_action/ros2_action_s__rosidl_typesupport_introspection_c.cpython-310-x86_64-linux-gnu.so
-- Up-to-date symlink: /home/ziad/Ziad_WS/ROS2/work_space/install/ros2_action/local/lib/python3.10/dist-packages/ros2_action/ros2_action_s__rosidl_typesupport_c.cpython-310-x86_64-linux-gnu.so
-- Symlinking: /home/ziad/Ziad_WS/ROS2/work_space/install/ros2_action/share/ros2_action/srv/AddTwoInts.idl
-- Symlinking: /home/ziad/Ziad_WS/ROS2/work_space/install/ros2_action/share/ros2_action/action/Countdown.idl
-- Symlinking: /home/ziad/Ziad_WS/ROS2/work_space/install/ros2_action/share/ros2_action/srv/AddTwoInts.srv
-- Symlinking: /home/ziad/Ziad_WS/ROS2/work_space/install/ros2_action/share/ros2_action/srv/AddTwoInts_Request.msg
-- Symlinking: /home/ziad/Ziad_WS/ROS2/work_space/install/ros2_action/share/ros2_action/srv/AddTwoInts_Response.msg
-- Symlinking: /home/ziad/Ziad_WS/ROS2/work_space/install/ros2_action/share/ros2_action/action/Countdown.action
-- Symlinking: /home/ziad/Ziad_WS/ROS2/work_space/install/ros2_action/lib/ros2_action/add_two_ints_server
-- Symlinking: /home/ziad/Ziad_WS/ROS2/work_space/install/ros2_action/lib/ros2_action/add_two_ints_client
-- Symlinking: /home/ziad/Ziad_WS/ROS2/work_space/install/ros2_action/lib/ros2_action/countdown_server
-- Symlinking: /home/ziad/Ziad_WS/ROS2/work_space/install/ros2_action/lib/ros2_action/countdown_client
-- Symlinking: /home/ziad/Ziad_WS/ROS2/work_space/install/ros2_action/share/ament_index/resource_index/package_run_dependencies/ros2_action
-- Symlinking: /home/ziad/Ziad_WS/ROS2/work_space/install/ros2_action/share/ament_index/resource_index/parent_prefix_path/ros2_action
-- Symlinking: /home/ziad/Ziad_WS/ROS2/work_space/install/ros2_action/share/ros2_action/environment/ament_prefix_path.sh
-- Symlinking: /home/ziad/Ziad_WS/ROS2/work_space/install/ros2_action/share/ros2_action/environment/ament_prefix_path.dsv
-- Symlinking: /home/ziad/Ziad_WS/ROS2/work_space/install/ros2_action/share/ros2_action/environment/path.sh
-- Symlinking: /home/ziad/Ziad_WS/ROS2/work_space/install/ros2_action/share/ros2_action/environment/path.dsv
-- Symlinking: /home/ziad/Ziad_WS/ROS2/work_space/install/ros2_action/share/ros2_action/local_setup.bash
-- Symlinking: /home/ziad/Ziad_WS/ROS2/work_space/install/ros2_action/share/ros2_action/local_setup.sh
-- Symlinking: /home/ziad/Ziad_WS/ROS2/work_space/install/ros2_action/share/ros2_action/local_setup.zsh
-- Symlinking: /home/ziad/Ziad_WS/ROS2/work_space/install/ros2_action/share/ros2_action/local_setup.dsv
-- Symlinking: /home/ziad/Ziad_WS/ROS2/work_space/install/ros2_action/share/ros2_action/package.dsv
-- Symlinking: /home/ziad/Ziad_WS/ROS2/work_space/install/ros2_action/share/ament_index/resource_index/packages/ros2_action
-- Symlinking: /home/ziad/Ziad_WS/ROS2/work_space/install/ros2_action/share/ros2_action/cmake/rosidl_cmake-extras.cmake
-- Symlinking: /home/ziad/Ziad_WS/ROS2/work_space/install/ros2_action/share/ros2_action/cmake/ament_cmake_export_dependencies-extras.cmake
-- Symlinking: /home/ziad/Ziad_WS/ROS2/work_space/install/ros2_action/share/ros2_action/cmake/ament_cmake_export_include_directories-extras.cmake
-- Symlinking: /home/ziad/Ziad_WS/ROS2/work_space/install/ros2_action/share/ros2_action/cmake/ament_cmake_export_libraries-extras.cmake
-- Symlinking: /home/ziad/Ziad_WS/ROS2/work_space/install/ros2_action/share/ros2_action/cmake/ament_cmake_export_targets-extras.cmake
-- Symlinking: /home/ziad/Ziad_WS/ROS2/work_space/install/ros2_action/share/ros2_action/cmake/rosidl_cmake_export_typesupport_targets-extras.cmake
-- Symlinking: /home/ziad/Ziad_WS/ROS2/work_space/install/ros2_action/share/ros2_action/cmake/rosidl_cmake_export_typesupport_libraries-extras.cmake
-- Symlinking: /home/ziad/Ziad_WS/ROS2/work_space/install/ros2_action/share/ros2_action/cmake/ros2_actionConfig.cmake
-- Symlinking: /home/ziad/Ziad_WS/ROS2/work_space/install/ros2_action/share/ros2_action/cmake/ros2_actionConfig-version.cmake
-- Symlinking: /home/ziad/Ziad_WS/ROS2/work_space/install/ros2_action/share/ros2_action/package.xml
-- Installing: /home/ziad/Ziad_WS/ROS2/work_space/install/ros2_action/lib/libros2_action__rosidl_generator_c.so
-- Set runtime path of "/home/ziad/Ziad_WS/ROS2/work_space/install/ros2_action/lib/libros2_action__rosidl_generator_c.so" to ""
-- Installing: /home/ziad/Ziad_WS/ROS2/work_space/install/ros2_action/lib/libros2_action__rosidl_typesupport_fastrtps_c.so
-- Set runtime path of "/home/ziad/Ziad_WS/ROS2/work_space/install/ros2_action/lib/libros2_action__rosidl_typesupport_fastrtps_c.so" to ""
-- Installing: /home/ziad/Ziad_WS/ROS2/work_space/install/ros2_action/lib/libros2_action__rosidl_typesupport_fastrtps_cpp.so
-- Set runtime path of "/home/ziad/Ziad_WS/ROS2/work_space/install/ros2_action/lib/libros2_action__rosidl_typesupport_fastrtps_cpp.so" to ""
-- Installing: /home/ziad/Ziad_WS/ROS2/work_space/install/ros2_action/lib/libros2_action__rosidl_typesupport_introspection_c.so
-- Set runtime path of "/home/ziad/Ziad_WS/ROS2/work_space/install/ros2_action/lib/libros2_action__rosidl_typesupport_introspection_c.so" to ""
-- Installing: /home/ziad/Ziad_WS/ROS2/work_space/install/ros2_action/lib/libros2_action__rosidl_typesupport_c.so
-- Set runtime path of "/home/ziad/Ziad_WS/ROS2/work_space/install/ros2_action/lib/libros2_action__rosidl_typesupport_c.so" to ""
-- Installing: /home/ziad/Ziad_WS/ROS2/work_space/install/ros2_action/lib/libros2_action__rosidl_typesupport_introspection_cpp.so
-- Set runtime path of "/home/ziad/Ziad_WS/ROS2/work_space/install/ros2_action/lib/libros2_action__rosidl_typesupport_introspection_cpp.so" to ""
-- Installing: /home/ziad/Ziad_WS/ROS2/work_space/install/ros2_action/lib/libros2_action__rosidl_typesupport_cpp.so
-- Set runtime path of "/home/ziad/Ziad_WS/ROS2/work_space/install/ros2_action/lib/libros2_action__rosidl_typesupport_cpp.so" to ""
Listing '/home/ziad/Ziad_WS/ROS2/work_space/install/ros2_action/local/lib/python3.10/dist-packages/ros2_action'...
Compiling '/home/ziad/Ziad_WS/ROS2/work_space/install/ros2_action/local/lib/python3.10/dist-packages/ros2_action/__init__.py'...
Listing '/home/ziad/Ziad_WS/ROS2/work_space/install/ros2_action/local/lib/python3.10/dist-packages/ros2_action/action'...
Compiling '/home/ziad/Ziad_WS/ROS2/work_space/install/ros2_action/local/lib/python3.10/dist-packages/ros2_action/action/__init__.py'...
Compiling '/home/ziad/Ziad_WS/ROS2/work_space/install/ros2_action/local/lib/python3.10/dist-packages/ros2_action/action/_countdown.py'...
Listing '/home/ziad/Ziad_WS/ROS2/work_space/install/ros2_action/local/lib/python3.10/dist-packages/ros2_action/srv'...
Compiling '/home/ziad/Ziad_WS/ROS2/work_space/install/ros2_action/local/lib/python3.10/dist-packages/ros2_action/srv/__init__.py'...
Compiling '/home/ziad/Ziad_WS/ROS2/work_space/install/ros2_action/local/lib/python3.10/dist-packages/ros2_action/srv/_add_two_ints.py'...
-- Installing: /home/ziad/Ziad_WS/ROS2/work_space/install/ros2_action/lib/libros2_action__rosidl_generator_py.so
-- Set runtime path of "/home/ziad/Ziad_WS/ROS2/work_space/install/ros2_action/lib/libros2_action__rosidl_generator_py.so" to ""
-- Installing: /home/ziad/Ziad_WS/ROS2/work_space/install/ros2_action/share/ros2_action/cmake/export_ros2_action__rosidl_generator_cExport.cmake
-- Installing: /home/ziad/Ziad_WS/ROS2/work_space/install/ros2_action/share/ros2_action/cmake/export_ros2_action__rosidl_generator_cExport-noconfig.cmake
-- Installing: /home/ziad/Ziad_WS/ROS2/work_space/install/ros2_action/share/ros2_action/cmake/export_ros2_action__rosidl_typesupport_fastrtps_cExport.cmake
-- Installing: /home/ziad/Ziad_WS/ROS2/work_space/install/ros2_action/share/ros2_action/cmake/export_ros2_action__rosidl_typesupport_fastrtps_cExport-noconfig.cmake
-- Installing: /home/ziad/Ziad_WS/ROS2/work_space/install/ros2_action/share/ros2_action/cmake/export_ros2_action__rosidl_generator_cppExport.cmake
-- Installing: /home/ziad/Ziad_WS/ROS2/work_space/install/ros2_action/share/ros2_action/cmake/export_ros2_action__rosidl_typesupport_fastrtps_cppExport.cmake
-- Installing: /home/ziad/Ziad_WS/ROS2/work_space/install/ros2_action/share/ros2_action/cmake/export_ros2_action__rosidl_typesupport_fastrtps_cppExport-noconfig.cmake
-- Installing: /home/ziad/Ziad_WS/ROS2/work_space/install/ros2_action/share/ros2_action/cmake/ros2_action__rosidl_typesupport_introspection_cExport.cmake
-- Installing: /home/ziad/Ziad_WS/ROS2/work_space/install/ros2_action/share/ros2_action/cmake/ros2_action__rosidl_typesupport_introspection_cExport-noconfig.cmake
-- Installing: /home/ziad/Ziad_WS/ROS2/work_space/install/ros2_action/share/ros2_action/cmake/ros2_action__rosidl_typesupport_cExport.cmake
-- Installing: /home/ziad/Ziad_WS/ROS2/work_space/install/ros2_action/share/ros2_action/cmake/ros2_action__rosidl_typesupport_cExport-noconfig.cmake
-- Installing: /home/ziad/Ziad_WS/ROS2/work_space/install/ros2_action/share/ros2_action/cmake/ros2_action__rosidl_typesupport_introspection_cppExport.cmake
-- Installing: /home/ziad/Ziad_WS/ROS2/work_space/install/ros2_action/share/ros2_action/cmake/ros2_action__rosidl_typesupport_introspection_cppExport-noconfig.cmake
-- Installing: /home/ziad/Ziad_WS/ROS2/work_space/install/ros2_action/share/ros2_action/cmake/ros2_action__rosidl_typesupport_cppExport.cmake
-- Installing: /home/ziad/Ziad_WS/ROS2/work_space/install/ros2_action/share/ros2_action/cmake/ros2_action__rosidl_typesupport_cppExport-noconfig.cmake
-- Installing: /home/ziad/Ziad_WS/ROS2/work_space/install/ros2_action/share/ros2_action/cmake/export_ros2_action__rosidl_generator_pyExport.cmake
-- Installing: /home/ziad/Ziad_WS/ROS2/work_space/install/ros2_action/share/ros2_action/cmake/export_ros2_action__rosidl_generator_pyExport-noconfig.cmake
