[  2%] Built target ros2_action__cpp
[ 10%] Built target ros2_action__rosidl_generator_c
[ 10%] Built target ament_cmake_python_symlink_ros2_action
[ 19%] Built target ros2_action__rosidl_typesupport_cpp
[ 27%] Built target ros2_action__rosidl_typesupport_fastrtps_cpp
[ 36%] Built target ros2_action__rosidl_typesupport_introspection_cpp
[ 44%] Built target ros2_action__rosidl_typesupport_fastrtps_c
[ 53%] Built target ros2_action__rosidl_typesupport_introspection_c
[ 61%] Built target ros2_action__rosidl_typesupport_c
[ 65%] Built target add_two_ints_server
[ 70%] Built target add_two_ints_client
[ 74%] Built target countdown_server
[ 74%] Built target ros2_action
[ 78%] Built target countdown_client
[ 80%] Built target ros2_action__py
[ 87%] Built target ros2_action__rosidl_generator_py
[ 91%] Built target ros2_action__rosidl_typesupport_fastrtps_c__pyext
[ 95%] Built target ros2_action__rosidl_typesupport_introspection_c__pyext
[100%] Built target ros2_action__rosidl_typesupport_c__pyext
running egg_info
writing ros2_action.egg-info/PKG-INFO
writing dependency_links to ros2_action.egg-info/dependency_links.txt
writing top-level names to ros2_action.egg-info/top_level.txt
reading manifest file 'ros2_action.egg-info/SOURCES.txt'
writing manifest file 'ros2_action.egg-info/SOURCES.txt'
[100%] Built target ament_cmake_python_build_ros2_action_egg
-- Install configuration: ""
-- Execute custom install script
-- Up-to-date symlink: /home/ziad/Ziad_WS/ROS2/work_space/install/ros2_action/share/ament_index/resource_index/rosidl_interfaces/ros2_action
-- Up-to-date symlink: /home/ziad/Ziad_WS/ROS2/work_space/install/ros2_action/include/ros2_action/ros2_action/action/countdown.h
-- Up-to-date symlink: /home/ziad/Ziad_WS/ROS2/work_space/install/ros2_action/include/ros2_action/ros2_action/action/detail/countdown__functions.h
-- Up-to-date symlink: /home/ziad/Ziad_WS/ROS2/work_space/install/ros2_action/include/ros2_action/ros2_action/action/detail/countdown__struct.h
-- Up-to-date symlink: /home/ziad/Ziad_WS/ROS2/work_space/install/ros2_action/include/ros2_action/ros2_action/action/detail/countdown__type_support.h
-- Up-to-date symlink: /home/ziad/Ziad_WS/ROS2/work_space/install/ros2_action/include/ros2_action/ros2_action/msg/rosidl_generator_c__visibility_control.h
-- Up-to-date symlink: /home/ziad/Ziad_WS/ROS2/work_space/install/ros2_action/include/ros2_action/ros2_action/srv/add_two_ints.h
-- Up-to-date symlink: /home/ziad/Ziad_WS/ROS2/work_space/install/ros2_action/include/ros2_action/ros2_action/srv/detail/add_two_ints__functions.h
-- Up-to-date symlink: /home/ziad/Ziad_WS/ROS2/work_space/install/ros2_action/include/ros2_action/ros2_action/srv/detail/add_two_ints__struct.h
-- Up-to-date symlink: /home/ziad/Ziad_WS/ROS2/work_space/install/ros2_action/include/ros2_action/ros2_action/srv/detail/add_two_ints__type_support.h
-- Up-to-date symlink: /home/ziad/Ziad_WS/ROS2/work_space/install/ros2_action/share/ros2_action/environment/library_path.sh
-- Up-to-date symlink: /home/ziad/Ziad_WS/ROS2/work_space/install/ros2_action/share/ros2_action/environment/library_path.dsv
-- Up-to-date symlink: /home/ziad/Ziad_WS/ROS2/work_space/install/ros2_action/include/ros2_action/ros2_action/action/detail/countdown__rosidl_typesupport_fastrtps_c.h
-- Up-to-date symlink: /home/ziad/Ziad_WS/ROS2/work_space/install/ros2_action/include/ros2_action/ros2_action/msg/rosidl_typesupport_fastrtps_c__visibility_control.h
-- Up-to-date symlink: /home/ziad/Ziad_WS/ROS2/work_space/install/ros2_action/include/ros2_action/ros2_action/srv/detail/add_two_ints__rosidl_typesupport_fastrtps_c.h
-- Up-to-date symlink: /home/ziad/Ziad_WS/ROS2/work_space/install/ros2_action/include/ros2_action/ros2_action/action/countdown.hpp
-- Up-to-date symlink: /home/ziad/Ziad_WS/ROS2/work_space/install/ros2_action/include/ros2_action/ros2_action/action/detail/countdown__builder.hpp
-- Up-to-date symlink: /home/ziad/Ziad_WS/ROS2/work_space/install/ros2_action/include/ros2_action/ros2_action/action/detail/countdown__struct.hpp
-- Up-to-date symlink: /home/ziad/Ziad_WS/ROS2/work_space/install/ros2_action/include/ros2_action/ros2_action/action/detail/countdown__traits.hpp
-- Up-to-date symlink: /home/ziad/Ziad_WS/ROS2/work_space/install/ros2_action/include/ros2_action/ros2_action/action/detail/countdown__type_support.hpp
-- Up-to-date symlink: /home/ziad/Ziad_WS/ROS2/work_space/install/ros2_action/include/ros2_action/ros2_action/msg/rosidl_generator_cpp__visibility_control.hpp
-- Up-to-date symlink: /home/ziad/Ziad_WS/ROS2/work_space/install/ros2_action/include/ros2_action/ros2_action/srv/add_two_ints.hpp
-- Up-to-date symlink: /home/ziad/Ziad_WS/ROS2/work_space/install/ros2_action/include/ros2_action/ros2_action/srv/detail/add_two_ints__builder.hpp
-- Up-to-date symlink: /home/ziad/Ziad_WS/ROS2/work_space/install/ros2_action/include/ros2_action/ros2_action/srv/detail/add_two_ints__struct.hpp
-- Up-to-date symlink: /home/ziad/Ziad_WS/ROS2/work_space/install/ros2_action/include/ros2_action/ros2_action/srv/detail/add_two_ints__traits.hpp
-- Up-to-date symlink: /home/ziad/Ziad_WS/ROS2/work_space/install/ros2_action/include/ros2_action/ros2_action/srv/detail/add_two_ints__type_support.hpp
-- Up-to-date symlink: /home/ziad/Ziad_WS/ROS2/work_space/install/ros2_action/include/ros2_action/ros2_action/action/detail/countdown__rosidl_typesupport_fastrtps_cpp.hpp
-- Up-to-date symlink: /home/ziad/Ziad_WS/ROS2/work_space/install/ros2_action/include/ros2_action/ros2_action/msg/rosidl_typesupport_fastrtps_cpp__visibility_control.h
-- Up-to-date symlink: /home/ziad/Ziad_WS/ROS2/work_space/install/ros2_action/include/ros2_action/ros2_action/srv/detail/add_two_ints__rosidl_typesupport_fastrtps_cpp.hpp
-- Up-to-date symlink: /home/ziad/Ziad_WS/ROS2/work_space/install/ros2_action/include/ros2_action/ros2_action/action/detail/countdown__rosidl_typesupport_introspection_c.h
-- Up-to-date symlink: /home/ziad/Ziad_WS/ROS2/work_space/install/ros2_action/include/ros2_action/ros2_action/msg/rosidl_typesupport_introspection_c__visibility_control.h
-- Up-to-date symlink: /home/ziad/Ziad_WS/ROS2/work_space/install/ros2_action/include/ros2_action/ros2_action/srv/detail/add_two_ints__rosidl_typesupport_introspection_c.h
-- Up-to-date symlink: /home/ziad/Ziad_WS/ROS2/work_space/install/ros2_action/include/ros2_action/ros2_action/action/detail/countdown__rosidl_typesupport_introspection_cpp.hpp
-- Up-to-date symlink: /home/ziad/Ziad_WS/ROS2/work_space/install/ros2_action/include/ros2_action/ros2_action/srv/detail/add_two_ints__rosidl_typesupport_introspection_cpp.hpp
-- Up-to-date symlink: /home/ziad/Ziad_WS/ROS2/work_space/install/ros2_action/share/ros2_action/environment/pythonpath.sh
-- Up-to-date symlink: /home/ziad/Ziad_WS/ROS2/work_space/install/ros2_action/share/ros2_action/environment/pythonpath.dsv
-- Up-to-date symlink: /home/ziad/Ziad_WS/ROS2/work_space/install/ros2_action/local/lib/python3.10/dist-packages/ros2_action-0.0.0-py3.10.egg-info/PKG-INFO
-- Up-to-date symlink: /home/ziad/Ziad_WS/ROS2/work_space/install/ros2_action/local/lib/python3.10/dist-packages/ros2_action-0.0.0-py3.10.egg-info/SOURCES.txt
-- Up-to-date symlink: /home/ziad/Ziad_WS/ROS2/work_space/install/ros2_action/local/lib/python3.10/dist-packages/ros2_action-0.0.0-py3.10.egg-info/dependency_links.txt
-- Up-to-date symlink: /home/ziad/Ziad_WS/ROS2/work_space/install/ros2_action/local/lib/python3.10/dist-packages/ros2_action-0.0.0-py3.10.egg-info/top_level.txt
-- Up-to-date symlink: /home/ziad/Ziad_WS/ROS2/work_space/install/ros2_action/local/lib/python3.10/dist-packages/ros2_action/__init__.py
-- Up-to-date symlink: /home/ziad/Ziad_WS/ROS2/work_space/install/ros2_action/local/lib/python3.10/dist-packages/ros2_action/_ros2_action_s.ep.rosidl_typesupport_c.c
-- Up-to-date symlink: /home/ziad/Ziad_WS/ROS2/work_space/install/ros2_action/local/lib/python3.10/dist-packages/ros2_action/_ros2_action_s.ep.rosidl_typesupport_fastrtps_c.c
-- Up-to-date symlink: /home/ziad/Ziad_WS/ROS2/work_space/install/ros2_action/local/lib/python3.10/dist-packages/ros2_action/_ros2_action_s.ep.rosidl_typesupport_introspection_c.c
-- Up-to-date symlink: /home/ziad/Ziad_WS/ROS2/work_space/install/ros2_action/local/lib/python3.10/dist-packages/ros2_action/action/__init__.py
-- Up-to-date symlink: /home/ziad/Ziad_WS/ROS2/work_space/install/ros2_action/local/lib/python3.10/dist-packages/ros2_action/action/_countdown.py
-- Up-to-date symlink: /home/ziad/Ziad_WS/ROS2/work_space/install/ros2_action/local/lib/python3.10/dist-packages/ros2_action/action/_countdown_s.c
-- Up-to-date symlink: /home/ziad/Ziad_WS/ROS2/work_space/install/ros2_action/local/lib/python3.10/dist-packages/ros2_action/libros2_action__rosidl_generator_py.so
-- Up-to-date symlink: /home/ziad/Ziad_WS/ROS2/work_space/install/ros2_action/local/lib/python3.10/dist-packages/ros2_action/ros2_action_s__rosidl_typesupport_c.cpython-310-x86_64-linux-gnu.so
-- Up-to-date symlink: /home/ziad/Ziad_WS/ROS2/work_space/install/ros2_action/local/lib/python3.10/dist-packages/ros2_action/ros2_action_s__rosidl_typesupport_fastrtps_c.cpython-310-x86_64-linux-gnu.so
-- Up-to-date symlink: /home/ziad/Ziad_WS/ROS2/work_space/install/ros2_action/local/lib/python3.10/dist-packages/ros2_action/ros2_action_s__rosidl_typesupport_introspection_c.cpython-310-x86_64-linux-gnu.so
-- Up-to-date symlink: /home/ziad/Ziad_WS/ROS2/work_space/install/ros2_action/local/lib/python3.10/dist-packages/ros2_action/srv/__init__.py
-- Up-to-date symlink: /home/ziad/Ziad_WS/ROS2/work_space/install/ros2_action/local/lib/python3.10/dist-packages/ros2_action/srv/_add_two_ints.py
-- Up-to-date symlink: /home/ziad/Ziad_WS/ROS2/work_space/install/ros2_action/local/lib/python3.10/dist-packages/ros2_action/srv/_add_two_ints_s.c
-- Up-to-date symlink: /home/ziad/Ziad_WS/ROS2/work_space/install/ros2_action/local/lib/python3.10/dist-packages/ros2_action/ros2_action_s__rosidl_typesupport_fastrtps_c.cpython-310-x86_64-linux-gnu.so
-- Up-to-date symlink: /home/ziad/Ziad_WS/ROS2/work_space/install/ros2_action/local/lib/python3.10/dist-packages/ros2_action/ros2_action_s__rosidl_typesupport_introspection_c.cpython-310-x86_64-linux-gnu.so
-- Up-to-date symlink: /home/ziad/Ziad_WS/ROS2/work_space/install/ros2_action/local/lib/python3.10/dist-packages/ros2_action/ros2_action_s__rosidl_typesupport_c.cpython-310-x86_64-linux-gnu.so
-- Up-to-date symlink: /home/ziad/Ziad_WS/ROS2/work_space/install/ros2_action/share/ros2_action/srv/AddTwoInts.idl
-- Up-to-date symlink: /home/ziad/Ziad_WS/ROS2/work_space/install/ros2_action/share/ros2_action/action/Countdown.idl
-- Up-to-date symlink: /home/ziad/Ziad_WS/ROS2/work_space/install/ros2_action/share/ros2_action/srv/AddTwoInts.srv
-- Up-to-date symlink: /home/ziad/Ziad_WS/ROS2/work_space/install/ros2_action/share/ros2_action/srv/AddTwoInts_Request.msg
-- Up-to-date symlink: /home/ziad/Ziad_WS/ROS2/work_space/install/ros2_action/share/ros2_action/srv/AddTwoInts_Response.msg
-- Up-to-date symlink: /home/ziad/Ziad_WS/ROS2/work_space/install/ros2_action/share/ros2_action/action/Countdown.action
-- Up-to-date symlink: /home/ziad/Ziad_WS/ROS2/work_space/install/ros2_action/lib/ros2_action/add_two_ints_server
-- Up-to-date symlink: /home/ziad/Ziad_WS/ROS2/work_space/install/ros2_action/lib/ros2_action/add_two_ints_client
-- Up-to-date symlink: /home/ziad/Ziad_WS/ROS2/work_space/install/ros2_action/lib/ros2_action/countdown_server
-- Up-to-date symlink: /home/ziad/Ziad_WS/ROS2/work_space/install/ros2_action/lib/ros2_action/countdown_client
-- Up-to-date symlink: /home/ziad/Ziad_WS/ROS2/work_space/install/ros2_action/share/ament_index/resource_index/package_run_dependencies/ros2_action
-- Up-to-date symlink: /home/ziad/Ziad_WS/ROS2/work_space/install/ros2_action/share/ament_index/resource_index/parent_prefix_path/ros2_action
-- Up-to-date symlink: /home/ziad/Ziad_WS/ROS2/work_space/install/ros2_action/share/ros2_action/environment/ament_prefix_path.sh
-- Up-to-date symlink: /home/ziad/Ziad_WS/ROS2/work_space/install/ros2_action/share/ros2_action/environment/ament_prefix_path.dsv
-- Up-to-date symlink: /home/ziad/Ziad_WS/ROS2/work_space/install/ros2_action/share/ros2_action/environment/path.sh
-- Up-to-date symlink: /home/ziad/Ziad_WS/ROS2/work_space/install/ros2_action/share/ros2_action/environment/path.dsv
-- Up-to-date symlink: /home/ziad/Ziad_WS/ROS2/work_space/install/ros2_action/share/ros2_action/local_setup.bash
-- Up-to-date symlink: /home/ziad/Ziad_WS/ROS2/work_space/install/ros2_action/share/ros2_action/local_setup.sh
-- Up-to-date symlink: /home/ziad/Ziad_WS/ROS2/work_space/install/ros2_action/share/ros2_action/local_setup.zsh
-- Up-to-date symlink: /home/ziad/Ziad_WS/ROS2/work_space/install/ros2_action/share/ros2_action/local_setup.dsv
-- Symlinking: /home/ziad/Ziad_WS/ROS2/work_space/install/ros2_action/share/ros2_action/package.dsv
-- Up-to-date symlink: /home/ziad/Ziad_WS/ROS2/work_space/install/ros2_action/share/ament_index/resource_index/packages/ros2_action
-- Up-to-date symlink: /home/ziad/Ziad_WS/ROS2/work_space/install/ros2_action/share/ros2_action/cmake/rosidl_cmake-extras.cmake
-- Up-to-date symlink: /home/ziad/Ziad_WS/ROS2/work_space/install/ros2_action/share/ros2_action/cmake/ament_cmake_export_dependencies-extras.cmake
-- Up-to-date symlink: /home/ziad/Ziad_WS/ROS2/work_space/install/ros2_action/share/ros2_action/cmake/ament_cmake_export_include_directories-extras.cmake
-- Up-to-date symlink: /home/ziad/Ziad_WS/ROS2/work_space/install/ros2_action/share/ros2_action/cmake/ament_cmake_export_libraries-extras.cmake
-- Up-to-date symlink: /home/ziad/Ziad_WS/ROS2/work_space/install/ros2_action/share/ros2_action/cmake/ament_cmake_export_targets-extras.cmake
-- Up-to-date symlink: /home/ziad/Ziad_WS/ROS2/work_space/install/ros2_action/share/ros2_action/cmake/rosidl_cmake_export_typesupport_targets-extras.cmake
-- Up-to-date symlink: /home/ziad/Ziad_WS/ROS2/work_space/install/ros2_action/share/ros2_action/cmake/rosidl_cmake_export_typesupport_libraries-extras.cmake
-- Up-to-date symlink: /home/ziad/Ziad_WS/ROS2/work_space/install/ros2_action/share/ros2_action/cmake/ros2_actionConfig.cmake
-- Up-to-date symlink: /home/ziad/Ziad_WS/ROS2/work_space/install/ros2_action/share/ros2_action/cmake/ros2_actionConfig-version.cmake
-- Up-to-date symlink: /home/ziad/Ziad_WS/ROS2/work_space/install/ros2_action/share/ros2_action/package.xml
-- Up-to-date: /home/ziad/Ziad_WS/ROS2/work_space/install/ros2_action/lib/libros2_action__rosidl_generator_c.so
-- Up-to-date: /home/ziad/Ziad_WS/ROS2/work_space/install/ros2_action/lib/libros2_action__rosidl_typesupport_fastrtps_c.so
-- Up-to-date: /home/ziad/Ziad_WS/ROS2/work_space/install/ros2_action/lib/libros2_action__rosidl_typesupport_fastrtps_cpp.so
-- Up-to-date: /home/ziad/Ziad_WS/ROS2/work_space/install/ros2_action/lib/libros2_action__rosidl_typesupport_introspection_c.so
-- Up-to-date: /home/ziad/Ziad_WS/ROS2/work_space/install/ros2_action/lib/libros2_action__rosidl_typesupport_c.so
-- Up-to-date: /home/ziad/Ziad_WS/ROS2/work_space/install/ros2_action/lib/libros2_action__rosidl_typesupport_introspection_cpp.so
-- Up-to-date: /home/ziad/Ziad_WS/ROS2/work_space/install/ros2_action/lib/libros2_action__rosidl_typesupport_cpp.so
Listing '/home/ziad/Ziad_WS/ROS2/work_space/install/ros2_action/local/lib/python3.10/dist-packages/ros2_action'...
Listing '/home/ziad/Ziad_WS/ROS2/work_space/install/ros2_action/local/lib/python3.10/dist-packages/ros2_action/action'...
Listing '/home/ziad/Ziad_WS/ROS2/work_space/install/ros2_action/local/lib/python3.10/dist-packages/ros2_action/srv'...
-- Up-to-date: /home/ziad/Ziad_WS/ROS2/work_space/install/ros2_action/lib/libros2_action__rosidl_generator_py.so
-- Up-to-date: /home/ziad/Ziad_WS/ROS2/work_space/install/ros2_action/share/ros2_action/cmake/export_ros2_action__rosidl_generator_cExport.cmake
-- Up-to-date: /home/ziad/Ziad_WS/ROS2/work_space/install/ros2_action/share/ros2_action/cmake/export_ros2_action__rosidl_generator_cExport-noconfig.cmake
-- Up-to-date: /home/ziad/Ziad_WS/ROS2/work_space/install/ros2_action/share/ros2_action/cmake/export_ros2_action__rosidl_typesupport_fastrtps_cExport.cmake
-- Up-to-date: /home/ziad/Ziad_WS/ROS2/work_space/install/ros2_action/share/ros2_action/cmake/export_ros2_action__rosidl_typesupport_fastrtps_cExport-noconfig.cmake
-- Up-to-date: /home/ziad/Ziad_WS/ROS2/work_space/install/ros2_action/share/ros2_action/cmake/export_ros2_action__rosidl_generator_cppExport.cmake
-- Up-to-date: /home/ziad/Ziad_WS/ROS2/work_space/install/ros2_action/share/ros2_action/cmake/export_ros2_action__rosidl_typesupport_fastrtps_cppExport.cmake
-- Up-to-date: /home/ziad/Ziad_WS/ROS2/work_space/install/ros2_action/share/ros2_action/cmake/export_ros2_action__rosidl_typesupport_fastrtps_cppExport-noconfig.cmake
-- Up-to-date: /home/ziad/Ziad_WS/ROS2/work_space/install/ros2_action/share/ros2_action/cmake/ros2_action__rosidl_typesupport_introspection_cExport.cmake
-- Up-to-date: /home/ziad/Ziad_WS/ROS2/work_space/install/ros2_action/share/ros2_action/cmake/ros2_action__rosidl_typesupport_introspection_cExport-noconfig.cmake
-- Up-to-date: /home/ziad/Ziad_WS/ROS2/work_space/install/ros2_action/share/ros2_action/cmake/ros2_action__rosidl_typesupport_cExport.cmake
-- Up-to-date: /home/ziad/Ziad_WS/ROS2/work_space/install/ros2_action/share/ros2_action/cmake/ros2_action__rosidl_typesupport_cExport-noconfig.cmake
-- Up-to-date: /home/ziad/Ziad_WS/ROS2/work_space/install/ros2_action/share/ros2_action/cmake/ros2_action__rosidl_typesupport_introspection_cppExport.cmake
-- Up-to-date: /home/ziad/Ziad_WS/ROS2/work_space/install/ros2_action/share/ros2_action/cmake/ros2_action__rosidl_typesupport_introspection_cppExport-noconfig.cmake
-- Up-to-date: /home/ziad/Ziad_WS/ROS2/work_space/install/ros2_action/share/ros2_action/cmake/ros2_action__rosidl_typesupport_cppExport.cmake
-- Up-to-date: /home/ziad/Ziad_WS/ROS2/work_space/install/ros2_action/share/ros2_action/cmake/ros2_action__rosidl_typesupport_cppExport-noconfig.cmake
-- Up-to-date: /home/ziad/Ziad_WS/ROS2/work_space/install/ros2_action/share/ros2_action/cmake/export_ros2_action__rosidl_generator_pyExport.cmake
-- Up-to-date: /home/ziad/Ziad_WS/ROS2/work_space/install/ros2_action/share/ros2_action/cmake/export_ros2_action__rosidl_generator_pyExport-noconfig.cmake
