[0.034s] Invoking command in '/home/ziad/Ziad_WS/ROS2/work_space/build/ros2_action': CMAKE_PREFIX_PATH=${CMAKE_PREFIX_PATH}:/home/ziad/turtlebot3_ws/install/turtlebot3_teleop:/home/ziad/turtlebot3_ws/install/turtlebot3_example:/opt/ros/humble /usr/bin/cmake --build /home/ziad/Ziad_WS/ROS2/work_space/build/ros2_action -- -j4 -l4
[0.223s] [35m[1mConsolidate compiler generated dependencies of target ros2_action__rosidl_generator_c[0m
[0.247s] [  2%] Built target ros2_action__cpp
[0.284s] [ 10%] Built target ros2_action__rosidl_generator_c
[0.302s] [ 10%] Built target ament_cmake_python_symlink_ros2_action
[0.302s] [35m[1mConsolidate compiler generated dependencies of target ros2_action__rosidl_typesupport_cpp[0m
[0.332s] [35m[1mConsolidate compiler generated dependencies of target ros2_action__rosidl_typesupport_fastrtps_cpp[0m
[0.351s] [35m[1mConsolidate compiler generated dependencies of target ros2_action__rosidl_typesupport_introspection_cpp[0m
[0.351s] [35m[1mConsolidate compiler generated dependencies of target ros2_action__rosidl_typesupport_fastrtps_c[0m
[0.361s] [ 19%] Built target ros2_action__rosidl_typesupport_cpp
[0.380s] [ 27%] Built target ros2_action__rosidl_typesupport_fastrtps_cpp
[0.383s] [ 36%] Built target ros2_action__rosidl_typesupport_fastrtps_c
[0.391s] [ 44%] Built target ros2_action__rosidl_typesupport_introspection_cpp
[0.404s] [35m[1mConsolidate compiler generated dependencies of target ros2_action__rosidl_typesupport_introspection_c[0m
[0.417s] [35m[1mConsolidate compiler generated dependencies of target ros2_action__rosidl_typesupport_c[0m
[0.429s] [35m[1mConsolidate compiler generated dependencies of target add_two_ints_server[0m
[0.447s] [ 53%] Built target ros2_action__rosidl_typesupport_introspection_c
[0.455s] [ 61%] Built target ros2_action__rosidl_typesupport_c
[0.469s] [ 65%] Built target add_two_ints_server
[0.493s] [35m[1mConsolidate compiler generated dependencies of target add_two_ints_client[0m
[0.513s] [35m[1mConsolidate compiler generated dependencies of target countdown_client[0m
[0.516s] [35m[1mConsolidate compiler generated dependencies of target countdown_server[0m
[0.562s] [ 70%] Built target add_two_ints_client
[0.592s] [ 74%] Built target countdown_server
[0.598s] [ 78%] Built target countdown_client
[0.641s] [ 78%] Built target ros2_action
[0.682s] [ 80%] Built target ros2_action__py
[0.706s] [35m[1mConsolidate compiler generated dependencies of target ros2_action__rosidl_generator_py[0m
[0.735s] [ 87%] Built target ros2_action__rosidl_generator_py
[0.762s] [35m[1mConsolidate compiler generated dependencies of target ros2_action__rosidl_typesupport_fastrtps_c__pyext[0m
[0.762s] [35m[1mConsolidate compiler generated dependencies of target ros2_action__rosidl_typesupport_introspection_c__pyext[0m
[0.763s] [35m[1mConsolidate compiler generated dependencies of target ros2_action__rosidl_typesupport_c__pyext[0m
[0.785s] [ 91%] Built target ros2_action__rosidl_typesupport_fastrtps_c__pyext
[0.787s] [ 95%] Built target ros2_action__rosidl_typesupport_introspection_c__pyext
[0.793s] [100%] Built target ros2_action__rosidl_typesupport_c__pyext
[1.296s] running egg_info
[1.340s] writing ros2_action.egg-info/PKG-INFO
[1.341s] writing dependency_links to ros2_action.egg-info/dependency_links.txt
[1.341s] writing top-level names to ros2_action.egg-info/top_level.txt
[1.443s] reading manifest file 'ros2_action.egg-info/SOURCES.txt'
[1.445s] writing manifest file 'ros2_action.egg-info/SOURCES.txt'
[1.554s] [100%] Built target ament_cmake_python_build_ros2_action_egg
[1.571s] Invoked command in '/home/ziad/Ziad_WS/ROS2/work_space/build/ros2_action' returned '0': CMAKE_PREFIX_PATH=${CMAKE_PREFIX_PATH}:/home/ziad/turtlebot3_ws/install/turtlebot3_teleop:/home/ziad/turtlebot3_ws/install/turtlebot3_example:/opt/ros/humble /usr/bin/cmake --build /home/ziad/Ziad_WS/ROS2/work_space/build/ros2_action -- -j4 -l4
[1.574s] Invoking command in '/home/ziad/Ziad_WS/ROS2/work_space/build/ros2_action': CMAKE_PREFIX_PATH=${CMAKE_PREFIX_PATH}:/home/ziad/turtlebot3_ws/install/turtlebot3_teleop:/home/ziad/turtlebot3_ws/install/turtlebot3_example:/opt/ros/humble /usr/bin/cmake --install /home/ziad/Ziad_WS/ROS2/work_space/build/ros2_action
[1.584s] -- Install configuration: ""
[1.586s] -- Execute custom install script
[1.586s] -- Up-to-date symlink: /home/ziad/Ziad_WS/ROS2/work_space/install/ros2_action/share/ament_index/resource_index/rosidl_interfaces/ros2_action
[1.587s] -- Up-to-date symlink: /home/ziad/Ziad_WS/ROS2/work_space/install/ros2_action/include/ros2_action/ros2_action/action/countdown.h
[1.587s] -- Up-to-date symlink: /home/ziad/Ziad_WS/ROS2/work_space/install/ros2_action/include/ros2_action/ros2_action/action/detail/countdown__functions.h
[1.588s] -- Up-to-date symlink: /home/ziad/Ziad_WS/ROS2/work_space/install/ros2_action/include/ros2_action/ros2_action/action/detail/countdown__struct.h
[1.588s] -- Up-to-date symlink: /home/ziad/Ziad_WS/ROS2/work_space/install/ros2_action/include/ros2_action/ros2_action/action/detail/countdown__type_support.h
[1.588s] -- Up-to-date symlink: /home/ziad/Ziad_WS/ROS2/work_space/install/ros2_action/include/ros2_action/ros2_action/msg/rosidl_generator_c__visibility_control.h
[1.589s] -- Up-to-date symlink: /home/ziad/Ziad_WS/ROS2/work_space/install/ros2_action/include/ros2_action/ros2_action/srv/add_two_ints.h
[1.589s] -- Up-to-date symlink: /home/ziad/Ziad_WS/ROS2/work_space/install/ros2_action/include/ros2_action/ros2_action/srv/detail/add_two_ints__functions.h
[1.589s] -- Up-to-date symlink: /home/ziad/Ziad_WS/ROS2/work_space/install/ros2_action/include/ros2_action/ros2_action/srv/detail/add_two_ints__struct.h
[1.589s] -- Up-to-date symlink: /home/ziad/Ziad_WS/ROS2/work_space/install/ros2_action/include/ros2_action/ros2_action/srv/detail/add_two_ints__type_support.h
[1.590s] -- Up-to-date symlink: /home/ziad/Ziad_WS/ROS2/work_space/install/ros2_action/share/ros2_action/environment/library_path.sh
[1.590s] -- Up-to-date symlink: /home/ziad/Ziad_WS/ROS2/work_space/install/ros2_action/share/ros2_action/environment/library_path.dsv
[1.591s] -- Up-to-date symlink: /home/ziad/Ziad_WS/ROS2/work_space/install/ros2_action/include/ros2_action/ros2_action/action/detail/countdown__rosidl_typesupport_fastrtps_c.h
[1.591s] -- Up-to-date symlink: /home/ziad/Ziad_WS/ROS2/work_space/install/ros2_action/include/ros2_action/ros2_action/msg/rosidl_typesupport_fastrtps_c__visibility_control.h
[1.592s] -- Up-to-date symlink: /home/ziad/Ziad_WS/ROS2/work_space/install/ros2_action/include/ros2_action/ros2_action/srv/detail/add_two_ints__rosidl_typesupport_fastrtps_c.h
[1.592s] -- Up-to-date symlink: /home/ziad/Ziad_WS/ROS2/work_space/install/ros2_action/include/ros2_action/ros2_action/action/countdown.hpp
[1.593s] -- Up-to-date symlink: /home/ziad/Ziad_WS/ROS2/work_space/install/ros2_action/include/ros2_action/ros2_action/action/detail/countdown__builder.hpp
[1.593s] -- Up-to-date symlink: /home/ziad/Ziad_WS/ROS2/work_space/install/ros2_action/include/ros2_action/ros2_action/action/detail/countdown__struct.hpp
[1.593s] -- Up-to-date symlink: /home/ziad/Ziad_WS/ROS2/work_space/install/ros2_action/include/ros2_action/ros2_action/action/detail/countdown__traits.hpp
[1.594s] -- Up-to-date symlink: /home/ziad/Ziad_WS/ROS2/work_space/install/ros2_action/include/ros2_action/ros2_action/action/detail/countdown__type_support.hpp
[1.594s] -- Up-to-date symlink: /home/ziad/Ziad_WS/ROS2/work_space/install/ros2_action/include/ros2_action/ros2_action/msg/rosidl_generator_cpp__visibility_control.hpp
[1.594s] -- Up-to-date symlink: /home/ziad/Ziad_WS/ROS2/work_space/install/ros2_action/include/ros2_action/ros2_action/srv/add_two_ints.hpp
[1.595s] -- Up-to-date symlink: /home/ziad/Ziad_WS/ROS2/work_space/install/ros2_action/include/ros2_action/ros2_action/srv/detail/add_two_ints__builder.hpp
[1.595s] -- Up-to-date symlink: /home/ziad/Ziad_WS/ROS2/work_space/install/ros2_action/include/ros2_action/ros2_action/srv/detail/add_two_ints__struct.hpp
[1.595s] -- Up-to-date symlink: /home/ziad/Ziad_WS/ROS2/work_space/install/ros2_action/include/ros2_action/ros2_action/srv/detail/add_two_ints__traits.hpp
[1.596s] -- Up-to-date symlink: /home/ziad/Ziad_WS/ROS2/work_space/install/ros2_action/include/ros2_action/ros2_action/srv/detail/add_two_ints__type_support.hpp
[1.596s] -- Up-to-date symlink: /home/ziad/Ziad_WS/ROS2/work_space/install/ros2_action/include/ros2_action/ros2_action/action/detail/countdown__rosidl_typesupport_fastrtps_cpp.hpp
[1.597s] -- Up-to-date symlink: /home/ziad/Ziad_WS/ROS2/work_space/install/ros2_action/include/ros2_action/ros2_action/msg/rosidl_typesupport_fastrtps_cpp__visibility_control.h
[1.597s] -- Up-to-date symlink: /home/ziad/Ziad_WS/ROS2/work_space/install/ros2_action/include/ros2_action/ros2_action/srv/detail/add_two_ints__rosidl_typesupport_fastrtps_cpp.hpp
[1.598s] -- Up-to-date symlink: /home/ziad/Ziad_WS/ROS2/work_space/install/ros2_action/include/ros2_action/ros2_action/action/detail/countdown__rosidl_typesupport_introspection_c.h
[1.598s] -- Up-to-date symlink: /home/ziad/Ziad_WS/ROS2/work_space/install/ros2_action/include/ros2_action/ros2_action/msg/rosidl_typesupport_introspection_c__visibility_control.h
[1.598s] -- Up-to-date symlink: /home/ziad/Ziad_WS/ROS2/work_space/install/ros2_action/include/ros2_action/ros2_action/srv/detail/add_two_ints__rosidl_typesupport_introspection_c.h
[1.599s] -- Up-to-date symlink: /home/ziad/Ziad_WS/ROS2/work_space/install/ros2_action/include/ros2_action/ros2_action/action/detail/countdown__rosidl_typesupport_introspection_cpp.hpp
[1.599s] -- Up-to-date symlink: /home/ziad/Ziad_WS/ROS2/work_space/install/ros2_action/include/ros2_action/ros2_action/srv/detail/add_two_ints__rosidl_typesupport_introspection_cpp.hpp
[1.600s] -- Up-to-date symlink: /home/ziad/Ziad_WS/ROS2/work_space/install/ros2_action/share/ros2_action/environment/pythonpath.sh
[1.600s] -- Up-to-date symlink: /home/ziad/Ziad_WS/ROS2/work_space/install/ros2_action/share/ros2_action/environment/pythonpath.dsv
[1.601s] -- Up-to-date symlink: /home/ziad/Ziad_WS/ROS2/work_space/install/ros2_action/local/lib/python3.10/dist-packages/ros2_action-0.0.0-py3.10.egg-info/PKG-INFO
[1.601s] -- Up-to-date symlink: /home/ziad/Ziad_WS/ROS2/work_space/install/ros2_action/local/lib/python3.10/dist-packages/ros2_action-0.0.0-py3.10.egg-info/SOURCES.txt
[1.602s] -- Up-to-date symlink: /home/ziad/Ziad_WS/ROS2/work_space/install/ros2_action/local/lib/python3.10/dist-packages/ros2_action-0.0.0-py3.10.egg-info/dependency_links.txt
[1.602s] -- Up-to-date symlink: /home/ziad/Ziad_WS/ROS2/work_space/install/ros2_action/local/lib/python3.10/dist-packages/ros2_action-0.0.0-py3.10.egg-info/top_level.txt
[1.603s] -- Up-to-date symlink: /home/ziad/Ziad_WS/ROS2/work_space/install/ros2_action/local/lib/python3.10/dist-packages/ros2_action/__init__.py
[1.603s] -- Up-to-date symlink: /home/ziad/Ziad_WS/ROS2/work_space/install/ros2_action/local/lib/python3.10/dist-packages/ros2_action/_ros2_action_s.ep.rosidl_typesupport_c.c
[1.603s] -- Up-to-date symlink: /home/ziad/Ziad_WS/ROS2/work_space/install/ros2_action/local/lib/python3.10/dist-packages/ros2_action/_ros2_action_s.ep.rosidl_typesupport_fastrtps_c.c
[1.604s] -- Up-to-date symlink: /home/ziad/Ziad_WS/ROS2/work_space/install/ros2_action/local/lib/python3.10/dist-packages/ros2_action/_ros2_action_s.ep.rosidl_typesupport_introspection_c.c
[1.604s] -- Up-to-date symlink: /home/ziad/Ziad_WS/ROS2/work_space/install/ros2_action/local/lib/python3.10/dist-packages/ros2_action/action/__init__.py
[1.604s] -- Up-to-date symlink: /home/ziad/Ziad_WS/ROS2/work_space/install/ros2_action/local/lib/python3.10/dist-packages/ros2_action/action/_countdown.py
[1.604s] -- Up-to-date symlink: /home/ziad/Ziad_WS/ROS2/work_space/install/ros2_action/local/lib/python3.10/dist-packages/ros2_action/action/_countdown_s.c
[1.605s] -- Up-to-date symlink: /home/ziad/Ziad_WS/ROS2/work_space/install/ros2_action/local/lib/python3.10/dist-packages/ros2_action/libros2_action__rosidl_generator_py.so
[1.605s] -- Up-to-date symlink: /home/ziad/Ziad_WS/ROS2/work_space/install/ros2_action/local/lib/python3.10/dist-packages/ros2_action/ros2_action_s__rosidl_typesupport_c.cpython-310-x86_64-linux-gnu.so
[1.605s] -- Up-to-date symlink: /home/ziad/Ziad_WS/ROS2/work_space/install/ros2_action/local/lib/python3.10/dist-packages/ros2_action/ros2_action_s__rosidl_typesupport_fastrtps_c.cpython-310-x86_64-linux-gnu.so
[1.606s] -- Up-to-date symlink: /home/ziad/Ziad_WS/ROS2/work_space/install/ros2_action/local/lib/python3.10/dist-packages/ros2_action/ros2_action_s__rosidl_typesupport_introspection_c.cpython-310-x86_64-linux-gnu.so
[1.606s] -- Up-to-date symlink: /home/ziad/Ziad_WS/ROS2/work_space/install/ros2_action/local/lib/python3.10/dist-packages/ros2_action/srv/__init__.py
[1.606s] -- Up-to-date symlink: /home/ziad/Ziad_WS/ROS2/work_space/install/ros2_action/local/lib/python3.10/dist-packages/ros2_action/srv/_add_two_ints.py
[1.606s] -- Up-to-date symlink: /home/ziad/Ziad_WS/ROS2/work_space/install/ros2_action/local/lib/python3.10/dist-packages/ros2_action/srv/_add_two_ints_s.c
[1.607s] -- Up-to-date symlink: /home/ziad/Ziad_WS/ROS2/work_space/install/ros2_action/local/lib/python3.10/dist-packages/ros2_action/ros2_action_s__rosidl_typesupport_fastrtps_c.cpython-310-x86_64-linux-gnu.so
[1.608s] -- Up-to-date symlink: /home/ziad/Ziad_WS/ROS2/work_space/install/ros2_action/local/lib/python3.10/dist-packages/ros2_action/ros2_action_s__rosidl_typesupport_introspection_c.cpython-310-x86_64-linux-gnu.so
[1.608s] -- Up-to-date symlink: /home/ziad/Ziad_WS/ROS2/work_space/install/ros2_action/local/lib/python3.10/dist-packages/ros2_action/ros2_action_s__rosidl_typesupport_c.cpython-310-x86_64-linux-gnu.so
[1.609s] -- Up-to-date symlink: /home/ziad/Ziad_WS/ROS2/work_space/install/ros2_action/share/ros2_action/srv/AddTwoInts.idl
[1.610s] -- Up-to-date symlink: /home/ziad/Ziad_WS/ROS2/work_space/install/ros2_action/share/ros2_action/action/Countdown.idl
[1.610s] -- Up-to-date symlink: /home/ziad/Ziad_WS/ROS2/work_space/install/ros2_action/share/ros2_action/srv/AddTwoInts.srv
[1.611s] -- Up-to-date symlink: /home/ziad/Ziad_WS/ROS2/work_space/install/ros2_action/share/ros2_action/srv/AddTwoInts_Request.msg
[1.611s] -- Up-to-date symlink: /home/ziad/Ziad_WS/ROS2/work_space/install/ros2_action/share/ros2_action/srv/AddTwoInts_Response.msg
[1.611s] -- Up-to-date symlink: /home/ziad/Ziad_WS/ROS2/work_space/install/ros2_action/share/ros2_action/action/Countdown.action
[1.612s] -- Up-to-date symlink: /home/ziad/Ziad_WS/ROS2/work_space/install/ros2_action/lib/ros2_action/add_two_ints_server
[1.614s] -- Up-to-date symlink: /home/ziad/Ziad_WS/ROS2/work_space/install/ros2_action/lib/ros2_action/add_two_ints_client
[1.615s] -- Up-to-date symlink: /home/ziad/Ziad_WS/ROS2/work_space/install/ros2_action/lib/ros2_action/countdown_server
[1.615s] -- Up-to-date symlink: /home/ziad/Ziad_WS/ROS2/work_space/install/ros2_action/lib/ros2_action/countdown_client
[1.617s] -- Up-to-date symlink: /home/ziad/Ziad_WS/ROS2/work_space/install/ros2_action/share/ament_index/resource_index/package_run_dependencies/ros2_action
[1.618s] -- Up-to-date symlink: /home/ziad/Ziad_WS/ROS2/work_space/install/ros2_action/share/ament_index/resource_index/parent_prefix_path/ros2_action
[1.618s] -- Up-to-date symlink: /home/ziad/Ziad_WS/ROS2/work_space/install/ros2_action/share/ros2_action/environment/ament_prefix_path.sh
[1.619s] -- Up-to-date symlink: /home/ziad/Ziad_WS/ROS2/work_space/install/ros2_action/share/ros2_action/environment/ament_prefix_path.dsv
[1.619s] -- Up-to-date symlink: /home/ziad/Ziad_WS/ROS2/work_space/install/ros2_action/share/ros2_action/environment/path.sh
[1.620s] -- Up-to-date symlink: /home/ziad/Ziad_WS/ROS2/work_space/install/ros2_action/share/ros2_action/environment/path.dsv
[1.621s] -- Up-to-date symlink: /home/ziad/Ziad_WS/ROS2/work_space/install/ros2_action/share/ros2_action/local_setup.bash
[1.621s] -- Up-to-date symlink: /home/ziad/Ziad_WS/ROS2/work_space/install/ros2_action/share/ros2_action/local_setup.sh
[1.621s] -- Up-to-date symlink: /home/ziad/Ziad_WS/ROS2/work_space/install/ros2_action/share/ros2_action/local_setup.zsh
[1.622s] -- Up-to-date symlink: /home/ziad/Ziad_WS/ROS2/work_space/install/ros2_action/share/ros2_action/local_setup.dsv
[1.623s] -- Symlinking: /home/ziad/Ziad_WS/ROS2/work_space/install/ros2_action/share/ros2_action/package.dsv
[1.635s] -- Up-to-date symlink: /home/ziad/Ziad_WS/ROS2/work_space/install/ros2_action/share/ament_index/resource_index/packages/ros2_action
[1.635s] -- Up-to-date symlink: /home/ziad/Ziad_WS/ROS2/work_space/install/ros2_action/share/ros2_action/cmake/rosidl_cmake-extras.cmake
[1.636s] -- Up-to-date symlink: /home/ziad/Ziad_WS/ROS2/work_space/install/ros2_action/share/ros2_action/cmake/ament_cmake_export_dependencies-extras.cmake
[1.636s] -- Up-to-date symlink: /home/ziad/Ziad_WS/ROS2/work_space/install/ros2_action/share/ros2_action/cmake/ament_cmake_export_include_directories-extras.cmake
[1.636s] -- Up-to-date symlink: /home/ziad/Ziad_WS/ROS2/work_space/install/ros2_action/share/ros2_action/cmake/ament_cmake_export_libraries-extras.cmake
[1.636s] -- Up-to-date symlink: /home/ziad/Ziad_WS/ROS2/work_space/install/ros2_action/share/ros2_action/cmake/ament_cmake_export_targets-extras.cmake
[1.637s] -- Up-to-date symlink: /home/ziad/Ziad_WS/ROS2/work_space/install/ros2_action/share/ros2_action/cmake/rosidl_cmake_export_typesupport_targets-extras.cmake
[1.638s] -- Up-to-date symlink: /home/ziad/Ziad_WS/ROS2/work_space/install/ros2_action/share/ros2_action/cmake/rosidl_cmake_export_typesupport_libraries-extras.cmake
[1.638s] -- Up-to-date symlink: /home/ziad/Ziad_WS/ROS2/work_space/install/ros2_action/share/ros2_action/cmake/ros2_actionConfig.cmake
[1.638s] -- Up-to-date symlink: /home/ziad/Ziad_WS/ROS2/work_space/install/ros2_action/share/ros2_action/cmake/ros2_actionConfig-version.cmake
[1.639s] -- Up-to-date symlink: /home/ziad/Ziad_WS/ROS2/work_space/install/ros2_action/share/ros2_action/package.xml
[1.639s] -- Up-to-date: /home/ziad/Ziad_WS/ROS2/work_space/install/ros2_action/lib/libros2_action__rosidl_generator_c.so
[1.640s] -- Up-to-date: /home/ziad/Ziad_WS/ROS2/work_space/install/ros2_action/lib/libros2_action__rosidl_typesupport_fastrtps_c.so
[1.641s] -- Up-to-date: /home/ziad/Ziad_WS/ROS2/work_space/install/ros2_action/lib/libros2_action__rosidl_typesupport_fastrtps_cpp.so
[1.642s] -- Up-to-date: /home/ziad/Ziad_WS/ROS2/work_space/install/ros2_action/lib/libros2_action__rosidl_typesupport_introspection_c.so
[1.643s] -- Up-to-date: /home/ziad/Ziad_WS/ROS2/work_space/install/ros2_action/lib/libros2_action__rosidl_typesupport_c.so
[1.643s] -- Up-to-date: /home/ziad/Ziad_WS/ROS2/work_space/install/ros2_action/lib/libros2_action__rosidl_typesupport_introspection_cpp.so
[1.644s] -- Up-to-date: /home/ziad/Ziad_WS/ROS2/work_space/install/ros2_action/lib/libros2_action__rosidl_typesupport_cpp.so
[1.689s] Listing '/home/ziad/Ziad_WS/ROS2/work_space/install/ros2_action/local/lib/python3.10/dist-packages/ros2_action'...
[1.690s] Listing '/home/ziad/Ziad_WS/ROS2/work_space/install/ros2_action/local/lib/python3.10/dist-packages/ros2_action/action'...
[1.690s] Listing '/home/ziad/Ziad_WS/ROS2/work_space/install/ros2_action/local/lib/python3.10/dist-packages/ros2_action/srv'...
[1.696s] -- Up-to-date: /home/ziad/Ziad_WS/ROS2/work_space/install/ros2_action/lib/libros2_action__rosidl_generator_py.so
[1.697s] -- Up-to-date: /home/ziad/Ziad_WS/ROS2/work_space/install/ros2_action/share/ros2_action/cmake/export_ros2_action__rosidl_generator_cExport.cmake
[1.697s] -- Up-to-date: /home/ziad/Ziad_WS/ROS2/work_space/install/ros2_action/share/ros2_action/cmake/export_ros2_action__rosidl_generator_cExport-noconfig.cmake
[1.698s] -- Up-to-date: /home/ziad/Ziad_WS/ROS2/work_space/install/ros2_action/share/ros2_action/cmake/export_ros2_action__rosidl_typesupport_fastrtps_cExport.cmake
[1.698s] -- Up-to-date: /home/ziad/Ziad_WS/ROS2/work_space/install/ros2_action/share/ros2_action/cmake/export_ros2_action__rosidl_typesupport_fastrtps_cExport-noconfig.cmake
[1.698s] -- Up-to-date: /home/ziad/Ziad_WS/ROS2/work_space/install/ros2_action/share/ros2_action/cmake/export_ros2_action__rosidl_generator_cppExport.cmake
[1.699s] -- Up-to-date: /home/ziad/Ziad_WS/ROS2/work_space/install/ros2_action/share/ros2_action/cmake/export_ros2_action__rosidl_typesupport_fastrtps_cppExport.cmake
[1.699s] -- Up-to-date: /home/ziad/Ziad_WS/ROS2/work_space/install/ros2_action/share/ros2_action/cmake/export_ros2_action__rosidl_typesupport_fastrtps_cppExport-noconfig.cmake
[1.699s] -- Up-to-date: /home/ziad/Ziad_WS/ROS2/work_space/install/ros2_action/share/ros2_action/cmake/ros2_action__rosidl_typesupport_introspection_cExport.cmake
[1.699s] -- Up-to-date: /home/ziad/Ziad_WS/ROS2/work_space/install/ros2_action/share/ros2_action/cmake/ros2_action__rosidl_typesupport_introspection_cExport-noconfig.cmake
[1.700s] -- Up-to-date: /home/ziad/Ziad_WS/ROS2/work_space/install/ros2_action/share/ros2_action/cmake/ros2_action__rosidl_typesupport_cExport.cmake
[1.700s] -- Up-to-date: /home/ziad/Ziad_WS/ROS2/work_space/install/ros2_action/share/ros2_action/cmake/ros2_action__rosidl_typesupport_cExport-noconfig.cmake
[1.700s] -- Up-to-date: /home/ziad/Ziad_WS/ROS2/work_space/install/ros2_action/share/ros2_action/cmake/ros2_action__rosidl_typesupport_introspection_cppExport.cmake
[1.700s] -- Up-to-date: /home/ziad/Ziad_WS/ROS2/work_space/install/ros2_action/share/ros2_action/cmake/ros2_action__rosidl_typesupport_introspection_cppExport-noconfig.cmake
[1.701s] -- Up-to-date: /home/ziad/Ziad_WS/ROS2/work_space/install/ros2_action/share/ros2_action/cmake/ros2_action__rosidl_typesupport_cppExport.cmake
[1.701s] -- Up-to-date: /home/ziad/Ziad_WS/ROS2/work_space/install/ros2_action/share/ros2_action/cmake/ros2_action__rosidl_typesupport_cppExport-noconfig.cmake
[1.701s] -- Up-to-date: /home/ziad/Ziad_WS/ROS2/work_space/install/ros2_action/share/ros2_action/cmake/export_ros2_action__rosidl_generator_pyExport.cmake
[1.701s] -- Up-to-date: /home/ziad/Ziad_WS/ROS2/work_space/install/ros2_action/share/ros2_action/cmake/export_ros2_action__rosidl_generator_pyExport-noconfig.cmake
[1.704s] Invoked command in '/home/ziad/Ziad_WS/ROS2/work_space/build/ros2_action' returned '0': CMAKE_PREFIX_PATH=${CMAKE_PREFIX_PATH}:/home/ziad/turtlebot3_ws/install/turtlebot3_teleop:/home/ziad/turtlebot3_ws/install/turtlebot3_example:/opt/ros/humble /usr/bin/cmake --install /home/ziad/Ziad_WS/ROS2/work_space/build/ros2_action
