[0.013s] Invoking command in '/home/ziad/Ziad_WS/ROS2/work_space/src/ros2_urdf/build/ros2_urdf': CMAKE_PREFIX_PATH=${CMAKE_PREFIX_PATH}:/home/ziad/turtlebot3_ws/install/turtlebot3_teleop:/home/ziad/turtlebot3_ws/install/turtlebot3_example:/opt/ros/humble /usr/bin/cmake /home/ziad/Ziad_WS/ROS2/work_space/src/ros2_urdf -DCMAKE_INSTALL_PREFIX=/home/ziad/Ziad_WS/ROS2/work_space/src/ros2_urdf/install/ros2_urdf
[0.116s] -- The C compiler identification is GNU 11.4.0
[0.191s] -- The CXX compiler identification is GNU 11.4.0
[0.202s] -- Detecting C compiler ABI info
[0.287s] -- Detecting C compiler ABI info - done
[0.296s] -- Check for working C compiler: /usr/bin/cc - skipped
[0.296s] -- Detecting C compile features
[0.297s] -- Detecting C compile features - done
[0.301s] -- Detecting CXX compiler ABI info
[0.400s] -- Detecting CXX compiler ABI info - done
[0.413s] -- Check for working CXX compiler: /usr/bin/c++ - skipped
[0.413s] -- Detecting CXX compile features
[0.414s] -- Detecting CXX compile features - done
[0.424s] -- Found ament_cmake: 1.3.12 (/opt/ros/humble/share/ament_cmake/cmake)
[1.491s] -- Found Python3: /usr/bin/python3 (found version "3.10.12") found components: Interpreter 
[1.649s] -- Found ament_lint_auto: 0.12.14 (/opt/ros/humble/share/ament_lint_auto/cmake)
[1.801s] -- Added test 'cppcheck' to perform static code analysis on C / C++ code
[1.801s] -- Configured cppcheck include dirs: 
[1.802s] -- Configured cppcheck exclude dirs and/or files: 
[1.803s] -- Added test 'flake8' to check Python code syntax and style conventions
[1.806s] -- Added test 'lint_cmake' to check CMake code style
[1.808s] -- Added test 'pep257' to check Python code against some of the docstring style conventions in PEP 257
[1.814s] -- Added test 'uncrustify' to check C / C++ code style
[1.814s] -- Configured uncrustify additional arguments: 
[1.816s] -- Added test 'xmllint' to check XML markup files
[1.818s] -- Configuring done
[1.822s] -- Generating done
[1.824s] -- Build files have been written to: /home/ziad/Ziad_WS/ROS2/work_space/src/ros2_urdf/build/ros2_urdf
[1.830s] Invoked command in '/home/ziad/Ziad_WS/ROS2/work_space/src/ros2_urdf/build/ros2_urdf' returned '0': CMAKE_PREFIX_PATH=${CMAKE_PREFIX_PATH}:/home/ziad/turtlebot3_ws/install/turtlebot3_teleop:/home/ziad/turtlebot3_ws/install/turtlebot3_example:/opt/ros/humble /usr/bin/cmake /home/ziad/Ziad_WS/ROS2/work_space/src/ros2_urdf -DCMAKE_INSTALL_PREFIX=/home/ziad/Ziad_WS/ROS2/work_space/src/ros2_urdf/install/ros2_urdf
[1.834s] Invoking command in '/home/ziad/Ziad_WS/ROS2/work_space/src/ros2_urdf/build/ros2_urdf': CMAKE_PREFIX_PATH=${CMAKE_PREFIX_PATH}:/home/ziad/turtlebot3_ws/install/turtlebot3_teleop:/home/ziad/turtlebot3_ws/install/turtlebot3_example:/opt/ros/humble /usr/bin/cmake --build /home/ziad/Ziad_WS/ROS2/work_space/src/ros2_urdf/build/ros2_urdf -- -j4 -l4
[1.881s] Invoked command in '/home/ziad/Ziad_WS/ROS2/work_space/src/ros2_urdf/build/ros2_urdf' returned '0': CMAKE_PREFIX_PATH=${CMAKE_PREFIX_PATH}:/home/ziad/turtlebot3_ws/install/turtlebot3_teleop:/home/ziad/turtlebot3_ws/install/turtlebot3_example:/opt/ros/humble /usr/bin/cmake --build /home/ziad/Ziad_WS/ROS2/work_space/src/ros2_urdf/build/ros2_urdf -- -j4 -l4
[1.894s] Invoking command in '/home/ziad/Ziad_WS/ROS2/work_space/src/ros2_urdf/build/ros2_urdf': CMAKE_PREFIX_PATH=${CMAKE_PREFIX_PATH}:/home/ziad/turtlebot3_ws/install/turtlebot3_teleop:/home/ziad/turtlebot3_ws/install/turtlebot3_example:/opt/ros/humble /usr/bin/cmake --install /home/ziad/Ziad_WS/ROS2/work_space/src/ros2_urdf/build/ros2_urdf
[1.903s] -- Install configuration: ""
[1.903s] -- Installing: /home/ziad/Ziad_WS/ROS2/work_space/src/ros2_urdf/install/ros2_urdf/share/ros2_urdf/urdf
[1.903s] -- Installing: /home/ziad/Ziad_WS/ROS2/work_space/src/ros2_urdf/install/ros2_urdf/share/ros2_urdf/urdf/simple_robot.urdf
[1.904s] -- Installing: /home/ziad/Ziad_WS/ROS2/work_space/src/ros2_urdf/install/ros2_urdf/share/ros2_urdf/urdf/three_wheel_robot.urdf
[1.904s] -- Installing: /home/ziad/Ziad_WS/ROS2/work_space/src/ros2_urdf/install/ros2_urdf/share/ros2_urdf/launch
[1.904s] -- Installing: /home/ziad/Ziad_WS/ROS2/work_space/src/ros2_urdf/install/ros2_urdf/share/ros2_urdf/launch/display_rviz2.launch.py
[1.905s] -- Installing: /home/ziad/Ziad_WS/ROS2/work_space/src/ros2_urdf/install/ros2_urdf/share/ament_index/resource_index/package_run_dependencies/ros2_urdf
[1.905s] -- Installing: /home/ziad/Ziad_WS/ROS2/work_space/src/ros2_urdf/install/ros2_urdf/share/ament_index/resource_index/parent_prefix_path/ros2_urdf
[1.905s] -- Installing: /home/ziad/Ziad_WS/ROS2/work_space/src/ros2_urdf/install/ros2_urdf/share/ros2_urdf/environment/ament_prefix_path.sh
[1.905s] -- Installing: /home/ziad/Ziad_WS/ROS2/work_space/src/ros2_urdf/install/ros2_urdf/share/ros2_urdf/environment/ament_prefix_path.dsv
[1.906s] -- Installing: /home/ziad/Ziad_WS/ROS2/work_space/src/ros2_urdf/install/ros2_urdf/share/ros2_urdf/environment/path.sh
[1.906s] -- Installing: /home/ziad/Ziad_WS/ROS2/work_space/src/ros2_urdf/install/ros2_urdf/share/ros2_urdf/environment/path.dsv
[1.906s] -- Installing: /home/ziad/Ziad_WS/ROS2/work_space/src/ros2_urdf/install/ros2_urdf/share/ros2_urdf/local_setup.bash
[1.906s] -- Installing: /home/ziad/Ziad_WS/ROS2/work_space/src/ros2_urdf/install/ros2_urdf/share/ros2_urdf/local_setup.sh
[1.907s] -- Installing: /home/ziad/Ziad_WS/ROS2/work_space/src/ros2_urdf/install/ros2_urdf/share/ros2_urdf/local_setup.zsh
[1.907s] -- Installing: /home/ziad/Ziad_WS/ROS2/work_space/src/ros2_urdf/install/ros2_urdf/share/ros2_urdf/local_setup.dsv
[1.907s] -- Installing: /home/ziad/Ziad_WS/ROS2/work_space/src/ros2_urdf/install/ros2_urdf/share/ros2_urdf/package.dsv
[1.907s] -- Installing: /home/ziad/Ziad_WS/ROS2/work_space/src/ros2_urdf/install/ros2_urdf/share/ament_index/resource_index/packages/ros2_urdf
[1.907s] -- Installing: /home/ziad/Ziad_WS/ROS2/work_space/src/ros2_urdf/install/ros2_urdf/share/ros2_urdf/cmake/ros2_urdfConfig.cmake
[1.907s] -- Installing: /home/ziad/Ziad_WS/ROS2/work_space/src/ros2_urdf/install/ros2_urdf/share/ros2_urdf/cmake/ros2_urdfConfig-version.cmake
[1.907s] -- Installing: /home/ziad/Ziad_WS/ROS2/work_space/src/ros2_urdf/install/ros2_urdf/share/ros2_urdf/package.xml
[1.910s] Invoked command in '/home/ziad/Ziad_WS/ROS2/work_space/src/ros2_urdf/build/ros2_urdf' returned '0': CMAKE_PREFIX_PATH=${CMAKE_PREFIX_PATH}:/home/ziad/turtlebot3_ws/install/turtlebot3_teleop:/home/ziad/turtlebot3_ws/install/turtlebot3_example:/opt/ros/humble /usr/bin/cmake --install /home/ziad/Ziad_WS/ROS2/work_space/src/ros2_urdf/build/ros2_urdf
