[0.031s] Invoking command in '/home/ziad/Ziad_WS/ROS2/work_space/build/ros2_urdf': CMAKE_PREFIX_PATH=${CMAKE_PREFIX_PATH}:/opt/ros/humble /usr/bin/cmake /home/ziad/Ziad_WS/ROS2/work_space/src/ros2_urdf -DCMAKE_INSTALL_PREFIX=/home/ziad/Ziad_WS/ROS2/work_space/install/ros2_urdf
[0.183s] -- The C compiler identification is GNU 11.4.0
[0.307s] -- The CXX compiler identification is GNU 11.4.0
[0.325s] -- Detecting C compiler ABI info
[0.464s] -- Detecting C compiler ABI info - done
[0.481s] -- Check for working C compiler: /usr/bin/cc - skipped
[0.482s] -- Detecting C compile features
[0.482s] -- Detecting C compile features - done
[0.487s] -- Detecting CXX compiler ABI info
[0.655s] -- Detecting CXX compiler ABI info - done
[0.673s] -- Check for working CXX compiler: /usr/bin/c++ - skipped
[0.674s] -- Detecting CXX compile features
[0.675s] -- Detecting CXX compile features - done
[0.683s] -- Found ament_cmake: 1.3.12 (/opt/ros/humble/share/ament_cmake/cmake)
[2.843s] -- Found Python3: /usr/bin/python3 (found version "3.10.12") found components: Interpreter 
[3.038s] -- Found ament_lint_auto: 0.12.14 (/opt/ros/humble/share/ament_lint_auto/cmake)
[3.301s] -- Added test 'cppcheck' to perform static code analysis on C / C++ code
[3.301s] -- Configured cppcheck include dirs: 
[3.301s] -- Configured cppcheck exclude dirs and/or files: 
[3.305s] -- Added test 'flake8' to check Python code syntax and style conventions
[3.312s] -- Added test 'lint_cmake' to check CMake code style
[3.315s] -- Added test 'pep257' to check Python code against some of the docstring style conventions in PEP 257
[3.339s] -- Added test 'uncrustify' to check C / C++ code style
[3.340s] -- Configured uncrustify additional arguments: 
[3.347s] -- Added test 'xmllint' to check XML markup files
[3.359s] -- Configuring done
[3.371s] -- Generating done
[3.377s] -- Build files have been written to: /home/ziad/Ziad_WS/ROS2/work_space/build/ros2_urdf
[3.391s] Invoked command in '/home/ziad/Ziad_WS/ROS2/work_space/build/ros2_urdf' returned '0': CMAKE_PREFIX_PATH=${CMAKE_PREFIX_PATH}:/opt/ros/humble /usr/bin/cmake /home/ziad/Ziad_WS/ROS2/work_space/src/ros2_urdf -DCMAKE_INSTALL_PREFIX=/home/ziad/Ziad_WS/ROS2/work_space/install/ros2_urdf
[3.392s] Invoking command in '/home/ziad/Ziad_WS/ROS2/work_space/build/ros2_urdf': CMAKE_PREFIX_PATH=${CMAKE_PREFIX_PATH}:/opt/ros/humble /usr/bin/cmake --build /home/ziad/Ziad_WS/ROS2/work_space/build/ros2_urdf -- -j4 -l4
[3.467s] Invoked command in '/home/ziad/Ziad_WS/ROS2/work_space/build/ros2_urdf' returned '0': CMAKE_PREFIX_PATH=${CMAKE_PREFIX_PATH}:/opt/ros/humble /usr/bin/cmake --build /home/ziad/Ziad_WS/ROS2/work_space/build/ros2_urdf -- -j4 -l4
[3.484s] Invoking command in '/home/ziad/Ziad_WS/ROS2/work_space/build/ros2_urdf': CMAKE_PREFIX_PATH=${CMAKE_PREFIX_PATH}:/opt/ros/humble /usr/bin/cmake --install /home/ziad/Ziad_WS/ROS2/work_space/build/ros2_urdf
[3.501s] -- Install configuration: ""
[3.501s] -- Installing: /home/ziad/Ziad_WS/ROS2/work_space/install/ros2_urdf/share/ros2_urdf/urdf
[3.501s] -- Installing: /home/ziad/Ziad_WS/ROS2/work_space/install/ros2_urdf/share/ros2_urdf/urdf/simple_robot.urdf
[3.502s] -- Installing: /home/ziad/Ziad_WS/ROS2/work_space/install/ros2_urdf/share/ros2_urdf/urdf/three_wheel_robot.urdf
[3.502s] -- Installing: /home/ziad/Ziad_WS/ROS2/work_space/install/ros2_urdf/share/ros2_urdf/launch
[3.503s] -- Installing: /home/ziad/Ziad_WS/ROS2/work_space/install/ros2_urdf/share/ros2_urdf/launch/display_simple_robot_rviz2.launch.py
[3.503s] -- Installing: /home/ziad/Ziad_WS/ROS2/work_space/install/ros2_urdf/share/ros2_urdf/launch/display_three_wheel_robot_rviz2.launch.py
[3.504s] -- Installing: /home/ziad/Ziad_WS/ROS2/work_space/install/ros2_urdf/share/ament_index/resource_index/package_run_dependencies/ros2_urdf
[3.504s] -- Installing: /home/ziad/Ziad_WS/ROS2/work_space/install/ros2_urdf/share/ament_index/resource_index/parent_prefix_path/ros2_urdf
[3.505s] -- Installing: /home/ziad/Ziad_WS/ROS2/work_space/install/ros2_urdf/share/ros2_urdf/environment/ament_prefix_path.sh
[3.506s] -- Installing: /home/ziad/Ziad_WS/ROS2/work_space/install/ros2_urdf/share/ros2_urdf/environment/ament_prefix_path.dsv
[3.506s] -- Installing: /home/ziad/Ziad_WS/ROS2/work_space/install/ros2_urdf/share/ros2_urdf/environment/path.sh
[3.507s] -- Installing: /home/ziad/Ziad_WS/ROS2/work_space/install/ros2_urdf/share/ros2_urdf/environment/path.dsv
[3.507s] -- Installing: /home/ziad/Ziad_WS/ROS2/work_space/install/ros2_urdf/share/ros2_urdf/local_setup.bash
[3.508s] -- Installing: /home/ziad/Ziad_WS/ROS2/work_space/install/ros2_urdf/share/ros2_urdf/local_setup.sh
[3.508s] -- Installing: /home/ziad/Ziad_WS/ROS2/work_space/install/ros2_urdf/share/ros2_urdf/local_setup.zsh
[3.509s] -- Installing: /home/ziad/Ziad_WS/ROS2/work_space/install/ros2_urdf/share/ros2_urdf/local_setup.dsv
[3.509s] -- Installing: /home/ziad/Ziad_WS/ROS2/work_space/install/ros2_urdf/share/ros2_urdf/package.dsv
[3.510s] -- Installing: /home/ziad/Ziad_WS/ROS2/work_space/install/ros2_urdf/share/ament_index/resource_index/packages/ros2_urdf
[3.510s] -- Installing: /home/ziad/Ziad_WS/ROS2/work_space/install/ros2_urdf/share/ros2_urdf/cmake/ros2_urdfConfig.cmake
[3.511s] -- Installing: /home/ziad/Ziad_WS/ROS2/work_space/install/ros2_urdf/share/ros2_urdf/cmake/ros2_urdfConfig-version.cmake
[3.512s] -- Installing: /home/ziad/Ziad_WS/ROS2/work_space/install/ros2_urdf/share/ros2_urdf/package.xml
[3.515s] Invoked command in '/home/ziad/Ziad_WS/ROS2/work_space/build/ros2_urdf' returned '0': CMAKE_PREFIX_PATH=${CMAKE_PREFIX_PATH}:/opt/ros/humble /usr/bin/cmake --install /home/ziad/Ziad_WS/ROS2/work_space/build/ros2_urdf
