[0.032s] Invoking command in '/home/ziad/Ziad_WS/ROS2/work_space/build/custom_robot': CMAKE_PREFIX_PATH=${CMAKE_PREFIX_PATH}:/opt/ros/humble /usr/bin/cmake --build /home/ziad/Ziad_WS/ROS2/work_space/build/custom_robot -- -j4 -l4
[0.157s] [ 50%] Built target cmd_vel_publisher
[0.158s] [100%] Built target teleop_keyboard
[0.192s] Invoked command in '/home/ziad/Ziad_WS/ROS2/work_space/build/custom_robot' returned '0': CMAKE_PREFIX_PATH=${CMAKE_PREFIX_PATH}:/opt/ros/humble /usr/bin/cmake --build /home/ziad/Ziad_WS/ROS2/work_space/build/custom_robot -- -j4 -l4
[0.198s] Invoking command in '/home/ziad/Ziad_WS/ROS2/work_space/build/custom_robot': CMAKE_PREFIX_PATH=${CMAKE_PREFIX_PATH}:/opt/ros/humble /usr/bin/cmake --install /home/ziad/Ziad_WS/ROS2/work_space/build/custom_robot
[0.215s] -- Install configuration: ""
[0.216s] -- Up-to-date: /home/ziad/Ziad_WS/ROS2/work_space/install/custom_robot/lib/custom_robot/cmd_vel_publisher
[0.217s] -- Up-to-date: /home/ziad/Ziad_WS/ROS2/work_space/install/custom_robot/lib/custom_robot/teleop_keyboard
[0.217s] -- Up-to-date: /home/ziad/Ziad_WS/ROS2/work_space/install/custom_robot/share/custom_robot/urdf
[0.217s] -- Installing: /home/ziad/Ziad_WS/ROS2/work_space/install/custom_robot/share/custom_robot/urdf/customm_robot.xacro.urdf
[0.219s] -- Up-to-date: /home/ziad/Ziad_WS/ROS2/work_space/install/custom_robot/share/custom_robot/launch
[0.219s] -- Up-to-date: /home/ziad/Ziad_WS/ROS2/work_space/install/custom_robot/share/custom_robot/launch/gazebo_world.launch.py
[0.220s] -- Installing: /home/ziad/Ziad_WS/ROS2/work_space/install/custom_robot/share/custom_robot/launch/gazebo.launch.py
[0.220s] -- Up-to-date: /home/ziad/Ziad_WS/ROS2/work_space/install/custom_robot/share/custom_robot/launch/display_rviz2.launch.py
[0.220s] -- Up-to-date: /home/ziad/Ziad_WS/ROS2/work_space/install/custom_robot/share/custom_robot/worlds
[0.220s] -- Up-to-date: /home/ziad/Ziad_WS/ROS2/work_space/install/custom_robot/share/custom_robot/worlds/hospital.world
[0.220s] -- Up-to-date: /home/ziad/Ziad_WS/ROS2/work_space/install/custom_robot/share/custom_robot/models
[0.220s] -- Up-to-date: /home/ziad/Ziad_WS/ROS2/work_space/install/custom_robot/share/custom_robot/models/aws_robomaker_residential_SofaB_01
[0.220s] -- Up-to-date: /home/ziad/Ziad_WS/ROS2/work_space/install/custom_robot/share/custom_robot/models/aws_robomaker_residential_SofaB_01/meshes
[0.220s] -- Up-to-date: /home/ziad/Ziad_WS/ROS2/work_space/install/custom_robot/share/custom_robot/models/aws_robomaker_residential_SofaB_01/meshes/aws_SofaB_01_visual.DAE
[0.221s] -- Up-to-date: /home/ziad/Ziad_WS/ROS2/work_space/install/custom_robot/share/custom_robot/models/aws_robomaker_residential_SofaB_01/meshes/aws_SofaB_01_collision.DAE
[0.224s] -- Up-to-date: /home/ziad/Ziad_WS/ROS2/work_space/install/custom_robot/share/custom_robot/models/aws_robomaker_residential_SofaB_01/materials
[0.225s] -- Up-to-date: /home/ziad/Ziad_WS/ROS2/work_space/install/custom_robot/share/custom_robot/models/aws_robomaker_residential_SofaB_01/materials/textures
[0.226s] -- Up-to-date: /home/ziad/Ziad_WS/ROS2/work_space/install/custom_robot/share/custom_robot/models/aws_robomaker_residential_SofaB_01/materials/textures/aws_SofaB_01.png
[0.226s] -- Up-to-date: /home/ziad/Ziad_WS/ROS2/work_space/install/custom_robot/share/custom_robot/models/aws_robomaker_residential_SofaB_01/model.config
[0.226s] -- Up-to-date: /home/ziad/Ziad_WS/ROS2/work_space/install/custom_robot/share/custom_robot/models/aws_robomaker_residential_SofaB_01/model.sdf
[0.227s] -- Up-to-date: /home/ziad/Ziad_WS/ROS2/work_space/install/custom_robot/share/custom_robot/models/aws_robomaker_residential_PortraitB_03
[0.227s] -- Up-to-date: /home/ziad/Ziad_WS/ROS2/work_space/install/custom_robot/share/custom_robot/models/aws_robomaker_residential_PortraitB_03/meshes
[0.227s] -- Up-to-date: /home/ziad/Ziad_WS/ROS2/work_space/install/custom_robot/share/custom_robot/models/aws_robomaker_residential_PortraitB_03/meshes/aws_PortraitB_01_visual.DAE
[0.227s] -- Up-to-date: /home/ziad/Ziad_WS/ROS2/work_space/install/custom_robot/share/custom_robot/models/aws_robomaker_residential_PortraitB_03/meshes/aws_PortraitB_01_collision.DAE
[0.227s] -- Up-to-date: /home/ziad/Ziad_WS/ROS2/work_space/install/custom_robot/share/custom_robot/models/aws_robomaker_residential_PortraitB_03/materials
[0.227s] -- Up-to-date: /home/ziad/Ziad_WS/ROS2/work_space/install/custom_robot/share/custom_robot/models/aws_robomaker_residential_PortraitB_03/materials/textures
[0.227s] -- Up-to-date: /home/ziad/Ziad_WS/ROS2/work_space/install/custom_robot/share/custom_robot/models/aws_robomaker_residential_PortraitB_03/materials/textures/aws_PortraitB_02.png
[0.227s] -- Up-to-date: /home/ziad/Ziad_WS/ROS2/work_space/install/custom_robot/share/custom_robot/models/aws_robomaker_residential_PortraitB_03/materials/textures/aws_PortraitB_01.png
[0.228s] -- Up-to-date: /home/ziad/Ziad_WS/ROS2/work_space/install/custom_robot/share/custom_robot/models/aws_robomaker_residential_PortraitB_03/model.config
[0.228s] -- Up-to-date: /home/ziad/Ziad_WS/ROS2/work_space/install/custom_robot/share/custom_robot/models/aws_robomaker_residential_PortraitB_03/model.sdf
[0.228s] -- Up-to-date: /home/ziad/Ziad_WS/ROS2/work_space/install/custom_robot/share/custom_robot/models/aws_robomaker_retail_BookshelfB_01
[0.228s] -- Up-to-date: /home/ziad/Ziad_WS/ROS2/work_space/install/custom_robot/share/custom_robot/models/aws_robomaker_retail_BookshelfB_01/meshes
[0.228s] -- Up-to-date: /home/ziad/Ziad_WS/ROS2/work_space/install/custom_robot/share/custom_robot/models/aws_robomaker_retail_BookshelfB_01/meshes/aws_BookshelfB_01_collision.DAE
[0.228s] -- Up-to-date: /home/ziad/Ziad_WS/ROS2/work_space/install/custom_robot/share/custom_robot/models/aws_robomaker_retail_BookshelfB_01/meshes/aws_BookshelfB_01_visual.DAE
[0.228s] -- Up-to-date: /home/ziad/Ziad_WS/ROS2/work_space/install/custom_robot/share/custom_robot/models/aws_robomaker_retail_BookshelfB_01/materials
[0.228s] -- Up-to-date: /home/ziad/Ziad_WS/ROS2/work_space/install/custom_robot/share/custom_robot/models/aws_robomaker_retail_BookshelfB_01/materials/textures
[0.229s] -- Up-to-date: /home/ziad/Ziad_WS/ROS2/work_space/install/custom_robot/share/custom_robot/models/aws_robomaker_retail_BookshelfB_01/materials/textures/aws_BookshelfB_01.png
[0.234s] -- Up-to-date: /home/ziad/Ziad_WS/ROS2/work_space/install/custom_robot/share/custom_robot/models/aws_robomaker_retail_BookshelfB_01/materials/textures/aws_BookshelfB_02.png
[0.234s] -- Up-to-date: /home/ziad/Ziad_WS/ROS2/work_space/install/custom_robot/share/custom_robot/models/aws_robomaker_retail_BookshelfB_01/model.config
[0.235s] -- Up-to-date: /home/ziad/Ziad_WS/ROS2/work_space/install/custom_robot/share/custom_robot/models/aws_robomaker_retail_BookshelfB_01/model.sdf
[0.235s] -- Up-to-date: /home/ziad/Ziad_WS/ROS2/work_space/install/custom_robot/share/custom_robot/models/aws_robomaker_hospital_elevator_01_portal
[0.235s] -- Up-to-date: /home/ziad/Ziad_WS/ROS2/work_space/install/custom_robot/share/custom_robot/models/aws_robomaker_hospital_elevator_01_portal/meshes
[0.235s] -- Up-to-date: /home/ziad/Ziad_WS/ROS2/work_space/install/custom_robot/share/custom_robot/models/aws_robomaker_hospital_elevator_01_portal/meshes/aws_robomaker_hospital_elevator_01_low_normal.png
[0.235s] -- Up-to-date: /home/ziad/Ziad_WS/ROS2/work_space/install/custom_robot/share/custom_robot/models/aws_robomaker_hospital_elevator_01_portal/meshes/aws_robomaker_hospital_elevator_01_low.png
[0.235s] -- Up-to-date: /home/ziad/Ziad_WS/ROS2/work_space/install/custom_robot/share/custom_robot/models/aws_robomaker_hospital_elevator_01_portal/meshes/aws_robomaker_hospital_elevator_01_portal_visual.dae
[0.235s] -- Up-to-date: /home/ziad/Ziad_WS/ROS2/work_space/install/custom_robot/share/custom_robot/models/aws_robomaker_hospital_elevator_01_portal/meshes/aws_robomaker_hospital_elevator_01_visual_normal.png
[0.235s] -- Up-to-date: /home/ziad/Ziad_WS/ROS2/work_space/install/custom_robot/share/custom_robot/models/aws_robomaker_hospital_elevator_01_portal/meshes/aws_robomaker_hospital_elevator_01_visual.png
[0.236s] -- Up-to-date: /home/ziad/Ziad_WS/ROS2/work_space/install/custom_robot/share/custom_robot/models/aws_robomaker_hospital_elevator_01_portal/meshes/aws_robomaker_hospital_elevator_01_portal_collision.dae
[0.236s] -- Up-to-date: /home/ziad/Ziad_WS/ROS2/work_space/install/custom_robot/share/custom_robot/models/aws_robomaker_hospital_elevator_01_portal/meshes/aws_robomaker_hospital_elevator_01_portal_low.dae
[0.236s] -- Up-to-date: /home/ziad/Ziad_WS/ROS2/work_space/install/custom_robot/share/custom_robot/models/aws_robomaker_hospital_elevator_01_portal/model.config
[0.236s] -- Up-to-date: /home/ziad/Ziad_WS/ROS2/work_space/install/custom_robot/share/custom_robot/models/aws_robomaker_hospital_elevator_01_portal/model.sdf
[0.236s] -- Up-to-date: /home/ziad/Ziad_WS/ROS2/work_space/install/custom_robot/share/custom_robot/models/aws_robomaker_warehouse_ClutteringA_01
[0.243s] -- Up-to-date: /home/ziad/Ziad_WS/ROS2/work_space/install/custom_robot/share/custom_robot/models/aws_robomaker_warehouse_ClutteringA_01/meshes
[0.244s] -- Up-to-date: /home/ziad/Ziad_WS/ROS2/work_space/install/custom_robot/share/custom_robot/models/aws_robomaker_warehouse_ClutteringA_01/meshes/aws_robomaker_warehouse_ClutteringA_01_collision.DAE
[0.244s] -- Up-to-date: /home/ziad/Ziad_WS/ROS2/work_space/install/custom_robot/share/custom_robot/models/aws_robomaker_warehouse_ClutteringA_01/meshes/aws_robomaker_warehouse_ClutteringA_01_visual.DAE
[0.244s] -- Up-to-date: /home/ziad/Ziad_WS/ROS2/work_space/install/custom_robot/share/custom_robot/models/aws_robomaker_warehouse_ClutteringA_01/materials
[0.244s] -- Up-to-date: /home/ziad/Ziad_WS/ROS2/work_space/install/custom_robot/share/custom_robot/models/aws_robomaker_warehouse_ClutteringA_01/materials/textures
[0.245s] -- Up-to-date: /home/ziad/Ziad_WS/ROS2/work_space/install/custom_robot/share/custom_robot/models/aws_robomaker_warehouse_ClutteringA_01/materials/textures/aws_robomaker_warehouse_ClutteringA_03.png
[0.245s] -- Up-to-date: /home/ziad/Ziad_WS/ROS2/work_space/install/custom_robot/share/custom_robot/models/aws_robomaker_warehouse_ClutteringA_01/materials/textures/aws_robomaker_warehouse_ClutteringA_02.png
[0.249s] -- Up-to-date: /home/ziad/Ziad_WS/ROS2/work_space/install/custom_robot/share/custom_robot/models/aws_robomaker_warehouse_ClutteringA_01/materials/textures/aws_robomaker_warehouse_ClutteringA_01.png
[0.249s] -- Up-to-date: /home/ziad/Ziad_WS/ROS2/work_space/install/custom_robot/share/custom_robot/models/aws_robomaker_warehouse_ClutteringA_01/model.config
[0.249s] -- Up-to-date: /home/ziad/Ziad_WS/ROS2/work_space/install/custom_robot/share/custom_robot/models/aws_robomaker_warehouse_ClutteringA_01/model.sdf
[0.249s] -- Up-to-date: /home/ziad/Ziad_WS/ROS2/work_space/install/custom_robot/share/custom_robot/models/aws_robomaker_hospital_hospitalsign_01
[0.249s] -- Up-to-date: /home/ziad/Ziad_WS/ROS2/work_space/install/custom_robot/share/custom_robot/models/aws_robomaker_hospital_hospitalsign_01/meshes
[0.250s] -- Up-to-date: /home/ziad/Ziad_WS/ROS2/work_space/install/custom_robot/share/custom_robot/models/aws_robomaker_hospital_hospitalsign_01/meshes/aws_robomaker_hospital_hospitalsign_01_visual.dae
[0.250s] -- Up-to-date: /home/ziad/Ziad_WS/ROS2/work_space/install/custom_robot/share/custom_robot/models/aws_robomaker_hospital_hospitalsign_01/meshes/aws_robomaker_hospital_hospitalsign_01.png
[0.250s] -- Up-to-date: /home/ziad/Ziad_WS/ROS2/work_space/install/custom_robot/share/custom_robot/models/aws_robomaker_hospital_hospitalsign_01/meshes/aws_robomaker_hospital_hospitalsign_01_normal.png
[0.250s] -- Up-to-date: /home/ziad/Ziad_WS/ROS2/work_space/install/custom_robot/share/custom_robot/models/aws_robomaker_hospital_hospitalsign_01/meshes/aws_robomaker_hospital_hospitalsign_01_collision.dae
[0.250s] -- Up-to-date: /home/ziad/Ziad_WS/ROS2/work_space/install/custom_robot/share/custom_robot/models/aws_robomaker_hospital_hospitalsign_01/model.config
[0.250s] -- Up-to-date: /home/ziad/Ziad_WS/ROS2/work_space/install/custom_robot/share/custom_robot/models/aws_robomaker_hospital_hospitalsign_01/model.sdf
[0.250s] -- Up-to-date: /home/ziad/Ziad_WS/ROS2/work_space/install/custom_robot/share/custom_robot/models/aws_robomaker_hospital_curtain_open_01
[0.251s] -- Up-to-date: /home/ziad/Ziad_WS/ROS2/work_space/install/custom_robot/share/custom_robot/models/aws_robomaker_hospital_curtain_open_01/meshes
[0.251s] -- Up-to-date: /home/ziad/Ziad_WS/ROS2/work_space/install/custom_robot/share/custom_robot/models/aws_robomaker_hospital_curtain_open_01/meshes/aws_robomaker_hospital_curtainrail_01_visual_normal.png
[0.251s] -- Up-to-date: /home/ziad/Ziad_WS/ROS2/work_space/install/custom_robot/share/custom_robot/models/aws_robomaker_hospital_curtain_open_01/meshes/aws_robomaker_hospital_curtain_open_01_visual.dae
[0.251s] -- Up-to-date: /home/ziad/Ziad_WS/ROS2/work_space/install/custom_robot/share/custom_robot/models/aws_robomaker_hospital_curtain_open_01/meshes/aws_robomaker_hospital_curtainrail_01_low_normal.png
[0.251s] -- Up-to-date: /home/ziad/Ziad_WS/ROS2/work_space/install/custom_robot/share/custom_robot/models/aws_robomaker_hospital_curtain_open_01/meshes/aws_robomaker_hospital_curtain_open_01_visual_normal.png
[0.251s] -- Up-to-date: /home/ziad/Ziad_WS/ROS2/work_space/install/custom_robot/share/custom_robot/models/aws_robomaker_hospital_curtain_open_01/meshes/aws_robomaker_hospital_curtain_open_01_collision.dae
[0.251s] -- Up-to-date: /home/ziad/Ziad_WS/ROS2/work_space/install/custom_robot/share/custom_robot/models/aws_robomaker_hospital_curtain_open_01/meshes/aws_robomaker_hospital_curtain_open_01_low.png
[0.252s] -- Up-to-date: /home/ziad/Ziad_WS/ROS2/work_space/install/custom_robot/share/custom_robot/models/aws_robomaker_hospital_curtain_open_01/meshes/aws_robomaker_hospital_curtain_open_01_visual.png
[0.255s] -- Up-to-date: /home/ziad/Ziad_WS/ROS2/work_space/install/custom_robot/share/custom_robot/models/aws_robomaker_hospital_curtain_open_01/meshes/aws_robomaker_hospital_curtainrail_01_low.png
[0.255s] -- Up-to-date: /home/ziad/Ziad_WS/ROS2/work_space/install/custom_robot/share/custom_robot/models/aws_robomaker_hospital_curtain_open_01/meshes/aws_robomaker_hospital_curtain_open_01_low_normal.png
[0.255s] -- Up-to-date: /home/ziad/Ziad_WS/ROS2/work_space/install/custom_robot/share/custom_robot/models/aws_robomaker_hospital_curtain_open_01/meshes/aws_robomaker_hospital_curtainrail_01_visual.png
[0.255s] -- Up-to-date: /home/ziad/Ziad_WS/ROS2/work_space/install/custom_robot/share/custom_robot/models/aws_robomaker_hospital_curtain_open_01/model.config
[0.256s] -- Up-to-date: /home/ziad/Ziad_WS/ROS2/work_space/install/custom_robot/share/custom_robot/models/aws_robomaker_hospital_curtain_open_01/model.sdf
[0.256s] -- Up-to-date: /home/ziad/Ziad_WS/ROS2/work_space/install/custom_robot/share/custom_robot/models/aws_robomaker_hospital_floor_02_walls
[0.256s] -- Up-to-date: /home/ziad/Ziad_WS/ROS2/work_space/install/custom_robot/share/custom_robot/models/aws_robomaker_hospital_floor_02_walls/meshes
[0.256s] -- Up-to-date: /home/ziad/Ziad_WS/ROS2/work_space/install/custom_robot/share/custom_robot/models/aws_robomaker_hospital_floor_02_walls/meshes/aws_robomaker_hospital_floor_02_stairs.png
[0.256s] -- Up-to-date: /home/ziad/Ziad_WS/ROS2/work_space/install/custom_robot/share/custom_robot/models/aws_robomaker_hospital_floor_02_walls/meshes/aws_robomaker_hospital_floor_02_doorframes_big.png
[0.256s] -- Up-to-date: /home/ziad/Ziad_WS/ROS2/work_space/install/custom_robot/share/custom_robot/models/aws_robomaker_hospital_floor_02_walls/meshes/aws_robomaker_hospital_floor_02_windows.png
[0.256s] -- Up-to-date: /home/ziad/Ziad_WS/ROS2/work_space/install/custom_robot/share/custom_robot/models/aws_robomaker_hospital_floor_02_walls/meshes/aws_robomaker_hospital_floor_02_doorsign.png
[0.257s] -- Up-to-date: /home/ziad/Ziad_WS/ROS2/work_space/install/custom_robot/share/custom_robot/models/aws_robomaker_hospital_floor_02_walls/meshes/aws_robomaker_hospital_floor_02_bumprail.png
[0.260s] -- Up-to-date: /home/ziad/Ziad_WS/ROS2/work_space/install/custom_robot/share/custom_robot/models/aws_robomaker_hospital_floor_02_walls/meshes/aws_robomaker_hospital_floor_02_handrail.png
[0.260s] -- Up-to-date: /home/ziad/Ziad_WS/ROS2/work_space/install/custom_robot/share/custom_robot/models/aws_robomaker_hospital_floor_02_walls/meshes/aws_robomaker_hospital_floor_02_doorframes_small.png
[0.263s] -- Up-to-date: /home/ziad/Ziad_WS/ROS2/work_space/install/custom_robot/share/custom_robot/models/aws_robomaker_hospital_floor_02_walls/meshes/aws_robomaker_hospital_floor_02_walls_visual.dae
[0.263s] -- Up-to-date: /home/ziad/Ziad_WS/ROS2/work_space/install/custom_robot/share/custom_robot/models/aws_robomaker_hospital_floor_02_walls/meshes/aws_robomaker_hospital_floor_02_walls_collision.dae
[0.263s] -- Up-to-date: /home/ziad/Ziad_WS/ROS2/work_space/install/custom_robot/share/custom_robot/models/aws_robomaker_hospital_floor_02_walls/meshes/aws_robomaker_hospital_floor_02_walls.png
[0.264s] -- Up-to-date: /home/ziad/Ziad_WS/ROS2/work_space/install/custom_robot/share/custom_robot/models/aws_robomaker_hospital_floor_02_walls/model.config
[0.264s] -- Up-to-date: /home/ziad/Ziad_WS/ROS2/work_space/install/custom_robot/share/custom_robot/models/aws_robomaker_hospital_floor_02_walls/model.sdf
[0.264s] -- Up-to-date: /home/ziad/Ziad_WS/ROS2/work_space/install/custom_robot/share/custom_robot/models/aws_robomaker_residential_PortraitA_02
[0.264s] -- Up-to-date: /home/ziad/Ziad_WS/ROS2/work_space/install/custom_robot/share/custom_robot/models/aws_robomaker_residential_PortraitA_02/meshes
[0.264s] -- Up-to-date: /home/ziad/Ziad_WS/ROS2/work_space/install/custom_robot/share/custom_robot/models/aws_robomaker_residential_PortraitA_02/meshes/aws_PortraitA_01_visual.DAE
[0.264s] -- Up-to-date: /home/ziad/Ziad_WS/ROS2/work_space/install/custom_robot/share/custom_robot/models/aws_robomaker_residential_PortraitA_02/meshes/aws_PortraitA_01_collision.DAE
[0.264s] -- Up-to-date: /home/ziad/Ziad_WS/ROS2/work_space/install/custom_robot/share/custom_robot/models/aws_robomaker_residential_PortraitA_02/materials
[0.264s] -- Up-to-date: /home/ziad/Ziad_WS/ROS2/work_space/install/custom_robot/share/custom_robot/models/aws_robomaker_residential_PortraitA_02/materials/textures
[0.264s] -- Up-to-date: /home/ziad/Ziad_WS/ROS2/work_space/install/custom_robot/share/custom_robot/models/aws_robomaker_residential_PortraitA_02/materials/textures/aws_PortraitA_02.png
[0.265s] -- Up-to-date: /home/ziad/Ziad_WS/ROS2/work_space/install/custom_robot/share/custom_robot/models/aws_robomaker_residential_PortraitA_02/materials/textures/aws_PortraitA_01.png
[0.268s] -- Up-to-date: /home/ziad/Ziad_WS/ROS2/work_space/install/custom_robot/share/custom_robot/models/aws_robomaker_residential_PortraitA_02/model.config
[0.268s] -- Up-to-date: /home/ziad/Ziad_WS/ROS2/work_space/install/custom_robot/share/custom_robot/models/aws_robomaker_residential_PortraitA_02/model.sdf
[0.268s] -- Up-to-date: /home/ziad/Ziad_WS/ROS2/work_space/install/custom_robot/share/custom_robot/models/aws_robomaker_hospital_ramp_01
[0.268s] -- Up-to-date: /home/ziad/Ziad_WS/ROS2/work_space/install/custom_robot/share/custom_robot/models/aws_robomaker_hospital_ramp_01/meshes
[0.269s] -- Up-to-date: /home/ziad/Ziad_WS/ROS2/work_space/install/custom_robot/share/custom_robot/models/aws_robomaker_hospital_ramp_01/meshes/aws_robomaker_hospital_ramp_01_collision.dae
[0.269s] -- Up-to-date: /home/ziad/Ziad_WS/ROS2/work_space/install/custom_robot/share/custom_robot/models/aws_robomaker_hospital_ramp_01/meshes/aws_robomaker_hospital_ramp_01_visual.dae
[0.269s] -- Up-to-date: /home/ziad/Ziad_WS/ROS2/work_space/install/custom_robot/share/custom_robot/models/aws_robomaker_hospital_ramp_01/meshes/aws_robomaker_hospital_ramp_01_normal.png
[0.270s] -- Up-to-date: /home/ziad/Ziad_WS/ROS2/work_space/install/custom_robot/share/custom_robot/models/aws_robomaker_hospital_ramp_01/meshes/aws_robomaker_hospital_ramp_01.png
[0.271s] -- Up-to-date: /home/ziad/Ziad_WS/ROS2/work_space/install/custom_robot/share/custom_robot/models/aws_robomaker_hospital_ramp_01/model.config
[0.271s] -- Up-to-date: /home/ziad/Ziad_WS/ROS2/work_space/install/custom_robot/share/custom_robot/models/aws_robomaker_hospital_ramp_01/model.sdf
[0.272s] -- Up-to-date: /home/ziad/Ziad_WS/ROS2/work_space/install/custom_robot/share/custom_robot/models/aws_robomaker_residential_PortraitD_01
[0.272s] -- Up-to-date: /home/ziad/Ziad_WS/ROS2/work_space/install/custom_robot/share/custom_robot/models/aws_robomaker_residential_PortraitD_01/meshes
[0.272s] -- Up-to-date: /home/ziad/Ziad_WS/ROS2/work_space/install/custom_robot/share/custom_robot/models/aws_robomaker_residential_PortraitD_01/meshes/aws_PortraitD_01_visual.DAE
[0.272s] -- Up-to-date: /home/ziad/Ziad_WS/ROS2/work_space/install/custom_robot/share/custom_robot/models/aws_robomaker_residential_PortraitD_01/meshes/aws_PortraitD_01_collision.DAE
[0.272s] -- Up-to-date: /home/ziad/Ziad_WS/ROS2/work_space/install/custom_robot/share/custom_robot/models/aws_robomaker_residential_PortraitD_01/materials
[0.273s] -- Up-to-date: /home/ziad/Ziad_WS/ROS2/work_space/install/custom_robot/share/custom_robot/models/aws_robomaker_residential_PortraitD_01/materials/textures
[0.273s] -- Up-to-date: /home/ziad/Ziad_WS/ROS2/work_space/install/custom_robot/share/custom_robot/models/aws_robomaker_residential_PortraitD_01/materials/textures/aws_PortraitD_02.png
[0.273s] -- Up-to-date: /home/ziad/Ziad_WS/ROS2/work_space/install/custom_robot/share/custom_robot/models/aws_robomaker_residential_PortraitD_01/materials/textures/aws_PortraitD_01.png
[0.273s] -- Up-to-date: /home/ziad/Ziad_WS/ROS2/work_space/install/custom_robot/share/custom_robot/models/aws_robomaker_residential_PortraitD_01/model.config
[0.273s] -- Up-to-date: /home/ziad/Ziad_WS/ROS2/work_space/install/custom_robot/share/custom_robot/models/aws_robomaker_residential_PortraitD_01/model.sdf
[0.273s] -- Up-to-date: /home/ziad/Ziad_WS/ROS2/work_space/install/custom_robot/share/custom_robot/models/aws_robomaker_residential_Sofa_01
[0.273s] -- Up-to-date: /home/ziad/Ziad_WS/ROS2/work_space/install/custom_robot/share/custom_robot/models/aws_robomaker_residential_Sofa_01/meshes
[0.273s] -- Up-to-date: /home/ziad/Ziad_WS/ROS2/work_space/install/custom_robot/share/custom_robot/models/aws_robomaker_residential_Sofa_01/meshes/aws_Sofa_01_visual.DAE
[0.274s] -- Up-to-date: /home/ziad/Ziad_WS/ROS2/work_space/install/custom_robot/share/custom_robot/models/aws_robomaker_residential_Sofa_01/meshes/aws_Sofa_01.DAE
[0.274s] -- Up-to-date: /home/ziad/Ziad_WS/ROS2/work_space/install/custom_robot/share/custom_robot/models/aws_robomaker_residential_Sofa_01/meshes/aws_Sofa_01_collision.DAE
[0.277s] -- Up-to-date: /home/ziad/Ziad_WS/ROS2/work_space/install/custom_robot/share/custom_robot/models/aws_robomaker_residential_Sofa_01/materials
[0.277s] -- Up-to-date: /home/ziad/Ziad_WS/ROS2/work_space/install/custom_robot/share/custom_robot/models/aws_robomaker_residential_Sofa_01/materials/textures
[0.277s] -- Up-to-date: /home/ziad/Ziad_WS/ROS2/work_space/install/custom_robot/share/custom_robot/models/aws_robomaker_residential_Sofa_01/materials/textures/aws_Sofa_01.png
[0.277s] -- Up-to-date: /home/ziad/Ziad_WS/ROS2/work_space/install/custom_robot/share/custom_robot/models/aws_robomaker_residential_Sofa_01/model.config
[0.277s] -- Up-to-date: /home/ziad/Ziad_WS/ROS2/work_space/install/custom_robot/share/custom_robot/models/aws_robomaker_residential_Sofa_01/model.sdf
[0.277s] -- Up-to-date: /home/ziad/Ziad_WS/ROS2/work_space/install/custom_robot/share/custom_robot/models/aws_robomaker_hospital_curtain_half_open_01
[0.278s] -- Up-to-date: /home/ziad/Ziad_WS/ROS2/work_space/install/custom_robot/share/custom_robot/models/aws_robomaker_hospital_curtain_half_open_01/meshes
[0.278s] -- Up-to-date: /home/ziad/Ziad_WS/ROS2/work_space/install/custom_robot/share/custom_robot/models/aws_robomaker_hospital_curtain_half_open_01/meshes/aws_robomaker_hospital_curtain_half_open_01_visual.dae
[0.278s] -- Up-to-date: /home/ziad/Ziad_WS/ROS2/work_space/install/custom_robot/share/custom_robot/models/aws_robomaker_hospital_curtain_half_open_01/meshes/aws_robomaker_hospital_curtainrail_01_visual_normal.png
[0.278s] -- Up-to-date: /home/ziad/Ziad_WS/ROS2/work_space/install/custom_robot/share/custom_robot/models/aws_robomaker_hospital_curtain_half_open_01/meshes/aws_robomaker_hospital_curtain_half_open_01_low_normal.png
[0.278s] -- Up-to-date: /home/ziad/Ziad_WS/ROS2/work_space/install/custom_robot/share/custom_robot/models/aws_robomaker_hospital_curtain_half_open_01/meshes/aws_robomaker_hospital_curtainrail_01_low_normal.png
[0.278s] -- Up-to-date: /home/ziad/Ziad_WS/ROS2/work_space/install/custom_robot/share/custom_robot/models/aws_robomaker_hospital_curtain_half_open_01/meshes/aws_robomaker_hospital_curtain_half_open_01_visual.png
[0.278s] -- Up-to-date: /home/ziad/Ziad_WS/ROS2/work_space/install/custom_robot/share/custom_robot/models/aws_robomaker_hospital_curtain_half_open_01/meshes/aws_robomaker_hospital_curtain_half_open_01_low.png
[0.278s] -- Up-to-date: /home/ziad/Ziad_WS/ROS2/work_space/install/custom_robot/share/custom_robot/models/aws_robomaker_hospital_curtain_half_open_01/meshes/aws_robomaker_hospital_curtain_half_open_01_collision.dae
[0.278s] -- Up-to-date: /home/ziad/Ziad_WS/ROS2/work_space/install/custom_robot/share/custom_robot/models/aws_robomaker_hospital_curtain_half_open_01/meshes/aws_robomaker_hospital_curtain_half_open_01_visual_normal.png
[0.282s] -- Up-to-date: /home/ziad/Ziad_WS/ROS2/work_space/install/custom_robot/share/custom_robot/models/aws_robomaker_hospital_curtain_half_open_01/meshes/aws_robomaker_hospital_curtainrail_01_low.png
[0.282s] -- Up-to-date: /home/ziad/Ziad_WS/ROS2/work_space/install/custom_robot/share/custom_robot/models/aws_robomaker_hospital_curtain_half_open_01/meshes/aws_robomaker_hospital_curtainrail_01_visual.png
[0.282s] -- Up-to-date: /home/ziad/Ziad_WS/ROS2/work_space/install/custom_robot/share/custom_robot/models/aws_robomaker_hospital_curtain_half_open_01/model.config
[0.282s] -- Up-to-date: /home/ziad/Ziad_WS/ROS2/work_space/install/custom_robot/share/custom_robot/models/aws_robomaker_hospital_curtain_half_open_01/model.sdf
[0.282s] -- Up-to-date: /home/ziad/Ziad_WS/ROS2/work_space/install/custom_robot/share/custom_robot/models/aws_robomaker_hospital_floor_01_floor
[0.282s] -- Up-to-date: /home/ziad/Ziad_WS/ROS2/work_space/install/custom_robot/share/custom_robot/models/aws_robomaker_hospital_floor_01_floor/meshes
[0.282s] -- Up-to-date: /home/ziad/Ziad_WS/ROS2/work_space/install/custom_robot/share/custom_robot/models/aws_robomaker_hospital_floor_01_floor/meshes/aws_robomaker_hospital_floor_01_floor.png
[0.283s] -- Up-to-date: /home/ziad/Ziad_WS/ROS2/work_space/install/custom_robot/share/custom_robot/models/aws_robomaker_hospital_floor_01_floor/meshes/aws_robomaker_hospital_floor_01_floor_normal.png
[0.283s] -- Up-to-date: /home/ziad/Ziad_WS/ROS2/work_space/install/custom_robot/share/custom_robot/models/aws_robomaker_hospital_floor_01_floor/meshes/aws_robomaker_hospital_floor_01_floor_collision.dae
[0.283s] -- Up-to-date: /home/ziad/Ziad_WS/ROS2/work_space/install/custom_robot/share/custom_robot/models/aws_robomaker_hospital_floor_01_floor/meshes/aws_robomaker_hospital_floor_01_floor_visual.dae
[0.283s] -- Up-to-date: /home/ziad/Ziad_WS/ROS2/work_space/install/custom_robot/share/custom_robot/models/aws_robomaker_hospital_floor_01_floor/model.config
[0.283s] -- Up-to-date: /home/ziad/Ziad_WS/ROS2/work_space/install/custom_robot/share/custom_robot/models/aws_robomaker_hospital_floor_01_floor/model.sdf
[0.283s] -- Up-to-date: /home/ziad/Ziad_WS/ROS2/work_space/install/custom_robot/share/custom_robot/models/aws_robomaker_residential_PortraitE_01
[0.283s] -- Up-to-date: /home/ziad/Ziad_WS/ROS2/work_space/install/custom_robot/share/custom_robot/models/aws_robomaker_residential_PortraitE_01/meshes
[0.283s] -- Up-to-date: /home/ziad/Ziad_WS/ROS2/work_space/install/custom_robot/share/custom_robot/models/aws_robomaker_residential_PortraitE_01/meshes/aws_PortraitE_01_collision.DAE
[0.283s] -- Up-to-date: /home/ziad/Ziad_WS/ROS2/work_space/install/custom_robot/share/custom_robot/models/aws_robomaker_residential_PortraitE_01/meshes/aws_PortraitE_01_visual.DAE
[0.284s] -- Up-to-date: /home/ziad/Ziad_WS/ROS2/work_space/install/custom_robot/share/custom_robot/models/aws_robomaker_residential_PortraitE_01/materials
[0.284s] -- Up-to-date: /home/ziad/Ziad_WS/ROS2/work_space/install/custom_robot/share/custom_robot/models/aws_robomaker_residential_PortraitE_01/materials/textures
[0.284s] -- Up-to-date: /home/ziad/Ziad_WS/ROS2/work_space/install/custom_robot/share/custom_robot/models/aws_robomaker_residential_PortraitE_01/materials/textures/aws_PortraitE_01.png
[0.284s] -- Up-to-date: /home/ziad/Ziad_WS/ROS2/work_space/install/custom_robot/share/custom_robot/models/aws_robomaker_residential_PortraitE_01/materials/textures/aws_PortraitE_02.png
[0.284s] -- Up-to-date: /home/ziad/Ziad_WS/ROS2/work_space/install/custom_robot/share/custom_robot/models/aws_robomaker_residential_PortraitE_01/model.config
[0.284s] -- Up-to-date: /home/ziad/Ziad_WS/ROS2/work_space/install/custom_robot/share/custom_robot/models/aws_robomaker_residential_PortraitE_01/model.sdf
[0.284s] -- Up-to-date: /home/ziad/Ziad_WS/ROS2/work_space/install/custom_robot/share/custom_robot/models/aws_robomaker_residential_PortraitC_01
[0.284s] -- Up-to-date: /home/ziad/Ziad_WS/ROS2/work_space/install/custom_robot/share/custom_robot/models/aws_robomaker_residential_PortraitC_01/meshes
[0.285s] -- Up-to-date: /home/ziad/Ziad_WS/ROS2/work_space/install/custom_robot/share/custom_robot/models/aws_robomaker_residential_PortraitC_01/meshes/aws_PortraitC_01_collision.DAE
[0.290s] -- Up-to-date: /home/ziad/Ziad_WS/ROS2/work_space/install/custom_robot/share/custom_robot/models/aws_robomaker_residential_PortraitC_01/meshes/aws_PortraitC_01_visual.DAE
[0.290s] -- Up-to-date: /home/ziad/Ziad_WS/ROS2/work_space/install/custom_robot/share/custom_robot/models/aws_robomaker_residential_PortraitC_01/materials
[0.290s] -- Up-to-date: /home/ziad/Ziad_WS/ROS2/work_space/install/custom_robot/share/custom_robot/models/aws_robomaker_residential_PortraitC_01/materials/textures
[0.290s] -- Up-to-date: /home/ziad/Ziad_WS/ROS2/work_space/install/custom_robot/share/custom_robot/models/aws_robomaker_residential_PortraitC_01/materials/textures/aws_PortraitC_01.png
[0.290s] -- Up-to-date: /home/ziad/Ziad_WS/ROS2/work_space/install/custom_robot/share/custom_robot/models/aws_robomaker_residential_PortraitC_01/materials/textures/aws_PortraitC_02.png
[0.290s] -- Up-to-date: /home/ziad/Ziad_WS/ROS2/work_space/install/custom_robot/share/custom_robot/models/aws_robomaker_residential_PortraitC_01/model.config
[0.291s] -- Up-to-date: /home/ziad/Ziad_WS/ROS2/work_space/install/custom_robot/share/custom_robot/models/aws_robomaker_residential_PortraitC_01/model.sdf
[0.291s] -- Up-to-date: /home/ziad/Ziad_WS/ROS2/work_space/install/custom_robot/share/custom_robot/models/aws_robomaker_hospital_floor_01_ceiling
[0.291s] -- Up-to-date: /home/ziad/Ziad_WS/ROS2/work_space/install/custom_robot/share/custom_robot/models/aws_robomaker_hospital_floor_01_ceiling/meshes
[0.291s] -- Up-to-date: /home/ziad/Ziad_WS/ROS2/work_space/install/custom_robot/share/custom_robot/models/aws_robomaker_hospital_floor_01_ceiling/meshes/aws_robomaker_hospital_floor_01_ceiling_normal.png
[0.291s] -- Up-to-date: /home/ziad/Ziad_WS/ROS2/work_space/install/custom_robot/share/custom_robot/models/aws_robomaker_hospital_floor_01_ceiling/meshes/aws_robomaker_hospital_floor_01_ceiling.png
[0.291s] -- Up-to-date: /home/ziad/Ziad_WS/ROS2/work_space/install/custom_robot/share/custom_robot/models/aws_robomaker_hospital_floor_01_ceiling/meshes/aws_robomaker_hospital_floor_01_ceiling_collision.dae
[0.291s] -- Up-to-date: /home/ziad/Ziad_WS/ROS2/work_space/install/custom_robot/share/custom_robot/models/aws_robomaker_hospital_floor_01_ceiling/meshes/aws_robomaker_hospital_floor_01_ceiling_visual.dae
[0.292s] -- Up-to-date: /home/ziad/Ziad_WS/ROS2/work_space/install/custom_robot/share/custom_robot/models/aws_robomaker_hospital_floor_01_ceiling/model.config
[0.292s] -- Up-to-date: /home/ziad/Ziad_WS/ROS2/work_space/install/custom_robot/share/custom_robot/models/aws_robomaker_hospital_floor_01_ceiling/model.sdf
[0.292s] -- Up-to-date: /home/ziad/Ziad_WS/ROS2/work_space/install/custom_robot/share/custom_robot/models/aws_robomaker_residential_CoffeeTable_01
[0.292s] -- Up-to-date: /home/ziad/Ziad_WS/ROS2/work_space/install/custom_robot/share/custom_robot/models/aws_robomaker_residential_CoffeeTable_01/meshes
[0.292s] -- Up-to-date: /home/ziad/Ziad_WS/ROS2/work_space/install/custom_robot/share/custom_robot/models/aws_robomaker_residential_CoffeeTable_01/meshes/aws_CoffeeTable_01_collision.DAE
[0.292s] -- Up-to-date: /home/ziad/Ziad_WS/ROS2/work_space/install/custom_robot/share/custom_robot/models/aws_robomaker_residential_CoffeeTable_01/meshes/aws_CoffeeTable_01_visual.DAE
[0.292s] -- Up-to-date: /home/ziad/Ziad_WS/ROS2/work_space/install/custom_robot/share/custom_robot/models/aws_robomaker_residential_CoffeeTable_01/materials
[0.292s] -- Up-to-date: /home/ziad/Ziad_WS/ROS2/work_space/install/custom_robot/share/custom_robot/models/aws_robomaker_residential_CoffeeTable_01/materials/textures
[0.293s] -- Up-to-date: /home/ziad/Ziad_WS/ROS2/work_space/install/custom_robot/share/custom_robot/models/aws_robomaker_residential_CoffeeTable_01/materials/textures/aws_CoffeeTable_01.png
[0.293s] -- Up-to-date: /home/ziad/Ziad_WS/ROS2/work_space/install/custom_robot/share/custom_robot/models/aws_robomaker_residential_CoffeeTable_01/model.config
[0.293s] -- Up-to-date: /home/ziad/Ziad_WS/ROS2/work_space/install/custom_robot/share/custom_robot/models/aws_robomaker_residential_CoffeeTable_01/model.sdf
[0.293s] -- Up-to-date: /home/ziad/Ziad_WS/ROS2/work_space/install/custom_robot/share/custom_robot/models/aws_robomaker_hospital_elevator_01_car
[0.293s] -- Up-to-date: /home/ziad/Ziad_WS/ROS2/work_space/install/custom_robot/share/custom_robot/models/aws_robomaker_hospital_elevator_01_car/meshes
[0.293s] -- Up-to-date: /home/ziad/Ziad_WS/ROS2/work_space/install/custom_robot/share/custom_robot/models/aws_robomaker_hospital_elevator_01_car/meshes/aws_robomaker_hospital_elevator_01_car_visual.dae
[0.293s] -- Up-to-date: /home/ziad/Ziad_WS/ROS2/work_space/install/custom_robot/share/custom_robot/models/aws_robomaker_hospital_elevator_01_car/meshes/aws_robomaker_hospital_elevator_01_low_normal.png
[0.293s] -- Up-to-date: /home/ziad/Ziad_WS/ROS2/work_space/install/custom_robot/share/custom_robot/models/aws_robomaker_hospital_elevator_01_car/meshes/aws_robomaker_hospital_elevator_01_low.png
[0.294s] -- Up-to-date: /home/ziad/Ziad_WS/ROS2/work_space/install/custom_robot/share/custom_robot/models/aws_robomaker_hospital_elevator_01_car/meshes/aws_robomaker_hospital_elevator_01_car_low.dae
[0.294s] -- Up-to-date: /home/ziad/Ziad_WS/ROS2/work_space/install/custom_robot/share/custom_robot/models/aws_robomaker_hospital_elevator_01_car/meshes/aws_robomaker_hospital_elevator_01_car_collision.dae
[0.294s] -- Up-to-date: /home/ziad/Ziad_WS/ROS2/work_space/install/custom_robot/share/custom_robot/models/aws_robomaker_hospital_elevator_01_car/meshes/aws_robomaker_hospital_elevator_01_visual_normal.png
[0.294s] -- Up-to-date: /home/ziad/Ziad_WS/ROS2/work_space/install/custom_robot/share/custom_robot/models/aws_robomaker_hospital_elevator_01_car/meshes/aws_robomaker_hospital_elevator_01_visual.png
[0.294s] -- Up-to-date: /home/ziad/Ziad_WS/ROS2/work_space/install/custom_robot/share/custom_robot/models/aws_robomaker_hospital_elevator_01_car/model.config
[0.294s] -- Up-to-date: /home/ziad/Ziad_WS/ROS2/work_space/install/custom_robot/share/custom_robot/models/aws_robomaker_hospital_elevator_01_car/model.sdf
[0.294s] -- Up-to-date: /home/ziad/Ziad_WS/ROS2/work_space/install/custom_robot/share/custom_robot/models/aws_robomaker_residential_PortraitE_02
[0.295s] -- Up-to-date: /home/ziad/Ziad_WS/ROS2/work_space/install/custom_robot/share/custom_robot/models/aws_robomaker_residential_PortraitE_02/meshes
[0.295s] -- Up-to-date: /home/ziad/Ziad_WS/ROS2/work_space/install/custom_robot/share/custom_robot/models/aws_robomaker_residential_PortraitE_02/meshes/aws_PortraitE_01_collision.DAE
[0.295s] -- Up-to-date: /home/ziad/Ziad_WS/ROS2/work_space/install/custom_robot/share/custom_robot/models/aws_robomaker_residential_PortraitE_02/meshes/aws_PortraitE_01_visual.DAE
[0.295s] -- Up-to-date: /home/ziad/Ziad_WS/ROS2/work_space/install/custom_robot/share/custom_robot/models/aws_robomaker_residential_PortraitE_02/materials
[0.295s] -- Up-to-date: /home/ziad/Ziad_WS/ROS2/work_space/install/custom_robot/share/custom_robot/models/aws_robomaker_residential_PortraitE_02/materials/textures
[0.295s] -- Up-to-date: /home/ziad/Ziad_WS/ROS2/work_space/install/custom_robot/share/custom_robot/models/aws_robomaker_residential_PortraitE_02/materials/textures/aws_PortraitE_01.png
[0.301s] -- Up-to-date: /home/ziad/Ziad_WS/ROS2/work_space/install/custom_robot/share/custom_robot/models/aws_robomaker_residential_PortraitE_02/materials/textures/aws_PortraitE_02.png
[0.301s] -- Up-to-date: /home/ziad/Ziad_WS/ROS2/work_space/install/custom_robot/share/custom_robot/models/aws_robomaker_residential_PortraitE_02/model.config
[0.302s] -- Up-to-date: /home/ziad/Ziad_WS/ROS2/work_space/install/custom_robot/share/custom_robot/models/aws_robomaker_residential_PortraitE_02/model.sdf
[0.302s] -- Up-to-date: /home/ziad/Ziad_WS/ROS2/work_space/install/custom_robot/share/custom_robot/models/aws_robomaker_residential_Trash_01
[0.302s] -- Up-to-date: /home/ziad/Ziad_WS/ROS2/work_space/install/custom_robot/share/custom_robot/models/aws_robomaker_residential_Trash_01/meshes
[0.302s] -- Up-to-date: /home/ziad/Ziad_WS/ROS2/work_space/install/custom_robot/share/custom_robot/models/aws_robomaker_residential_Trash_01/meshes/aws_Trash_01_collision.DAE
[0.302s] -- Up-to-date: /home/ziad/Ziad_WS/ROS2/work_space/install/custom_robot/share/custom_robot/models/aws_robomaker_residential_Trash_01/meshes/aws_Trash_01_visual.DAE
[0.302s] -- Up-to-date: /home/ziad/Ziad_WS/ROS2/work_space/install/custom_robot/share/custom_robot/models/aws_robomaker_residential_Trash_01/materials
[0.303s] -- Up-to-date: /home/ziad/Ziad_WS/ROS2/work_space/install/custom_robot/share/custom_robot/models/aws_robomaker_residential_Trash_01/materials/textures
[0.303s] -- Up-to-date: /home/ziad/Ziad_WS/ROS2/work_space/install/custom_robot/share/custom_robot/models/aws_robomaker_residential_Trash_01/materials/textures/aws_Trash_01.png
[0.303s] -- Up-to-date: /home/ziad/Ziad_WS/ROS2/work_space/install/custom_robot/share/custom_robot/models/aws_robomaker_residential_Trash_01/model.config
[0.303s] -- Up-to-date: /home/ziad/Ziad_WS/ROS2/work_space/install/custom_robot/share/custom_robot/models/aws_robomaker_residential_Trash_01/model.sdf
[0.303s] -- Up-to-date: /home/ziad/Ziad_WS/ROS2/work_space/install/custom_robot/share/custom_robot/models/aws_robomaker_residential_Carpet_01
[0.308s] -- Up-to-date: /home/ziad/Ziad_WS/ROS2/work_space/install/custom_robot/share/custom_robot/models/aws_robomaker_residential_Carpet_01/meshes
[0.308s] -- Up-to-date: /home/ziad/Ziad_WS/ROS2/work_space/install/custom_robot/share/custom_robot/models/aws_robomaker_residential_Carpet_01/meshes/aws_Carpet_01_collision.DAE
[0.308s] -- Up-to-date: /home/ziad/Ziad_WS/ROS2/work_space/install/custom_robot/share/custom_robot/models/aws_robomaker_residential_Carpet_01/meshes/aws_Carpet_01_visual.DAE
[0.308s] -- Up-to-date: /home/ziad/Ziad_WS/ROS2/work_space/install/custom_robot/share/custom_robot/models/aws_robomaker_residential_Carpet_01/materials
[0.308s] -- Up-to-date: /home/ziad/Ziad_WS/ROS2/work_space/install/custom_robot/share/custom_robot/models/aws_robomaker_residential_Carpet_01/materials/textures
[0.309s] -- Up-to-date: /home/ziad/Ziad_WS/ROS2/work_space/install/custom_robot/share/custom_robot/models/aws_robomaker_residential_Carpet_01/materials/textures/aws_Carpet_01.png
[0.309s] -- Up-to-date: /home/ziad/Ziad_WS/ROS2/work_space/install/custom_robot/share/custom_robot/models/aws_robomaker_residential_Carpet_01/model.config
[0.309s] -- Up-to-date: /home/ziad/Ziad_WS/ROS2/work_space/install/custom_robot/share/custom_robot/models/aws_robomaker_residential_Carpet_01/model.sdf
[0.309s] -- Up-to-date: /home/ziad/Ziad_WS/ROS2/work_space/install/custom_robot/share/custom_robot/models/aws_robomaker_hospital_nursesstation_01
[0.309s] -- Up-to-date: /home/ziad/Ziad_WS/ROS2/work_space/install/custom_robot/share/custom_robot/models/aws_robomaker_hospital_nursesstation_01/meshes
[0.309s] -- Up-to-date: /home/ziad/Ziad_WS/ROS2/work_space/install/custom_robot/share/custom_robot/models/aws_robomaker_hospital_nursesstation_01/meshes/aws_robomaker_hospital_nursesstation_01_low.png
[0.309s] -- Up-to-date: /home/ziad/Ziad_WS/ROS2/work_space/install/custom_robot/share/custom_robot/models/aws_robomaker_hospital_nursesstation_01/meshes/aws_robomaker_hospital_nursesstation_01_visual.png
[0.310s] -- Up-to-date: /home/ziad/Ziad_WS/ROS2/work_space/install/custom_robot/share/custom_robot/models/aws_robomaker_hospital_nursesstation_01/meshes/aws_robomaker_hospital_nursesstation_01_low_normal.png
[0.310s] -- Up-to-date: /home/ziad/Ziad_WS/ROS2/work_space/install/custom_robot/share/custom_robot/models/aws_robomaker_hospital_nursesstation_01/meshes/aws_robomaker_hospital_nursesstation_01_visual.dae
[0.310s] -- Up-to-date: /home/ziad/Ziad_WS/ROS2/work_space/install/custom_robot/share/custom_robot/models/aws_robomaker_hospital_nursesstation_01/meshes/aws_robomaker_hospital_nursesstation_01_low.dae
[0.310s] -- Up-to-date: /home/ziad/Ziad_WS/ROS2/work_space/install/custom_robot/share/custom_robot/models/aws_robomaker_hospital_nursesstation_01/meshes/aws_robomaker_hospital_nursesstation_01_collision.dae
[0.310s] -- Up-to-date: /home/ziad/Ziad_WS/ROS2/work_space/install/custom_robot/share/custom_robot/models/aws_robomaker_hospital_nursesstation_01/meshes/aws_robomaker_hospital_nursesstation_01_visual_normal.png
[0.310s] -- Up-to-date: /home/ziad/Ziad_WS/ROS2/work_space/install/custom_robot/share/custom_robot/models/aws_robomaker_hospital_nursesstation_01/model.config
[0.311s] -- Up-to-date: /home/ziad/Ziad_WS/ROS2/work_space/install/custom_robot/share/custom_robot/models/aws_robomaker_hospital_nursesstation_01/model.sdf
[0.311s] -- Up-to-date: /home/ziad/Ziad_WS/ROS2/work_space/install/custom_robot/share/custom_robot/models/aws_robomaker_residential_PortraitB_02
[0.312s] -- Up-to-date: /home/ziad/Ziad_WS/ROS2/work_space/install/custom_robot/share/custom_robot/models/aws_robomaker_residential_PortraitB_02/meshes
[0.312s] -- Up-to-date: /home/ziad/Ziad_WS/ROS2/work_space/install/custom_robot/share/custom_robot/models/aws_robomaker_residential_PortraitB_02/meshes/aws_PortraitB_01_visual.DAE
[0.312s] -- Up-to-date: /home/ziad/Ziad_WS/ROS2/work_space/install/custom_robot/share/custom_robot/models/aws_robomaker_residential_PortraitB_02/meshes/aws_PortraitB_01_collision.DAE
[0.312s] -- Up-to-date: /home/ziad/Ziad_WS/ROS2/work_space/install/custom_robot/share/custom_robot/models/aws_robomaker_residential_PortraitB_02/materials
[0.312s] -- Up-to-date: /home/ziad/Ziad_WS/ROS2/work_space/install/custom_robot/share/custom_robot/models/aws_robomaker_residential_PortraitB_02/materials/textures
[0.312s] -- Up-to-date: /home/ziad/Ziad_WS/ROS2/work_space/install/custom_robot/share/custom_robot/models/aws_robomaker_residential_PortraitB_02/materials/textures/aws_PortraitB_02.png
[0.312s] -- Up-to-date: /home/ziad/Ziad_WS/ROS2/work_space/install/custom_robot/share/custom_robot/models/aws_robomaker_residential_PortraitB_02/materials/textures/aws_PortraitB_01.png
[0.312s] -- Up-to-date: /home/ziad/Ziad_WS/ROS2/work_space/install/custom_robot/share/custom_robot/models/aws_robomaker_residential_PortraitB_02/model.config
[0.313s] -- Up-to-date: /home/ziad/Ziad_WS/ROS2/work_space/install/custom_robot/share/custom_robot/models/aws_robomaker_residential_PortraitB_02/model.sdf
[0.313s] -- Up-to-date: /home/ziad/Ziad_WS/ROS2/work_space/install/custom_robot/share/custom_robot/models/aws_robomaker_residential_PortraitA_01
[0.313s] -- Up-to-date: /home/ziad/Ziad_WS/ROS2/work_space/install/custom_robot/share/custom_robot/models/aws_robomaker_residential_PortraitA_01/meshes
[0.313s] -- Up-to-date: /home/ziad/Ziad_WS/ROS2/work_space/install/custom_robot/share/custom_robot/models/aws_robomaker_residential_PortraitA_01/meshes/aws_PortraitA_01_visual.DAE
[0.313s] -- Up-to-date: /home/ziad/Ziad_WS/ROS2/work_space/install/custom_robot/share/custom_robot/models/aws_robomaker_residential_PortraitA_01/meshes/aws_PortraitA_01_collision.DAE
[0.313s] -- Up-to-date: /home/ziad/Ziad_WS/ROS2/work_space/install/custom_robot/share/custom_robot/models/aws_robomaker_residential_PortraitA_01/materials
[0.314s] -- Up-to-date: /home/ziad/Ziad_WS/ROS2/work_space/install/custom_robot/share/custom_robot/models/aws_robomaker_residential_PortraitA_01/materials/textures
[0.314s] -- Up-to-date: /home/ziad/Ziad_WS/ROS2/work_space/install/custom_robot/share/custom_robot/models/aws_robomaker_residential_PortraitA_01/materials/textures/aws_PortraitA_02.png
[0.314s] -- Up-to-date: /home/ziad/Ziad_WS/ROS2/work_space/install/custom_robot/share/custom_robot/models/aws_robomaker_residential_PortraitA_01/materials/textures/aws_PortraitA_01.png
[0.314s] -- Up-to-date: /home/ziad/Ziad_WS/ROS2/work_space/install/custom_robot/share/custom_robot/models/aws_robomaker_residential_PortraitA_01/model.config
[0.314s] -- Up-to-date: /home/ziad/Ziad_WS/ROS2/work_space/install/custom_robot/share/custom_robot/models/aws_robomaker_residential_PortraitA_01/model.sdf
[0.314s] -- Up-to-date: /home/ziad/Ziad_WS/ROS2/work_space/install/custom_robot/share/custom_robot/models/aws_robomaker_residential_PortraitB_01
[0.314s] -- Up-to-date: /home/ziad/Ziad_WS/ROS2/work_space/install/custom_robot/share/custom_robot/models/aws_robomaker_residential_PortraitB_01/meshes
[0.314s] -- Up-to-date: /home/ziad/Ziad_WS/ROS2/work_space/install/custom_robot/share/custom_robot/models/aws_robomaker_residential_PortraitB_01/meshes/aws_PortraitB_01_visual.DAE
[0.315s] -- Up-to-date: /home/ziad/Ziad_WS/ROS2/work_space/install/custom_robot/share/custom_robot/models/aws_robomaker_residential_PortraitB_01/meshes/aws_PortraitB_01_collision.DAE
[0.318s] -- Up-to-date: /home/ziad/Ziad_WS/ROS2/work_space/install/custom_robot/share/custom_robot/models/aws_robomaker_residential_PortraitB_01/materials
[0.318s] -- Up-to-date: /home/ziad/Ziad_WS/ROS2/work_space/install/custom_robot/share/custom_robot/models/aws_robomaker_residential_PortraitB_01/materials/textures
[0.318s] -- Up-to-date: /home/ziad/Ziad_WS/ROS2/work_space/install/custom_robot/share/custom_robot/models/aws_robomaker_residential_PortraitB_01/materials/textures/aws_PortraitB_02.png
[0.318s] -- Up-to-date: /home/ziad/Ziad_WS/ROS2/work_space/install/custom_robot/share/custom_robot/models/aws_robomaker_residential_PortraitB_01/materials/textures/aws_PortraitB_01.png
[0.318s] -- Up-to-date: /home/ziad/Ziad_WS/ROS2/work_space/install/custom_robot/share/custom_robot/models/aws_robomaker_residential_PortraitB_01/model.config
[0.318s] -- Up-to-date: /home/ziad/Ziad_WS/ROS2/work_space/install/custom_robot/share/custom_robot/models/aws_robomaker_residential_PortraitB_01/model.sdf
[0.318s] -- Up-to-date: /home/ziad/Ziad_WS/ROS2/work_space/install/custom_robot/share/custom_robot/models/aws_robomaker_residential_TV_02
[0.319s] -- Up-to-date: /home/ziad/Ziad_WS/ROS2/work_space/install/custom_robot/share/custom_robot/models/aws_robomaker_residential_TV_02/meshes
[0.319s] -- Up-to-date: /home/ziad/Ziad_WS/ROS2/work_space/install/custom_robot/share/custom_robot/models/aws_robomaker_residential_TV_02/meshes/aws_TV_01_visual.DAE
[0.319s] -- Up-to-date: /home/ziad/Ziad_WS/ROS2/work_space/install/custom_robot/share/custom_robot/models/aws_robomaker_residential_TV_02/meshes/aws_TV_01_collision.DAE
[0.319s] -- Up-to-date: /home/ziad/Ziad_WS/ROS2/work_space/install/custom_robot/share/custom_robot/models/aws_robomaker_residential_TV_02/materials
[0.319s] -- Up-to-date: /home/ziad/Ziad_WS/ROS2/work_space/install/custom_robot/share/custom_robot/models/aws_robomaker_residential_TV_02/materials/textures
[0.319s] -- Up-to-date: /home/ziad/Ziad_WS/ROS2/work_space/install/custom_robot/share/custom_robot/models/aws_robomaker_residential_TV_02/materials/textures/aws_TV_01.png
[0.319s] -- Up-to-date: /home/ziad/Ziad_WS/ROS2/work_space/install/custom_robot/share/custom_robot/models/aws_robomaker_residential_TV_02/model.config
[0.320s] -- Up-to-date: /home/ziad/Ziad_WS/ROS2/work_space/install/custom_robot/share/custom_robot/models/aws_robomaker_residential_TV_02/model.sdf
[0.320s] -- Up-to-date: /home/ziad/Ziad_WS/ROS2/work_space/install/custom_robot/share/custom_robot/models/aws_robomaker_hospital_floor_02_floor
[0.320s] -- Up-to-date: /home/ziad/Ziad_WS/ROS2/work_space/install/custom_robot/share/custom_robot/models/aws_robomaker_hospital_floor_02_floor/meshes
[0.320s] -- Up-to-date: /home/ziad/Ziad_WS/ROS2/work_space/install/custom_robot/share/custom_robot/models/aws_robomaker_hospital_floor_02_floor/meshes/aws_robomaker_hospital_floor_02_floor_collision.dae
[0.320s] -- Up-to-date: /home/ziad/Ziad_WS/ROS2/work_space/install/custom_robot/share/custom_robot/models/aws_robomaker_hospital_floor_02_floor/meshes/aws_robomaker_hospital_floor_02_floor_visual.dae
[0.320s] -- Up-to-date: /home/ziad/Ziad_WS/ROS2/work_space/install/custom_robot/share/custom_robot/models/aws_robomaker_hospital_floor_02_floor/meshes/aws_robomaker_hospital_floor_02_floor_normal.png
[0.320s] -- Up-to-date: /home/ziad/Ziad_WS/ROS2/work_space/install/custom_robot/share/custom_robot/models/aws_robomaker_hospital_floor_02_floor/meshes/aws_robomaker_hospital_floor_02_floor.png
[0.320s] -- Up-to-date: /home/ziad/Ziad_WS/ROS2/work_space/install/custom_robot/share/custom_robot/models/aws_robomaker_hospital_floor_02_floor/model.config
[0.321s] -- Up-to-date: /home/ziad/Ziad_WS/ROS2/work_space/install/custom_robot/share/custom_robot/models/aws_robomaker_hospital_floor_02_floor/model.sdf
[0.321s] -- Up-to-date: /home/ziad/Ziad_WS/ROS2/work_space/install/custom_robot/share/custom_robot/models/aws_robomaker_hospital_floor_02_ceiling
[0.321s] -- Up-to-date: /home/ziad/Ziad_WS/ROS2/work_space/install/custom_robot/share/custom_robot/models/aws_robomaker_hospital_floor_02_ceiling/meshes
[0.322s] -- Up-to-date: /home/ziad/Ziad_WS/ROS2/work_space/install/custom_robot/share/custom_robot/models/aws_robomaker_hospital_floor_02_ceiling/meshes/aws_robomaker_hospital_floor_02_ceiling_visual.dae
[0.322s] -- Up-to-date: /home/ziad/Ziad_WS/ROS2/work_space/install/custom_robot/share/custom_robot/models/aws_robomaker_hospital_floor_02_ceiling/meshes/aws_robomaker_hospital_floor_02_ceiling_collision.dae
[0.322s] -- Up-to-date: /home/ziad/Ziad_WS/ROS2/work_space/install/custom_robot/share/custom_robot/models/aws_robomaker_hospital_floor_02_ceiling/meshes/aws_robomaker_hospital_floor_02_ceiling_normal.png
[0.322s] -- Up-to-date: /home/ziad/Ziad_WS/ROS2/work_space/install/custom_robot/share/custom_robot/models/aws_robomaker_hospital_floor_02_ceiling/meshes/aws_robomaker_hospital_floor_02_ceiling.png
[0.322s] -- Up-to-date: /home/ziad/Ziad_WS/ROS2/work_space/install/custom_robot/share/custom_robot/models/aws_robomaker_hospital_floor_02_ceiling/materials
[0.322s] -- Up-to-date: /home/ziad/Ziad_WS/ROS2/work_space/install/custom_robot/share/custom_robot/models/aws_robomaker_hospital_floor_02_ceiling/materials/model.sdf
[0.323s] -- Up-to-date: /home/ziad/Ziad_WS/ROS2/work_space/install/custom_robot/share/custom_robot/models/aws_robomaker_hospital_floor_02_ceiling/model.config
[0.323s] -- Up-to-date: /home/ziad/Ziad_WS/ROS2/work_space/install/custom_robot/share/custom_robot/models/aws_robomaker_hospital_floor_02_ceiling/model.sdf
[0.323s] -- Up-to-date: /home/ziad/Ziad_WS/ROS2/work_space/install/custom_robot/share/custom_robot/models/aws_robomaker_hospital_curtain_closed_01
[0.323s] -- Up-to-date: /home/ziad/Ziad_WS/ROS2/work_space/install/custom_robot/share/custom_robot/models/aws_robomaker_hospital_curtain_closed_01/meshes
[0.323s] -- Up-to-date: /home/ziad/Ziad_WS/ROS2/work_space/install/custom_robot/share/custom_robot/models/aws_robomaker_hospital_curtain_closed_01/meshes/aws_robomaker_hospital_curtain_closed_01_low.png
[0.323s] -- Up-to-date: /home/ziad/Ziad_WS/ROS2/work_space/install/custom_robot/share/custom_robot/models/aws_robomaker_hospital_curtain_closed_01/meshes/aws_robomaker_hospital_curtain_closed_01_collision.dae
[0.323s] -- Up-to-date: /home/ziad/Ziad_WS/ROS2/work_space/install/custom_robot/share/custom_robot/models/aws_robomaker_hospital_curtain_closed_01/meshes/aws_robomaker_hospital_curtainrail_01_visual_normal.png
[0.325s] -- Up-to-date: /home/ziad/Ziad_WS/ROS2/work_space/install/custom_robot/share/custom_robot/models/aws_robomaker_hospital_curtain_closed_01/meshes/aws_robomaker_hospital_curtainrail_01_low_normal.png
[0.325s] -- Up-to-date: /home/ziad/Ziad_WS/ROS2/work_space/install/custom_robot/share/custom_robot/models/aws_robomaker_hospital_curtain_closed_01/meshes/aws_robomaker_hospital_curtain_closed_01_visual.dae
[0.325s] -- Up-to-date: /home/ziad/Ziad_WS/ROS2/work_space/install/custom_robot/share/custom_robot/models/aws_robomaker_hospital_curtain_closed_01/meshes/aws_robomaker_hospital_curtain_closed_01_visual.png
[0.325s] -- Up-to-date: /home/ziad/Ziad_WS/ROS2/work_space/install/custom_robot/share/custom_robot/models/aws_robomaker_hospital_curtain_closed_01/meshes/aws_robomaker_hospital_curtain_closed_01_visual_normal.png
[0.325s] -- Up-to-date: /home/ziad/Ziad_WS/ROS2/work_space/install/custom_robot/share/custom_robot/models/aws_robomaker_hospital_curtain_closed_01/meshes/aws_robomaker_hospital_curtainrail_01_low.png
[0.326s] -- Up-to-date: /home/ziad/Ziad_WS/ROS2/work_space/install/custom_robot/share/custom_robot/models/aws_robomaker_hospital_curtain_closed_01/meshes/aws_robomaker_hospital_curtainrail_01_visual.png
[0.326s] -- Up-to-date: /home/ziad/Ziad_WS/ROS2/work_space/install/custom_robot/share/custom_robot/models/aws_robomaker_hospital_curtain_closed_01/meshes/aws_robomaker_hospital_curtain_closed_01_low_normal.png
[0.326s] -- Up-to-date: /home/ziad/Ziad_WS/ROS2/work_space/install/custom_robot/share/custom_robot/models/aws_robomaker_hospital_curtain_closed_01/model.config
[0.326s] -- Up-to-date: /home/ziad/Ziad_WS/ROS2/work_space/install/custom_robot/share/custom_robot/models/aws_robomaker_hospital_curtain_closed_01/model.sdf
[0.326s] -- Up-to-date: /home/ziad/Ziad_WS/ROS2/work_space/install/custom_robot/share/custom_robot/models/aws_robomaker_warehouse_ClutteringC_01
[0.326s] -- Up-to-date: /home/ziad/Ziad_WS/ROS2/work_space/install/custom_robot/share/custom_robot/models/aws_robomaker_warehouse_ClutteringC_01/meshes
[0.326s] -- Up-to-date: /home/ziad/Ziad_WS/ROS2/work_space/install/custom_robot/share/custom_robot/models/aws_robomaker_warehouse_ClutteringC_01/meshes/aws_robomaker_warehouse_ClutteringC_01_collision.DAE
[0.326s] -- Up-to-date: /home/ziad/Ziad_WS/ROS2/work_space/install/custom_robot/share/custom_robot/models/aws_robomaker_warehouse_ClutteringC_01/meshes/aws_robomaker_warehouse_ClutteringC_01_visual.DAE
[0.327s] -- Up-to-date: /home/ziad/Ziad_WS/ROS2/work_space/install/custom_robot/share/custom_robot/models/aws_robomaker_warehouse_ClutteringC_01/materials
[0.327s] -- Up-to-date: /home/ziad/Ziad_WS/ROS2/work_space/install/custom_robot/share/custom_robot/models/aws_robomaker_warehouse_ClutteringC_01/materials/textures
[0.327s] -- Up-to-date: /home/ziad/Ziad_WS/ROS2/work_space/install/custom_robot/share/custom_robot/models/aws_robomaker_warehouse_ClutteringC_01/materials/textures/aws_robomaker_warehouse_ClutteringC_02.png
[0.327s] -- Up-to-date: /home/ziad/Ziad_WS/ROS2/work_space/install/custom_robot/share/custom_robot/models/aws_robomaker_warehouse_ClutteringC_01/materials/textures/aws_robomaker_warehouse_ClutteringC_01.png
[0.327s] -- Up-to-date: /home/ziad/Ziad_WS/ROS2/work_space/install/custom_robot/share/custom_robot/models/aws_robomaker_warehouse_ClutteringC_01/model.config
[0.327s] -- Up-to-date: /home/ziad/Ziad_WS/ROS2/work_space/install/custom_robot/share/custom_robot/models/aws_robomaker_warehouse_ClutteringC_01/model.sdf
[0.327s] -- Up-to-date: /home/ziad/Ziad_WS/ROS2/work_space/install/custom_robot/share/custom_robot/models/aws_robomaker_retail_Computer_01
[0.328s] -- Up-to-date: /home/ziad/Ziad_WS/ROS2/work_space/install/custom_robot/share/custom_robot/models/aws_robomaker_retail_Computer_01/meshes
[0.331s] -- Up-to-date: /home/ziad/Ziad_WS/ROS2/work_space/install/custom_robot/share/custom_robot/models/aws_robomaker_retail_Computer_01/meshes/aws_Computer_01_visual.DAE
[0.331s] -- Up-to-date: /home/ziad/Ziad_WS/ROS2/work_space/install/custom_robot/share/custom_robot/models/aws_robomaker_retail_Computer_01/meshes/aws_Computer_01_collision.DAE
[0.331s] -- Up-to-date: /home/ziad/Ziad_WS/ROS2/work_space/install/custom_robot/share/custom_robot/models/aws_robomaker_retail_Computer_01/materials
[0.331s] -- Up-to-date: /home/ziad/Ziad_WS/ROS2/work_space/install/custom_robot/share/custom_robot/models/aws_robomaker_retail_Computer_01/materials/textures
[0.331s] -- Up-to-date: /home/ziad/Ziad_WS/ROS2/work_space/install/custom_robot/share/custom_robot/models/aws_robomaker_retail_Computer_01/materials/textures/aws_Computer_01.png
[0.332s] -- Up-to-date: /home/ziad/Ziad_WS/ROS2/work_space/install/custom_robot/share/custom_robot/models/aws_robomaker_retail_Computer_01/model.config
[0.332s] -- Up-to-date: /home/ziad/Ziad_WS/ROS2/work_space/install/custom_robot/share/custom_robot/models/aws_robomaker_retail_Computer_01/model.sdf
[0.332s] -- Up-to-date: /home/ziad/Ziad_WS/ROS2/work_space/install/custom_robot/share/custom_robot/models/aws_robomaker_hospital_floor_01_walls
[0.332s] -- Up-to-date: /home/ziad/Ziad_WS/ROS2/work_space/install/custom_robot/share/custom_robot/models/aws_robomaker_hospital_floor_01_walls/meshes
[0.332s] -- Up-to-date: /home/ziad/Ziad_WS/ROS2/work_space/install/custom_robot/share/custom_robot/models/aws_robomaker_hospital_floor_01_walls/meshes/aws_robomaker_hospital_floor_01_stairs.png
[0.332s] -- Up-to-date: /home/ziad/Ziad_WS/ROS2/work_space/install/custom_robot/share/custom_robot/models/aws_robomaker_hospital_floor_01_walls/meshes/aws_robomaker_hospital_floor_01_doorframes_small.png
[0.332s] -- Up-to-date: /home/ziad/Ziad_WS/ROS2/work_space/install/custom_robot/share/custom_robot/models/aws_robomaker_hospital_floor_01_walls/meshes/aws_robomaker_hospital_floor_01_doorframes_big.png
[0.333s] -- Up-to-date: /home/ziad/Ziad_WS/ROS2/work_space/install/custom_robot/share/custom_robot/models/aws_robomaker_hospital_floor_01_walls/meshes/aws_robomaker_hospital_floor_01_walls.png
[0.333s] -- Up-to-date: /home/ziad/Ziad_WS/ROS2/work_space/install/custom_robot/share/custom_robot/models/aws_robomaker_hospital_floor_01_walls/meshes/aws_robomaker_hospital_floor_01_bumprail.png
[0.333s] -- Up-to-date: /home/ziad/Ziad_WS/ROS2/work_space/install/custom_robot/share/custom_robot/models/aws_robomaker_hospital_floor_01_walls/meshes/aws_robomaker_hospital_floor_01_walls_collision.dae
[0.333s] -- Up-to-date: /home/ziad/Ziad_WS/ROS2/work_space/install/custom_robot/share/custom_robot/models/aws_robomaker_hospital_floor_01_walls/meshes/aws_robomaker_hospital_floor_01_handrail.png
[0.333s] -- Up-to-date: /home/ziad/Ziad_WS/ROS2/work_space/install/custom_robot/share/custom_robot/models/aws_robomaker_hospital_floor_01_walls/meshes/aws_robomaker_hospital_floor_01_doorsign.png
[0.333s] -- Up-to-date: /home/ziad/Ziad_WS/ROS2/work_space/install/custom_robot/share/custom_robot/models/aws_robomaker_hospital_floor_01_walls/meshes/aws_robomaker_hospital_floor_01_walls_visual.dae
[0.337s] -- Up-to-date: /home/ziad/Ziad_WS/ROS2/work_space/install/custom_robot/share/custom_robot/models/aws_robomaker_hospital_floor_01_walls/meshes/aws_robomaker_hospital_floor_01_windows.png
[0.337s] -- Up-to-date: /home/ziad/Ziad_WS/ROS2/work_space/install/custom_robot/share/custom_robot/models/aws_robomaker_hospital_floor_01_walls/model.config
[0.337s] -- Up-to-date: /home/ziad/Ziad_WS/ROS2/work_space/install/custom_robot/share/custom_robot/models/aws_robomaker_hospital_floor_01_walls/model.sdf
[0.337s] -- Up-to-date: /home/ziad/Ziad_WS/ROS2/work_space/install/custom_robot/share/custom_robot/models/aws_robomaker_residential_PortraitD_02
[0.338s] -- Up-to-date: /home/ziad/Ziad_WS/ROS2/work_space/install/custom_robot/share/custom_robot/models/aws_robomaker_residential_PortraitD_02/meshes
[0.339s] -- Up-to-date: /home/ziad/Ziad_WS/ROS2/work_space/install/custom_robot/share/custom_robot/models/aws_robomaker_residential_PortraitD_02/meshes/aws_PortraitD_01_visual.DAE
[0.340s] -- Up-to-date: /home/ziad/Ziad_WS/ROS2/work_space/install/custom_robot/share/custom_robot/models/aws_robomaker_residential_PortraitD_02/meshes/aws_PortraitD_01_collision.DAE
[0.340s] -- Up-to-date: /home/ziad/Ziad_WS/ROS2/work_space/install/custom_robot/share/custom_robot/models/aws_robomaker_residential_PortraitD_02/materials
[0.340s] -- Up-to-date: /home/ziad/Ziad_WS/ROS2/work_space/install/custom_robot/share/custom_robot/models/aws_robomaker_residential_PortraitD_02/materials/textures
[0.340s] -- Up-to-date: /home/ziad/Ziad_WS/ROS2/work_space/install/custom_robot/share/custom_robot/models/aws_robomaker_residential_PortraitD_02/materials/textures/aws_PortraitD_02.png
[0.341s] -- Up-to-date: /home/ziad/Ziad_WS/ROS2/work_space/install/custom_robot/share/custom_robot/models/aws_robomaker_residential_PortraitD_02/materials/textures/aws_PortraitD_01.png
[0.341s] -- Up-to-date: /home/ziad/Ziad_WS/ROS2/work_space/install/custom_robot/share/custom_robot/models/aws_robomaker_residential_PortraitD_02/model.config
[0.341s] -- Up-to-date: /home/ziad/Ziad_WS/ROS2/work_space/install/custom_robot/share/custom_robot/models/aws_robomaker_residential_PortraitD_02/model.sdf
[0.341s] -- Up-to-date: /home/ziad/Ziad_WS/ROS2/work_space/install/custom_robot/share/custom_robot/models/aws_robomaker_residential_Refrigerator_01
[0.341s] -- Up-to-date: /home/ziad/Ziad_WS/ROS2/work_space/install/custom_robot/share/custom_robot/models/aws_robomaker_residential_Refrigerator_01/meshes
[0.341s] -- Up-to-date: /home/ziad/Ziad_WS/ROS2/work_space/install/custom_robot/share/custom_robot/models/aws_robomaker_residential_Refrigerator_01/meshes/aws_Refrigerator_01.DAE
[0.341s] -- Up-to-date: /home/ziad/Ziad_WS/ROS2/work_space/install/custom_robot/share/custom_robot/models/aws_robomaker_residential_Refrigerator_01/meshes/aws_Refrigerator_01_collision.DAE
[0.341s] -- Up-to-date: /home/ziad/Ziad_WS/ROS2/work_space/install/custom_robot/share/custom_robot/models/aws_robomaker_residential_Refrigerator_01/meshes/aws_Refrigerator_01_visual.DAE
[0.342s] -- Up-to-date: /home/ziad/Ziad_WS/ROS2/work_space/install/custom_robot/share/custom_robot/models/aws_robomaker_residential_Refrigerator_01/materials
[0.342s] -- Up-to-date: /home/ziad/Ziad_WS/ROS2/work_space/install/custom_robot/share/custom_robot/models/aws_robomaker_residential_Refrigerator_01/materials/textures
[0.342s] -- Up-to-date: /home/ziad/Ziad_WS/ROS2/work_space/install/custom_robot/share/custom_robot/models/aws_robomaker_residential_Refrigerator_01/materials/textures/aws_Refrigerator_01.png
[0.342s] -- Up-to-date: /home/ziad/Ziad_WS/ROS2/work_space/install/custom_robot/share/custom_robot/models/aws_robomaker_residential_Refrigerator_01/materials/textures/aws_Refrigerator_02.png
[0.342s] -- Up-to-date: /home/ziad/Ziad_WS/ROS2/work_space/install/custom_robot/share/custom_robot/models/aws_robomaker_residential_Refrigerator_01/model.config
[0.342s] -- Up-to-date: /home/ziad/Ziad_WS/ROS2/work_space/install/custom_robot/share/custom_robot/models/aws_robomaker_residential_Refrigerator_01/model.sdf
[0.342s] -- Up-to-date: /home/ziad/Ziad_WS/ROS2/work_space/install/custom_robot/share/custom_robot/models/aws_robomaker_residential_KitchenCabinet_01
[0.343s] -- Up-to-date: /home/ziad/Ziad_WS/ROS2/work_space/install/custom_robot/share/custom_robot/models/aws_robomaker_residential_KitchenCabinet_01/meshes
[0.346s] -- Up-to-date: /home/ziad/Ziad_WS/ROS2/work_space/install/custom_robot/share/custom_robot/models/aws_robomaker_residential_KitchenCabinet_01/meshes/aws_KitchenCabinet_01_collision.DAE
[0.346s] -- Up-to-date: /home/ziad/Ziad_WS/ROS2/work_space/install/custom_robot/share/custom_robot/models/aws_robomaker_residential_KitchenCabinet_01/meshes/aws_KitchenCabinet_01_visual.DAE
[0.347s] -- Up-to-date: /home/ziad/Ziad_WS/ROS2/work_space/install/custom_robot/share/custom_robot/models/aws_robomaker_residential_KitchenCabinet_01/materials
[0.347s] -- Up-to-date: /home/ziad/Ziad_WS/ROS2/work_space/install/custom_robot/share/custom_robot/models/aws_robomaker_residential_KitchenCabinet_01/materials/textures
[0.347s] -- Up-to-date: /home/ziad/Ziad_WS/ROS2/work_space/install/custom_robot/share/custom_robot/models/aws_robomaker_residential_KitchenCabinet_01/materials/textures/aws_KitchenCabinet_01.png
[0.347s] -- Up-to-date: /home/ziad/Ziad_WS/ROS2/work_space/install/custom_robot/share/custom_robot/models/aws_robomaker_residential_KitchenCabinet_01/model.config
[0.347s] -- Up-to-date: /home/ziad/Ziad_WS/ROS2/work_space/install/custom_robot/share/custom_robot/models/aws_robomaker_residential_KitchenCabinet_01/model.sdf
[0.347s] -- Up-to-date: /home/ziad/Ziad_WS/ROS2/work_space/install/custom_robot/share/custom_robot/models/aws_robomaker_hospital_elevator_01_door
[0.348s] -- Up-to-date: /home/ziad/Ziad_WS/ROS2/work_space/install/custom_robot/share/custom_robot/models/aws_robomaker_hospital_elevator_01_door/meshes
[0.348s] -- Up-to-date: /home/ziad/Ziad_WS/ROS2/work_space/install/custom_robot/share/custom_robot/models/aws_robomaker_hospital_elevator_01_door/meshes/aws_robomaker_hospital_elevator_01_low_normal.png
[0.348s] -- Up-to-date: /home/ziad/Ziad_WS/ROS2/work_space/install/custom_robot/share/custom_robot/models/aws_robomaker_hospital_elevator_01_door/meshes/aws_robomaker_hospital_elevator_01_door_visual.dae
[0.353s] -- Up-to-date: /home/ziad/Ziad_WS/ROS2/work_space/install/custom_robot/share/custom_robot/models/aws_robomaker_hospital_elevator_01_door/meshes/aws_robomaker_hospital_elevator_01_low.png
[0.353s] -- Up-to-date: /home/ziad/Ziad_WS/ROS2/work_space/install/custom_robot/share/custom_robot/models/aws_robomaker_hospital_elevator_01_door/meshes/aws_robomaker_hospital_elevator_01_door_low.dae
[0.353s] -- Up-to-date: /home/ziad/Ziad_WS/ROS2/work_space/install/custom_robot/share/custom_robot/models/aws_robomaker_hospital_elevator_01_door/meshes/aws_robomaker_hospital_elevator_01_visual_normal.png
[0.354s] -- Up-to-date: /home/ziad/Ziad_WS/ROS2/work_space/install/custom_robot/share/custom_robot/models/aws_robomaker_hospital_elevator_01_door/meshes/aws_robomaker_hospital_elevator_01_door_collision.dae
[0.354s] -- Up-to-date: /home/ziad/Ziad_WS/ROS2/work_space/install/custom_robot/share/custom_robot/models/aws_robomaker_hospital_elevator_01_door/meshes/aws_robomaker_hospital_elevator_01_visual.png
[0.354s] -- Up-to-date: /home/ziad/Ziad_WS/ROS2/work_space/install/custom_robot/share/custom_robot/models/aws_robomaker_hospital_elevator_01_door/model.config
[0.354s] -- Up-to-date: /home/ziad/Ziad_WS/ROS2/work_space/install/custom_robot/share/custom_robot/models/aws_robomaker_hospital_elevator_01_door/model.sdf
[0.354s] -- Up-to-date: /home/ziad/Ziad_WS/ROS2/work_space/install/custom_robot/share/ament_index/resource_index/package_run_dependencies/custom_robot
[0.354s] -- Up-to-date: /home/ziad/Ziad_WS/ROS2/work_space/install/custom_robot/share/ament_index/resource_index/parent_prefix_path/custom_robot
[0.354s] -- Up-to-date: /home/ziad/Ziad_WS/ROS2/work_space/install/custom_robot/share/custom_robot/environment/ament_prefix_path.sh
[0.356s] -- Up-to-date: /home/ziad/Ziad_WS/ROS2/work_space/install/custom_robot/share/custom_robot/environment/ament_prefix_path.dsv
[0.358s] -- Up-to-date: /home/ziad/Ziad_WS/ROS2/work_space/install/custom_robot/share/custom_robot/environment/path.sh
[0.358s] -- Up-to-date: /home/ziad/Ziad_WS/ROS2/work_space/install/custom_robot/share/custom_robot/environment/path.dsv
[0.358s] -- Up-to-date: /home/ziad/Ziad_WS/ROS2/work_space/install/custom_robot/share/custom_robot/local_setup.bash
[0.359s] -- Up-to-date: /home/ziad/Ziad_WS/ROS2/work_space/install/custom_robot/share/custom_robot/local_setup.sh
[0.359s] -- Up-to-date: /home/ziad/Ziad_WS/ROS2/work_space/install/custom_robot/share/custom_robot/local_setup.zsh
[0.359s] -- Up-to-date: /home/ziad/Ziad_WS/ROS2/work_space/install/custom_robot/share/custom_robot/local_setup.dsv
[0.359s] -- Installing: /home/ziad/Ziad_WS/ROS2/work_space/install/custom_robot/share/custom_robot/package.dsv
[0.359s] -- Up-to-date: /home/ziad/Ziad_WS/ROS2/work_space/install/custom_robot/share/ament_index/resource_index/packages/custom_robot
[0.359s] -- Up-to-date: /home/ziad/Ziad_WS/ROS2/work_space/install/custom_robot/share/custom_robot/cmake/custom_robotConfig.cmake
[0.359s] -- Up-to-date: /home/ziad/Ziad_WS/ROS2/work_space/install/custom_robot/share/custom_robot/cmake/custom_robotConfig-version.cmake
[0.363s] -- Up-to-date: /home/ziad/Ziad_WS/ROS2/work_space/install/custom_robot/share/custom_robot/package.xml
[0.372s] Invoked command in '/home/ziad/Ziad_WS/ROS2/work_space/build/custom_robot' returned '0': CMAKE_PREFIX_PATH=${CMAKE_PREFIX_PATH}:/opt/ros/humble /usr/bin/cmake --install /home/ziad/Ziad_WS/ROS2/work_space/build/custom_robot
