[0.035s] Invoking command in '/home/ziad/Ziad_WS/ROS2/work_space/build/diff_drive_robot': CMAKE_PREFIX_PATH=${CMAKE_PREFIX_PATH}:/opt/ros/humble /usr/bin/cmake --build /home/ziad/Ziad_WS/ROS2/work_space/build/diff_drive_robot -- -j4 -l4
[0.167s] Invoked command in '/home/ziad/Ziad_WS/ROS2/work_space/build/diff_drive_robot' returned '0': CMAKE_PREFIX_PATH=${CMAKE_PREFIX_PATH}:/opt/ros/humble /usr/bin/cmake --build /home/ziad/Ziad_WS/ROS2/work_space/build/diff_drive_robot -- -j4 -l4
[0.168s] Invoking command in '/home/ziad/Ziad_WS/ROS2/work_space/build/diff_drive_robot': CMAKE_PREFIX_PATH=${CMAKE_PREFIX_PATH}:/opt/ros/humble /usr/bin/cmake --install /home/ziad/Ziad_WS/ROS2/work_space/build/diff_drive_robot
[0.199s] -- Install configuration: ""
[0.199s] -- Up-to-date: /home/ziad/Ziad_WS/ROS2/work_space/install/diff_drive_robot/share/diff_drive_robot/launch
[0.204s] -- Installing: /home/ziad/Ziad_WS/ROS2/work_space/install/diff_drive_robot/share/diff_drive_robot/launch/robot_launch.py
[0.204s] -- Up-to-date: /home/ziad/Ziad_WS/ROS2/work_space/install/diff_drive_robot/share/diff_drive_robot/urdf
[0.204s] -- Up-to-date: /home/ziad/Ziad_WS/ROS2/work_space/install/diff_drive_robot/share/diff_drive_robot/urdf/diff_drive.urdf.xacro
[0.207s] -- Up-to-date: /home/ziad/Ziad_WS/ROS2/work_space/install/diff_drive_robot/share/ament_index/resource_index/package_run_dependencies/diff_drive_robot
[0.208s] -- Up-to-date: /home/ziad/Ziad_WS/ROS2/work_space/install/diff_drive_robot/share/ament_index/resource_index/parent_prefix_path/diff_drive_robot
[0.208s] -- Up-to-date: /home/ziad/Ziad_WS/ROS2/work_space/install/diff_drive_robot/share/diff_drive_robot/environment/ament_prefix_path.sh
[0.208s] -- Up-to-date: /home/ziad/Ziad_WS/ROS2/work_space/install/diff_drive_robot/share/diff_drive_robot/environment/ament_prefix_path.dsv
[0.208s] -- Up-to-date: /home/ziad/Ziad_WS/ROS2/work_space/install/diff_drive_robot/share/diff_drive_robot/environment/path.sh
[0.208s] -- Up-to-date: /home/ziad/Ziad_WS/ROS2/work_space/install/diff_drive_robot/share/diff_drive_robot/environment/path.dsv
[0.209s] -- Up-to-date: /home/ziad/Ziad_WS/ROS2/work_space/install/diff_drive_robot/share/diff_drive_robot/local_setup.bash
[0.209s] -- Up-to-date: /home/ziad/Ziad_WS/ROS2/work_space/install/diff_drive_robot/share/diff_drive_robot/local_setup.sh
[0.209s] -- Up-to-date: /home/ziad/Ziad_WS/ROS2/work_space/install/diff_drive_robot/share/diff_drive_robot/local_setup.zsh
[0.210s] -- Up-to-date: /home/ziad/Ziad_WS/ROS2/work_space/install/diff_drive_robot/share/diff_drive_robot/local_setup.dsv
[0.210s] -- Up-to-date: /home/ziad/Ziad_WS/ROS2/work_space/install/diff_drive_robot/share/diff_drive_robot/package.dsv
[0.210s] -- Up-to-date: /home/ziad/Ziad_WS/ROS2/work_space/install/diff_drive_robot/share/ament_index/resource_index/packages/diff_drive_robot
[0.210s] -- Up-to-date: /home/ziad/Ziad_WS/ROS2/work_space/install/diff_drive_robot/share/diff_drive_robot/cmake/diff_drive_robotConfig.cmake
[0.210s] -- Up-to-date: /home/ziad/Ziad_WS/ROS2/work_space/install/diff_drive_robot/share/diff_drive_robot/cmake/diff_drive_robotConfig-version.cmake
[0.211s] -- Up-to-date: /home/ziad/Ziad_WS/ROS2/work_space/install/diff_drive_robot/share/diff_drive_robot/package.xml
[0.268s] Invoked command in '/home/ziad/Ziad_WS/ROS2/work_space/build/diff_drive_robot' returned '0': CMAKE_PREFIX_PATH=${CMAKE_PREFIX_PATH}:/opt/ros/humble /usr/bin/cmake --install /home/ziad/Ziad_WS/ROS2/work_space/build/diff_drive_robot
