[0.037s] Invoking command in '/home/ziad/Ziad_WS/ROS2/work_space/build/ros2_action': CMAKE_PREFIX_PATH=${CMAKE_PREFIX_PATH}:/home/ziad/turtlebot3_ws/install/turtlebot3_teleop:/home/ziad/turtlebot3_ws/install/turtlebot3_example:/opt/ros/humble /usr/bin/cmake --build /home/ziad/Ziad_WS/ROS2/work_space/build/ros2_action -- -j4 -l4
[0.181s] [  2%] Built target ros2_action__cpp
[0.208s] [ 10%] Built target ros2_action__rosidl_generator_c
[0.262s] [ 10%] Built target ament_cmake_python_symlink_ros2_action
[0.280s] [ 19%] Built target ros2_action__rosidl_typesupport_cpp
[0.283s] [ 27%] Built target ros2_action__rosidl_typesupport_fastrtps_cpp
[0.286s] [ 36%] Built target ros2_action__rosidl_typesupport_introspection_cpp
[0.323s] [ 44%] Built target ros2_action__rosidl_typesupport_fastrtps_c
[0.324s] [ 53%] Built target ros2_action__rosidl_typesupport_introspection_c
[0.336s] [ 61%] Built target ros2_action__rosidl_typesupport_c
[0.389s] [ 65%] Built target add_two_ints_server
[0.416s] [ 70%] Built target add_two_ints_client
[0.435s] [ 74%] Built target countdown_server
[0.457s] [ 78%] Built target countdown_client
[0.469s] [ 78%] Built target ros2_action
[0.509s] [ 80%] Built target ros2_action__py
[0.551s] [ 87%] Built target ros2_action__rosidl_generator_py
[0.594s] [ 91%] Built target ros2_action__rosidl_typesupport_c__pyext
[0.594s] [ 95%] Built target ros2_action__rosidl_typesupport_fastrtps_c__pyext
[0.596s] [100%] Built target ros2_action__rosidl_typesupport_introspection_c__pyext
[1.034s] running egg_info
[1.066s] writing ros2_action.egg-info/PKG-INFO
[1.066s] writing dependency_links to ros2_action.egg-info/dependency_links.txt
[1.067s] writing top-level names to ros2_action.egg-info/top_level.txt
[1.159s] reading manifest file 'ros2_action.egg-info/SOURCES.txt'
[1.160s] writing manifest file 'ros2_action.egg-info/SOURCES.txt'
[1.221s] [100%] Built target ament_cmake_python_build_ros2_action_egg
[1.237s] Invoked command in '/home/ziad/Ziad_WS/ROS2/work_space/build/ros2_action' returned '0': CMAKE_PREFIX_PATH=${CMAKE_PREFIX_PATH}:/home/ziad/turtlebot3_ws/install/turtlebot3_teleop:/home/ziad/turtlebot3_ws/install/turtlebot3_example:/opt/ros/humble /usr/bin/cmake --build /home/ziad/Ziad_WS/ROS2/work_space/build/ros2_action -- -j4 -l4
[1.240s] Invoking command in '/home/ziad/Ziad_WS/ROS2/work_space/build/ros2_action': CMAKE_PREFIX_PATH=${CMAKE_PREFIX_PATH}:/home/ziad/turtlebot3_ws/install/turtlebot3_teleop:/home/ziad/turtlebot3_ws/install/turtlebot3_example:/opt/ros/humble /usr/bin/cmake --install /home/ziad/Ziad_WS/ROS2/work_space/build/ros2_action
[1.249s] -- Install configuration: ""
[1.250s] -- Execute custom install script
[1.250s] -- Up-to-date symlink: /home/ziad/Ziad_WS/ROS2/work_space/install/ros2_action/share/ament_index/resource_index/rosidl_interfaces/ros2_action
[1.251s] -- Up-to-date symlink: /home/ziad/Ziad_WS/ROS2/work_space/install/ros2_action/include/ros2_action/ros2_action/action/countdown.h
[1.251s] -- Up-to-date symlink: /home/ziad/Ziad_WS/ROS2/work_space/install/ros2_action/include/ros2_action/ros2_action/action/detail/countdown__functions.h
[1.251s] -- Up-to-date symlink: /home/ziad/Ziad_WS/ROS2/work_space/install/ros2_action/include/ros2_action/ros2_action/action/detail/countdown__struct.h
[1.251s] -- Up-to-date symlink: /home/ziad/Ziad_WS/ROS2/work_space/install/ros2_action/include/ros2_action/ros2_action/action/detail/countdown__type_support.h
[1.252s] -- Up-to-date symlink: /home/ziad/Ziad_WS/ROS2/work_space/install/ros2_action/include/ros2_action/ros2_action/msg/rosidl_generator_c__visibility_control.h
[1.252s] -- Up-to-date symlink: /home/ziad/Ziad_WS/ROS2/work_space/install/ros2_action/include/ros2_action/ros2_action/srv/add_two_ints.h
[1.252s] -- Up-to-date symlink: /home/ziad/Ziad_WS/ROS2/work_space/install/ros2_action/include/ros2_action/ros2_action/srv/detail/add_two_ints__functions.h
[1.252s] -- Up-to-date symlink: /home/ziad/Ziad_WS/ROS2/work_space/install/ros2_action/include/ros2_action/ros2_action/srv/detail/add_two_ints__struct.h
[1.253s] -- Up-to-date symlink: /home/ziad/Ziad_WS/ROS2/work_space/install/ros2_action/include/ros2_action/ros2_action/srv/detail/add_two_ints__type_support.h
[1.253s] -- Up-to-date symlink: /home/ziad/Ziad_WS/ROS2/work_space/install/ros2_action/share/ros2_action/environment/library_path.sh
[1.253s] -- Up-to-date symlink: /home/ziad/Ziad_WS/ROS2/work_space/install/ros2_action/share/ros2_action/environment/library_path.dsv
[1.254s] -- Up-to-date symlink: /home/ziad/Ziad_WS/ROS2/work_space/install/ros2_action/include/ros2_action/ros2_action/action/detail/countdown__rosidl_typesupport_fastrtps_c.h
[1.254s] -- Up-to-date symlink: /home/ziad/Ziad_WS/ROS2/work_space/install/ros2_action/include/ros2_action/ros2_action/msg/rosidl_typesupport_fastrtps_c__visibility_control.h
[1.254s] -- Up-to-date symlink: /home/ziad/Ziad_WS/ROS2/work_space/install/ros2_action/include/ros2_action/ros2_action/srv/detail/add_two_ints__rosidl_typesupport_fastrtps_c.h
[1.255s] -- Up-to-date symlink: /home/ziad/Ziad_WS/ROS2/work_space/install/ros2_action/include/ros2_action/ros2_action/action/countdown.hpp
[1.255s] -- Up-to-date symlink: /home/ziad/Ziad_WS/ROS2/work_space/install/ros2_action/include/ros2_action/ros2_action/action/detail/countdown__builder.hpp
[1.255s] -- Up-to-date symlink: /home/ziad/Ziad_WS/ROS2/work_space/install/ros2_action/include/ros2_action/ros2_action/action/detail/countdown__struct.hpp
[1.256s] -- Up-to-date symlink: /home/ziad/Ziad_WS/ROS2/work_space/install/ros2_action/include/ros2_action/ros2_action/action/detail/countdown__traits.hpp
[1.256s] -- Up-to-date symlink: /home/ziad/Ziad_WS/ROS2/work_space/install/ros2_action/include/ros2_action/ros2_action/action/detail/countdown__type_support.hpp
[1.256s] -- Up-to-date symlink: /home/ziad/Ziad_WS/ROS2/work_space/install/ros2_action/include/ros2_action/ros2_action/msg/rosidl_generator_cpp__visibility_control.hpp
[1.256s] -- Up-to-date symlink: /home/ziad/Ziad_WS/ROS2/work_space/install/ros2_action/include/ros2_action/ros2_action/srv/add_two_ints.hpp
[1.256s] -- Up-to-date symlink: /home/ziad/Ziad_WS/ROS2/work_space/install/ros2_action/include/ros2_action/ros2_action/srv/detail/add_two_ints__builder.hpp
[1.257s] -- Up-to-date symlink: /home/ziad/Ziad_WS/ROS2/work_space/install/ros2_action/include/ros2_action/ros2_action/srv/detail/add_two_ints__struct.hpp
[1.257s] -- Up-to-date symlink: /home/ziad/Ziad_WS/ROS2/work_space/install/ros2_action/include/ros2_action/ros2_action/srv/detail/add_two_ints__traits.hpp
[1.257s] -- Up-to-date symlink: /home/ziad/Ziad_WS/ROS2/work_space/install/ros2_action/include/ros2_action/ros2_action/srv/detail/add_two_ints__type_support.hpp
[1.258s] -- Up-to-date symlink: /home/ziad/Ziad_WS/ROS2/work_space/install/ros2_action/include/ros2_action/ros2_action/action/detail/countdown__rosidl_typesupport_fastrtps_cpp.hpp
[1.258s] -- Up-to-date symlink: /home/ziad/Ziad_WS/ROS2/work_space/install/ros2_action/include/ros2_action/ros2_action/msg/rosidl_typesupport_fastrtps_cpp__visibility_control.h
[1.258s] -- Up-to-date symlink: /home/ziad/Ziad_WS/ROS2/work_space/install/ros2_action/include/ros2_action/ros2_action/srv/detail/add_two_ints__rosidl_typesupport_fastrtps_cpp.hpp
[1.259s] -- Up-to-date symlink: /home/ziad/Ziad_WS/ROS2/work_space/install/ros2_action/include/ros2_action/ros2_action/action/detail/countdown__rosidl_typesupport_introspection_c.h
[1.259s] -- Up-to-date symlink: /home/ziad/Ziad_WS/ROS2/work_space/install/ros2_action/include/ros2_action/ros2_action/msg/rosidl_typesupport_introspection_c__visibility_control.h
[1.259s] -- Up-to-date symlink: /home/ziad/Ziad_WS/ROS2/work_space/install/ros2_action/include/ros2_action/ros2_action/srv/detail/add_two_ints__rosidl_typesupport_introspection_c.h
[1.260s] -- Up-to-date symlink: /home/ziad/Ziad_WS/ROS2/work_space/install/ros2_action/include/ros2_action/ros2_action/action/detail/countdown__rosidl_typesupport_introspection_cpp.hpp
[1.260s] -- Up-to-date symlink: /home/ziad/Ziad_WS/ROS2/work_space/install/ros2_action/include/ros2_action/ros2_action/srv/detail/add_two_ints__rosidl_typesupport_introspection_cpp.hpp
[1.260s] -- Up-to-date symlink: /home/ziad/Ziad_WS/ROS2/work_space/install/ros2_action/share/ros2_action/environment/pythonpath.sh
[1.261s] -- Up-to-date symlink: /home/ziad/Ziad_WS/ROS2/work_space/install/ros2_action/share/ros2_action/environment/pythonpath.dsv
[1.261s] -- Up-to-date symlink: /home/ziad/Ziad_WS/ROS2/work_space/install/ros2_action/local/lib/python3.10/dist-packages/ros2_action-0.0.0-py3.10.egg-info/PKG-INFO
[1.261s] -- Up-to-date symlink: /home/ziad/Ziad_WS/ROS2/work_space/install/ros2_action/local/lib/python3.10/dist-packages/ros2_action-0.0.0-py3.10.egg-info/SOURCES.txt
[1.262s] -- Up-to-date symlink: /home/ziad/Ziad_WS/ROS2/work_space/install/ros2_action/local/lib/python3.10/dist-packages/ros2_action-0.0.0-py3.10.egg-info/dependency_links.txt
[1.262s] -- Up-to-date symlink: /home/ziad/Ziad_WS/ROS2/work_space/install/ros2_action/local/lib/python3.10/dist-packages/ros2_action-0.0.0-py3.10.egg-info/top_level.txt
[1.263s] -- Up-to-date symlink: /home/ziad/Ziad_WS/ROS2/work_space/install/ros2_action/local/lib/python3.10/dist-packages/ros2_action/__init__.py
[1.263s] -- Up-to-date symlink: /home/ziad/Ziad_WS/ROS2/work_space/install/ros2_action/local/lib/python3.10/dist-packages/ros2_action/_ros2_action_s.ep.rosidl_typesupport_c.c
[1.263s] -- Up-to-date symlink: /home/ziad/Ziad_WS/ROS2/work_space/install/ros2_action/local/lib/python3.10/dist-packages/ros2_action/_ros2_action_s.ep.rosidl_typesupport_fastrtps_c.c
[1.263s] -- Up-to-date symlink: /home/ziad/Ziad_WS/ROS2/work_space/install/ros2_action/local/lib/python3.10/dist-packages/ros2_action/_ros2_action_s.ep.rosidl_typesupport_introspection_c.c
[1.264s] -- Up-to-date symlink: /home/ziad/Ziad_WS/ROS2/work_space/install/ros2_action/local/lib/python3.10/dist-packages/ros2_action/action/__init__.py
[1.264s] -- Up-to-date symlink: /home/ziad/Ziad_WS/ROS2/work_space/install/ros2_action/local/lib/python3.10/dist-packages/ros2_action/action/_countdown.py
[1.264s] -- Up-to-date symlink: /home/ziad/Ziad_WS/ROS2/work_space/install/ros2_action/local/lib/python3.10/dist-packages/ros2_action/action/_countdown_s.c
[1.264s] -- Up-to-date symlink: /home/ziad/Ziad_WS/ROS2/work_space/install/ros2_action/local/lib/python3.10/dist-packages/ros2_action/libros2_action__rosidl_generator_py.so
[1.264s] -- Up-to-date symlink: /home/ziad/Ziad_WS/ROS2/work_space/install/ros2_action/local/lib/python3.10/dist-packages/ros2_action/ros2_action_s__rosidl_typesupport_c.cpython-310-x86_64-linux-gnu.so
[1.265s] -- Up-to-date symlink: /home/ziad/Ziad_WS/ROS2/work_space/install/ros2_action/local/lib/python3.10/dist-packages/ros2_action/ros2_action_s__rosidl_typesupport_fastrtps_c.cpython-310-x86_64-linux-gnu.so
[1.265s] -- Up-to-date symlink: /home/ziad/Ziad_WS/ROS2/work_space/install/ros2_action/local/lib/python3.10/dist-packages/ros2_action/ros2_action_s__rosidl_typesupport_introspection_c.cpython-310-x86_64-linux-gnu.so
[1.265s] -- Up-to-date symlink: /home/ziad/Ziad_WS/ROS2/work_space/install/ros2_action/local/lib/python3.10/dist-packages/ros2_action/srv/__init__.py
[1.265s] -- Up-to-date symlink: /home/ziad/Ziad_WS/ROS2/work_space/install/ros2_action/local/lib/python3.10/dist-packages/ros2_action/srv/_add_two_ints.py
[1.266s] -- Up-to-date symlink: /home/ziad/Ziad_WS/ROS2/work_space/install/ros2_action/local/lib/python3.10/dist-packages/ros2_action/srv/_add_two_ints_s.c
[1.266s] -- Up-to-date symlink: /home/ziad/Ziad_WS/ROS2/work_space/install/ros2_action/local/lib/python3.10/dist-packages/ros2_action/ros2_action_s__rosidl_typesupport_fastrtps_c.cpython-310-x86_64-linux-gnu.so
[1.266s] -- Up-to-date symlink: /home/ziad/Ziad_WS/ROS2/work_space/install/ros2_action/local/lib/python3.10/dist-packages/ros2_action/ros2_action_s__rosidl_typesupport_introspection_c.cpython-310-x86_64-linux-gnu.so
[1.267s] -- Up-to-date symlink: /home/ziad/Ziad_WS/ROS2/work_space/install/ros2_action/local/lib/python3.10/dist-packages/ros2_action/ros2_action_s__rosidl_typesupport_c.cpython-310-x86_64-linux-gnu.so
[1.267s] -- Up-to-date symlink: /home/ziad/Ziad_WS/ROS2/work_space/install/ros2_action/share/ros2_action/srv/AddTwoInts.idl
[1.267s] -- Up-to-date symlink: /home/ziad/Ziad_WS/ROS2/work_space/install/ros2_action/share/ros2_action/action/Countdown.idl
[1.268s] -- Up-to-date symlink: /home/ziad/Ziad_WS/ROS2/work_space/install/ros2_action/share/ros2_action/srv/AddTwoInts.srv
[1.268s] -- Up-to-date symlink: /home/ziad/Ziad_WS/ROS2/work_space/install/ros2_action/share/ros2_action/srv/AddTwoInts_Request.msg
[1.268s] -- Up-to-date symlink: /home/ziad/Ziad_WS/ROS2/work_space/install/ros2_action/share/ros2_action/srv/AddTwoInts_Response.msg
[1.269s] -- Up-to-date symlink: /home/ziad/Ziad_WS/ROS2/work_space/install/ros2_action/share/ros2_action/action/Countdown.action
[1.269s] -- Up-to-date symlink: /home/ziad/Ziad_WS/ROS2/work_space/install/ros2_action/lib/ros2_action/add_two_ints_server
[1.269s] -- Up-to-date symlink: /home/ziad/Ziad_WS/ROS2/work_space/install/ros2_action/lib/ros2_action/add_two_ints_client
[1.269s] -- Up-to-date symlink: /home/ziad/Ziad_WS/ROS2/work_space/install/ros2_action/lib/ros2_action/countdown_server
[1.270s] -- Up-to-date symlink: /home/ziad/Ziad_WS/ROS2/work_space/install/ros2_action/lib/ros2_action/countdown_client
[1.270s] -- Up-to-date symlink: /home/ziad/Ziad_WS/ROS2/work_space/install/ros2_action/share/ament_index/resource_index/package_run_dependencies/ros2_action
[1.270s] -- Up-to-date symlink: /home/ziad/Ziad_WS/ROS2/work_space/install/ros2_action/share/ament_index/resource_index/parent_prefix_path/ros2_action
[1.271s] -- Up-to-date symlink: /home/ziad/Ziad_WS/ROS2/work_space/install/ros2_action/share/ros2_action/environment/ament_prefix_path.sh
[1.271s] -- Up-to-date symlink: /home/ziad/Ziad_WS/ROS2/work_space/install/ros2_action/share/ros2_action/environment/ament_prefix_path.dsv
[1.271s] -- Up-to-date symlink: /home/ziad/Ziad_WS/ROS2/work_space/install/ros2_action/share/ros2_action/environment/path.sh
[1.272s] -- Up-to-date symlink: /home/ziad/Ziad_WS/ROS2/work_space/install/ros2_action/share/ros2_action/environment/path.dsv
[1.272s] -- Up-to-date symlink: /home/ziad/Ziad_WS/ROS2/work_space/install/ros2_action/share/ros2_action/local_setup.bash
[1.272s] -- Up-to-date symlink: /home/ziad/Ziad_WS/ROS2/work_space/install/ros2_action/share/ros2_action/local_setup.sh
[1.272s] -- Up-to-date symlink: /home/ziad/Ziad_WS/ROS2/work_space/install/ros2_action/share/ros2_action/local_setup.zsh
[1.273s] -- Up-to-date symlink: /home/ziad/Ziad_WS/ROS2/work_space/install/ros2_action/share/ros2_action/local_setup.dsv
[1.273s] -- Symlinking: /home/ziad/Ziad_WS/ROS2/work_space/install/ros2_action/share/ros2_action/package.dsv
[1.283s] -- Up-to-date symlink: /home/ziad/Ziad_WS/ROS2/work_space/install/ros2_action/share/ament_index/resource_index/packages/ros2_action
[1.284s] -- Up-to-date symlink: /home/ziad/Ziad_WS/ROS2/work_space/install/ros2_action/share/ros2_action/cmake/rosidl_cmake-extras.cmake
[1.284s] -- Up-to-date symlink: /home/ziad/Ziad_WS/ROS2/work_space/install/ros2_action/share/ros2_action/cmake/ament_cmake_export_dependencies-extras.cmake
[1.284s] -- Up-to-date symlink: /home/ziad/Ziad_WS/ROS2/work_space/install/ros2_action/share/ros2_action/cmake/ament_cmake_export_include_directories-extras.cmake
[1.284s] -- Up-to-date symlink: /home/ziad/Ziad_WS/ROS2/work_space/install/ros2_action/share/ros2_action/cmake/ament_cmake_export_libraries-extras.cmake
[1.285s] -- Up-to-date symlink: /home/ziad/Ziad_WS/ROS2/work_space/install/ros2_action/share/ros2_action/cmake/ament_cmake_export_targets-extras.cmake
[1.285s] -- Up-to-date symlink: /home/ziad/Ziad_WS/ROS2/work_space/install/ros2_action/share/ros2_action/cmake/rosidl_cmake_export_typesupport_targets-extras.cmake
[1.285s] -- Up-to-date symlink: /home/ziad/Ziad_WS/ROS2/work_space/install/ros2_action/share/ros2_action/cmake/rosidl_cmake_export_typesupport_libraries-extras.cmake
[1.286s] -- Up-to-date symlink: /home/ziad/Ziad_WS/ROS2/work_space/install/ros2_action/share/ros2_action/cmake/ros2_actionConfig.cmake
[1.286s] -- Up-to-date symlink: /home/ziad/Ziad_WS/ROS2/work_space/install/ros2_action/share/ros2_action/cmake/ros2_actionConfig-version.cmake
[1.286s] -- Up-to-date symlink: /home/ziad/Ziad_WS/ROS2/work_space/install/ros2_action/share/ros2_action/package.xml
[1.287s] -- Up-to-date: /home/ziad/Ziad_WS/ROS2/work_space/install/ros2_action/lib/libros2_action__rosidl_generator_c.so
[1.287s] -- Up-to-date: /home/ziad/Ziad_WS/ROS2/work_space/install/ros2_action/lib/libros2_action__rosidl_typesupport_fastrtps_c.so
[1.287s] -- Up-to-date: /home/ziad/Ziad_WS/ROS2/work_space/install/ros2_action/lib/libros2_action__rosidl_typesupport_fastrtps_cpp.so
[1.288s] -- Up-to-date: /home/ziad/Ziad_WS/ROS2/work_space/install/ros2_action/lib/libros2_action__rosidl_typesupport_introspection_c.so
[1.288s] -- Up-to-date: /home/ziad/Ziad_WS/ROS2/work_space/install/ros2_action/lib/libros2_action__rosidl_typesupport_c.so
[1.289s] -- Up-to-date: /home/ziad/Ziad_WS/ROS2/work_space/install/ros2_action/lib/libros2_action__rosidl_typesupport_introspection_cpp.so
[1.289s] -- Up-to-date: /home/ziad/Ziad_WS/ROS2/work_space/install/ros2_action/lib/libros2_action__rosidl_typesupport_cpp.so
[1.335s] Listing '/home/ziad/Ziad_WS/ROS2/work_space/install/ros2_action/local/lib/python3.10/dist-packages/ros2_action'...
[1.336s] Listing '/home/ziad/Ziad_WS/ROS2/work_space/install/ros2_action/local/lib/python3.10/dist-packages/ros2_action/action'...
[1.336s] Listing '/home/ziad/Ziad_WS/ROS2/work_space/install/ros2_action/local/lib/python3.10/dist-packages/ros2_action/srv'...
[1.341s] -- Up-to-date: /home/ziad/Ziad_WS/ROS2/work_space/install/ros2_action/lib/libros2_action__rosidl_generator_py.so
[1.341s] -- Up-to-date: /home/ziad/Ziad_WS/ROS2/work_space/install/ros2_action/share/ros2_action/cmake/export_ros2_action__rosidl_generator_cExport.cmake
[1.342s] -- Up-to-date: /home/ziad/Ziad_WS/ROS2/work_space/install/ros2_action/share/ros2_action/cmake/export_ros2_action__rosidl_generator_cExport-noconfig.cmake
[1.342s] -- Up-to-date: /home/ziad/Ziad_WS/ROS2/work_space/install/ros2_action/share/ros2_action/cmake/export_ros2_action__rosidl_typesupport_fastrtps_cExport.cmake
[1.342s] -- Up-to-date: /home/ziad/Ziad_WS/ROS2/work_space/install/ros2_action/share/ros2_action/cmake/export_ros2_action__rosidl_typesupport_fastrtps_cExport-noconfig.cmake
[1.342s] -- Up-to-date: /home/ziad/Ziad_WS/ROS2/work_space/install/ros2_action/share/ros2_action/cmake/export_ros2_action__rosidl_generator_cppExport.cmake
[1.343s] -- Up-to-date: /home/ziad/Ziad_WS/ROS2/work_space/install/ros2_action/share/ros2_action/cmake/export_ros2_action__rosidl_typesupport_fastrtps_cppExport.cmake
[1.343s] -- Up-to-date: /home/ziad/Ziad_WS/ROS2/work_space/install/ros2_action/share/ros2_action/cmake/export_ros2_action__rosidl_typesupport_fastrtps_cppExport-noconfig.cmake
[1.343s] -- Up-to-date: /home/ziad/Ziad_WS/ROS2/work_space/install/ros2_action/share/ros2_action/cmake/ros2_action__rosidl_typesupport_introspection_cExport.cmake
[1.343s] -- Up-to-date: /home/ziad/Ziad_WS/ROS2/work_space/install/ros2_action/share/ros2_action/cmake/ros2_action__rosidl_typesupport_introspection_cExport-noconfig.cmake
[1.343s] -- Up-to-date: /home/ziad/Ziad_WS/ROS2/work_space/install/ros2_action/share/ros2_action/cmake/ros2_action__rosidl_typesupport_cExport.cmake
[1.344s] -- Up-to-date: /home/ziad/Ziad_WS/ROS2/work_space/install/ros2_action/share/ros2_action/cmake/ros2_action__rosidl_typesupport_cExport-noconfig.cmake
[1.344s] -- Up-to-date: /home/ziad/Ziad_WS/ROS2/work_space/install/ros2_action/share/ros2_action/cmake/ros2_action__rosidl_typesupport_introspection_cppExport.cmake
[1.344s] -- Up-to-date: /home/ziad/Ziad_WS/ROS2/work_space/install/ros2_action/share/ros2_action/cmake/ros2_action__rosidl_typesupport_introspection_cppExport-noconfig.cmake
[1.344s] -- Up-to-date: /home/ziad/Ziad_WS/ROS2/work_space/install/ros2_action/share/ros2_action/cmake/ros2_action__rosidl_typesupport_cppExport.cmake
[1.344s] -- Up-to-date: /home/ziad/Ziad_WS/ROS2/work_space/install/ros2_action/share/ros2_action/cmake/ros2_action__rosidl_typesupport_cppExport-noconfig.cmake
[1.344s] -- Up-to-date: /home/ziad/Ziad_WS/ROS2/work_space/install/ros2_action/share/ros2_action/cmake/export_ros2_action__rosidl_generator_pyExport.cmake
[1.344s] -- Up-to-date: /home/ziad/Ziad_WS/ROS2/work_space/install/ros2_action/share/ros2_action/cmake/export_ros2_action__rosidl_generator_pyExport-noconfig.cmake
[1.347s] Invoked command in '/home/ziad/Ziad_WS/ROS2/work_space/build/ros2_action' returned '0': CMAKE_PREFIX_PATH=${CMAKE_PREFIX_PATH}:/home/ziad/turtlebot3_ws/install/turtlebot3_teleop:/home/ziad/turtlebot3_ws/install/turtlebot3_example:/opt/ros/humble /usr/bin/cmake --install /home/ziad/Ziad_WS/ROS2/work_space/build/ros2_action
