[0.032s] Invoking command in '/home/ziad/Ziad_WS/ROS2/work_space/build/robot_model_gazebo': CMAKE_PREFIX_PATH=/opt/ros/humble /usr/bin/cmake --build /home/ziad/Ziad_WS/ROS2/work_space/build/robot_model_gazebo -- -j4 -l4
[0.583s] Invoked command in '/home/ziad/Ziad_WS/ROS2/work_space/build/robot_model_gazebo' returned '0': CMAKE_PREFIX_PATH=/opt/ros/humble /usr/bin/cmake --build /home/ziad/Ziad_WS/ROS2/work_space/build/robot_model_gazebo -- -j4 -l4
[0.608s] Invoking command in '/home/ziad/Ziad_WS/ROS2/work_space/build/robot_model_gazebo': CMAKE_PREFIX_PATH=/opt/ros/humble /usr/bin/cmake --install /home/ziad/Ziad_WS/ROS2/work_space/build/robot_model_gazebo
[0.625s] -- Install configuration: ""
[0.642s] -- Up-to-date: /home/ziad/Ziad_WS/ROS2/work_space/install/robot_model_gazebo/share/robot_model_gazebo/meshes
[0.649s] -- Up-to-date: /home/ziad/Ziad_WS/ROS2/work_space/install/robot_model_gazebo/share/robot_model_gazebo/meshes/arm_base.stl
[0.649s] -- Up-to-date: /home/ziad/Ziad_WS/ROS2/work_space/install/robot_model_gazebo/share/robot_model_gazebo/meshes/office
[0.652s] -- Up-to-date: /home/ziad/Ziad_WS/ROS2/work_space/install/robot_model_gazebo/share/robot_model_gazebo/meshes/office/wall_plain.obj
[0.652s] -- Up-to-date: /home/ziad/Ziad_WS/ROS2/work_space/install/robot_model_gazebo/share/robot_model_gazebo/meshes/office/tile.obj
[0.652s] -- Up-to-date: /home/ziad/Ziad_WS/ROS2/work_space/install/robot_model_gazebo/share/robot_model_gazebo/meshes/office/cubicle_wall.obj
[0.653s] -- Up-to-date: /home/ziad/Ziad_WS/ROS2/work_space/install/robot_model_gazebo/share/robot_model_gazebo/meshes/office/bathroom.obj
[0.653s] -- Up-to-date: /home/ziad/Ziad_WS/ROS2/work_space/install/robot_model_gazebo/share/robot_model_gazebo/meshes/office/wall_plain(1).obj
[0.653s] -- Up-to-date: /home/ziad/Ziad_WS/ROS2/work_space/install/robot_model_gazebo/share/robot_model_gazebo/meshes/office/wall_window(1).obj
[0.653s] -- Up-to-date: /home/ziad/Ziad_WS/ROS2/work_space/install/robot_model_gazebo/share/robot_model_gazebo/meshes/office/carpet.obj
[0.653s] -- Up-to-date: /home/ziad/Ziad_WS/ROS2/work_space/install/robot_model_gazebo/share/robot_model_gazebo/meshes/office/office_large.obj
[0.653s] -- Up-to-date: /home/ziad/Ziad_WS/ROS2/work_space/install/robot_model_gazebo/share/robot_model_gazebo/meshes/office/reception(1).obj
[0.653s] -- Up-to-date: /home/ziad/Ziad_WS/ROS2/work_space/install/robot_model_gazebo/share/robot_model_gazebo/meshes/office/hallway.obj
[0.653s] -- Up-to-date: /home/ziad/Ziad_WS/ROS2/work_space/install/robot_model_gazebo/share/robot_model_gazebo/meshes/office/office_small.obj
[0.654s] -- Up-to-date: /home/ziad/Ziad_WS/ROS2/work_space/install/robot_model_gazebo/share/robot_model_gazebo/meshes/office/reception.obj
[0.654s] -- Up-to-date: /home/ziad/Ziad_WS/ROS2/work_space/install/robot_model_gazebo/share/robot_model_gazebo/meshes/office/wall_elevator(1).obj
[0.654s] -- Up-to-date: /home/ziad/Ziad_WS/ROS2/work_space/install/robot_model_gazebo/share/robot_model_gazebo/meshes/office/wall_door.obj
[0.654s] -- Up-to-date: /home/ziad/Ziad_WS/ROS2/work_space/install/robot_model_gazebo/share/robot_model_gazebo/meshes/office/office.mtl
[0.654s] -- Up-to-date: /home/ziad/Ziad_WS/ROS2/work_space/install/robot_model_gazebo/share/robot_model_gazebo/meshes/office/sink(1).obj
[0.654s] -- Up-to-date: /home/ziad/Ziad_WS/ROS2/work_space/install/robot_model_gazebo/share/robot_model_gazebo/meshes/office/ceiling.obj
[0.654s] -- Up-to-date: /home/ziad/Ziad_WS/ROS2/work_space/install/robot_model_gazebo/share/robot_model_gazebo/meshes/office/wall_door(1).obj
[0.654s] -- Up-to-date: /home/ziad/Ziad_WS/ROS2/work_space/install/robot_model_gazebo/share/robot_model_gazebo/meshes/office/meeting_room_large.obj
[0.654s] -- Up-to-date: /home/ziad/Ziad_WS/ROS2/work_space/install/robot_model_gazebo/share/robot_model_gazebo/meshes/office/wall_elevator.obj
[0.654s] -- Up-to-date: /home/ziad/Ziad_WS/ROS2/work_space/install/robot_model_gazebo/share/robot_model_gazebo/meshes/office/refreshment_area.obj
[0.654s] -- Up-to-date: /home/ziad/Ziad_WS/ROS2/work_space/install/robot_model_gazebo/share/robot_model_gazebo/meshes/office/refreshment_area(1).obj
[0.654s] -- Up-to-date: /home/ziad/Ziad_WS/ROS2/work_space/install/robot_model_gazebo/share/robot_model_gazebo/meshes/office/tile(1).obj
[0.654s] -- Up-to-date: /home/ziad/Ziad_WS/ROS2/work_space/install/robot_model_gazebo/share/robot_model_gazebo/meshes/office/cubicle_wall.mtl
[0.655s] -- Up-to-date: /home/ziad/Ziad_WS/ROS2/work_space/install/robot_model_gazebo/share/robot_model_gazebo/meshes/office/office_small(1).obj
[0.656s] -- Up-to-date: /home/ziad/Ziad_WS/ROS2/work_space/install/robot_model_gazebo/share/robot_model_gazebo/meshes/office/wall_window.obj
[0.656s] -- Up-to-date: /home/ziad/Ziad_WS/ROS2/work_space/install/robot_model_gazebo/share/robot_model_gazebo/meshes/office/sink.obj
[0.656s] -- Up-to-date: /home/ziad/Ziad_WS/ROS2/work_space/install/robot_model_gazebo/share/robot_model_gazebo/meshes/office/meeting_room_small.obj
[0.656s] -- Up-to-date: /home/ziad/Ziad_WS/ROS2/work_space/install/robot_model_gazebo/share/robot_model_gazebo/meshes/elbow.stl
[0.656s] -- Up-to-date: /home/ziad/Ziad_WS/ROS2/work_space/install/robot_model_gazebo/share/robot_model_gazebo/meshes/wheel.stl
[0.656s] -- Up-to-date: /home/ziad/Ziad_WS/ROS2/work_space/install/robot_model_gazebo/share/robot_model_gazebo/meshes/bicep.stl
[0.656s] -- Up-to-date: /home/ziad/Ziad_WS/ROS2/work_space/install/robot_model_gazebo/share/robot_model_gazebo/meshes/cafe
[0.664s] -- Up-to-date: /home/ziad/Ziad_WS/ROS2/work_space/install/robot_model_gazebo/share/robot_model_gazebo/meshes/cafe/walk.dae
[0.664s] -- Up-to-date: /home/ziad/Ziad_WS/ROS2/work_space/install/robot_model_gazebo/share/robot_model_gazebo/meshes/hokuyo.dae
[0.664s] -- Up-to-date: /home/ziad/Ziad_WS/ROS2/work_space/install/robot_model_gazebo/share/robot_model_gazebo/meshes/wrist.stl
[0.665s] -- Up-to-date: /home/ziad/Ziad_WS/ROS2/work_space/install/robot_model_gazebo/share/robot_model_gazebo/meshes/robot_base.stl
[0.665s] -- Up-to-date: /home/ziad/Ziad_WS/ROS2/work_space/install/robot_model_gazebo/share/robot_model_gazebo/launch
[0.677s] -- Up-to-date: /home/ziad/Ziad_WS/ROS2/work_space/install/robot_model_gazebo/share/robot_model_gazebo/launch/launch_sdf_into_gazebo_for_complete_robot.launch.py
[0.677s] -- Up-to-date: /home/ziad/Ziad_WS/ROS2/work_space/install/robot_model_gazebo/share/robot_model_gazebo/launch/launch_sdf_into_gazebo.launch.py
[0.677s] -- Up-to-date: /home/ziad/Ziad_WS/ROS2/work_space/install/robot_model_gazebo/share/robot_model_gazebo/launch/launch_urdf_into_gazebo.launch.py
[0.677s] -- Up-to-date: /home/ziad/Ziad_WS/ROS2/work_space/install/robot_model_gazebo/share/robot_model_gazebo/launch/launch_sdf_into_gazebo_with_publishers.launch.py
[0.678s] -- Up-to-date: /home/ziad/Ziad_WS/ROS2/work_space/install/robot_model_gazebo/share/robot_model_gazebo/launch/ign_resources
[0.684s] -- Up-to-date: /home/ziad/Ziad_WS/ROS2/work_space/install/robot_model_gazebo/share/robot_model_gazebo/launch/ign_resources/rgbd_camera.launch.py
[0.685s] -- Up-to-date: /home/ziad/Ziad_WS/ROS2/work_space/install/robot_model_gazebo/share/robot_model_gazebo/launch/ign_resources/robot_description_publisher.launch.py
[0.685s] -- Up-to-date: /home/ziad/Ziad_WS/ROS2/work_space/install/robot_model_gazebo/share/robot_model_gazebo/launch/ign_resources/camera.launch.py
[0.686s] -- Up-to-date: /home/ziad/Ziad_WS/ROS2/work_space/install/robot_model_gazebo/share/robot_model_gazebo/launch/ign_resources/joint_states.launch.py
[0.686s] -- Up-to-date: /home/ziad/Ziad_WS/ROS2/work_space/install/robot_model_gazebo/share/robot_model_gazebo/launch/ign_resources/diff_drive.launch.py
[0.687s] -- Up-to-date: /home/ziad/Ziad_WS/ROS2/work_space/install/robot_model_gazebo/share/robot_model_gazebo/launch/ign_resources/rgbd_camera_bridge.launch.py
[0.688s] -- Up-to-date: /home/ziad/Ziad_WS/ROS2/work_space/install/robot_model_gazebo/share/robot_model_gazebo/launch/ign_resources/image_bridge.launch.py
[0.688s] -- Up-to-date: /home/ziad/Ziad_WS/ROS2/work_space/install/robot_model_gazebo/share/robot_model_gazebo/launch/ign_resources/imu.launch.py
[0.688s] -- Up-to-date: /home/ziad/Ziad_WS/ROS2/work_space/install/robot_model_gazebo/share/robot_model_gazebo/launch/ign_resources/gpu_lidar_bridge.launch.py
[0.689s] -- Up-to-date: /home/ziad/Ziad_WS/ROS2/work_space/install/robot_model_gazebo/share/robot_model_gazebo/launch/ign_resources/gpu_lidar.launch.py
[0.689s] -- Up-to-date: /home/ziad/Ziad_WS/ROS2/work_space/install/robot_model_gazebo/share/robot_model_gazebo/launch/ign_resources/depth_camera.launch.py
[0.690s] -- Up-to-date: /home/ziad/Ziad_WS/ROS2/work_space/install/robot_model_gazebo/share/robot_model_gazebo/launch/launch_sdf_steering_into_gazebo.launch.py
[0.691s] -- Up-to-date: /home/ziad/Ziad_WS/ROS2/work_space/install/robot_model_gazebo/share/robot_model_gazebo/urdf
[0.691s] -- Up-to-date: /home/ziad/Ziad_WS/ROS2/work_space/install/robot_model_gazebo/share/robot_model_gazebo/urdf/three_wheeled_robot.urdf
[0.691s] -- Up-to-date: /home/ziad/Ziad_WS/ROS2/work_space/install/robot_model_gazebo/share/robot_model_gazebo/urdf/4_robot.urdf
[0.692s] -- Up-to-date: /home/ziad/Ziad_WS/ROS2/work_space/install/robot_model_gazebo/share/robot_model_gazebo/urdf/6_complete_moving_robot.urdf
[0.692s] -- Up-to-date: /home/ziad/Ziad_WS/ROS2/work_space/install/robot_model_gazebo/share/robot_model_gazebo/urdf/5_movable_robot.urdf
[0.692s] -- Up-to-date: /home/ziad/Ziad_WS/ROS2/work_space/install/robot_model_gazebo/share/robot_model_gazebo/urdf/3_coloured_multiple_shapes.urdf
[0.694s] -- Up-to-date: /home/ziad/Ziad_WS/ROS2/work_space/install/robot_model_gazebo/share/robot_model_gazebo/urdf/1_cylinder_robot.urdf
[0.695s] -- Up-to-date: /home/ziad/Ziad_WS/ROS2/work_space/install/robot_model_gazebo/share/robot_model_gazebo/urdf/2_multiple_shapes.urdf
[0.695s] -- Up-to-date: /home/ziad/Ziad_WS/ROS2/work_space/install/robot_model_gazebo/share/robot_model_gazebo/worlds
[0.695s] -- Up-to-date: /home/ziad/Ziad_WS/ROS2/work_space/install/robot_model_gazebo/share/robot_model_gazebo/worlds/diff_drive.sdf
[0.695s] -- Up-to-date: /home/ziad/Ziad_WS/ROS2/work_space/install/robot_model_gazebo/share/robot_model_gazebo/worlds/ackermann_steering.sdf
[0.695s] -- Up-to-date: /home/ziad/Ziad_WS/ROS2/work_space/install/robot_model_gazebo/share/robot_model_gazebo/worlds/diff_drive_new.sdf
[0.695s] -- Up-to-date: /home/ziad/Ziad_WS/ROS2/work_space/install/robot_model_gazebo/share/robot_model_gazebo/worlds/ign_resources
[0.696s] -- Up-to-date: /home/ziad/Ziad_WS/ROS2/work_space/install/robot_model_gazebo/share/robot_model_gazebo/worlds/ign_resources/joint_position_controller.sdf
[0.696s] -- Up-to-date: /home/ziad/Ziad_WS/ROS2/work_space/install/robot_model_gazebo/share/robot_model_gazebo/worlds/ign_resources/actors_population.sdf
[0.696s] -- Up-to-date: /home/ziad/Ziad_WS/ROS2/work_space/install/robot_model_gazebo/share/robot_model_gazebo/worlds/ign_resources/lights.sdf
[0.696s] -- Up-to-date: /home/ziad/Ziad_WS/ROS2/work_space/install/robot_model_gazebo/share/robot_model_gazebo/worlds/ign_resources/diff_drive.sdf
[0.696s] -- Up-to-date: /home/ziad/Ziad_WS/ROS2/work_space/install/robot_model_gazebo/share/robot_model_gazebo/worlds/ign_resources/visualize_contacts.sdf
[0.696s] -- Up-to-date: /home/ziad/Ziad_WS/ROS2/work_space/install/robot_model_gazebo/share/robot_model_gazebo/worlds/ign_resources/empty.sdf
[0.696s] -- Up-to-date: /home/ziad/Ziad_WS/ROS2/work_space/install/robot_model_gazebo/share/robot_model_gazebo/worlds/ign_resources/buoyancy.sdf
[0.697s] -- Up-to-date: /home/ziad/Ziad_WS/ROS2/work_space/install/robot_model_gazebo/share/robot_model_gazebo/worlds/ign_resources/velocity_control.sdf
[0.697s] -- Up-to-date: /home/ziad/Ziad_WS/ROS2/work_space/install/robot_model_gazebo/share/robot_model_gazebo/worlds/ign_resources/trisphere_cycle_wheel_slip.sdf
[0.697s] -- Up-to-date: /home/ziad/Ziad_WS/ROS2/work_space/install/robot_model_gazebo/share/robot_model_gazebo/worlds/ign_resources/ackermann_steering.sdf
[0.697s] -- Up-to-date: /home/ziad/Ziad_WS/ROS2/work_space/install/robot_model_gazebo/share/robot_model_gazebo/worlds/ign_resources/sensors_demo.sdf
[0.697s] -- Up-to-date: /home/ziad/Ziad_WS/ROS2/work_space/install/robot_model_gazebo/share/robot_model_gazebo/worlds/ign_resources/sky.sdf
[0.697s] -- Up-to-date: /home/ziad/Ziad_WS/ROS2/work_space/install/robot_model_gazebo/share/robot_model_gazebo/worlds/ign_resources/triggered_publisher.sdf
[0.697s] -- Up-to-date: /home/ziad/Ziad_WS/ROS2/work_space/install/robot_model_gazebo/share/robot_model_gazebo/worlds/ign_resources/video_record_dbl_pendulum.sdf
[0.697s] -- Up-to-date: /home/ziad/Ziad_WS/ROS2/work_space/install/robot_model_gazebo/share/robot_model_gazebo/worlds/ign_resources/conveyor.sdf
[0.698s] -- Up-to-date: /home/ziad/Ziad_WS/ROS2/work_space/install/robot_model_gazebo/share/robot_model_gazebo/worlds/ign_resources/plot_3d.sdf
[0.698s] -- Up-to-date: /home/ziad/Ziad_WS/ROS2/work_space/install/robot_model_gazebo/share/robot_model_gazebo/worlds/ign_resources/quadcopter.sdf
[0.698s] -- Up-to-date: /home/ziad/Ziad_WS/ROS2/work_space/install/robot_model_gazebo/share/robot_model_gazebo/worlds/ign_resources/wind.sdf
[0.698s] -- Up-to-date: /home/ziad/Ziad_WS/ROS2/work_space/install/robot_model_gazebo/share/robot_model_gazebo/worlds/ign_resources/gpu_lidar_retro_values_sensor.sdf
[0.698s] -- Up-to-date: /home/ziad/Ziad_WS/ROS2/work_space/install/robot_model_gazebo/share/robot_model_gazebo/worlds/ign_resources/tracked_vehicle_simple.sdf
[0.698s] -- Up-to-date: /home/ziad/Ziad_WS/ROS2/work_space/install/robot_model_gazebo/share/robot_model_gazebo/worlds/ign_resources/contact_sensor.sdf
[0.698s] -- Up-to-date: /home/ziad/Ziad_WS/ROS2/work_space/install/robot_model_gazebo/share/robot_model_gazebo/worlds/ign_resources/performer_detector.sdf
[0.699s] -- Up-to-date: /home/ziad/Ziad_WS/ROS2/work_space/install/robot_model_gazebo/share/robot_model_gazebo/worlds/ign_resources/pendulum_links.sdf
[0.699s] -- Up-to-date: /home/ziad/Ziad_WS/ROS2/work_space/install/robot_model_gazebo/share/robot_model_gazebo/worlds/ign_resources/debug_shapes.sdf
[0.699s] -- Up-to-date: /home/ziad/Ziad_WS/ROS2/work_space/install/robot_model_gazebo/share/robot_model_gazebo/worlds/ign_resources/logical_camera_sensor.sdf
[0.700s] -- Up-to-date: /home/ziad/Ziad_WS/ROS2/work_space/install/robot_model_gazebo/share/robot_model_gazebo/worlds/ign_resources/track_drive.sdf
[0.700s] -- Up-to-date: /home/ziad/Ziad_WS/ROS2/work_space/install/robot_model_gazebo/share/robot_model_gazebo/worlds/ign_resources/sensors.sdf
[0.700s] -- Up-to-date: /home/ziad/Ziad_WS/ROS2/work_space/install/robot_model_gazebo/share/robot_model_gazebo/worlds/ign_resources/kinetic_energy_monitor.sdf
[0.701s] -- Up-to-date: /home/ziad/Ziad_WS/ROS2/work_space/install/robot_model_gazebo/share/robot_model_gazebo/worlds/ign_resources/heightmap.sdf
[0.701s] -- Up-to-date: /home/ziad/Ziad_WS/ROS2/work_space/install/robot_model_gazebo/share/robot_model_gazebo/worlds/ign_resources/levels.sdf
[0.701s] -- Up-to-date: /home/ziad/Ziad_WS/ROS2/work_space/install/robot_model_gazebo/share/robot_model_gazebo/worlds/ign_resources/lift_drag_battery.sdf
[0.701s] -- Up-to-date: /home/ziad/Ziad_WS/ROS2/work_space/install/robot_model_gazebo/share/robot_model_gazebo/worlds/ign_resources/touch_plugin.sdf
[0.701s] -- Up-to-date: /home/ziad/Ziad_WS/ROS2/work_space/install/robot_model_gazebo/share/robot_model_gazebo/worlds/ign_resources/lightmap.sdf
[0.702s] -- Up-to-date: /home/ziad/Ziad_WS/ROS2/work_space/install/robot_model_gazebo/share/robot_model_gazebo/worlds/ign_resources/detachable_joint.sdf
[0.702s] -- Up-to-date: /home/ziad/Ziad_WS/ROS2/work_space/install/robot_model_gazebo/share/robot_model_gazebo/worlds/ign_resources/auv_controls.sdf
[0.702s] -- Up-to-date: /home/ziad/Ziad_WS/ROS2/work_space/install/robot_model_gazebo/share/robot_model_gazebo/worlds/ign_resources/camera_video_record_dbl_pendulum.sdf
[0.702s] -- Up-to-date: /home/ziad/Ziad_WS/ROS2/work_space/install/robot_model_gazebo/share/robot_model_gazebo/worlds/ign_resources/depth_camera_sensor.sdf
[0.702s] -- Up-to-date: /home/ziad/Ziad_WS/ROS2/work_space/install/robot_model_gazebo/share/robot_model_gazebo/worlds/ign_resources/joint_controller.sdf
[0.702s] -- Up-to-date: /home/ziad/Ziad_WS/ROS2/work_space/install/robot_model_gazebo/share/robot_model_gazebo/worlds/ign_resources/spaces.sdf
[0.702s] -- Up-to-date: /home/ziad/Ziad_WS/ROS2/work_space/install/robot_model_gazebo/share/robot_model_gazebo/worlds/ign_resources/shapes.sdf
[0.702s] -- Up-to-date: /home/ziad/Ziad_WS/ROS2/work_space/install/robot_model_gazebo/share/robot_model_gazebo/worlds/ign_resources/plane_propeller_demo.sdf
[0.703s] -- Up-to-date: /home/ziad/Ziad_WS/ROS2/work_space/install/robot_model_gazebo/share/robot_model_gazebo/worlds/ign_resources/visibility.sdf
[0.703s] -- Up-to-date: /home/ziad/Ziad_WS/ROS2/work_space/install/robot_model_gazebo/share/robot_model_gazebo/worlds/ign_resources/log_record_resources.sdf
[0.703s] -- Up-to-date: /home/ziad/Ziad_WS/ROS2/work_space/install/robot_model_gazebo/share/robot_model_gazebo/worlds/ign_resources/grid.sdf
[0.703s] -- Up-to-date: /home/ziad/Ziad_WS/ROS2/work_space/install/robot_model_gazebo/share/robot_model_gazebo/worlds/ign_resources/log_record_dbl_pendulum.sdf
[0.703s] -- Up-to-date: /home/ziad/Ziad_WS/ROS2/work_space/install/robot_model_gazebo/share/robot_model_gazebo/worlds/ign_resources/elevator.sdf
[0.704s] -- Up-to-date: /home/ziad/Ziad_WS/ROS2/work_space/install/robot_model_gazebo/share/robot_model_gazebo/worlds/ign_resources/thermal_camera.sdf
[0.704s] -- Up-to-date: /home/ziad/Ziad_WS/ROS2/work_space/install/robot_model_gazebo/share/robot_model_gazebo/worlds/ign_resources/levels_no_performers.sdf
[0.704s] -- Up-to-date: /home/ziad/Ziad_WS/ROS2/work_space/install/robot_model_gazebo/share/robot_model_gazebo/worlds/ign_resources/log_record_keyboard.sdf
[0.704s] -- Up-to-date: /home/ziad/Ziad_WS/ROS2/work_space/install/robot_model_gazebo/share/robot_model_gazebo/worlds/ign_resources/lift_drag_nested.sdf
[0.704s] -- Up-to-date: /home/ziad/Ziad_WS/ROS2/work_space/install/robot_model_gazebo/share/robot_model_gazebo/worlds/ign_resources/import_mesh.sdf
[0.704s] -- Up-to-date: /home/ziad/Ziad_WS/ROS2/work_space/install/robot_model_gazebo/share/robot_model_gazebo/worlds/ign_resources/multicopter_velocity_control.sdf
[0.704s] -- Up-to-date: /home/ziad/Ziad_WS/ROS2/work_space/install/robot_model_gazebo/share/robot_model_gazebo/worlds/ign_resources/3k_shapes.sdf
[0.704s] -- Up-to-date: /home/ziad/Ziad_WS/ROS2/work_space/install/robot_model_gazebo/share/robot_model_gazebo/worlds/ign_resources/shapes_bitmask.sdf
[0.705s] -- Up-to-date: /home/ziad/Ziad_WS/ROS2/work_space/install/robot_model_gazebo/share/robot_model_gazebo/worlds/ign_resources/fuel.sdf
[0.705s] -- Up-to-date: /home/ziad/Ziad_WS/ROS2/work_space/install/robot_model_gazebo/share/robot_model_gazebo/worlds/ign_resources/world_joint.sdf
[0.705s] -- Up-to-date: /home/ziad/Ziad_WS/ROS2/work_space/install/robot_model_gazebo/share/robot_model_gazebo/worlds/ign_resources/lift_drag.sdf
[0.705s] -- Up-to-date: /home/ziad/Ziad_WS/ROS2/work_space/install/robot_model_gazebo/share/robot_model_gazebo/worlds/ign_resources/mecanum_drive.sdf
[0.705s] -- Up-to-date: /home/ziad/Ziad_WS/ROS2/work_space/install/robot_model_gazebo/share/robot_model_gazebo/worlds/ign_resources/follow_actor.sdf
[0.705s] -- Up-to-date: /home/ziad/Ziad_WS/ROS2/work_space/install/robot_model_gazebo/share/robot_model_gazebo/worlds/ign_resources/joint_trajectory_controller.sdf
[0.705s] -- Up-to-date: /home/ziad/Ziad_WS/ROS2/work_space/install/robot_model_gazebo/share/robot_model_gazebo/worlds/ign_resources/tunnel.sdf
[0.705s] -- Up-to-date: /home/ziad/Ziad_WS/ROS2/work_space/install/robot_model_gazebo/share/robot_model_gazebo/worlds/ign_resources/nested_model.sdf
[0.705s] -- Up-to-date: /home/ziad/Ziad_WS/ROS2/work_space/install/robot_model_gazebo/share/robot_model_gazebo/worlds/ign_resources/rolling_shapes.sdf
[0.706s] -- Up-to-date: /home/ziad/Ziad_WS/ROS2/work_space/install/robot_model_gazebo/share/robot_model_gazebo/worlds/ign_resources/pose_publisher.sdf
[0.706s] -- Up-to-date: /home/ziad/Ziad_WS/ROS2/work_space/install/robot_model_gazebo/share/robot_model_gazebo/worlds/ign_resources/optical_tactile_sensor_plugin.sdf
[0.706s] -- Up-to-date: /home/ziad/Ziad_WS/ROS2/work_space/install/robot_model_gazebo/share/robot_model_gazebo/worlds/ign_resources/linear_battery_demo.sdf
[0.706s] -- Up-to-date: /home/ziad/Ziad_WS/ROS2/work_space/install/robot_model_gazebo/share/robot_model_gazebo/worlds/ign_resources/fuel_textured_mesh.sdf
[0.706s] -- Up-to-date: /home/ziad/Ziad_WS/ROS2/work_space/install/robot_model_gazebo/share/robot_model_gazebo/worlds/ign_resources/particle_emitter.sdf
[0.706s] -- Up-to-date: /home/ziad/Ziad_WS/ROS2/work_space/install/robot_model_gazebo/share/robot_model_gazebo/worlds/ign_resources/breadcrumbs.sdf
[0.706s] -- Up-to-date: /home/ziad/Ziad_WS/ROS2/work_space/install/robot_model_gazebo/share/robot_model_gazebo/worlds/ign_resources/default.sdf
[0.706s] -- Up-to-date: /home/ziad/Ziad_WS/ROS2/work_space/install/robot_model_gazebo/share/robot_model_gazebo/worlds/ign_resources/actor.sdf
[0.707s] -- Up-to-date: /home/ziad/Ziad_WS/ROS2/work_space/install/robot_model_gazebo/share/robot_model_gazebo/worlds/ign_resources/gpu_lidar_sensor.sdf
[0.707s] -- Up-to-date: /home/ziad/Ziad_WS/ROS2/work_space/install/robot_model_gazebo/share/robot_model_gazebo/worlds/ign_resources/visualize_lidar.sdf
[0.707s] -- Up-to-date: /home/ziad/Ziad_WS/ROS2/work_space/install/robot_model_gazebo/share/robot_model_gazebo/worlds/ign_resources/physics_options.sdf
[0.707s] -- Up-to-date: /home/ziad/Ziad_WS/ROS2/work_space/install/robot_model_gazebo/share/robot_model_gazebo/worlds/ign_resources/model_photo_shoot.sdf
[0.707s] -- Up-to-date: /home/ziad/Ziad_WS/ROS2/work_space/install/robot_model_gazebo/share/robot_model_gazebo/worlds/ign_resources/logical_audio_sensor_plugin.sdf
[0.707s] -- Up-to-date: /home/ziad/Ziad_WS/ROS2/work_space/install/robot_model_gazebo/share/robot_model_gazebo/worlds/ign_resources/log_record_shapes.sdf
[0.707s] -- Up-to-date: /home/ziad/Ziad_WS/ROS2/work_space/install/robot_model_gazebo/share/robot_model_gazebo/worlds/ign_resources/particle_emitter2.sdf
[0.707s] -- Up-to-date: /home/ziad/Ziad_WS/ROS2/work_space/install/robot_model_gazebo/share/robot_model_gazebo/worlds/ign_resources/camera_sensor.sdf
[0.707s] -- Up-to-date: /home/ziad/Ziad_WS/ROS2/work_space/install/robot_model_gazebo/share/robot_model_gazebo/worlds/ign_resources/collada_world_exporter.sdf
[0.707s] -- Up-to-date: /home/ziad/Ziad_WS/ROS2/work_space/install/robot_model_gazebo/share/robot_model_gazebo/worlds/ign_resources/skid_steer_mecanum.sdf
[0.707s] -- Up-to-date: /home/ziad/Ziad_WS/ROS2/work_space/install/robot_model_gazebo/share/robot_model_gazebo/worlds/ign_resources/diff_drive_skid.sdf
[0.707s] -- Up-to-date: /home/ziad/Ziad_WS/ROS2/work_space/install/robot_model_gazebo/share/robot_model_gazebo/worlds/ign_resources/actor_crowd.sdf
[0.708s] -- Up-to-date: /home/ziad/Ziad_WS/ROS2/work_space/install/robot_model_gazebo/share/robot_model_gazebo/worlds/ign_resources/apply_joint_force.sdf
[0.708s] -- Up-to-date: /home/ziad/Ziad_WS/ROS2/work_space/install/robot_model_gazebo/share/robot_model_gazebo/worlds/complete_robot.sdf
[0.708s] -- Up-to-date: /home/ziad/Ziad_WS/ROS2/work_space/install/robot_model_gazebo/share/robot_model_gazebo/worlds/empty_world.sdf
[0.708s] -- Up-to-date: /home/ziad/Ziad_WS/ROS2/work_space/install/robot_model_gazebo/share/robot_model_gazebo/rviz
[0.709s] -- Up-to-date: /home/ziad/Ziad_WS/ROS2/work_space/install/robot_model_gazebo/share/robot_model_gazebo/rviz/depth_camera.rviz
[0.709s] -- Up-to-date: /home/ziad/Ziad_WS/ROS2/work_space/install/robot_model_gazebo/share/robot_model_gazebo/rviz/diff_drive.rviz
[0.709s] -- Up-to-date: /home/ziad/Ziad_WS/ROS2/work_space/install/robot_model_gazebo/share/robot_model_gazebo/rviz/robot_description_publisher.rviz
[0.709s] -- Up-to-date: /home/ziad/Ziad_WS/ROS2/work_space/install/robot_model_gazebo/share/robot_model_gazebo/rviz/camera.rviz
[0.709s] -- Up-to-date: /home/ziad/Ziad_WS/ROS2/work_space/install/robot_model_gazebo/share/robot_model_gazebo/rviz/rgbd_camera_bridge.rviz
[0.709s] -- Up-to-date: /home/ziad/Ziad_WS/ROS2/work_space/install/robot_model_gazebo/share/robot_model_gazebo/rviz/imu.rviz
[0.710s] -- Up-to-date: /home/ziad/Ziad_WS/ROS2/work_space/install/robot_model_gazebo/share/robot_model_gazebo/rviz/gpu_lidar_bridge.rviz
[0.710s] -- Up-to-date: /home/ziad/Ziad_WS/ROS2/work_space/install/robot_model_gazebo/share/robot_model_gazebo/rviz/rgbd_camera.rviz
[0.710s] -- Up-to-date: /home/ziad/Ziad_WS/ROS2/work_space/install/robot_model_gazebo/share/robot_model_gazebo/rviz/gpu_lidar.rviz
[0.710s] -- Up-to-date: /home/ziad/Ziad_WS/ROS2/work_space/install/robot_model_gazebo/share/robot_model_gazebo/rviz/joint_states.rviz
[0.713s] -- Up-to-date: /home/ziad/Ziad_WS/ROS2/work_space/install/robot_model_gazebo/share/ament_index/resource_index/package_run_dependencies/robot_model_gazebo
[0.714s] -- Up-to-date: /home/ziad/Ziad_WS/ROS2/work_space/install/robot_model_gazebo/share/ament_index/resource_index/parent_prefix_path/robot_model_gazebo
[0.715s] -- Up-to-date: /home/ziad/Ziad_WS/ROS2/work_space/install/robot_model_gazebo/share/robot_model_gazebo/environment/ament_prefix_path.sh
[0.715s] -- Up-to-date: /home/ziad/Ziad_WS/ROS2/work_space/install/robot_model_gazebo/share/robot_model_gazebo/environment/ament_prefix_path.dsv
[0.715s] -- Up-to-date: /home/ziad/Ziad_WS/ROS2/work_space/install/robot_model_gazebo/share/robot_model_gazebo/environment/path.sh
[0.715s] -- Up-to-date: /home/ziad/Ziad_WS/ROS2/work_space/install/robot_model_gazebo/share/robot_model_gazebo/environment/path.dsv
[0.715s] -- Up-to-date: /home/ziad/Ziad_WS/ROS2/work_space/install/robot_model_gazebo/share/robot_model_gazebo/local_setup.bash
[0.715s] -- Up-to-date: /home/ziad/Ziad_WS/ROS2/work_space/install/robot_model_gazebo/share/robot_model_gazebo/local_setup.sh
[0.715s] -- Up-to-date: /home/ziad/Ziad_WS/ROS2/work_space/install/robot_model_gazebo/share/robot_model_gazebo/local_setup.zsh
[0.715s] -- Up-to-date: /home/ziad/Ziad_WS/ROS2/work_space/install/robot_model_gazebo/share/robot_model_gazebo/local_setup.dsv
[0.719s] -- Installing: /home/ziad/Ziad_WS/ROS2/work_space/install/robot_model_gazebo/share/robot_model_gazebo/package.dsv
[0.735s] -- Up-to-date: /home/ziad/Ziad_WS/ROS2/work_space/install/robot_model_gazebo/share/ament_index/resource_index/packages/robot_model_gazebo
[0.737s] -- Up-to-date: /home/ziad/Ziad_WS/ROS2/work_space/install/robot_model_gazebo/share/robot_model_gazebo/cmake/robot_model_gazeboConfig.cmake
[0.737s] -- Up-to-date: /home/ziad/Ziad_WS/ROS2/work_space/install/robot_model_gazebo/share/robot_model_gazebo/cmake/robot_model_gazeboConfig-version.cmake
[0.737s] -- Up-to-date: /home/ziad/Ziad_WS/ROS2/work_space/install/robot_model_gazebo/share/robot_model_gazebo/package.xml
[0.740s] Invoked command in '/home/ziad/Ziad_WS/ROS2/work_space/build/robot_model_gazebo' returned '0': CMAKE_PREFIX_PATH=/opt/ros/humble /usr/bin/cmake --install /home/ziad/Ziad_WS/ROS2/work_space/build/robot_model_gazebo
