[0.018s] Invoking command in '/home/ziad/Ziad_WS/ROS2/code/build/urdf_cpp': CMAKE_PREFIX_PATH=${CMAKE_PREFIX_PATH}:/opt/ros/humble /usr/bin/cmake /home/ziad/Ziad_WS/ROS2/code/src/urdf_cpp -DCMAKE_INSTALL_PREFIX=/home/ziad/Ziad_WS/ROS2/code/install/urdf_cpp
[0.228s] -- The C compiler identification is GNU 11.4.0
[0.436s] -- The CXX compiler identification is GNU 11.4.0
[0.467s] -- Detecting C compiler ABI info
[0.661s] -- Detecting C compiler ABI info - done
[0.673s] -- Check for working C compiler: /usr/bin/cc - skipped
[0.673s] -- Detecting C compile features
[0.674s] -- Detecting C compile features - done
[0.685s] -- Detecting CXX compiler ABI info
[0.822s] -- Detecting CXX compiler ABI info - done
[0.832s] -- Check for working CXX compiler: /usr/bin/c++ - skipped
[0.833s] -- Detecting CXX compile features
[0.833s] -- Detecting CXX compile features - done
[0.943s] -- Found ament_cmake: 1.3.11 (/opt/ros/humble/share/ament_cmake/cmake)
[1.514s] -- Found Python3: /usr/bin/python3 (found version "3.10.12") found components: Interpreter 
[1.766s] -- Found rclcpp: 16.0.12 (/opt/ros/humble/share/rclcpp/cmake)
[1.885s] -- Found rosidl_generator_c: 3.1.6 (/opt/ros/humble/share/rosidl_generator_c/cmake)
[1.894s] -- Found rosidl_adapter: 3.1.6 (/opt/ros/humble/share/rosidl_adapter/cmake)
[1.909s] -- Found rosidl_generator_cpp: 3.1.6 (/opt/ros/humble/share/rosidl_generator_cpp/cmake)
[1.933s] -- Using all available rosidl_typesupport_c: rosidl_typesupport_fastrtps_c;rosidl_typesupport_introspection_c
[1.963s] -- Using all available rosidl_typesupport_cpp: rosidl_typesupport_fastrtps_cpp;rosidl_typesupport_introspection_cpp
[2.045s] -- Found rmw_implementation_cmake: 6.1.2 (/opt/ros/humble/share/rmw_implementation_cmake/cmake)
[2.051s] -- Found rmw_fastrtps_cpp: 6.2.7 (/opt/ros/humble/share/rmw_fastrtps_cpp/cmake)
[2.223s] -- Found OpenSSL: /usr/lib/x86_64-linux-gnu/libcrypto.so (found version "3.0.2")  
[2.269s] -- Found FastRTPS: /opt/ros/humble/include  
[2.324s] -- Using RMW implementation 'rmw_fastrtps_cpp' as default
[2.341s] -- Looking for pthread.h
[2.429s] -- Looking for pthread.h - found
[2.429s] -- Performing Test CMAKE_HAVE_LIBC_PTHREAD
[2.510s] -- Performing Test CMAKE_HAVE_LIBC_PTHREAD - Success
[2.511s] -- Found Threads: TRUE  
[2.607s] -- Found ament_lint_auto: 0.12.12 (/opt/ros/humble/share/ament_lint_auto/cmake)
[2.735s] -- Added test 'cppcheck' to perform static code analysis on C / C++ code
[2.735s] -- Configured cppcheck include dirs: 
[2.736s] -- Configured cppcheck exclude dirs and/or files: 
[2.737s] -- Added test 'lint_cmake' to check CMake code style
[2.738s] -- Added test 'uncrustify' to check C / C++ code style
[2.738s] -- Configured uncrustify additional arguments: 
[2.739s] -- Added test 'xmllint' to check XML markup files
[2.742s] -- Configuring done
[2.758s] -- Generating done
[2.762s] -- Build files have been written to: /home/ziad/Ziad_WS/ROS2/code/build/urdf_cpp
[2.774s] Invoked command in '/home/ziad/Ziad_WS/ROS2/code/build/urdf_cpp' returned '0': CMAKE_PREFIX_PATH=${CMAKE_PREFIX_PATH}:/opt/ros/humble /usr/bin/cmake /home/ziad/Ziad_WS/ROS2/code/src/urdf_cpp -DCMAKE_INSTALL_PREFIX=/home/ziad/Ziad_WS/ROS2/code/install/urdf_cpp
[2.776s] Invoking command in '/home/ziad/Ziad_WS/ROS2/code/build/urdf_cpp': CMAKE_PREFIX_PATH=${CMAKE_PREFIX_PATH}:/opt/ros/humble /usr/bin/cmake --build /home/ziad/Ziad_WS/ROS2/code/build/urdf_cpp -- -j4 -l4
[2.830s] [35m[1mConsolidate compiler generated dependencies of target urdf_loader[0m
[2.868s] [ 50%] [32mBuilding CXX object CMakeFiles/urdf_loader.dir/src/urdf_loader.cpp.o[0m
[9.054s] [100%] [32m[1mLinking CXX executable urdf_loader[0m
[9.472s] [100%] Built target urdf_loader
[9.488s] Invoked command in '/home/ziad/Ziad_WS/ROS2/code/build/urdf_cpp' returned '0': CMAKE_PREFIX_PATH=${CMAKE_PREFIX_PATH}:/opt/ros/humble /usr/bin/cmake --build /home/ziad/Ziad_WS/ROS2/code/build/urdf_cpp -- -j4 -l4
[9.502s] Invoking command in '/home/ziad/Ziad_WS/ROS2/code/build/urdf_cpp': CMAKE_PREFIX_PATH=${CMAKE_PREFIX_PATH}:/opt/ros/humble /usr/bin/cmake --install /home/ziad/Ziad_WS/ROS2/code/build/urdf_cpp
[9.512s] -- Install configuration: ""
[9.514s] -- Installing: /home/ziad/Ziad_WS/ROS2/code/install/urdf_cpp/lib/urdf_cpp/urdf_loader
[9.514s] -- Set runtime path of "/home/ziad/Ziad_WS/ROS2/code/install/urdf_cpp/lib/urdf_cpp/urdf_loader" to ""
[9.515s] -- Installing: /home/ziad/Ziad_WS/ROS2/code/install/urdf_cpp/share/ament_index/resource_index/package_run_dependencies/urdf_cpp
[9.515s] -- Installing: /home/ziad/Ziad_WS/ROS2/code/install/urdf_cpp/share/ament_index/resource_index/parent_prefix_path/urdf_cpp
[9.516s] -- Up-to-date: /home/ziad/Ziad_WS/ROS2/code/install/urdf_cpp/share/urdf_cpp/environment/ament_prefix_path.sh
[9.516s] -- Installing: /home/ziad/Ziad_WS/ROS2/code/install/urdf_cpp/share/urdf_cpp/environment/ament_prefix_path.dsv
[9.516s] -- Up-to-date: /home/ziad/Ziad_WS/ROS2/code/install/urdf_cpp/share/urdf_cpp/environment/path.sh
[9.517s] -- Installing: /home/ziad/Ziad_WS/ROS2/code/install/urdf_cpp/share/urdf_cpp/environment/path.dsv
[9.517s] -- Up-to-date: /home/ziad/Ziad_WS/ROS2/code/install/urdf_cpp/share/urdf_cpp/local_setup.bash
[9.517s] -- Up-to-date: /home/ziad/Ziad_WS/ROS2/code/install/urdf_cpp/share/urdf_cpp/local_setup.sh
[9.517s] -- Up-to-date: /home/ziad/Ziad_WS/ROS2/code/install/urdf_cpp/share/urdf_cpp/local_setup.zsh
[9.517s] -- Installing: /home/ziad/Ziad_WS/ROS2/code/install/urdf_cpp/share/urdf_cpp/local_setup.dsv
[9.518s] -- Installing: /home/ziad/Ziad_WS/ROS2/code/install/urdf_cpp/share/urdf_cpp/package.dsv
[9.518s] -- Up-to-date: /home/ziad/Ziad_WS/ROS2/code/install/urdf_cpp/share/ament_index/resource_index/packages/urdf_cpp
[9.518s] -- Up-to-date: /home/ziad/Ziad_WS/ROS2/code/install/urdf_cpp/share/urdf_cpp/cmake/urdf_cppConfig.cmake
[9.518s] -- Up-to-date: /home/ziad/Ziad_WS/ROS2/code/install/urdf_cpp/share/urdf_cpp/cmake/urdf_cppConfig-version.cmake
[9.518s] -- Installing: /home/ziad/Ziad_WS/ROS2/code/install/urdf_cpp/share/urdf_cpp/package.xml
[9.521s] Invoked command in '/home/ziad/Ziad_WS/ROS2/code/build/urdf_cpp' returned '0': CMAKE_PREFIX_PATH=${CMAKE_PREFIX_PATH}:/opt/ros/humble /usr/bin/cmake --install /home/ziad/Ziad_WS/ROS2/code/build/urdf_cpp
