[0.019s] Invoking command in '/home/ziad/Ziad_Repo/ROS2/ros2_ws/build/my_controller_cpp': CMAKE_PREFIX_PATH=/opt/ros/humble /usr/bin/cmake /home/ziad/Ziad_Repo/ROS2/ros2_ws/src/my_controller_cpp -DCMAKE_INSTALL_PREFIX=/home/ziad/Ziad_Repo/ROS2/ros2_ws/install/my_controller_cpp
[0.185s] -- The C compiler identification is GNU 11.4.0
[0.294s] -- The CXX compiler identification is GNU 11.4.0
[0.310s] -- Detecting C compiler ABI info
[0.421s] -- Detecting C compiler ABI info - done
[0.437s] -- Check for working C compiler: /usr/bin/cc - skipped
[0.438s] -- Detecting C compile features
[0.439s] -- Detecting C compile features - done
[0.444s] -- Detecting CXX compiler ABI info
[0.540s] -- Detecting CXX compiler ABI info - done
[0.558s] -- Check for working CXX compiler: /usr/bin/c++ - skipped
[0.559s] -- Detecting CXX compile features
[0.560s] -- Detecting CXX compile features - done
[0.573s] -- Found ament_cmake: 1.3.11 (/opt/ros/humble/share/ament_cmake/cmake)
[0.761s] -- Found Python3: /usr/bin/python3 (found version "3.10.12") found components: Interpreter 
[0.886s] -- Found rclcpp: 16.0.11 (/opt/ros/humble/share/rclcpp/cmake)
[0.958s] -- Found rosidl_generator_c: 3.1.6 (/opt/ros/humble/share/rosidl_generator_c/cmake)
[0.965s] -- Found rosidl_adapter: 3.1.6 (/opt/ros/humble/share/rosidl_adapter/cmake)
[0.978s] -- Found rosidl_generator_cpp: 3.1.6 (/opt/ros/humble/share/rosidl_generator_cpp/cmake)
[0.999s] -- Using all available rosidl_typesupport_c: rosidl_typesupport_fastrtps_c;rosidl_typesupport_introspection_c
[1.025s] -- Using all available rosidl_typesupport_cpp: rosidl_typesupport_fastrtps_cpp;rosidl_typesupport_introspection_cpp
[1.100s] -- Found rmw_implementation_cmake: 6.1.2 (/opt/ros/humble/share/rmw_implementation_cmake/cmake)
[1.106s] -- Found rmw_fastrtps_cpp: 6.2.7 (/opt/ros/humble/share/rmw_fastrtps_cpp/cmake)
[1.250s] -- Found OpenSSL: /usr/lib/x86_64-linux-gnu/libcrypto.so (found version "3.0.2")  
[1.287s] -- Found FastRTPS: /opt/ros/humble/include  
[1.340s] -- Using RMW implementation 'rmw_fastrtps_cpp' as default
[1.352s] -- Looking for pthread.h
[1.438s] -- Looking for pthread.h - found
[1.439s] -- Performing Test CMAKE_HAVE_LIBC_PTHREAD
[1.526s] -- Performing Test CMAKE_HAVE_LIBC_PTHREAD - Success
[1.527s] -- Found Threads: TRUE  
[1.621s] -- Found ament_lint_auto: 0.12.11 (/opt/ros/humble/share/ament_lint_auto/cmake)
[1.738s] -- Added test 'lint_cmake' to check CMake code style
[1.740s] -- Added test 'xmllint' to check XML markup files
[1.742s] -- Configuring done
[1.747s] -- Generating done
[1.750s] -- Build files have been written to: /home/ziad/Ziad_Repo/ROS2/ros2_ws/build/my_controller_cpp
[1.760s] Invoked command in '/home/ziad/Ziad_Repo/ROS2/ros2_ws/build/my_controller_cpp' returned '0': CMAKE_PREFIX_PATH=/opt/ros/humble /usr/bin/cmake /home/ziad/Ziad_Repo/ROS2/ros2_ws/src/my_controller_cpp -DCMAKE_INSTALL_PREFIX=/home/ziad/Ziad_Repo/ROS2/ros2_ws/install/my_controller_cpp
[1.762s] Invoking command in '/home/ziad/Ziad_Repo/ROS2/ros2_ws/build/my_controller_cpp': CMAKE_PREFIX_PATH=/opt/ros/humble /usr/bin/cmake --build /home/ziad/Ziad_Repo/ROS2/ros2_ws/build/my_controller_cpp -- -j4 -l4
[1.804s] Invoked command in '/home/ziad/Ziad_Repo/ROS2/ros2_ws/build/my_controller_cpp' returned '0': CMAKE_PREFIX_PATH=/opt/ros/humble /usr/bin/cmake --build /home/ziad/Ziad_Repo/ROS2/ros2_ws/build/my_controller_cpp -- -j4 -l4
[1.814s] Invoking command in '/home/ziad/Ziad_Repo/ROS2/ros2_ws/build/my_controller_cpp': CMAKE_PREFIX_PATH=/opt/ros/humble /usr/bin/cmake --install /home/ziad/Ziad_Repo/ROS2/ros2_ws/build/my_controller_cpp
[1.822s] -- Install configuration: ""
[1.822s] -- Installing: /home/ziad/Ziad_Repo/ROS2/ros2_ws/install/my_controller_cpp/share/ament_index/resource_index/package_run_dependencies/my_controller_cpp
[1.823s] -- Installing: /home/ziad/Ziad_Repo/ROS2/ros2_ws/install/my_controller_cpp/share/ament_index/resource_index/parent_prefix_path/my_controller_cpp
[1.823s] -- Installing: /home/ziad/Ziad_Repo/ROS2/ros2_ws/install/my_controller_cpp/share/my_controller_cpp/environment/ament_prefix_path.sh
[1.823s] -- Installing: /home/ziad/Ziad_Repo/ROS2/ros2_ws/install/my_controller_cpp/share/my_controller_cpp/environment/ament_prefix_path.dsv
[1.823s] -- Installing: /home/ziad/Ziad_Repo/ROS2/ros2_ws/install/my_controller_cpp/share/my_controller_cpp/environment/path.sh
[1.823s] -- Installing: /home/ziad/Ziad_Repo/ROS2/ros2_ws/install/my_controller_cpp/share/my_controller_cpp/environment/path.dsv
[1.824s] -- Installing: /home/ziad/Ziad_Repo/ROS2/ros2_ws/install/my_controller_cpp/share/my_controller_cpp/local_setup.bash
[1.824s] -- Installing: /home/ziad/Ziad_Repo/ROS2/ros2_ws/install/my_controller_cpp/share/my_controller_cpp/local_setup.sh
[1.824s] -- Installing: /home/ziad/Ziad_Repo/ROS2/ros2_ws/install/my_controller_cpp/share/my_controller_cpp/local_setup.zsh
[1.824s] -- Installing: /home/ziad/Ziad_Repo/ROS2/ros2_ws/install/my_controller_cpp/share/my_controller_cpp/local_setup.dsv
[1.824s] -- Installing: /home/ziad/Ziad_Repo/ROS2/ros2_ws/install/my_controller_cpp/share/my_controller_cpp/package.dsv
[1.824s] -- Installing: /home/ziad/Ziad_Repo/ROS2/ros2_ws/install/my_controller_cpp/share/ament_index/resource_index/packages/my_controller_cpp
[1.825s] -- Installing: /home/ziad/Ziad_Repo/ROS2/ros2_ws/install/my_controller_cpp/share/my_controller_cpp/cmake/my_controller_cppConfig.cmake
[1.825s] -- Installing: /home/ziad/Ziad_Repo/ROS2/ros2_ws/install/my_controller_cpp/share/my_controller_cpp/cmake/my_controller_cppConfig-version.cmake
[1.825s] -- Installing: /home/ziad/Ziad_Repo/ROS2/ros2_ws/install/my_controller_cpp/share/my_controller_cpp/package.xml
[1.828s] Invoked command in '/home/ziad/Ziad_Repo/ROS2/ros2_ws/build/my_controller_cpp' returned '0': CMAKE_PREFIX_PATH=/opt/ros/humble /usr/bin/cmake --install /home/ziad/Ziad_Repo/ROS2/ros2_ws/build/my_controller_cpp
