[0.008s] Invoking command in '/home/ziad/Ziad_WS/ROS2/work_space_2/build/AhmedMoo': CMAKE_PREFIX_PATH=/opt/ros/humble /usr/bin/cmake /home/ziad/Ziad_WS/ROS2/work_space_2/src/AhmedMoo -DCMAKE_INSTALL_PREFIX=/home/ziad/Ziad_WS/ROS2/work_space_2/install/AhmedMoo
[0.193s] -- The C compiler identification is GNU 11.4.0
[0.356s] -- The CXX compiler identification is GNU 11.4.0
[0.370s] -- Detecting C compiler ABI info
[0.454s] -- Detecting C compiler ABI info - done
[0.463s] -- Check for working C compiler: /usr/bin/cc - skipped
[0.463s] -- Detecting C compile features
[0.464s] -- Detecting C compile features - done
[0.468s] -- Detecting CXX compiler ABI info
[0.561s] -- Detecting CXX compiler ABI info - done
[0.571s] -- Check for working CXX compiler: /usr/bin/c++ - skipped
[0.571s] -- Detecting CXX compile features
[0.572s] -- Detecting CXX compile features - done
[0.584s] -- Found ament_cmake: 1.3.11 (/opt/ros/humble/share/ament_cmake/cmake)
[1.091s] -- Found Python3: /usr/bin/python3 (found version "3.10.12") found components: Interpreter 
[1.214s] -- Found rclcpp: 16.0.12 (/opt/ros/humble/share/rclcpp/cmake)
[1.302s] -- Found rosidl_generator_c: 3.1.6 (/opt/ros/humble/share/rosidl_generator_c/cmake)
[1.311s] -- Found rosidl_adapter: 3.1.6 (/opt/ros/humble/share/rosidl_adapter/cmake)
[1.325s] -- Found rosidl_generator_cpp: 3.1.6 (/opt/ros/humble/share/rosidl_generator_cpp/cmake)
[1.350s] -- Using all available rosidl_typesupport_c: rosidl_typesupport_fastrtps_c;rosidl_typesupport_introspection_c
[1.376s] -- Using all available rosidl_typesupport_cpp: rosidl_typesupport_fastrtps_cpp;rosidl_typesupport_introspection_cpp
[1.448s] -- Found rmw_implementation_cmake: 6.1.2 (/opt/ros/humble/share/rmw_implementation_cmake/cmake)
[1.452s] -- Found rmw_fastrtps_cpp: 6.2.7 (/opt/ros/humble/share/rmw_fastrtps_cpp/cmake)
[1.571s] -- Found OpenSSL: /usr/lib/x86_64-linux-gnu/libcrypto.so (found version "3.0.2")  
[1.606s] -- Found FastRTPS: /opt/ros/humble/include  
[1.657s] -- Using RMW implementation 'rmw_fastrtps_cpp' as default
[1.670s] -- Looking for pthread.h
[1.757s] -- Looking for pthread.h - found
[1.758s] -- Performing Test CMAKE_HAVE_LIBC_PTHREAD
[1.837s] -- Performing Test CMAKE_HAVE_LIBC_PTHREAD - Success
[1.839s] -- Found Threads: TRUE  
[1.936s] -- Found ament_lint_auto: 0.12.12 (/opt/ros/humble/share/ament_lint_auto/cmake)
[2.016s] WARNING: Package name "AhmedMoo" does not follow the naming conventions. It should start with a lower case letter and only contain lower case letters, digits, underscores, and dashes.
[2.057s] -- Added test 'cppcheck' to perform static code analysis on C / C++ code
[2.057s] -- Configured cppcheck include dirs: 
[2.058s] -- Configured cppcheck exclude dirs and/or files: 
[2.059s] -- Added test 'lint_cmake' to check CMake code style
[2.061s] -- Added test 'uncrustify' to check C / C++ code style
[2.061s] -- Configured uncrustify additional arguments: 
[2.062s] -- Added test 'xmllint' to check XML markup files
[2.064s] -- Configuring done
[2.077s] -- Generating done
[2.082s] -- Build files have been written to: /home/ziad/Ziad_WS/ROS2/work_space_2/build/AhmedMoo
[2.093s] Invoked command in '/home/ziad/Ziad_WS/ROS2/work_space_2/build/AhmedMoo' returned '0': CMAKE_PREFIX_PATH=/opt/ros/humble /usr/bin/cmake /home/ziad/Ziad_WS/ROS2/work_space_2/src/AhmedMoo -DCMAKE_INSTALL_PREFIX=/home/ziad/Ziad_WS/ROS2/work_space_2/install/AhmedMoo
[2.095s] Invoking command in '/home/ziad/Ziad_WS/ROS2/work_space_2/build/AhmedMoo': CMAKE_PREFIX_PATH=/opt/ros/humble /usr/bin/cmake --build /home/ziad/Ziad_WS/ROS2/work_space_2/build/AhmedMoo -- -j4 -l4
[2.152s] [ 50%] [32mBuilding CXX object CMakeFiles/Subscriber_Node.dir/src/sub.cpp.o[0m
[2.152s] [ 50%] [32mBuilding CXX object CMakeFiles/Publisher_Node.dir/src/pub.cpp.o[0m
[10.925s] [ 75%] [32m[1mLinking CXX executable Publisher_Node[0m
[11.370s] [ 75%] Built target Publisher_Node
[15.303s] [100%] [32m[1mLinking CXX executable Subscriber_Node[0m
[15.784s] [100%] Built target Subscriber_Node
[15.798s] Invoked command in '/home/ziad/Ziad_WS/ROS2/work_space_2/build/AhmedMoo' returned '0': CMAKE_PREFIX_PATH=/opt/ros/humble /usr/bin/cmake --build /home/ziad/Ziad_WS/ROS2/work_space_2/build/AhmedMoo -- -j4 -l4
[15.809s] Invoking command in '/home/ziad/Ziad_WS/ROS2/work_space_2/build/AhmedMoo': CMAKE_PREFIX_PATH=/opt/ros/humble /usr/bin/cmake --install /home/ziad/Ziad_WS/ROS2/work_space_2/build/AhmedMoo
[15.817s] -- Install configuration: ""
[15.817s] -- Installing: /home/ziad/Ziad_WS/ROS2/work_space_2/install/AhmedMoo/lib/AhmedMoo/Publisher_Node
[15.818s] -- Set runtime path of "/home/ziad/Ziad_WS/ROS2/work_space_2/install/AhmedMoo/lib/AhmedMoo/Publisher_Node" to ""
[15.818s] -- Installing: /home/ziad/Ziad_WS/ROS2/work_space_2/install/AhmedMoo/lib/AhmedMoo/Subscriber_Node
[15.821s] -- Set runtime path of "/home/ziad/Ziad_WS/ROS2/work_space_2/install/AhmedMoo/lib/AhmedMoo/Subscriber_Node" to ""
[15.822s] -- Installing: /home/ziad/Ziad_WS/ROS2/work_space_2/install/AhmedMoo/share/ament_index/resource_index/package_run_dependencies/AhmedMoo
[15.822s] -- Installing: /home/ziad/Ziad_WS/ROS2/work_space_2/install/AhmedMoo/share/ament_index/resource_index/parent_prefix_path/AhmedMoo
[15.823s] -- Installing: /home/ziad/Ziad_WS/ROS2/work_space_2/install/AhmedMoo/share/AhmedMoo/environment/ament_prefix_path.sh
[15.824s] -- Installing: /home/ziad/Ziad_WS/ROS2/work_space_2/install/AhmedMoo/share/AhmedMoo/environment/ament_prefix_path.dsv
[15.824s] -- Installing: /home/ziad/Ziad_WS/ROS2/work_space_2/install/AhmedMoo/share/AhmedMoo/environment/path.sh
[15.824s] -- Installing: /home/ziad/Ziad_WS/ROS2/work_space_2/install/AhmedMoo/share/AhmedMoo/environment/path.dsv
[15.824s] -- Installing: /home/ziad/Ziad_WS/ROS2/work_space_2/install/AhmedMoo/share/AhmedMoo/local_setup.bash
[15.825s] -- Installing: /home/ziad/Ziad_WS/ROS2/work_space_2/install/AhmedMoo/share/AhmedMoo/local_setup.sh
[15.825s] -- Installing: /home/ziad/Ziad_WS/ROS2/work_space_2/install/AhmedMoo/share/AhmedMoo/local_setup.zsh
[15.825s] -- Installing: /home/ziad/Ziad_WS/ROS2/work_space_2/install/AhmedMoo/share/AhmedMoo/local_setup.dsv
[15.826s] -- Installing: /home/ziad/Ziad_WS/ROS2/work_space_2/install/AhmedMoo/share/AhmedMoo/package.dsv
[15.826s] -- Installing: /home/ziad/Ziad_WS/ROS2/work_space_2/install/AhmedMoo/share/ament_index/resource_index/packages/AhmedMoo
[15.826s] -- Installing: /home/ziad/Ziad_WS/ROS2/work_space_2/install/AhmedMoo/share/AhmedMoo/cmake/AhmedMooConfig.cmake
[15.827s] -- Installing: /home/ziad/Ziad_WS/ROS2/work_space_2/install/AhmedMoo/share/AhmedMoo/cmake/AhmedMooConfig-version.cmake
[15.827s] -- Installing: /home/ziad/Ziad_WS/ROS2/work_space_2/install/AhmedMoo/share/AhmedMoo/package.xml
[15.829s] Invoked command in '/home/ziad/Ziad_WS/ROS2/work_space_2/build/AhmedMoo' returned '0': CMAKE_PREFIX_PATH=/opt/ros/humble /usr/bin/cmake --install /home/ziad/Ziad_WS/ROS2/work_space_2/build/AhmedMoo
