[0.053s] Invoking command in '/home/ziad/Ziad_WS/ROS2/work_space/build/services_actions': CMAKE_PREFIX_PATH=${CMAKE_PREFIX_PATH}:/opt/ros/humble /usr/bin/cmake --build /home/ziad/Ziad_WS/ROS2/work_space/build/services_actions -- -j4 -l4
[0.681s] [  2%] Built target services_actions__cpp
[0.834s] [  2%] Built target ament_cmake_python_copy_services_actions
[0.916s] [ 10%] Built target services_actions__rosidl_generator_c
[0.941s] [ 19%] Built target services_actions__rosidl_typesupport_cpp
[0.947s] [ 27%] Built target services_actions__rosidl_typesupport_fastrtps_cpp
[0.987s] [ 36%] Built target services_actions__rosidl_typesupport_introspection_cpp
[1.042s] [ 44%] Built target services_actions__rosidl_typesupport_fastrtps_c
[1.042s] [ 53%] Built target services_actions__rosidl_typesupport_introspection_c
[1.065s] [ 61%] Built target services_actions__rosidl_typesupport_c
[1.170s] [ 65%] Built target add_two_ints_client
[1.174s] [ 70%] Built target add_two_ints_server
[1.278s] [ 70%] Built target services_actions
[1.280s] [ 74%] Built target count_down_action_server
[1.399s] [ 78%] Built target count_down_action_client
[1.413s] [ 80%] Built target services_actions__py
[1.501s] [ 87%] Built target services_actions__rosidl_generator_py
[1.566s] [ 91%] Built target services_actions__rosidl_typesupport_fastrtps_c__pyext
[1.573s] [ 95%] Built target services_actions__rosidl_typesupport_introspection_c__pyext
[1.580s] [100%] Built target services_actions__rosidl_typesupport_c__pyext
[1.800s] running egg_info
[1.839s] writing services_actions.egg-info/PKG-INFO
[1.839s] writing dependency_links to services_actions.egg-info/dependency_links.txt
[1.840s] writing top-level names to services_actions.egg-info/top_level.txt
[1.957s] reading manifest file 'services_actions.egg-info/SOURCES.txt'
[1.958s] writing manifest file 'services_actions.egg-info/SOURCES.txt'
[2.032s] [100%] Built target ament_cmake_python_build_services_actions_egg
[2.046s] Invoked command in '/home/ziad/Ziad_WS/ROS2/work_space/build/services_actions' returned '0': CMAKE_PREFIX_PATH=${CMAKE_PREFIX_PATH}:/opt/ros/humble /usr/bin/cmake --build /home/ziad/Ziad_WS/ROS2/work_space/build/services_actions -- -j4 -l4
[2.048s] Invoking command in '/home/ziad/Ziad_WS/ROS2/work_space/build/services_actions': CMAKE_PREFIX_PATH=${CMAKE_PREFIX_PATH}:/opt/ros/humble /usr/bin/cmake --install /home/ziad/Ziad_WS/ROS2/work_space/build/services_actions
[2.062s] -- Install configuration: ""
[2.063s] -- Up-to-date: /home/ziad/Ziad_WS/ROS2/work_space/install/services_actions/share/ament_index/resource_index/rosidl_interfaces/services_actions
[2.064s] -- Up-to-date: /home/ziad/Ziad_WS/ROS2/work_space/install/services_actions/include/services_actions/services_actions
[2.085s] -- Up-to-date: /home/ziad/Ziad_WS/ROS2/work_space/install/services_actions/include/services_actions/services_actions/action
[2.086s] -- Up-to-date: /home/ziad/Ziad_WS/ROS2/work_space/install/services_actions/include/services_actions/services_actions/action/detail
[2.087s] -- Up-to-date: /home/ziad/Ziad_WS/ROS2/work_space/install/services_actions/include/services_actions/services_actions/action/detail/countdown__type_support.h
[2.087s] -- Up-to-date: /home/ziad/Ziad_WS/ROS2/work_space/install/services_actions/include/services_actions/services_actions/action/detail/countdown__functions.h
[2.087s] -- Up-to-date: /home/ziad/Ziad_WS/ROS2/work_space/install/services_actions/include/services_actions/services_actions/action/detail/countdown__functions.c
[2.087s] -- Up-to-date: /home/ziad/Ziad_WS/ROS2/work_space/install/services_actions/include/services_actions/services_actions/action/detail/countdown__struct.h
[2.087s] -- Up-to-date: /home/ziad/Ziad_WS/ROS2/work_space/install/services_actions/include/services_actions/services_actions/action/countdown.h
[2.087s] -- Up-to-date: /home/ziad/Ziad_WS/ROS2/work_space/install/services_actions/include/services_actions/services_actions/srv
[2.088s] -- Up-to-date: /home/ziad/Ziad_WS/ROS2/work_space/install/services_actions/include/services_actions/services_actions/srv/add_two_int.h
[2.088s] -- Up-to-date: /home/ziad/Ziad_WS/ROS2/work_space/install/services_actions/include/services_actions/services_actions/srv/detail
[2.088s] -- Up-to-date: /home/ziad/Ziad_WS/ROS2/work_space/install/services_actions/include/services_actions/services_actions/srv/detail/add_two_int__struct.h
[2.088s] -- Up-to-date: /home/ziad/Ziad_WS/ROS2/work_space/install/services_actions/include/services_actions/services_actions/srv/detail/add_two_int__functions.h
[2.088s] -- Up-to-date: /home/ziad/Ziad_WS/ROS2/work_space/install/services_actions/include/services_actions/services_actions/srv/detail/add_two_int__functions.c
[2.088s] -- Up-to-date: /home/ziad/Ziad_WS/ROS2/work_space/install/services_actions/include/services_actions/services_actions/srv/detail/add_two_int__type_support.h
[2.088s] -- Up-to-date: /home/ziad/Ziad_WS/ROS2/work_space/install/services_actions/include/services_actions/services_actions/msg
[2.088s] -- Up-to-date: /home/ziad/Ziad_WS/ROS2/work_space/install/services_actions/include/services_actions/services_actions/msg/rosidl_generator_c__visibility_control.h
[2.088s] -- Up-to-date: /home/ziad/Ziad_WS/ROS2/work_space/install/services_actions/share/services_actions/environment/library_path.sh
[2.089s] -- Up-to-date: /home/ziad/Ziad_WS/ROS2/work_space/install/services_actions/share/services_actions/environment/library_path.dsv
[2.089s] -- Up-to-date: /home/ziad/Ziad_WS/ROS2/work_space/install/services_actions/lib/libservices_actions__rosidl_generator_c.so
[2.089s] -- Up-to-date: /home/ziad/Ziad_WS/ROS2/work_space/install/services_actions/include/services_actions/services_actions
[2.089s] -- Up-to-date: /home/ziad/Ziad_WS/ROS2/work_space/install/services_actions/include/services_actions/services_actions/action
[2.090s] -- Up-to-date: /home/ziad/Ziad_WS/ROS2/work_space/install/services_actions/include/services_actions/services_actions/action/detail
[2.090s] -- Up-to-date: /home/ziad/Ziad_WS/ROS2/work_space/install/services_actions/include/services_actions/services_actions/action/detail/countdown__rosidl_typesupport_fastrtps_c.h
[2.090s] -- Up-to-date: /home/ziad/Ziad_WS/ROS2/work_space/install/services_actions/include/services_actions/services_actions/srv
[2.090s] -- Up-to-date: /home/ziad/Ziad_WS/ROS2/work_space/install/services_actions/include/services_actions/services_actions/srv/detail
[2.090s] -- Up-to-date: /home/ziad/Ziad_WS/ROS2/work_space/install/services_actions/include/services_actions/services_actions/srv/detail/add_two_int__rosidl_typesupport_fastrtps_c.h
[2.090s] -- Up-to-date: /home/ziad/Ziad_WS/ROS2/work_space/install/services_actions/include/services_actions/services_actions/msg
[2.090s] -- Up-to-date: /home/ziad/Ziad_WS/ROS2/work_space/install/services_actions/include/services_actions/services_actions/msg/rosidl_typesupport_fastrtps_c__visibility_control.h
[2.090s] -- Up-to-date: /home/ziad/Ziad_WS/ROS2/work_space/install/services_actions/lib/libservices_actions__rosidl_typesupport_fastrtps_c.so
[2.091s] -- Up-to-date: /home/ziad/Ziad_WS/ROS2/work_space/install/services_actions/include/services_actions/services_actions
[2.091s] -- Up-to-date: /home/ziad/Ziad_WS/ROS2/work_space/install/services_actions/include/services_actions/services_actions/action
[2.091s] -- Up-to-date: /home/ziad/Ziad_WS/ROS2/work_space/install/services_actions/include/services_actions/services_actions/action/countdown.hpp
[2.091s] -- Up-to-date: /home/ziad/Ziad_WS/ROS2/work_space/install/services_actions/include/services_actions/services_actions/action/detail
[2.091s] -- Up-to-date: /home/ziad/Ziad_WS/ROS2/work_space/install/services_actions/include/services_actions/services_actions/action/detail/countdown__struct.hpp
[2.091s] -- Up-to-date: /home/ziad/Ziad_WS/ROS2/work_space/install/services_actions/include/services_actions/services_actions/action/detail/countdown__builder.hpp
[2.092s] -- Up-to-date: /home/ziad/Ziad_WS/ROS2/work_space/install/services_actions/include/services_actions/services_actions/action/detail/countdown__traits.hpp
[2.092s] -- Up-to-date: /home/ziad/Ziad_WS/ROS2/work_space/install/services_actions/include/services_actions/services_actions/action/detail/countdown__type_support.hpp
[2.092s] -- Up-to-date: /home/ziad/Ziad_WS/ROS2/work_space/install/services_actions/include/services_actions/services_actions/srv
[2.092s] -- Up-to-date: /home/ziad/Ziad_WS/ROS2/work_space/install/services_actions/include/services_actions/services_actions/srv/detail
[2.092s] -- Up-to-date: /home/ziad/Ziad_WS/ROS2/work_space/install/services_actions/include/services_actions/services_actions/srv/detail/add_two_int__type_support.hpp
[2.092s] -- Up-to-date: /home/ziad/Ziad_WS/ROS2/work_space/install/services_actions/include/services_actions/services_actions/srv/detail/add_two_int__struct.hpp
[2.092s] -- Up-to-date: /home/ziad/Ziad_WS/ROS2/work_space/install/services_actions/include/services_actions/services_actions/srv/detail/add_two_int__builder.hpp
[2.092s] -- Up-to-date: /home/ziad/Ziad_WS/ROS2/work_space/install/services_actions/include/services_actions/services_actions/srv/detail/add_two_int__traits.hpp
[2.092s] -- Up-to-date: /home/ziad/Ziad_WS/ROS2/work_space/install/services_actions/include/services_actions/services_actions/srv/add_two_int.hpp
[2.093s] -- Up-to-date: /home/ziad/Ziad_WS/ROS2/work_space/install/services_actions/include/services_actions/services_actions/msg
[2.093s] -- Up-to-date: /home/ziad/Ziad_WS/ROS2/work_space/install/services_actions/include/services_actions/services_actions/msg/rosidl_generator_cpp__visibility_control.hpp
[2.093s] -- Up-to-date: /home/ziad/Ziad_WS/ROS2/work_space/install/services_actions/include/services_actions/services_actions
[2.093s] -- Up-to-date: /home/ziad/Ziad_WS/ROS2/work_space/install/services_actions/include/services_actions/services_actions/action
[2.093s] -- Up-to-date: /home/ziad/Ziad_WS/ROS2/work_space/install/services_actions/include/services_actions/services_actions/action/detail
[2.093s] -- Up-to-date: /home/ziad/Ziad_WS/ROS2/work_space/install/services_actions/include/services_actions/services_actions/action/detail/dds_fastrtps
[2.093s] -- Up-to-date: /home/ziad/Ziad_WS/ROS2/work_space/install/services_actions/include/services_actions/services_actions/action/detail/countdown__rosidl_typesupport_fastrtps_cpp.hpp
[2.093s] -- Up-to-date: /home/ziad/Ziad_WS/ROS2/work_space/install/services_actions/include/services_actions/services_actions/srv
[2.093s] -- Up-to-date: /home/ziad/Ziad_WS/ROS2/work_space/install/services_actions/include/services_actions/services_actions/srv/detail
[2.093s] -- Up-to-date: /home/ziad/Ziad_WS/ROS2/work_space/install/services_actions/include/services_actions/services_actions/srv/detail/add_two_int__rosidl_typesupport_fastrtps_cpp.hpp
[2.093s] -- Up-to-date: /home/ziad/Ziad_WS/ROS2/work_space/install/services_actions/include/services_actions/services_actions/srv/detail/dds_fastrtps
[2.094s] -- Up-to-date: /home/ziad/Ziad_WS/ROS2/work_space/install/services_actions/include/services_actions/services_actions/msg
[2.094s] -- Up-to-date: /home/ziad/Ziad_WS/ROS2/work_space/install/services_actions/include/services_actions/services_actions/msg/rosidl_typesupport_fastrtps_cpp__visibility_control.h
[2.094s] -- Up-to-date: /home/ziad/Ziad_WS/ROS2/work_space/install/services_actions/lib/libservices_actions__rosidl_typesupport_fastrtps_cpp.so
[2.094s] -- Up-to-date: /home/ziad/Ziad_WS/ROS2/work_space/install/services_actions/include/services_actions/services_actions
[2.094s] -- Up-to-date: /home/ziad/Ziad_WS/ROS2/work_space/install/services_actions/include/services_actions/services_actions/action
[2.094s] -- Up-to-date: /home/ziad/Ziad_WS/ROS2/work_space/install/services_actions/include/services_actions/services_actions/action/detail
[2.094s] -- Up-to-date: /home/ziad/Ziad_WS/ROS2/work_space/install/services_actions/include/services_actions/services_actions/action/detail/countdown__type_support.c
[2.094s] -- Up-to-date: /home/ziad/Ziad_WS/ROS2/work_space/install/services_actions/include/services_actions/services_actions/action/detail/countdown__rosidl_typesupport_introspection_c.h
[2.094s] -- Up-to-date: /home/ziad/Ziad_WS/ROS2/work_space/install/services_actions/include/services_actions/services_actions/srv
[2.094s] -- Up-to-date: /home/ziad/Ziad_WS/ROS2/work_space/install/services_actions/include/services_actions/services_actions/srv/detail
[2.094s] -- Up-to-date: /home/ziad/Ziad_WS/ROS2/work_space/install/services_actions/include/services_actions/services_actions/srv/detail/add_two_int__type_support.c
[2.095s] -- Up-to-date: /home/ziad/Ziad_WS/ROS2/work_space/install/services_actions/include/services_actions/services_actions/srv/detail/add_two_int__rosidl_typesupport_introspection_c.h
[2.095s] -- Up-to-date: /home/ziad/Ziad_WS/ROS2/work_space/install/services_actions/include/services_actions/services_actions/msg
[2.095s] -- Up-to-date: /home/ziad/Ziad_WS/ROS2/work_space/install/services_actions/include/services_actions/services_actions/msg/rosidl_typesupport_introspection_c__visibility_control.h
[2.095s] -- Up-to-date: /home/ziad/Ziad_WS/ROS2/work_space/install/services_actions/lib/libservices_actions__rosidl_typesupport_introspection_c.so
[2.096s] -- Up-to-date: /home/ziad/Ziad_WS/ROS2/work_space/install/services_actions/lib/libservices_actions__rosidl_typesupport_c.so
[2.096s] -- Up-to-date: /home/ziad/Ziad_WS/ROS2/work_space/install/services_actions/include/services_actions/services_actions
[2.096s] -- Up-to-date: /home/ziad/Ziad_WS/ROS2/work_space/install/services_actions/include/services_actions/services_actions/action
[2.096s] -- Up-to-date: /home/ziad/Ziad_WS/ROS2/work_space/install/services_actions/include/services_actions/services_actions/action/detail
[2.097s] -- Up-to-date: /home/ziad/Ziad_WS/ROS2/work_space/install/services_actions/include/services_actions/services_actions/action/detail/countdown__rosidl_typesupport_introspection_cpp.hpp
[2.097s] -- Up-to-date: /home/ziad/Ziad_WS/ROS2/work_space/install/services_actions/include/services_actions/services_actions/action/detail/countdown__type_support.cpp
[2.097s] -- Up-to-date: /home/ziad/Ziad_WS/ROS2/work_space/install/services_actions/include/services_actions/services_actions/srv
[2.097s] -- Up-to-date: /home/ziad/Ziad_WS/ROS2/work_space/install/services_actions/include/services_actions/services_actions/srv/detail
[2.097s] -- Up-to-date: /home/ziad/Ziad_WS/ROS2/work_space/install/services_actions/include/services_actions/services_actions/srv/detail/add_two_int__rosidl_typesupport_introspection_cpp.hpp
[2.097s] -- Up-to-date: /home/ziad/Ziad_WS/ROS2/work_space/install/services_actions/include/services_actions/services_actions/srv/detail/add_two_int__type_support.cpp
[2.097s] -- Up-to-date: /home/ziad/Ziad_WS/ROS2/work_space/install/services_actions/lib/libservices_actions__rosidl_typesupport_introspection_cpp.so
[2.098s] -- Up-to-date: /home/ziad/Ziad_WS/ROS2/work_space/install/services_actions/lib/libservices_actions__rosidl_typesupport_cpp.so
[2.099s] -- Up-to-date: /home/ziad/Ziad_WS/ROS2/work_space/install/services_actions/share/services_actions/environment/pythonpath.sh
[2.099s] -- Up-to-date: /home/ziad/Ziad_WS/ROS2/work_space/install/services_actions/share/services_actions/environment/pythonpath.dsv
[2.099s] -- Up-to-date: /home/ziad/Ziad_WS/ROS2/work_space/install/services_actions/local/lib/python3.10/dist-packages/services_actions-0.0.0-py3.10.egg-info
[2.099s] -- Installing: /home/ziad/Ziad_WS/ROS2/work_space/install/services_actions/local/lib/python3.10/dist-packages/services_actions-0.0.0-py3.10.egg-info/dependency_links.txt
[2.099s] -- Installing: /home/ziad/Ziad_WS/ROS2/work_space/install/services_actions/local/lib/python3.10/dist-packages/services_actions-0.0.0-py3.10.egg-info/top_level.txt
[2.100s] -- Installing: /home/ziad/Ziad_WS/ROS2/work_space/install/services_actions/local/lib/python3.10/dist-packages/services_actions-0.0.0-py3.10.egg-info/PKG-INFO
[2.100s] -- Installing: /home/ziad/Ziad_WS/ROS2/work_space/install/services_actions/local/lib/python3.10/dist-packages/services_actions-0.0.0-py3.10.egg-info/SOURCES.txt
[2.100s] -- Up-to-date: /home/ziad/Ziad_WS/ROS2/work_space/install/services_actions/local/lib/python3.10/dist-packages/services_actions
[2.100s] -- Up-to-date: /home/ziad/Ziad_WS/ROS2/work_space/install/services_actions/local/lib/python3.10/dist-packages/services_actions/_services_actions_s.ep.rosidl_typesupport_fastrtps_c.c
[2.101s] -- Up-to-date: /home/ziad/Ziad_WS/ROS2/work_space/install/services_actions/local/lib/python3.10/dist-packages/services_actions/action
[2.101s] -- Up-to-date: /home/ziad/Ziad_WS/ROS2/work_space/install/services_actions/local/lib/python3.10/dist-packages/services_actions/action/_countdown.py
[2.101s] -- Up-to-date: /home/ziad/Ziad_WS/ROS2/work_space/install/services_actions/local/lib/python3.10/dist-packages/services_actions/action/_countdown_s.c
[2.101s] -- Up-to-date: /home/ziad/Ziad_WS/ROS2/work_space/install/services_actions/local/lib/python3.10/dist-packages/services_actions/action/__init__.py
[2.101s] -- Up-to-date: /home/ziad/Ziad_WS/ROS2/work_space/install/services_actions/local/lib/python3.10/dist-packages/services_actions/services_actions_s__rosidl_typesupport_fastrtps_c.cpython-310-x86_64-linux-gnu.so
[2.101s] -- Up-to-date: /home/ziad/Ziad_WS/ROS2/work_space/install/services_actions/local/lib/python3.10/dist-packages/services_actions/srv
[2.101s] -- Up-to-date: /home/ziad/Ziad_WS/ROS2/work_space/install/services_actions/local/lib/python3.10/dist-packages/services_actions/srv/_add_two_int_s.c
[2.102s] -- Up-to-date: /home/ziad/Ziad_WS/ROS2/work_space/install/services_actions/local/lib/python3.10/dist-packages/services_actions/srv/_add_two_int.py
[2.102s] -- Up-to-date: /home/ziad/Ziad_WS/ROS2/work_space/install/services_actions/local/lib/python3.10/dist-packages/services_actions/srv/__init__.py
[2.102s] -- Up-to-date: /home/ziad/Ziad_WS/ROS2/work_space/install/services_actions/local/lib/python3.10/dist-packages/services_actions/_services_actions_s.ep.rosidl_typesupport_c.c
[2.102s] -- Up-to-date: /home/ziad/Ziad_WS/ROS2/work_space/install/services_actions/local/lib/python3.10/dist-packages/services_actions/_services_actions_s.ep.rosidl_typesupport_introspection_c.c
[2.102s] -- Up-to-date: /home/ziad/Ziad_WS/ROS2/work_space/install/services_actions/local/lib/python3.10/dist-packages/services_actions/services_actions_s__rosidl_typesupport_c.cpython-310-x86_64-linux-gnu.so
[2.102s] -- Up-to-date: /home/ziad/Ziad_WS/ROS2/work_space/install/services_actions/local/lib/python3.10/dist-packages/services_actions/__init__.py
[2.102s] -- Up-to-date: /home/ziad/Ziad_WS/ROS2/work_space/install/services_actions/local/lib/python3.10/dist-packages/services_actions/services_actions_s__rosidl_typesupport_introspection_c.cpython-310-x86_64-linux-gnu.so
[2.103s] -- Up-to-date: /home/ziad/Ziad_WS/ROS2/work_space/install/services_actions/local/lib/python3.10/dist-packages/services_actions/libservices_actions__rosidl_generator_py.so
[2.144s] Listing '/home/ziad/Ziad_WS/ROS2/work_space/install/services_actions/local/lib/python3.10/dist-packages/services_actions'...
[2.144s] Listing '/home/ziad/Ziad_WS/ROS2/work_space/install/services_actions/local/lib/python3.10/dist-packages/services_actions/action'...
[2.145s] Listing '/home/ziad/Ziad_WS/ROS2/work_space/install/services_actions/local/lib/python3.10/dist-packages/services_actions/srv'...
[2.151s] -- Up-to-date: /home/ziad/Ziad_WS/ROS2/work_space/install/services_actions/local/lib/python3.10/dist-packages/services_actions/services_actions_s__rosidl_typesupport_fastrtps_c.cpython-310-x86_64-linux-gnu.so
[2.152s] -- Up-to-date: /home/ziad/Ziad_WS/ROS2/work_space/install/services_actions/local/lib/python3.10/dist-packages/services_actions/services_actions_s__rosidl_typesupport_introspection_c.cpython-310-x86_64-linux-gnu.so
[2.153s] -- Up-to-date: /home/ziad/Ziad_WS/ROS2/work_space/install/services_actions/local/lib/python3.10/dist-packages/services_actions/services_actions_s__rosidl_typesupport_c.cpython-310-x86_64-linux-gnu.so
[2.155s] -- Up-to-date: /home/ziad/Ziad_WS/ROS2/work_space/install/services_actions/lib/libservices_actions__rosidl_generator_py.so
[2.155s] -- Up-to-date: /home/ziad/Ziad_WS/ROS2/work_space/install/services_actions/share/services_actions/srv/AddTwoInt.idl
[2.155s] -- Up-to-date: /home/ziad/Ziad_WS/ROS2/work_space/install/services_actions/share/services_actions/action/Countdown.idl
[2.156s] -- Up-to-date: /home/ziad/Ziad_WS/ROS2/work_space/install/services_actions/share/services_actions/srv/AddTwoInt.srv
[2.156s] -- Up-to-date: /home/ziad/Ziad_WS/ROS2/work_space/install/services_actions/share/services_actions/srv/AddTwoInt_Request.msg
[2.156s] -- Up-to-date: /home/ziad/Ziad_WS/ROS2/work_space/install/services_actions/share/services_actions/srv/AddTwoInt_Response.msg
[2.156s] -- Up-to-date: /home/ziad/Ziad_WS/ROS2/work_space/install/services_actions/share/services_actions/action/Countdown.action
[2.157s] -- Up-to-date: /home/ziad/Ziad_WS/ROS2/work_space/install/services_actions/lib/services_actions/add_two_ints_server
[2.158s] -- Up-to-date: /home/ziad/Ziad_WS/ROS2/work_space/install/services_actions/lib/services_actions/add_two_ints_client
[2.159s] -- Up-to-date: /home/ziad/Ziad_WS/ROS2/work_space/install/services_actions/lib/services_actions/count_down_action_server
[2.160s] -- Up-to-date: /home/ziad/Ziad_WS/ROS2/work_space/install/services_actions/lib/services_actions/count_down_action_client
[2.161s] -- Up-to-date: /home/ziad/Ziad_WS/ROS2/work_space/install/services_actions/share/services_actions/launch
[2.161s] -- Up-to-date: /home/ziad/Ziad_WS/ROS2/work_space/install/services_actions/share/services_actions/launch/run_action.launch.py
[2.161s] -- Up-to-date: /home/ziad/Ziad_WS/ROS2/work_space/install/services_actions/share/services_actions/launch/run_service.launch.py
[2.161s] -- Up-to-date: /home/ziad/Ziad_WS/ROS2/work_space/install/services_actions/share/services_actions/launch/run.launch.py
[2.161s] -- Up-to-date: /home/ziad/Ziad_WS/ROS2/work_space/install/services_actions/share/ament_index/resource_index/package_run_dependencies/services_actions
[2.162s] -- Up-to-date: /home/ziad/Ziad_WS/ROS2/work_space/install/services_actions/share/ament_index/resource_index/parent_prefix_path/services_actions
[2.162s] -- Up-to-date: /home/ziad/Ziad_WS/ROS2/work_space/install/services_actions/share/services_actions/environment/ament_prefix_path.sh
[2.162s] -- Up-to-date: /home/ziad/Ziad_WS/ROS2/work_space/install/services_actions/share/services_actions/environment/ament_prefix_path.dsv
[2.162s] -- Up-to-date: /home/ziad/Ziad_WS/ROS2/work_space/install/services_actions/share/services_actions/environment/path.sh
[2.162s] -- Up-to-date: /home/ziad/Ziad_WS/ROS2/work_space/install/services_actions/share/services_actions/environment/path.dsv
[2.162s] -- Up-to-date: /home/ziad/Ziad_WS/ROS2/work_space/install/services_actions/share/services_actions/local_setup.bash
[2.162s] -- Up-to-date: /home/ziad/Ziad_WS/ROS2/work_space/install/services_actions/share/services_actions/local_setup.sh
[2.162s] -- Up-to-date: /home/ziad/Ziad_WS/ROS2/work_space/install/services_actions/share/services_actions/local_setup.zsh
[2.163s] -- Up-to-date: /home/ziad/Ziad_WS/ROS2/work_space/install/services_actions/share/services_actions/local_setup.dsv
[2.163s] -- Installing: /home/ziad/Ziad_WS/ROS2/work_space/install/services_actions/share/services_actions/package.dsv
[2.163s] -- Up-to-date: /home/ziad/Ziad_WS/ROS2/work_space/install/services_actions/share/ament_index/resource_index/packages/services_actions
[2.164s] -- Up-to-date: /home/ziad/Ziad_WS/ROS2/work_space/install/services_actions/share/services_actions/cmake/export_services_actions__rosidl_generator_cExport.cmake
[2.164s] -- Up-to-date: /home/ziad/Ziad_WS/ROS2/work_space/install/services_actions/share/services_actions/cmake/export_services_actions__rosidl_generator_cExport-noconfig.cmake
[2.165s] -- Up-to-date: /home/ziad/Ziad_WS/ROS2/work_space/install/services_actions/share/services_actions/cmake/export_services_actions__rosidl_typesupport_fastrtps_cExport.cmake
[2.165s] -- Up-to-date: /home/ziad/Ziad_WS/ROS2/work_space/install/services_actions/share/services_actions/cmake/export_services_actions__rosidl_typesupport_fastrtps_cExport-noconfig.cmake
[2.165s] -- Up-to-date: /home/ziad/Ziad_WS/ROS2/work_space/install/services_actions/share/services_actions/cmake/export_services_actions__rosidl_generator_cppExport.cmake
[2.166s] -- Up-to-date: /home/ziad/Ziad_WS/ROS2/work_space/install/services_actions/share/services_actions/cmake/export_services_actions__rosidl_typesupport_fastrtps_cppExport.cmake
[2.166s] -- Up-to-date: /home/ziad/Ziad_WS/ROS2/work_space/install/services_actions/share/services_actions/cmake/export_services_actions__rosidl_typesupport_fastrtps_cppExport-noconfig.cmake
[2.167s] -- Up-to-date: /home/ziad/Ziad_WS/ROS2/work_space/install/services_actions/share/services_actions/cmake/services_actions__rosidl_typesupport_introspection_cExport.cmake
[2.167s] -- Up-to-date: /home/ziad/Ziad_WS/ROS2/work_space/install/services_actions/share/services_actions/cmake/services_actions__rosidl_typesupport_introspection_cExport-noconfig.cmake
[2.167s] -- Up-to-date: /home/ziad/Ziad_WS/ROS2/work_space/install/services_actions/share/services_actions/cmake/services_actions__rosidl_typesupport_cExport.cmake
[2.167s] -- Up-to-date: /home/ziad/Ziad_WS/ROS2/work_space/install/services_actions/share/services_actions/cmake/services_actions__rosidl_typesupport_cExport-noconfig.cmake
[2.168s] -- Up-to-date: /home/ziad/Ziad_WS/ROS2/work_space/install/services_actions/share/services_actions/cmake/services_actions__rosidl_typesupport_introspection_cppExport.cmake
[2.168s] -- Up-to-date: /home/ziad/Ziad_WS/ROS2/work_space/install/services_actions/share/services_actions/cmake/services_actions__rosidl_typesupport_introspection_cppExport-noconfig.cmake
[2.169s] -- Up-to-date: /home/ziad/Ziad_WS/ROS2/work_space/install/services_actions/share/services_actions/cmake/services_actions__rosidl_typesupport_cppExport.cmake
[2.169s] -- Up-to-date: /home/ziad/Ziad_WS/ROS2/work_space/install/services_actions/share/services_actions/cmake/services_actions__rosidl_typesupport_cppExport-noconfig.cmake
[2.169s] -- Up-to-date: /home/ziad/Ziad_WS/ROS2/work_space/install/services_actions/share/services_actions/cmake/export_services_actions__rosidl_generator_pyExport.cmake
[2.169s] -- Up-to-date: /home/ziad/Ziad_WS/ROS2/work_space/install/services_actions/share/services_actions/cmake/export_services_actions__rosidl_generator_pyExport-noconfig.cmake
[2.170s] -- Up-to-date: /home/ziad/Ziad_WS/ROS2/work_space/install/services_actions/share/services_actions/cmake/rosidl_cmake-extras.cmake
[2.170s] -- Up-to-date: /home/ziad/Ziad_WS/ROS2/work_space/install/services_actions/share/services_actions/cmake/ament_cmake_export_dependencies-extras.cmake
[2.170s] -- Up-to-date: /home/ziad/Ziad_WS/ROS2/work_space/install/services_actions/share/services_actions/cmake/ament_cmake_export_include_directories-extras.cmake
[2.170s] -- Up-to-date: /home/ziad/Ziad_WS/ROS2/work_space/install/services_actions/share/services_actions/cmake/ament_cmake_export_libraries-extras.cmake
[2.170s] -- Up-to-date: /home/ziad/Ziad_WS/ROS2/work_space/install/services_actions/share/services_actions/cmake/ament_cmake_export_targets-extras.cmake
[2.170s] -- Up-to-date: /home/ziad/Ziad_WS/ROS2/work_space/install/services_actions/share/services_actions/cmake/rosidl_cmake_export_typesupport_targets-extras.cmake
[2.170s] -- Up-to-date: /home/ziad/Ziad_WS/ROS2/work_space/install/services_actions/share/services_actions/cmake/rosidl_cmake_export_typesupport_libraries-extras.cmake
[2.171s] -- Up-to-date: /home/ziad/Ziad_WS/ROS2/work_space/install/services_actions/share/services_actions/cmake/services_actionsConfig.cmake
[2.171s] -- Up-to-date: /home/ziad/Ziad_WS/ROS2/work_space/install/services_actions/share/services_actions/cmake/services_actionsConfig-version.cmake
[2.171s] -- Up-to-date: /home/ziad/Ziad_WS/ROS2/work_space/install/services_actions/share/services_actions/package.xml
[2.174s] Invoked command in '/home/ziad/Ziad_WS/ROS2/work_space/build/services_actions' returned '0': CMAKE_PREFIX_PATH=${CMAKE_PREFIX_PATH}:/opt/ros/humble /usr/bin/cmake --install /home/ziad/Ziad_WS/ROS2/work_space/build/services_actions
