[0.042s] Invoking command in '/home/ziad/Ziad_WS/ROS2/work_space/build/turtlebot3_custom': CMAKE_PREFIX_PATH=${CMAKE_PREFIX_PATH}:/opt/ros/humble /usr/bin/cmake --build /home/ziad/Ziad_WS/ROS2/work_space/build/turtlebot3_custom -- -j4 -l4
[0.233s] [  2%] Built target turtlebot3_custom__cpp
[0.244s] [  6%] Built target turtlebot3_controller
[0.260s] [ 14%] Built target turtlebot3_custom__rosidl_generator_c
[0.312s] [ 14%] Built target ament_cmake_python_copy_turtlebot3_custom
[0.322s] [ 22%] Built target turtlebot3_custom__rosidl_typesupport_cpp
[0.337s] [ 30%] Built target turtlebot3_custom__rosidl_typesupport_introspection_cpp
[0.368s] [ 38%] Built target turtlebot3_custom__rosidl_typesupport_fastrtps_cpp
[0.418s] [ 46%] Built target turtlebot3_custom__rosidl_typesupport_introspection_c
[0.419s] [ 55%] Built target turtlebot3_custom__rosidl_typesupport_c
[0.436s] [ 63%] Built target turtlebot3_custom__rosidl_typesupport_fastrtps_c
[0.450s] [35m[1mConsolidate compiler generated dependencies of target robot_status_server[0m
[0.487s] [ 67%] Built target status_client
[0.508s] [ 71%] Built target navigation_action_server
[0.528s] [ 73%] [32mBuilding CXX object CMakeFiles/robot_status_server.dir/src/robot_status_server.cpp.o[0m
[0.564s] [ 77%] Built target navigation_client
[0.582s] [ 77%] Built target turtlebot3_custom
[0.625s] [ 79%] Built target turtlebot3_custom__py
[0.665s] [ 85%] Built target turtlebot3_custom__rosidl_generator_py
[0.710s] [ 89%] Built target turtlebot3_custom__rosidl_typesupport_fastrtps_c__pyext
[0.736s] [ 93%] Built target turtlebot3_custom__rosidl_typesupport_introspection_c__pyext
[0.767s] [ 97%] Built target turtlebot3_custom__rosidl_typesupport_c__pyext
[1.240s] running egg_info
[1.272s] writing turtlebot3_custom.egg-info/PKG-INFO
[1.273s] writing dependency_links to turtlebot3_custom.egg-info/dependency_links.txt
[1.273s] writing top-level names to turtlebot3_custom.egg-info/top_level.txt
[1.375s] reading manifest file 'turtlebot3_custom.egg-info/SOURCES.txt'
[1.376s] writing manifest file 'turtlebot3_custom.egg-info/SOURCES.txt'
[1.458s] [ 97%] Built target ament_cmake_python_build_turtlebot3_custom_egg
[3.817s] [01m[K/home/ziad/Ziad_WS/ROS2/work_space/src/turtlebot3_custom/src/robot_status_server.cpp:[m[K In member function ‘[01m[Kvoid RobotStatusServer::handle_status_request(std::shared_ptr<turtlebot3_custom::srv::GetRobotStatus_Request_<std::allocator<void> > >, std::shared_ptr<turtlebot3_custom::srv::GetRobotStatus_Response_<std::allocator<void> > >)[m[K’:
[3.817s] [01m[K/home/ziad/Ziad_WS/ROS2/work_space/src/turtlebot3_custom/src/robot_status_server.cpp:25:103:[m[K [01;35m[Kwarning: [m[Kunused parameter ‘[01m[Kres[m[K’ [[01;35m[K]8;;https://gcc.gnu.org/onlinedocs/gcc/Warning-Options.html#index-Wunused-parameter-Wunused-parameter]8;;[m[K]
[3.817s]    25 |                                     [01;35m[Kstd::shared_ptr<turtlebot3_custom::srv::GetRobotStatus::Response> res[m[K) {
[3.817s]       |                                     [01;35m[K~~~~~~~~~~~~~~~~~~~~~~~~~~~~~~~~~~~~~~~~~~~~~~~~~~~~~~~~~~~~~~~~~~^~~[m[K
[4.480s] [100%] [32m[1mLinking CXX executable robot_status_server[0m
[4.635s] [100%] Built target robot_status_server
[4.650s] Invoked command in '/home/ziad/Ziad_WS/ROS2/work_space/build/turtlebot3_custom' returned '0': CMAKE_PREFIX_PATH=${CMAKE_PREFIX_PATH}:/opt/ros/humble /usr/bin/cmake --build /home/ziad/Ziad_WS/ROS2/work_space/build/turtlebot3_custom -- -j4 -l4
[4.653s] Invoking command in '/home/ziad/Ziad_WS/ROS2/work_space/build/turtlebot3_custom': CMAKE_PREFIX_PATH=${CMAKE_PREFIX_PATH}:/opt/ros/humble /usr/bin/cmake --install /home/ziad/Ziad_WS/ROS2/work_space/build/turtlebot3_custom
[4.662s] -- Install configuration: ""
[4.663s] -- Up-to-date: /home/ziad/Ziad_WS/ROS2/work_space/install/turtlebot3_custom/share/ament_index/resource_index/rosidl_interfaces/turtlebot3_custom
[4.663s] -- Up-to-date: /home/ziad/Ziad_WS/ROS2/work_space/install/turtlebot3_custom/include/turtlebot3_custom/turtlebot3_custom
[4.663s] -- Up-to-date: /home/ziad/Ziad_WS/ROS2/work_space/install/turtlebot3_custom/include/turtlebot3_custom/turtlebot3_custom/action
[4.663s] -- Up-to-date: /home/ziad/Ziad_WS/ROS2/work_space/install/turtlebot3_custom/include/turtlebot3_custom/turtlebot3_custom/action/navigate_to_goal.h
[4.663s] -- Up-to-date: /home/ziad/Ziad_WS/ROS2/work_space/install/turtlebot3_custom/include/turtlebot3_custom/turtlebot3_custom/action/detail
[4.663s] -- Up-to-date: /home/ziad/Ziad_WS/ROS2/work_space/install/turtlebot3_custom/include/turtlebot3_custom/turtlebot3_custom/action/detail/navigate_to_goal__functions.c
[4.663s] -- Up-to-date: /home/ziad/Ziad_WS/ROS2/work_space/install/turtlebot3_custom/include/turtlebot3_custom/turtlebot3_custom/action/detail/navigate_to_goal__functions.h
[4.663s] -- Up-to-date: /home/ziad/Ziad_WS/ROS2/work_space/install/turtlebot3_custom/include/turtlebot3_custom/turtlebot3_custom/action/detail/navigate_to_goal__type_support.h
[4.663s] -- Up-to-date: /home/ziad/Ziad_WS/ROS2/work_space/install/turtlebot3_custom/include/turtlebot3_custom/turtlebot3_custom/action/detail/navigate_to_goal__struct.h
[4.664s] -- Up-to-date: /home/ziad/Ziad_WS/ROS2/work_space/install/turtlebot3_custom/include/turtlebot3_custom/turtlebot3_custom/srv
[4.664s] -- Up-to-date: /home/ziad/Ziad_WS/ROS2/work_space/install/turtlebot3_custom/include/turtlebot3_custom/turtlebot3_custom/srv/get_robot_status.h
[4.664s] -- Up-to-date: /home/ziad/Ziad_WS/ROS2/work_space/install/turtlebot3_custom/include/turtlebot3_custom/turtlebot3_custom/srv/detail
[4.664s] -- Up-to-date: /home/ziad/Ziad_WS/ROS2/work_space/install/turtlebot3_custom/include/turtlebot3_custom/turtlebot3_custom/srv/detail/get_robot_status__functions.h
[4.664s] -- Up-to-date: /home/ziad/Ziad_WS/ROS2/work_space/install/turtlebot3_custom/include/turtlebot3_custom/turtlebot3_custom/srv/detail/get_robot_status__type_support.h
[4.664s] -- Up-to-date: /home/ziad/Ziad_WS/ROS2/work_space/install/turtlebot3_custom/include/turtlebot3_custom/turtlebot3_custom/srv/detail/get_robot_status__functions.c
[4.664s] -- Up-to-date: /home/ziad/Ziad_WS/ROS2/work_space/install/turtlebot3_custom/include/turtlebot3_custom/turtlebot3_custom/srv/detail/get_robot_status__struct.h
[4.664s] -- Up-to-date: /home/ziad/Ziad_WS/ROS2/work_space/install/turtlebot3_custom/include/turtlebot3_custom/turtlebot3_custom/msg
[4.664s] -- Up-to-date: /home/ziad/Ziad_WS/ROS2/work_space/install/turtlebot3_custom/include/turtlebot3_custom/turtlebot3_custom/msg/rosidl_generator_c__visibility_control.h
[4.664s] -- Up-to-date: /home/ziad/Ziad_WS/ROS2/work_space/install/turtlebot3_custom/share/turtlebot3_custom/environment/library_path.sh
[4.665s] -- Up-to-date: /home/ziad/Ziad_WS/ROS2/work_space/install/turtlebot3_custom/share/turtlebot3_custom/environment/library_path.dsv
[4.665s] -- Up-to-date: /home/ziad/Ziad_WS/ROS2/work_space/install/turtlebot3_custom/lib/libturtlebot3_custom__rosidl_generator_c.so
[4.665s] -- Up-to-date: /home/ziad/Ziad_WS/ROS2/work_space/install/turtlebot3_custom/include/turtlebot3_custom/turtlebot3_custom
[4.665s] -- Up-to-date: /home/ziad/Ziad_WS/ROS2/work_space/install/turtlebot3_custom/include/turtlebot3_custom/turtlebot3_custom/action
[4.665s] -- Up-to-date: /home/ziad/Ziad_WS/ROS2/work_space/install/turtlebot3_custom/include/turtlebot3_custom/turtlebot3_custom/action/detail
[4.665s] -- Up-to-date: /home/ziad/Ziad_WS/ROS2/work_space/install/turtlebot3_custom/include/turtlebot3_custom/turtlebot3_custom/action/detail/navigate_to_goal__rosidl_typesupport_fastrtps_c.h
[4.665s] -- Up-to-date: /home/ziad/Ziad_WS/ROS2/work_space/install/turtlebot3_custom/include/turtlebot3_custom/turtlebot3_custom/srv
[4.665s] -- Up-to-date: /home/ziad/Ziad_WS/ROS2/work_space/install/turtlebot3_custom/include/turtlebot3_custom/turtlebot3_custom/srv/detail
[4.665s] -- Up-to-date: /home/ziad/Ziad_WS/ROS2/work_space/install/turtlebot3_custom/include/turtlebot3_custom/turtlebot3_custom/srv/detail/get_robot_status__rosidl_typesupport_fastrtps_c.h
[4.665s] -- Up-to-date: /home/ziad/Ziad_WS/ROS2/work_space/install/turtlebot3_custom/include/turtlebot3_custom/turtlebot3_custom/msg
[4.666s] -- Up-to-date: /home/ziad/Ziad_WS/ROS2/work_space/install/turtlebot3_custom/include/turtlebot3_custom/turtlebot3_custom/msg/rosidl_typesupport_fastrtps_c__visibility_control.h
[4.666s] -- Up-to-date: /home/ziad/Ziad_WS/ROS2/work_space/install/turtlebot3_custom/lib/libturtlebot3_custom__rosidl_typesupport_fastrtps_c.so
[4.666s] -- Up-to-date: /home/ziad/Ziad_WS/ROS2/work_space/install/turtlebot3_custom/include/turtlebot3_custom/turtlebot3_custom
[4.666s] -- Up-to-date: /home/ziad/Ziad_WS/ROS2/work_space/install/turtlebot3_custom/include/turtlebot3_custom/turtlebot3_custom/action
[4.666s] -- Up-to-date: /home/ziad/Ziad_WS/ROS2/work_space/install/turtlebot3_custom/include/turtlebot3_custom/turtlebot3_custom/action/navigate_to_goal.hpp
[4.666s] -- Up-to-date: /home/ziad/Ziad_WS/ROS2/work_space/install/turtlebot3_custom/include/turtlebot3_custom/turtlebot3_custom/action/detail
[4.666s] -- Up-to-date: /home/ziad/Ziad_WS/ROS2/work_space/install/turtlebot3_custom/include/turtlebot3_custom/turtlebot3_custom/action/detail/navigate_to_goal__traits.hpp
[4.666s] -- Up-to-date: /home/ziad/Ziad_WS/ROS2/work_space/install/turtlebot3_custom/include/turtlebot3_custom/turtlebot3_custom/action/detail/navigate_to_goal__type_support.hpp
[4.666s] -- Up-to-date: /home/ziad/Ziad_WS/ROS2/work_space/install/turtlebot3_custom/include/turtlebot3_custom/turtlebot3_custom/action/detail/navigate_to_goal__builder.hpp
[4.666s] -- Up-to-date: /home/ziad/Ziad_WS/ROS2/work_space/install/turtlebot3_custom/include/turtlebot3_custom/turtlebot3_custom/action/detail/navigate_to_goal__struct.hpp
[4.666s] -- Up-to-date: /home/ziad/Ziad_WS/ROS2/work_space/install/turtlebot3_custom/include/turtlebot3_custom/turtlebot3_custom/srv
[4.667s] -- Up-to-date: /home/ziad/Ziad_WS/ROS2/work_space/install/turtlebot3_custom/include/turtlebot3_custom/turtlebot3_custom/srv/detail
[4.667s] -- Up-to-date: /home/ziad/Ziad_WS/ROS2/work_space/install/turtlebot3_custom/include/turtlebot3_custom/turtlebot3_custom/srv/detail/get_robot_status__builder.hpp
[4.667s] -- Up-to-date: /home/ziad/Ziad_WS/ROS2/work_space/install/turtlebot3_custom/include/turtlebot3_custom/turtlebot3_custom/srv/detail/get_robot_status__traits.hpp
[4.667s] -- Up-to-date: /home/ziad/Ziad_WS/ROS2/work_space/install/turtlebot3_custom/include/turtlebot3_custom/turtlebot3_custom/srv/detail/get_robot_status__type_support.hpp
[4.667s] -- Up-to-date: /home/ziad/Ziad_WS/ROS2/work_space/install/turtlebot3_custom/include/turtlebot3_custom/turtlebot3_custom/srv/detail/get_robot_status__struct.hpp
[4.667s] -- Up-to-date: /home/ziad/Ziad_WS/ROS2/work_space/install/turtlebot3_custom/include/turtlebot3_custom/turtlebot3_custom/srv/get_robot_status.hpp
[4.667s] -- Up-to-date: /home/ziad/Ziad_WS/ROS2/work_space/install/turtlebot3_custom/include/turtlebot3_custom/turtlebot3_custom/msg
[4.667s] -- Up-to-date: /home/ziad/Ziad_WS/ROS2/work_space/install/turtlebot3_custom/include/turtlebot3_custom/turtlebot3_custom/msg/rosidl_generator_cpp__visibility_control.hpp
[4.667s] -- Up-to-date: /home/ziad/Ziad_WS/ROS2/work_space/install/turtlebot3_custom/include/turtlebot3_custom/turtlebot3_custom
[4.667s] -- Up-to-date: /home/ziad/Ziad_WS/ROS2/work_space/install/turtlebot3_custom/include/turtlebot3_custom/turtlebot3_custom/action
[4.667s] -- Up-to-date: /home/ziad/Ziad_WS/ROS2/work_space/install/turtlebot3_custom/include/turtlebot3_custom/turtlebot3_custom/action/detail
[4.668s] -- Up-to-date: /home/ziad/Ziad_WS/ROS2/work_space/install/turtlebot3_custom/include/turtlebot3_custom/turtlebot3_custom/action/detail/dds_fastrtps
[4.668s] -- Up-to-date: /home/ziad/Ziad_WS/ROS2/work_space/install/turtlebot3_custom/include/turtlebot3_custom/turtlebot3_custom/action/detail/navigate_to_goal__rosidl_typesupport_fastrtps_cpp.hpp
[4.668s] -- Up-to-date: /home/ziad/Ziad_WS/ROS2/work_space/install/turtlebot3_custom/include/turtlebot3_custom/turtlebot3_custom/srv
[4.668s] -- Up-to-date: /home/ziad/Ziad_WS/ROS2/work_space/install/turtlebot3_custom/include/turtlebot3_custom/turtlebot3_custom/srv/detail
[4.668s] -- Up-to-date: /home/ziad/Ziad_WS/ROS2/work_space/install/turtlebot3_custom/include/turtlebot3_custom/turtlebot3_custom/srv/detail/dds_fastrtps
[4.668s] -- Up-to-date: /home/ziad/Ziad_WS/ROS2/work_space/install/turtlebot3_custom/include/turtlebot3_custom/turtlebot3_custom/srv/detail/get_robot_status__rosidl_typesupport_fastrtps_cpp.hpp
[4.668s] -- Up-to-date: /home/ziad/Ziad_WS/ROS2/work_space/install/turtlebot3_custom/include/turtlebot3_custom/turtlebot3_custom/msg
[4.668s] -- Up-to-date: /home/ziad/Ziad_WS/ROS2/work_space/install/turtlebot3_custom/include/turtlebot3_custom/turtlebot3_custom/msg/rosidl_typesupport_fastrtps_cpp__visibility_control.h
[4.668s] -- Up-to-date: /home/ziad/Ziad_WS/ROS2/work_space/install/turtlebot3_custom/lib/libturtlebot3_custom__rosidl_typesupport_fastrtps_cpp.so
[4.668s] -- Up-to-date: /home/ziad/Ziad_WS/ROS2/work_space/install/turtlebot3_custom/include/turtlebot3_custom/turtlebot3_custom
[4.668s] -- Up-to-date: /home/ziad/Ziad_WS/ROS2/work_space/install/turtlebot3_custom/include/turtlebot3_custom/turtlebot3_custom/action
[4.669s] -- Up-to-date: /home/ziad/Ziad_WS/ROS2/work_space/install/turtlebot3_custom/include/turtlebot3_custom/turtlebot3_custom/action/detail
[4.669s] -- Up-to-date: /home/ziad/Ziad_WS/ROS2/work_space/install/turtlebot3_custom/include/turtlebot3_custom/turtlebot3_custom/action/detail/navigate_to_goal__type_support.c
[4.669s] -- Up-to-date: /home/ziad/Ziad_WS/ROS2/work_space/install/turtlebot3_custom/include/turtlebot3_custom/turtlebot3_custom/action/detail/navigate_to_goal__rosidl_typesupport_introspection_c.h
[4.669s] -- Up-to-date: /home/ziad/Ziad_WS/ROS2/work_space/install/turtlebot3_custom/include/turtlebot3_custom/turtlebot3_custom/srv
[4.669s] -- Up-to-date: /home/ziad/Ziad_WS/ROS2/work_space/install/turtlebot3_custom/include/turtlebot3_custom/turtlebot3_custom/srv/detail
[4.669s] -- Up-to-date: /home/ziad/Ziad_WS/ROS2/work_space/install/turtlebot3_custom/include/turtlebot3_custom/turtlebot3_custom/srv/detail/get_robot_status__type_support.c
[4.669s] -- Up-to-date: /home/ziad/Ziad_WS/ROS2/work_space/install/turtlebot3_custom/include/turtlebot3_custom/turtlebot3_custom/srv/detail/get_robot_status__rosidl_typesupport_introspection_c.h
[4.669s] -- Up-to-date: /home/ziad/Ziad_WS/ROS2/work_space/install/turtlebot3_custom/include/turtlebot3_custom/turtlebot3_custom/msg
[4.669s] -- Up-to-date: /home/ziad/Ziad_WS/ROS2/work_space/install/turtlebot3_custom/include/turtlebot3_custom/turtlebot3_custom/msg/rosidl_typesupport_introspection_c__visibility_control.h
[4.669s] -- Up-to-date: /home/ziad/Ziad_WS/ROS2/work_space/install/turtlebot3_custom/lib/libturtlebot3_custom__rosidl_typesupport_introspection_c.so
[4.669s] -- Up-to-date: /home/ziad/Ziad_WS/ROS2/work_space/install/turtlebot3_custom/lib/libturtlebot3_custom__rosidl_typesupport_c.so
[4.670s] -- Up-to-date: /home/ziad/Ziad_WS/ROS2/work_space/install/turtlebot3_custom/include/turtlebot3_custom/turtlebot3_custom
[4.670s] -- Up-to-date: /home/ziad/Ziad_WS/ROS2/work_space/install/turtlebot3_custom/include/turtlebot3_custom/turtlebot3_custom/action
[4.670s] -- Up-to-date: /home/ziad/Ziad_WS/ROS2/work_space/install/turtlebot3_custom/include/turtlebot3_custom/turtlebot3_custom/action/detail
[4.670s] -- Up-to-date: /home/ziad/Ziad_WS/ROS2/work_space/install/turtlebot3_custom/include/turtlebot3_custom/turtlebot3_custom/action/detail/navigate_to_goal__rosidl_typesupport_introspection_cpp.hpp
[4.670s] -- Up-to-date: /home/ziad/Ziad_WS/ROS2/work_space/install/turtlebot3_custom/include/turtlebot3_custom/turtlebot3_custom/action/detail/navigate_to_goal__type_support.cpp
[4.670s] -- Up-to-date: /home/ziad/Ziad_WS/ROS2/work_space/install/turtlebot3_custom/include/turtlebot3_custom/turtlebot3_custom/srv
[4.670s] -- Up-to-date: /home/ziad/Ziad_WS/ROS2/work_space/install/turtlebot3_custom/include/turtlebot3_custom/turtlebot3_custom/srv/detail
[4.670s] -- Up-to-date: /home/ziad/Ziad_WS/ROS2/work_space/install/turtlebot3_custom/include/turtlebot3_custom/turtlebot3_custom/srv/detail/get_robot_status__type_support.cpp
[4.670s] -- Up-to-date: /home/ziad/Ziad_WS/ROS2/work_space/install/turtlebot3_custom/include/turtlebot3_custom/turtlebot3_custom/srv/detail/get_robot_status__rosidl_typesupport_introspection_cpp.hpp
[4.670s] -- Up-to-date: /home/ziad/Ziad_WS/ROS2/work_space/install/turtlebot3_custom/lib/libturtlebot3_custom__rosidl_typesupport_introspection_cpp.so
[4.670s] -- Up-to-date: /home/ziad/Ziad_WS/ROS2/work_space/install/turtlebot3_custom/lib/libturtlebot3_custom__rosidl_typesupport_cpp.so
[4.670s] -- Up-to-date: /home/ziad/Ziad_WS/ROS2/work_space/install/turtlebot3_custom/share/turtlebot3_custom/environment/pythonpath.sh
[4.670s] -- Up-to-date: /home/ziad/Ziad_WS/ROS2/work_space/install/turtlebot3_custom/share/turtlebot3_custom/environment/pythonpath.dsv
[4.671s] -- Up-to-date: /home/ziad/Ziad_WS/ROS2/work_space/install/turtlebot3_custom/local/lib/python3.10/dist-packages/turtlebot3_custom-0.0.0-py3.10.egg-info
[4.671s] -- Installing: /home/ziad/Ziad_WS/ROS2/work_space/install/turtlebot3_custom/local/lib/python3.10/dist-packages/turtlebot3_custom-0.0.0-py3.10.egg-info/dependency_links.txt
[4.671s] -- Installing: /home/ziad/Ziad_WS/ROS2/work_space/install/turtlebot3_custom/local/lib/python3.10/dist-packages/turtlebot3_custom-0.0.0-py3.10.egg-info/top_level.txt
[4.671s] -- Installing: /home/ziad/Ziad_WS/ROS2/work_space/install/turtlebot3_custom/local/lib/python3.10/dist-packages/turtlebot3_custom-0.0.0-py3.10.egg-info/PKG-INFO
[4.671s] -- Installing: /home/ziad/Ziad_WS/ROS2/work_space/install/turtlebot3_custom/local/lib/python3.10/dist-packages/turtlebot3_custom-0.0.0-py3.10.egg-info/SOURCES.txt
[4.671s] -- Up-to-date: /home/ziad/Ziad_WS/ROS2/work_space/install/turtlebot3_custom/local/lib/python3.10/dist-packages/turtlebot3_custom
[4.671s] -- Up-to-date: /home/ziad/Ziad_WS/ROS2/work_space/install/turtlebot3_custom/local/lib/python3.10/dist-packages/turtlebot3_custom/_turtlebot3_custom_s.ep.rosidl_typesupport_introspection_c.c
[4.671s] -- Up-to-date: /home/ziad/Ziad_WS/ROS2/work_space/install/turtlebot3_custom/local/lib/python3.10/dist-packages/turtlebot3_custom/turtlebot3_custom_s__rosidl_typesupport_fastrtps_c.cpython-310-x86_64-linux-gnu.so
[4.671s] -- Up-to-date: /home/ziad/Ziad_WS/ROS2/work_space/install/turtlebot3_custom/local/lib/python3.10/dist-packages/turtlebot3_custom/action
[4.671s] -- Up-to-date: /home/ziad/Ziad_WS/ROS2/work_space/install/turtlebot3_custom/local/lib/python3.10/dist-packages/turtlebot3_custom/action/_navigate_to_goal.py
[4.671s] -- Up-to-date: /home/ziad/Ziad_WS/ROS2/work_space/install/turtlebot3_custom/local/lib/python3.10/dist-packages/turtlebot3_custom/action/_navigate_to_goal_s.c
[4.671s] -- Up-to-date: /home/ziad/Ziad_WS/ROS2/work_space/install/turtlebot3_custom/local/lib/python3.10/dist-packages/turtlebot3_custom/action/__init__.py
[4.671s] -- Up-to-date: /home/ziad/Ziad_WS/ROS2/work_space/install/turtlebot3_custom/local/lib/python3.10/dist-packages/turtlebot3_custom/srv
[4.671s] -- Up-to-date: /home/ziad/Ziad_WS/ROS2/work_space/install/turtlebot3_custom/local/lib/python3.10/dist-packages/turtlebot3_custom/srv/_get_robot_status_s.c
[4.671s] -- Up-to-date: /home/ziad/Ziad_WS/ROS2/work_space/install/turtlebot3_custom/local/lib/python3.10/dist-packages/turtlebot3_custom/srv/_get_robot_status.py
[4.671s] -- Up-to-date: /home/ziad/Ziad_WS/ROS2/work_space/install/turtlebot3_custom/local/lib/python3.10/dist-packages/turtlebot3_custom/srv/__init__.py
[4.672s] -- Up-to-date: /home/ziad/Ziad_WS/ROS2/work_space/install/turtlebot3_custom/local/lib/python3.10/dist-packages/turtlebot3_custom/_turtlebot3_custom_s.ep.rosidl_typesupport_c.c
[4.672s] -- Up-to-date: /home/ziad/Ziad_WS/ROS2/work_space/install/turtlebot3_custom/local/lib/python3.10/dist-packages/turtlebot3_custom/turtlebot3_custom_s__rosidl_typesupport_c.cpython-310-x86_64-linux-gnu.so
[4.672s] -- Up-to-date: /home/ziad/Ziad_WS/ROS2/work_space/install/turtlebot3_custom/local/lib/python3.10/dist-packages/turtlebot3_custom/turtlebot3_custom_s__rosidl_typesupport_introspection_c.cpython-310-x86_64-linux-gnu.so
[4.672s] -- Up-to-date: /home/ziad/Ziad_WS/ROS2/work_space/install/turtlebot3_custom/local/lib/python3.10/dist-packages/turtlebot3_custom/_turtlebot3_custom_s.ep.rosidl_typesupport_fastrtps_c.c
[4.672s] -- Up-to-date: /home/ziad/Ziad_WS/ROS2/work_space/install/turtlebot3_custom/local/lib/python3.10/dist-packages/turtlebot3_custom/__init__.py
[4.672s] -- Up-to-date: /home/ziad/Ziad_WS/ROS2/work_space/install/turtlebot3_custom/local/lib/python3.10/dist-packages/turtlebot3_custom/libturtlebot3_custom__rosidl_generator_py.so
[4.719s] Listing '/home/ziad/Ziad_WS/ROS2/work_space/install/turtlebot3_custom/local/lib/python3.10/dist-packages/turtlebot3_custom'...
[4.719s] Listing '/home/ziad/Ziad_WS/ROS2/work_space/install/turtlebot3_custom/local/lib/python3.10/dist-packages/turtlebot3_custom/action'...
[4.719s] Listing '/home/ziad/Ziad_WS/ROS2/work_space/install/turtlebot3_custom/local/lib/python3.10/dist-packages/turtlebot3_custom/srv'...
[4.726s] -- Up-to-date: /home/ziad/Ziad_WS/ROS2/work_space/install/turtlebot3_custom/local/lib/python3.10/dist-packages/turtlebot3_custom/turtlebot3_custom_s__rosidl_typesupport_fastrtps_c.cpython-310-x86_64-linux-gnu.so
[4.727s] -- Up-to-date: /home/ziad/Ziad_WS/ROS2/work_space/install/turtlebot3_custom/local/lib/python3.10/dist-packages/turtlebot3_custom/turtlebot3_custom_s__rosidl_typesupport_introspection_c.cpython-310-x86_64-linux-gnu.so
[4.727s] -- Up-to-date: /home/ziad/Ziad_WS/ROS2/work_space/install/turtlebot3_custom/local/lib/python3.10/dist-packages/turtlebot3_custom/turtlebot3_custom_s__rosidl_typesupport_c.cpython-310-x86_64-linux-gnu.so
[4.727s] -- Up-to-date: /home/ziad/Ziad_WS/ROS2/work_space/install/turtlebot3_custom/lib/libturtlebot3_custom__rosidl_generator_py.so
[4.728s] -- Up-to-date: /home/ziad/Ziad_WS/ROS2/work_space/install/turtlebot3_custom/share/turtlebot3_custom/action/NavigateToGoal.idl
[4.728s] -- Up-to-date: /home/ziad/Ziad_WS/ROS2/work_space/install/turtlebot3_custom/share/turtlebot3_custom/srv/GetRobotStatus.idl
[4.728s] -- Up-to-date: /home/ziad/Ziad_WS/ROS2/work_space/install/turtlebot3_custom/share/turtlebot3_custom/action/NavigateToGoal.action
[4.728s] -- Up-to-date: /home/ziad/Ziad_WS/ROS2/work_space/install/turtlebot3_custom/share/turtlebot3_custom/srv/GetRobotStatus.srv
[4.728s] -- Up-to-date: /home/ziad/Ziad_WS/ROS2/work_space/install/turtlebot3_custom/share/turtlebot3_custom/srv/GetRobotStatus_Request.msg
[4.728s] -- Up-to-date: /home/ziad/Ziad_WS/ROS2/work_space/install/turtlebot3_custom/share/turtlebot3_custom/srv/GetRobotStatus_Response.msg
[4.729s] -- Up-to-date: /home/ziad/Ziad_WS/ROS2/work_space/install/turtlebot3_custom/lib/turtlebot3_custom/turtlebot3_controller
[4.729s] -- Installing: /home/ziad/Ziad_WS/ROS2/work_space/install/turtlebot3_custom/lib/turtlebot3_custom/robot_status_server
[4.729s] -- Set runtime path of "/home/ziad/Ziad_WS/ROS2/work_space/install/turtlebot3_custom/lib/turtlebot3_custom/robot_status_server" to ""
[4.730s] -- Up-to-date: /home/ziad/Ziad_WS/ROS2/work_space/install/turtlebot3_custom/lib/turtlebot3_custom/status_client
[4.730s] -- Up-to-date: /home/ziad/Ziad_WS/ROS2/work_space/install/turtlebot3_custom/lib/turtlebot3_custom/navigation_action_server
[4.730s] -- Up-to-date: /home/ziad/Ziad_WS/ROS2/work_space/install/turtlebot3_custom/lib/turtlebot3_custom/navigation_client
[4.730s] -- Up-to-date: /home/ziad/Ziad_WS/ROS2/work_space/install/turtlebot3_custom/share/turtlebot3_custom//launch
[4.731s] -- Up-to-date: /home/ziad/Ziad_WS/ROS2/work_space/install/turtlebot3_custom/share/turtlebot3_custom//launch/turtlebot3_simulation.launch.py
[4.731s] -- Up-to-date: /home/ziad/Ziad_WS/ROS2/work_space/install/turtlebot3_custom/share/turtlebot3_custom//launch/turtlebot3_custom.launch.py
[4.731s] -- Up-to-date: /home/ziad/Ziad_WS/ROS2/work_space/install/turtlebot3_custom/share/ament_index/resource_index/package_run_dependencies/turtlebot3_custom
[4.731s] -- Up-to-date: /home/ziad/Ziad_WS/ROS2/work_space/install/turtlebot3_custom/share/ament_index/resource_index/parent_prefix_path/turtlebot3_custom
[4.731s] -- Up-to-date: /home/ziad/Ziad_WS/ROS2/work_space/install/turtlebot3_custom/share/turtlebot3_custom/environment/ament_prefix_path.sh
[4.731s] -- Up-to-date: /home/ziad/Ziad_WS/ROS2/work_space/install/turtlebot3_custom/share/turtlebot3_custom/environment/ament_prefix_path.dsv
[4.731s] -- Up-to-date: /home/ziad/Ziad_WS/ROS2/work_space/install/turtlebot3_custom/share/turtlebot3_custom/environment/path.sh
[4.731s] -- Up-to-date: /home/ziad/Ziad_WS/ROS2/work_space/install/turtlebot3_custom/share/turtlebot3_custom/environment/path.dsv
[4.731s] -- Up-to-date: /home/ziad/Ziad_WS/ROS2/work_space/install/turtlebot3_custom/share/turtlebot3_custom/local_setup.bash
[4.732s] -- Up-to-date: /home/ziad/Ziad_WS/ROS2/work_space/install/turtlebot3_custom/share/turtlebot3_custom/local_setup.sh
[4.732s] -- Up-to-date: /home/ziad/Ziad_WS/ROS2/work_space/install/turtlebot3_custom/share/turtlebot3_custom/local_setup.zsh
[4.732s] -- Up-to-date: /home/ziad/Ziad_WS/ROS2/work_space/install/turtlebot3_custom/share/turtlebot3_custom/local_setup.dsv
[4.732s] -- Installing: /home/ziad/Ziad_WS/ROS2/work_space/install/turtlebot3_custom/share/turtlebot3_custom/package.dsv
[4.732s] -- Up-to-date: /home/ziad/Ziad_WS/ROS2/work_space/install/turtlebot3_custom/share/ament_index/resource_index/packages/turtlebot3_custom
[4.732s] -- Up-to-date: /home/ziad/Ziad_WS/ROS2/work_space/install/turtlebot3_custom/share/turtlebot3_custom/cmake/export_turtlebot3_custom__rosidl_generator_cExport.cmake
[4.732s] -- Up-to-date: /home/ziad/Ziad_WS/ROS2/work_space/install/turtlebot3_custom/share/turtlebot3_custom/cmake/export_turtlebot3_custom__rosidl_generator_cExport-noconfig.cmake
[4.732s] -- Up-to-date: /home/ziad/Ziad_WS/ROS2/work_space/install/turtlebot3_custom/share/turtlebot3_custom/cmake/export_turtlebot3_custom__rosidl_typesupport_fastrtps_cExport.cmake
[4.732s] -- Up-to-date: /home/ziad/Ziad_WS/ROS2/work_space/install/turtlebot3_custom/share/turtlebot3_custom/cmake/export_turtlebot3_custom__rosidl_typesupport_fastrtps_cExport-noconfig.cmake
[4.732s] -- Up-to-date: /home/ziad/Ziad_WS/ROS2/work_space/install/turtlebot3_custom/share/turtlebot3_custom/cmake/export_turtlebot3_custom__rosidl_generator_cppExport.cmake
[4.732s] -- Up-to-date: /home/ziad/Ziad_WS/ROS2/work_space/install/turtlebot3_custom/share/turtlebot3_custom/cmake/export_turtlebot3_custom__rosidl_typesupport_fastrtps_cppExport.cmake
[4.733s] -- Up-to-date: /home/ziad/Ziad_WS/ROS2/work_space/install/turtlebot3_custom/share/turtlebot3_custom/cmake/export_turtlebot3_custom__rosidl_typesupport_fastrtps_cppExport-noconfig.cmake
[4.733s] -- Up-to-date: /home/ziad/Ziad_WS/ROS2/work_space/install/turtlebot3_custom/share/turtlebot3_custom/cmake/turtlebot3_custom__rosidl_typesupport_introspection_cExport.cmake
[4.733s] -- Up-to-date: /home/ziad/Ziad_WS/ROS2/work_space/install/turtlebot3_custom/share/turtlebot3_custom/cmake/turtlebot3_custom__rosidl_typesupport_introspection_cExport-noconfig.cmake
[4.733s] -- Up-to-date: /home/ziad/Ziad_WS/ROS2/work_space/install/turtlebot3_custom/share/turtlebot3_custom/cmake/turtlebot3_custom__rosidl_typesupport_cExport.cmake
[4.733s] -- Up-to-date: /home/ziad/Ziad_WS/ROS2/work_space/install/turtlebot3_custom/share/turtlebot3_custom/cmake/turtlebot3_custom__rosidl_typesupport_cExport-noconfig.cmake
[4.733s] -- Up-to-date: /home/ziad/Ziad_WS/ROS2/work_space/install/turtlebot3_custom/share/turtlebot3_custom/cmake/turtlebot3_custom__rosidl_typesupport_introspection_cppExport.cmake
[4.733s] -- Up-to-date: /home/ziad/Ziad_WS/ROS2/work_space/install/turtlebot3_custom/share/turtlebot3_custom/cmake/turtlebot3_custom__rosidl_typesupport_introspection_cppExport-noconfig.cmake
[4.733s] -- Up-to-date: /home/ziad/Ziad_WS/ROS2/work_space/install/turtlebot3_custom/share/turtlebot3_custom/cmake/turtlebot3_custom__rosidl_typesupport_cppExport.cmake
[4.733s] -- Up-to-date: /home/ziad/Ziad_WS/ROS2/work_space/install/turtlebot3_custom/share/turtlebot3_custom/cmake/turtlebot3_custom__rosidl_typesupport_cppExport-noconfig.cmake
[4.733s] -- Up-to-date: /home/ziad/Ziad_WS/ROS2/work_space/install/turtlebot3_custom/share/turtlebot3_custom/cmake/export_turtlebot3_custom__rosidl_generator_pyExport.cmake
[4.734s] -- Up-to-date: /home/ziad/Ziad_WS/ROS2/work_space/install/turtlebot3_custom/share/turtlebot3_custom/cmake/export_turtlebot3_custom__rosidl_generator_pyExport-noconfig.cmake
[4.734s] -- Up-to-date: /home/ziad/Ziad_WS/ROS2/work_space/install/turtlebot3_custom/share/turtlebot3_custom/cmake/rosidl_cmake-extras.cmake
[4.734s] -- Up-to-date: /home/ziad/Ziad_WS/ROS2/work_space/install/turtlebot3_custom/share/turtlebot3_custom/cmake/ament_cmake_export_dependencies-extras.cmake
[4.734s] -- Up-to-date: /home/ziad/Ziad_WS/ROS2/work_space/install/turtlebot3_custom/share/turtlebot3_custom/cmake/ament_cmake_export_include_directories-extras.cmake
[4.734s] -- Up-to-date: /home/ziad/Ziad_WS/ROS2/work_space/install/turtlebot3_custom/share/turtlebot3_custom/cmake/ament_cmake_export_libraries-extras.cmake
[4.734s] -- Up-to-date: /home/ziad/Ziad_WS/ROS2/work_space/install/turtlebot3_custom/share/turtlebot3_custom/cmake/ament_cmake_export_targets-extras.cmake
[4.734s] -- Up-to-date: /home/ziad/Ziad_WS/ROS2/work_space/install/turtlebot3_custom/share/turtlebot3_custom/cmake/rosidl_cmake_export_typesupport_targets-extras.cmake
[4.734s] -- Up-to-date: /home/ziad/Ziad_WS/ROS2/work_space/install/turtlebot3_custom/share/turtlebot3_custom/cmake/rosidl_cmake_export_typesupport_libraries-extras.cmake
[4.734s] -- Up-to-date: /home/ziad/Ziad_WS/ROS2/work_space/install/turtlebot3_custom/share/turtlebot3_custom/cmake/turtlebot3_customConfig.cmake
[4.734s] -- Up-to-date: /home/ziad/Ziad_WS/ROS2/work_space/install/turtlebot3_custom/share/turtlebot3_custom/cmake/turtlebot3_customConfig-version.cmake
[4.734s] -- Up-to-date: /home/ziad/Ziad_WS/ROS2/work_space/install/turtlebot3_custom/share/turtlebot3_custom/package.xml
[4.738s] Invoked command in '/home/ziad/Ziad_WS/ROS2/work_space/build/turtlebot3_custom' returned '0': CMAKE_PREFIX_PATH=${CMAKE_PREFIX_PATH}:/opt/ros/humble /usr/bin/cmake --install /home/ziad/Ziad_WS/ROS2/work_space/build/turtlebot3_custom
