[0.025s] Invoking command in '/home/ziad/Ziad_WS/ROS2/work_space/build/diff_drive_robot': CMAKE_PREFIX_PATH=${CMAKE_PREFIX_PATH}:/opt/ros/humble /usr/bin/cmake /home/ziad/Ziad_WS/ROS2/work_space/src/diff_drive_robot -DCMAKE_INSTALL_PREFIX=/home/ziad/Ziad_WS/ROS2/work_space/install/diff_drive_robot
[0.191s] -- The C compiler identification is GNU 11.4.0
[0.311s] -- The CXX compiler identification is GNU 11.4.0
[0.324s] -- Detecting C compiler ABI info
[0.483s] -- Detecting C compiler ABI info - done
[0.502s] -- Check for working C compiler: /usr/bin/cc - skipped
[0.503s] -- Detecting C compile features
[0.504s] -- Detecting C compile features - done
[0.509s] -- Detecting CXX compiler ABI info
[0.685s] -- Detecting CXX compiler ABI info - done
[0.703s] -- Check for working CXX compiler: /usr/bin/c++ - skipped
[0.704s] -- Detecting CXX compile features
[0.704s] -- Detecting CXX compile features - done
[0.710s] -- Found ament_cmake: 1.3.12 (/opt/ros/humble/share/ament_cmake/cmake)
[3.066s] -- Found Python3: /usr/bin/python3 (found version "3.10.12") found components: Interpreter 
[3.312s] -- Found rclcpp: 16.0.14 (/opt/ros/humble/share/rclcpp/cmake)
[3.410s] -- Found rosidl_generator_c: 3.1.7 (/opt/ros/humble/share/rosidl_generator_c/cmake)
[3.421s] -- Found rosidl_adapter: 3.1.7 (/opt/ros/humble/share/rosidl_adapter/cmake)
[3.438s] -- Found rosidl_generator_cpp: 3.1.7 (/opt/ros/humble/share/rosidl_generator_cpp/cmake)
[3.466s] -- Using all available rosidl_typesupport_c: rosidl_typesupport_fastrtps_c;rosidl_typesupport_introspection_c
[3.501s] -- Using all available rosidl_typesupport_cpp: rosidl_typesupport_fastrtps_cpp;rosidl_typesupport_introspection_cpp
[3.603s] -- Found rmw_implementation_cmake: 6.1.2 (/opt/ros/humble/share/rmw_implementation_cmake/cmake)
[3.610s] -- Found rmw_fastrtps_cpp: 6.2.8 (/opt/ros/humble/share/rmw_fastrtps_cpp/cmake)
[3.890s] -- Found OpenSSL: /usr/lib/x86_64-linux-gnu/libcrypto.so (found version "3.0.2")  
[3.990s] -- Found FastRTPS: /opt/ros/humble/include  
[4.138s] -- Using RMW implementation 'rmw_fastrtps_cpp' as default
[4.157s] -- Looking for pthread.h
[4.370s] -- Looking for pthread.h - found
[4.370s] -- Performing Test CMAKE_HAVE_LIBC_PTHREAD
[4.577s] -- Performing Test CMAKE_HAVE_LIBC_PTHREAD - Success
[4.580s] -- Found Threads: TRUE  
[4.720s] -- Found geometry_msgs: 4.9.0 (/opt/ros/humble/share/geometry_msgs/cmake)
[4.751s] -- Found sensor_msgs: 4.9.0 (/opt/ros/humble/share/sensor_msgs/cmake)
[4.808s] -- Found nav_msgs: 4.9.0 (/opt/ros/humble/share/nav_msgs/cmake)
[4.877s] -- Found tf2_ros: 0.25.16 (/opt/ros/humble/share/tf2_ros/cmake)
[5.245s] -- Found ament_lint_auto: 0.12.14 (/opt/ros/humble/share/ament_lint_auto/cmake)
[6.092s] -- Added test 'cppcheck' to perform static code analysis on C / C++ code
[6.092s] -- Configured cppcheck include dirs: 
[6.092s] -- Configured cppcheck exclude dirs and/or files: 
[6.096s] -- Added test 'flake8' to check Python code syntax and style conventions
[6.101s] -- Added test 'lint_cmake' to check CMake code style
[6.109s] -- Added test 'pep257' to check Python code against some of the docstring style conventions in PEP 257
[6.114s] -- Added test 'uncrustify' to check C / C++ code style
[6.114s] -- Configured uncrustify additional arguments: 
[6.118s] -- Added test 'xmllint' to check XML markup files
[6.118s] -- Configuring done
[6.129s] -- Generating done
[6.133s] -- Build files have been written to: /home/ziad/Ziad_WS/ROS2/work_space/build/diff_drive_robot
[6.154s] Invoked command in '/home/ziad/Ziad_WS/ROS2/work_space/build/diff_drive_robot' returned '0': CMAKE_PREFIX_PATH=${CMAKE_PREFIX_PATH}:/opt/ros/humble /usr/bin/cmake /home/ziad/Ziad_WS/ROS2/work_space/src/diff_drive_robot -DCMAKE_INSTALL_PREFIX=/home/ziad/Ziad_WS/ROS2/work_space/install/diff_drive_robot
[6.154s] Invoking command in '/home/ziad/Ziad_WS/ROS2/work_space/build/diff_drive_robot': CMAKE_PREFIX_PATH=${CMAKE_PREFIX_PATH}:/opt/ros/humble /usr/bin/cmake --build /home/ziad/Ziad_WS/ROS2/work_space/build/diff_drive_robot -- -j4 -l4
[6.233s] Invoked command in '/home/ziad/Ziad_WS/ROS2/work_space/build/diff_drive_robot' returned '0': CMAKE_PREFIX_PATH=${CMAKE_PREFIX_PATH}:/opt/ros/humble /usr/bin/cmake --build /home/ziad/Ziad_WS/ROS2/work_space/build/diff_drive_robot -- -j4 -l4
[6.237s] Invoking command in '/home/ziad/Ziad_WS/ROS2/work_space/build/diff_drive_robot': CMAKE_PREFIX_PATH=${CMAKE_PREFIX_PATH}:/opt/ros/humble /usr/bin/cmake --install /home/ziad/Ziad_WS/ROS2/work_space/build/diff_drive_robot
[6.247s] -- Install configuration: ""
[6.247s] -- Installing: /home/ziad/Ziad_WS/ROS2/work_space/install/diff_drive_robot/share/diff_drive_robot/launch
[6.247s] -- Installing: /home/ziad/Ziad_WS/ROS2/work_space/install/diff_drive_robot/share/diff_drive_robot/launch/robot_launch.py
[6.253s] -- Installing: /home/ziad/Ziad_WS/ROS2/work_space/install/diff_drive_robot/share/diff_drive_robot/urdf
[6.253s] -- Installing: /home/ziad/Ziad_WS/ROS2/work_space/install/diff_drive_robot/share/diff_drive_robot/urdf/diff_drive.urdf.xacro
[6.262s] -- Installing: /home/ziad/Ziad_WS/ROS2/work_space/install/diff_drive_robot/share/ament_index/resource_index/package_run_dependencies/diff_drive_robot
[6.263s] -- Installing: /home/ziad/Ziad_WS/ROS2/work_space/install/diff_drive_robot/share/ament_index/resource_index/parent_prefix_path/diff_drive_robot
[6.263s] -- Installing: /home/ziad/Ziad_WS/ROS2/work_space/install/diff_drive_robot/share/diff_drive_robot/environment/ament_prefix_path.sh
[6.263s] -- Installing: /home/ziad/Ziad_WS/ROS2/work_space/install/diff_drive_robot/share/diff_drive_robot/environment/ament_prefix_path.dsv
[6.263s] -- Installing: /home/ziad/Ziad_WS/ROS2/work_space/install/diff_drive_robot/share/diff_drive_robot/environment/path.sh
[6.263s] -- Installing: /home/ziad/Ziad_WS/ROS2/work_space/install/diff_drive_robot/share/diff_drive_robot/environment/path.dsv
[6.263s] -- Installing: /home/ziad/Ziad_WS/ROS2/work_space/install/diff_drive_robot/share/diff_drive_robot/local_setup.bash
[6.264s] -- Installing: /home/ziad/Ziad_WS/ROS2/work_space/install/diff_drive_robot/share/diff_drive_robot/local_setup.sh
[6.264s] -- Installing: /home/ziad/Ziad_WS/ROS2/work_space/install/diff_drive_robot/share/diff_drive_robot/local_setup.zsh
[6.264s] -- Installing: /home/ziad/Ziad_WS/ROS2/work_space/install/diff_drive_robot/share/diff_drive_robot/local_setup.dsv
[6.264s] -- Installing: /home/ziad/Ziad_WS/ROS2/work_space/install/diff_drive_robot/share/diff_drive_robot/package.dsv
[6.265s] -- Installing: /home/ziad/Ziad_WS/ROS2/work_space/install/diff_drive_robot/share/ament_index/resource_index/packages/diff_drive_robot
[6.265s] -- Installing: /home/ziad/Ziad_WS/ROS2/work_space/install/diff_drive_robot/share/diff_drive_robot/cmake/diff_drive_robotConfig.cmake
[6.265s] -- Installing: /home/ziad/Ziad_WS/ROS2/work_space/install/diff_drive_robot/share/diff_drive_robot/cmake/diff_drive_robotConfig-version.cmake
[6.265s] -- Installing: /home/ziad/Ziad_WS/ROS2/work_space/install/diff_drive_robot/share/diff_drive_robot/package.xml
[6.269s] Invoked command in '/home/ziad/Ziad_WS/ROS2/work_space/build/diff_drive_robot' returned '0': CMAKE_PREFIX_PATH=${CMAKE_PREFIX_PATH}:/opt/ros/humble /usr/bin/cmake --install /home/ziad/Ziad_WS/ROS2/work_space/build/diff_drive_robot
