[11.211s] DEBUG:colcon:Command line arguments: ['/usr/bin/colcon', 'build']
[11.211s] DEBUG:colcon:Parsed command line arguments: Namespace(log_base=None, log_level=None, verb_name='build', build_base='build', install_base='install', merge_install=False, symlink_install=False, test_result_base=None, continue_on_error=False, executor='parallel', parallel_workers=8, event_handlers=None, ignore_user_meta=False, metas=['./colcon.meta'], base_paths=['.'], packages_ignore=None, packages_ignore_regex=None, paths=None, packages_up_to=None, packages_up_to_regex=None, packages_above=None, packages_above_and_dependencies=None, packages_above_depth=None, packages_select_by_dep=None, packages_skip_by_dep=None, packages_skip_up_to=None, packages_select_build_failed=False, packages_skip_build_finished=False, packages_select_test_failures=False, packages_skip_test_passed=False, packages_select=None, packages_skip=None, packages_select_regex=None, packages_skip_regex=None, packages_start=None, packages_end=None, allow_overriding=[], cmake_args=None, cmake_target=None, cmake_target_skip_unavailable=False, cmake_clean_cache=False, cmake_clean_first=False, cmake_force_configure=False, ament_cmake_args=None, catkin_cmake_args=None, catkin_skip_building_tests=False, verb_parser=<colcon_defaults.argument_parser.defaults.DefaultArgumentsDecorator object at 0x7f2fcd310be0>, verb_extension=<colcon_core.verb.build.BuildVerb object at 0x7f2fcd310790>, main=<bound method BuildVerb.main of <colcon_core.verb.build.BuildVerb object at 0x7f2fcd310790>>)
[12.844s] Level 1:colcon.colcon_core.package_discovery:discover_packages(colcon_meta) check parameters
[12.844s] Level 1:colcon.colcon_core.package_discovery:discover_packages(recursive) check parameters
[12.844s] Level 1:colcon.colcon_core.package_discovery:discover_packages(ignore) check parameters
[12.845s] Level 1:colcon.colcon_core.package_discovery:discover_packages(path) check parameters
[12.845s] Level 1:colcon.colcon_core.package_discovery:discover_packages(colcon_meta) discover
[12.845s] Level 1:colcon.colcon_core.package_discovery:discover_packages(recursive) discover
[12.845s] INFO:colcon.colcon_core.package_discovery:Crawling recursively for packages in '/home/ziad/Ziad_work_space/ROS2/work_space'
[12.845s] Level 1:colcon.colcon_core.package_identification:_identify(.) by extensions ['ignore', 'ignore_ament_install']
[12.846s] Level 1:colcon.colcon_core.package_identification:_identify(.) by extension 'ignore'
[12.846s] Level 1:colcon.colcon_core.package_identification:_identify(.) by extension 'ignore_ament_install'
[12.846s] Level 1:colcon.colcon_core.package_identification:_identify(.) by extensions ['colcon_pkg']
[12.846s] Level 1:colcon.colcon_core.package_identification:_identify(.) by extension 'colcon_pkg'
[12.847s] Level 1:colcon.colcon_core.package_identification:_identify(.) by extensions ['colcon_meta']
[12.847s] Level 1:colcon.colcon_core.package_identification:_identify(.) by extension 'colcon_meta'
[12.847s] Level 1:colcon.colcon_core.package_identification:_identify(.) by extensions ['ros']
[12.847s] Level 1:colcon.colcon_core.package_identification:_identify(.) by extension 'ros'
[13.322s] Level 1:colcon.colcon_core.package_identification:_identify(.) by extensions ['cmake', 'python']
[13.322s] Level 1:colcon.colcon_core.package_identification:_identify(.) by extension 'cmake'
[13.322s] Level 1:colcon.colcon_core.package_identification:_identify(.) by extension 'python'
[13.323s] Level 1:colcon.colcon_core.package_identification:_identify(.) by extensions ['python_setup_py']
[13.323s] Level 1:colcon.colcon_core.package_identification:_identify(.) by extension 'python_setup_py'
[13.323s] Level 1:colcon.colcon_core.package_identification:_identify(build) by extensions ['ignore', 'ignore_ament_install']
[13.323s] Level 1:colcon.colcon_core.package_identification:_identify(build) by extension 'ignore'
[13.323s] Level 1:colcon.colcon_core.package_identification:_identify(build) ignored
[13.324s] Level 1:colcon.colcon_core.package_identification:_identify(install) by extensions ['ignore', 'ignore_ament_install']
[13.324s] Level 1:colcon.colcon_core.package_identification:_identify(install) by extension 'ignore'
[13.324s] Level 1:colcon.colcon_core.package_identification:_identify(install) ignored
[13.324s] Level 1:colcon.colcon_core.package_identification:_identify(log) by extensions ['ignore', 'ignore_ament_install']
[13.325s] Level 1:colcon.colcon_core.package_identification:_identify(log) by extension 'ignore'
[13.325s] Level 1:colcon.colcon_core.package_identification:_identify(log) ignored
[13.325s] Level 1:colcon.colcon_core.package_identification:_identify(src) by extensions ['ignore', 'ignore_ament_install']
[13.325s] Level 1:colcon.colcon_core.package_identification:_identify(src) by extension 'ignore'
[13.326s] Level 1:colcon.colcon_core.package_identification:_identify(src) by extension 'ignore_ament_install'
[13.326s] Level 1:colcon.colcon_core.package_identification:_identify(src) by extensions ['colcon_pkg']
[13.326s] Level 1:colcon.colcon_core.package_identification:_identify(src) by extension 'colcon_pkg'
[13.326s] Level 1:colcon.colcon_core.package_identification:_identify(src) by extensions ['colcon_meta']
[13.326s] Level 1:colcon.colcon_core.package_identification:_identify(src) by extension 'colcon_meta'
[13.326s] Level 1:colcon.colcon_core.package_identification:_identify(src) by extensions ['ros']
[13.326s] Level 1:colcon.colcon_core.package_identification:_identify(src) by extension 'ros'
[13.327s] Level 1:colcon.colcon_core.package_identification:_identify(src) by extensions ['cmake', 'python']
[13.327s] Level 1:colcon.colcon_core.package_identification:_identify(src) by extension 'cmake'
[13.327s] Level 1:colcon.colcon_core.package_identification:_identify(src) by extension 'python'
[13.327s] Level 1:colcon.colcon_core.package_identification:_identify(src) by extensions ['python_setup_py']
[13.327s] Level 1:colcon.colcon_core.package_identification:_identify(src) by extension 'python_setup_py'
[13.327s] Level 1:colcon.colcon_core.package_identification:_identify(src/simple_pub_sub) by extensions ['ignore', 'ignore_ament_install']
[13.328s] Level 1:colcon.colcon_core.package_identification:_identify(src/simple_pub_sub) by extension 'ignore'
[13.328s] Level 1:colcon.colcon_core.package_identification:_identify(src/simple_pub_sub) by extension 'ignore_ament_install'
[13.328s] Level 1:colcon.colcon_core.package_identification:_identify(src/simple_pub_sub) by extensions ['colcon_pkg']
[13.328s] Level 1:colcon.colcon_core.package_identification:_identify(src/simple_pub_sub) by extension 'colcon_pkg'
[13.328s] Level 1:colcon.colcon_core.package_identification:_identify(src/simple_pub_sub) by extensions ['colcon_meta']
[13.328s] Level 1:colcon.colcon_core.package_identification:_identify(src/simple_pub_sub) by extension 'colcon_meta'
[13.328s] Level 1:colcon.colcon_core.package_identification:_identify(src/simple_pub_sub) by extensions ['ros']
[13.328s] Level 1:colcon.colcon_core.package_identification:_identify(src/simple_pub_sub) by extension 'ros'
[13.439s] DEBUG:colcon.colcon_core.package_identification:Package 'src/simple_pub_sub' with type 'ros.ament_cmake' and name 'simple_pub_sub'
[13.440s] Level 1:colcon.colcon_core.package_discovery:discover_packages(recursive) using defaults
[13.440s] Level 1:colcon.colcon_core.package_discovery:discover_packages(ignore) discover
[13.440s] Level 1:colcon.colcon_core.package_discovery:discover_packages(ignore) using defaults
[13.440s] Level 1:colcon.colcon_core.package_discovery:discover_packages(path) discover
[13.440s] Level 1:colcon.colcon_core.package_discovery:discover_packages(path) using defaults
[13.904s] Level 1:colcon.colcon_core.package_discovery:discover_packages(prefix_path) check parameters
[13.904s] Level 1:colcon.colcon_core.package_discovery:discover_packages(prefix_path) discover
[13.967s] DEBUG:colcon.colcon_installed_package_information.package_discovery:Found 271 installed packages in /opt/ros/humble
[13.976s] Level 1:colcon.colcon_core.package_discovery:discover_packages(prefix_path) using defaults
[19.639s] Level 5:colcon.colcon_core.verb:set package 'simple_pub_sub' build argument 'cmake_args' from command line to 'None'
[19.639s] Level 5:colcon.colcon_core.verb:set package 'simple_pub_sub' build argument 'cmake_target' from command line to 'None'
[19.639s] Level 5:colcon.colcon_core.verb:set package 'simple_pub_sub' build argument 'cmake_target_skip_unavailable' from command line to 'False'
[19.639s] Level 5:colcon.colcon_core.verb:set package 'simple_pub_sub' build argument 'cmake_clean_cache' from command line to 'False'
[19.639s] Level 5:colcon.colcon_core.verb:set package 'simple_pub_sub' build argument 'cmake_clean_first' from command line to 'False'
[19.639s] Level 5:colcon.colcon_core.verb:set package 'simple_pub_sub' build argument 'cmake_force_configure' from command line to 'False'
[19.639s] Level 5:colcon.colcon_core.verb:set package 'simple_pub_sub' build argument 'ament_cmake_args' from command line to 'None'
[19.639s] Level 5:colcon.colcon_core.verb:set package 'simple_pub_sub' build argument 'catkin_cmake_args' from command line to 'None'
[19.639s] Level 5:colcon.colcon_core.verb:set package 'simple_pub_sub' build argument 'catkin_skip_building_tests' from command line to 'False'
[19.639s] DEBUG:colcon.colcon_core.verb:Building package 'simple_pub_sub' with the following arguments: {'ament_cmake_args': None, 'build_base': '/home/ziad/Ziad_work_space/ROS2/work_space/build/simple_pub_sub', 'catkin_cmake_args': None, 'catkin_skip_building_tests': False, 'cmake_args': None, 'cmake_clean_cache': False, 'cmake_clean_first': False, 'cmake_force_configure': False, 'cmake_target': None, 'cmake_target_skip_unavailable': False, 'install_base': '/home/ziad/Ziad_work_space/ROS2/work_space/install/simple_pub_sub', 'merge_install': False, 'path': '/home/ziad/Ziad_work_space/ROS2/work_space/src/simple_pub_sub', 'symlink_install': False, 'test_result_base': None}
[19.639s] INFO:colcon.colcon_core.executor:Executing jobs using 'parallel' executor
[19.641s] DEBUG:colcon.colcon_parallel_executor.executor.parallel:run_until_complete
[19.641s] INFO:colcon.colcon_ros.task.ament_cmake.build:Building ROS package in '/home/ziad/Ziad_work_space/ROS2/work_space/src/simple_pub_sub' with build type 'ament_cmake'
[19.642s] INFO:colcon.colcon_cmake.task.cmake.build:Building CMake package in '/home/ziad/Ziad_work_space/ROS2/work_space/src/simple_pub_sub'
[19.676s] INFO:colcon.colcon_core.plugin_system:Skipping extension 'colcon_core.shell.bat': Not used on non-Windows systems
[19.676s] INFO:colcon.colcon_core.shell:Skip shell extension 'powershell' for command environment: Not usable outside of PowerShell
[19.676s] DEBUG:colcon.colcon_core.shell:Skip shell extension 'dsv' for command environment
[19.750s] DEBUG:colcon.colcon_core.event_handler.log_command:Invoking command in '/home/ziad/Ziad_work_space/ROS2/work_space/build/simple_pub_sub': CMAKE_PREFIX_PATH=/opt/ros/humble /usr/bin/cmake --build /home/ziad/Ziad_work_space/ROS2/work_space/build/simple_pub_sub -- -j8 -l8
[28.799s] DEBUG:colcon.colcon_core.event_handler.log_command:Invoked command in '/home/ziad/Ziad_work_space/ROS2/work_space/build/simple_pub_sub' returned '2': CMAKE_PREFIX_PATH=/opt/ros/humble /usr/bin/cmake --build /home/ziad/Ziad_work_space/ROS2/work_space/build/simple_pub_sub -- -j8 -l8
[28.801s] Level 1:colcon.colcon_core.environment:create_environment_scripts_only(simple_pub_sub)
[28.809s] Level 1:colcon.colcon_core.environment:checking '/home/ziad/Ziad_work_space/ROS2/work_space/install/simple_pub_sub' for CMake module files
[28.810s] Level 1:colcon.colcon_core.environment:checking '/home/ziad/Ziad_work_space/ROS2/work_space/install/simple_pub_sub' for CMake config files
[28.812s] Level 1:colcon.colcon_core.environment:checking '/home/ziad/Ziad_work_space/ROS2/work_space/install/simple_pub_sub/bin'
[28.812s] Level 1:colcon.colcon_core.environment:checking '/home/ziad/Ziad_work_space/ROS2/work_space/install/simple_pub_sub/lib/pkgconfig/simple_pub_sub.pc'
[28.813s] Level 1:colcon.colcon_core.environment:checking '/home/ziad/Ziad_work_space/ROS2/work_space/install/simple_pub_sub/lib/python3.10/site-packages'
[28.814s] Level 1:colcon.colcon_core.environment:checking '/home/ziad/Ziad_work_space/ROS2/work_space/install/simple_pub_sub/bin'
[28.815s] INFO:colcon.colcon_core.shell:Creating package script '/home/ziad/Ziad_work_space/ROS2/work_space/install/simple_pub_sub/share/simple_pub_sub/package.ps1'
[28.818s] INFO:colcon.colcon_core.shell:Creating package descriptor '/home/ziad/Ziad_work_space/ROS2/work_space/install/simple_pub_sub/share/simple_pub_sub/package.dsv'
[28.820s] INFO:colcon.colcon_core.shell:Creating package script '/home/ziad/Ziad_work_space/ROS2/work_space/install/simple_pub_sub/share/simple_pub_sub/package.sh'
[28.823s] INFO:colcon.colcon_core.shell:Creating package script '/home/ziad/Ziad_work_space/ROS2/work_space/install/simple_pub_sub/share/simple_pub_sub/package.bash'
[28.827s] INFO:colcon.colcon_core.shell:Creating package script '/home/ziad/Ziad_work_space/ROS2/work_space/install/simple_pub_sub/share/simple_pub_sub/package.zsh'
[28.830s] Level 1:colcon.colcon_core.environment:create_file_with_runtime_dependencies(/home/ziad/Ziad_work_space/ROS2/work_space/install/simple_pub_sub/share/colcon-core/packages/simple_pub_sub)
[28.841s] DEBUG:colcon.colcon_parallel_executor.executor.parallel:closing loop
[28.841s] DEBUG:colcon.colcon_parallel_executor.executor.parallel:loop closed
[28.842s] DEBUG:colcon.colcon_parallel_executor.executor.parallel:run_until_complete finished with '2'
[28.842s] DEBUG:colcon.colcon_core.event_reactor:joining thread
[28.858s] INFO:colcon.colcon_core.plugin_system:Skipping extension 'colcon_notification.desktop_notification.terminal_notifier': Not used on non-Darwin systems
[28.859s] INFO:colcon.colcon_core.plugin_system:Skipping extension 'colcon_notification.desktop_notification.win32': Not used on non-Windows systems
[28.859s] INFO:colcon.colcon_notification.desktop_notification:Sending desktop notification using 'notify2'
[28.962s] DEBUG:colcon.colcon_core.event_reactor:joined thread
[28.963s] INFO:colcon.colcon_core.shell:Creating prefix script '/home/ziad/Ziad_work_space/ROS2/work_space/install/local_setup.ps1'
[28.967s] INFO:colcon.colcon_core.shell:Creating prefix util module '/home/ziad/Ziad_work_space/ROS2/work_space/install/_local_setup_util_ps1.py'
[28.973s] INFO:colcon.colcon_core.shell:Creating prefix chain script '/home/ziad/Ziad_work_space/ROS2/work_space/install/setup.ps1'
[28.977s] INFO:colcon.colcon_core.shell:Creating prefix script '/home/ziad/Ziad_work_space/ROS2/work_space/install/local_setup.sh'
[28.979s] INFO:colcon.colcon_core.shell:Creating prefix util module '/home/ziad/Ziad_work_space/ROS2/work_space/install/_local_setup_util_sh.py'
[28.981s] INFO:colcon.colcon_core.shell:Creating prefix chain script '/home/ziad/Ziad_work_space/ROS2/work_space/install/setup.sh'
[28.985s] INFO:colcon.colcon_core.shell:Creating prefix script '/home/ziad/Ziad_work_space/ROS2/work_space/install/local_setup.bash'
[28.987s] INFO:colcon.colcon_core.shell:Creating prefix chain script '/home/ziad/Ziad_work_space/ROS2/work_space/install/setup.bash'
[28.990s] INFO:colcon.colcon_core.shell:Creating prefix script '/home/ziad/Ziad_work_space/ROS2/work_space/install/local_setup.zsh'
[28.992s] INFO:colcon.colcon_core.shell:Creating prefix chain script '/home/ziad/Ziad_work_space/ROS2/work_space/install/setup.zsh'
