[0.031s] Invoking command in '/home/ziad/Ziad_WS/ROS2/work_space/build/services_actions': CMAKE_PREFIX_PATH=${CMAKE_PREFIX_PATH}:/opt/ros/humble /usr/bin/cmake --build /home/ziad/Ziad_WS/ROS2/work_space/build/services_actions -- -j4 -l4
[0.196s] [  2%] Built target services_actions__cpp
[0.219s] [ 10%] Built target services_actions__rosidl_generator_c
[0.266s] [ 10%] Built target ament_cmake_python_copy_services_actions
[0.277s] [ 19%] Built target services_actions__rosidl_typesupport_fastrtps_cpp
[0.317s] [ 27%] Built target services_actions__rosidl_typesupport_introspection_cpp
[0.323s] [ 36%] Built target services_actions__rosidl_typesupport_fastrtps_c
[0.363s] [ 44%] Built target services_actions__rosidl_typesupport_introspection_c
[0.369s] [ 53%] Built target services_actions__rosidl_typesupport_c
[0.409s] [ 61%] Built target services_actions__rosidl_typesupport_cpp
[0.451s] [ 61%] Built target services_actions
[0.488s] [ 65%] Built target add_two_ints_client
[0.528s] [ 70%] Built target count_down_action_server
[0.565s] [ 74%] Built target count_down_action_client
[0.592s] [ 76%] Built target services_actions__py
[0.626s] [ 80%] Built target add_two_ints_server
[0.663s] [ 87%] Built target services_actions__rosidl_generator_py
[0.717s] [ 91%] Built target services_actions__rosidl_typesupport_fastrtps_c__pyext
[0.768s] [ 95%] Built target services_actions__rosidl_typesupport_c__pyext
[0.802s] [100%] Built target services_actions__rosidl_typesupport_introspection_c__pyext
[1.135s] running egg_info
[1.167s] writing services_actions.egg-info/PKG-INFO
[1.167s] writing dependency_links to services_actions.egg-info/dependency_links.txt
[1.167s] writing top-level names to services_actions.egg-info/top_level.txt
[1.264s] reading manifest file 'services_actions.egg-info/SOURCES.txt'
[1.265s] writing manifest file 'services_actions.egg-info/SOURCES.txt'
[1.327s] [100%] Built target ament_cmake_python_build_services_actions_egg
[1.341s] Invoked command in '/home/ziad/Ziad_WS/ROS2/work_space/build/services_actions' returned '0': CMAKE_PREFIX_PATH=${CMAKE_PREFIX_PATH}:/opt/ros/humble /usr/bin/cmake --build /home/ziad/Ziad_WS/ROS2/work_space/build/services_actions -- -j4 -l4
[1.344s] Invoking command in '/home/ziad/Ziad_WS/ROS2/work_space/build/services_actions': CMAKE_PREFIX_PATH=${CMAKE_PREFIX_PATH}:/opt/ros/humble /usr/bin/cmake --install /home/ziad/Ziad_WS/ROS2/work_space/build/services_actions
[1.354s] -- Install configuration: ""
[1.354s] -- Up-to-date: /home/ziad/Ziad_WS/ROS2/work_space/install/services_actions/share/ament_index/resource_index/rosidl_interfaces/services_actions
[1.354s] -- Up-to-date: /home/ziad/Ziad_WS/ROS2/work_space/install/services_actions/include/services_actions/services_actions
[1.354s] -- Up-to-date: /home/ziad/Ziad_WS/ROS2/work_space/install/services_actions/include/services_actions/services_actions/action
[1.355s] -- Up-to-date: /home/ziad/Ziad_WS/ROS2/work_space/install/services_actions/include/services_actions/services_actions/action/detail
[1.355s] -- Up-to-date: /home/ziad/Ziad_WS/ROS2/work_space/install/services_actions/include/services_actions/services_actions/action/detail/countdown__type_support.h
[1.355s] -- Up-to-date: /home/ziad/Ziad_WS/ROS2/work_space/install/services_actions/include/services_actions/services_actions/action/detail/countdown__functions.h
[1.355s] -- Up-to-date: /home/ziad/Ziad_WS/ROS2/work_space/install/services_actions/include/services_actions/services_actions/action/detail/countdown__functions.c
[1.355s] -- Up-to-date: /home/ziad/Ziad_WS/ROS2/work_space/install/services_actions/include/services_actions/services_actions/action/detail/countdown__struct.h
[1.355s] -- Up-to-date: /home/ziad/Ziad_WS/ROS2/work_space/install/services_actions/include/services_actions/services_actions/action/countdown.h
[1.356s] -- Up-to-date: /home/ziad/Ziad_WS/ROS2/work_space/install/services_actions/include/services_actions/services_actions/srv
[1.356s] -- Up-to-date: /home/ziad/Ziad_WS/ROS2/work_space/install/services_actions/include/services_actions/services_actions/srv/add_two_int.h
[1.356s] -- Up-to-date: /home/ziad/Ziad_WS/ROS2/work_space/install/services_actions/include/services_actions/services_actions/srv/detail
[1.356s] -- Up-to-date: /home/ziad/Ziad_WS/ROS2/work_space/install/services_actions/include/services_actions/services_actions/srv/detail/add_two_int__struct.h
[1.356s] -- Up-to-date: /home/ziad/Ziad_WS/ROS2/work_space/install/services_actions/include/services_actions/services_actions/srv/detail/add_two_int__functions.h
[1.356s] -- Up-to-date: /home/ziad/Ziad_WS/ROS2/work_space/install/services_actions/include/services_actions/services_actions/srv/detail/add_two_int__functions.c
[1.356s] -- Up-to-date: /home/ziad/Ziad_WS/ROS2/work_space/install/services_actions/include/services_actions/services_actions/srv/detail/add_two_int__type_support.h
[1.356s] -- Up-to-date: /home/ziad/Ziad_WS/ROS2/work_space/install/services_actions/include/services_actions/services_actions/msg
[1.356s] -- Up-to-date: /home/ziad/Ziad_WS/ROS2/work_space/install/services_actions/include/services_actions/services_actions/msg/rosidl_generator_c__visibility_control.h
[1.356s] -- Up-to-date: /home/ziad/Ziad_WS/ROS2/work_space/install/services_actions/share/services_actions/environment/library_path.sh
[1.356s] -- Up-to-date: /home/ziad/Ziad_WS/ROS2/work_space/install/services_actions/share/services_actions/environment/library_path.dsv
[1.357s] -- Up-to-date: /home/ziad/Ziad_WS/ROS2/work_space/install/services_actions/lib/libservices_actions__rosidl_generator_c.so
[1.357s] -- Up-to-date: /home/ziad/Ziad_WS/ROS2/work_space/install/services_actions/include/services_actions/services_actions
[1.357s] -- Up-to-date: /home/ziad/Ziad_WS/ROS2/work_space/install/services_actions/include/services_actions/services_actions/action
[1.357s] -- Up-to-date: /home/ziad/Ziad_WS/ROS2/work_space/install/services_actions/include/services_actions/services_actions/action/detail
[1.357s] -- Up-to-date: /home/ziad/Ziad_WS/ROS2/work_space/install/services_actions/include/services_actions/services_actions/action/detail/countdown__rosidl_typesupport_fastrtps_c.h
[1.357s] -- Up-to-date: /home/ziad/Ziad_WS/ROS2/work_space/install/services_actions/include/services_actions/services_actions/srv
[1.357s] -- Up-to-date: /home/ziad/Ziad_WS/ROS2/work_space/install/services_actions/include/services_actions/services_actions/srv/detail
[1.357s] -- Up-to-date: /home/ziad/Ziad_WS/ROS2/work_space/install/services_actions/include/services_actions/services_actions/srv/detail/add_two_int__rosidl_typesupport_fastrtps_c.h
[1.357s] -- Up-to-date: /home/ziad/Ziad_WS/ROS2/work_space/install/services_actions/include/services_actions/services_actions/msg
[1.357s] -- Up-to-date: /home/ziad/Ziad_WS/ROS2/work_space/install/services_actions/include/services_actions/services_actions/msg/rosidl_typesupport_fastrtps_c__visibility_control.h
[1.358s] -- Up-to-date: /home/ziad/Ziad_WS/ROS2/work_space/install/services_actions/lib/libservices_actions__rosidl_typesupport_fastrtps_c.so
[1.358s] -- Up-to-date: /home/ziad/Ziad_WS/ROS2/work_space/install/services_actions/include/services_actions/services_actions
[1.358s] -- Up-to-date: /home/ziad/Ziad_WS/ROS2/work_space/install/services_actions/include/services_actions/services_actions/action
[1.359s] -- Up-to-date: /home/ziad/Ziad_WS/ROS2/work_space/install/services_actions/include/services_actions/services_actions/action/countdown.hpp
[1.359s] -- Up-to-date: /home/ziad/Ziad_WS/ROS2/work_space/install/services_actions/include/services_actions/services_actions/action/detail
[1.359s] -- Up-to-date: /home/ziad/Ziad_WS/ROS2/work_space/install/services_actions/include/services_actions/services_actions/action/detail/countdown__struct.hpp
[1.359s] -- Up-to-date: /home/ziad/Ziad_WS/ROS2/work_space/install/services_actions/include/services_actions/services_actions/action/detail/countdown__builder.hpp
[1.359s] -- Up-to-date: /home/ziad/Ziad_WS/ROS2/work_space/install/services_actions/include/services_actions/services_actions/action/detail/countdown__traits.hpp
[1.359s] -- Up-to-date: /home/ziad/Ziad_WS/ROS2/work_space/install/services_actions/include/services_actions/services_actions/action/detail/countdown__type_support.hpp
[1.360s] -- Up-to-date: /home/ziad/Ziad_WS/ROS2/work_space/install/services_actions/include/services_actions/services_actions/srv
[1.360s] -- Up-to-date: /home/ziad/Ziad_WS/ROS2/work_space/install/services_actions/include/services_actions/services_actions/srv/detail
[1.360s] -- Up-to-date: /home/ziad/Ziad_WS/ROS2/work_space/install/services_actions/include/services_actions/services_actions/srv/detail/add_two_int__type_support.hpp
[1.360s] -- Up-to-date: /home/ziad/Ziad_WS/ROS2/work_space/install/services_actions/include/services_actions/services_actions/srv/detail/add_two_int__struct.hpp
[1.360s] -- Up-to-date: /home/ziad/Ziad_WS/ROS2/work_space/install/services_actions/include/services_actions/services_actions/srv/detail/add_two_int__builder.hpp
[1.360s] -- Up-to-date: /home/ziad/Ziad_WS/ROS2/work_space/install/services_actions/include/services_actions/services_actions/srv/detail/add_two_int__traits.hpp
[1.360s] -- Up-to-date: /home/ziad/Ziad_WS/ROS2/work_space/install/services_actions/include/services_actions/services_actions/srv/add_two_int.hpp
[1.360s] -- Up-to-date: /home/ziad/Ziad_WS/ROS2/work_space/install/services_actions/include/services_actions/services_actions/msg
[1.361s] -- Up-to-date: /home/ziad/Ziad_WS/ROS2/work_space/install/services_actions/include/services_actions/services_actions/msg/rosidl_generator_cpp__visibility_control.hpp
[1.361s] -- Up-to-date: /home/ziad/Ziad_WS/ROS2/work_space/install/services_actions/include/services_actions/services_actions
[1.361s] -- Up-to-date: /home/ziad/Ziad_WS/ROS2/work_space/install/services_actions/include/services_actions/services_actions/action
[1.361s] -- Up-to-date: /home/ziad/Ziad_WS/ROS2/work_space/install/services_actions/include/services_actions/services_actions/action/detail
[1.361s] -- Up-to-date: /home/ziad/Ziad_WS/ROS2/work_space/install/services_actions/include/services_actions/services_actions/action/detail/dds_fastrtps
[1.361s] -- Up-to-date: /home/ziad/Ziad_WS/ROS2/work_space/install/services_actions/include/services_actions/services_actions/action/detail/countdown__rosidl_typesupport_fastrtps_cpp.hpp
[1.361s] -- Up-to-date: /home/ziad/Ziad_WS/ROS2/work_space/install/services_actions/include/services_actions/services_actions/srv
[1.361s] -- Up-to-date: /home/ziad/Ziad_WS/ROS2/work_space/install/services_actions/include/services_actions/services_actions/srv/detail
[1.362s] -- Up-to-date: /home/ziad/Ziad_WS/ROS2/work_space/install/services_actions/include/services_actions/services_actions/srv/detail/add_two_int__rosidl_typesupport_fastrtps_cpp.hpp
[1.362s] -- Up-to-date: /home/ziad/Ziad_WS/ROS2/work_space/install/services_actions/include/services_actions/services_actions/srv/detail/dds_fastrtps
[1.362s] -- Up-to-date: /home/ziad/Ziad_WS/ROS2/work_space/install/services_actions/include/services_actions/services_actions/msg
[1.362s] -- Up-to-date: /home/ziad/Ziad_WS/ROS2/work_space/install/services_actions/include/services_actions/services_actions/msg/rosidl_typesupport_fastrtps_cpp__visibility_control.h
[1.362s] -- Up-to-date: /home/ziad/Ziad_WS/ROS2/work_space/install/services_actions/lib/libservices_actions__rosidl_typesupport_fastrtps_cpp.so
[1.362s] -- Up-to-date: /home/ziad/Ziad_WS/ROS2/work_space/install/services_actions/include/services_actions/services_actions
[1.362s] -- Up-to-date: /home/ziad/Ziad_WS/ROS2/work_space/install/services_actions/include/services_actions/services_actions/action
[1.362s] -- Up-to-date: /home/ziad/Ziad_WS/ROS2/work_space/install/services_actions/include/services_actions/services_actions/action/detail
[1.362s] -- Up-to-date: /home/ziad/Ziad_WS/ROS2/work_space/install/services_actions/include/services_actions/services_actions/action/detail/countdown__type_support.c
[1.362s] -- Up-to-date: /home/ziad/Ziad_WS/ROS2/work_space/install/services_actions/include/services_actions/services_actions/action/detail/countdown__rosidl_typesupport_introspection_c.h
[1.363s] -- Up-to-date: /home/ziad/Ziad_WS/ROS2/work_space/install/services_actions/include/services_actions/services_actions/srv
[1.363s] -- Up-to-date: /home/ziad/Ziad_WS/ROS2/work_space/install/services_actions/include/services_actions/services_actions/srv/detail
[1.363s] -- Up-to-date: /home/ziad/Ziad_WS/ROS2/work_space/install/services_actions/include/services_actions/services_actions/srv/detail/add_two_int__type_support.c
[1.363s] -- Up-to-date: /home/ziad/Ziad_WS/ROS2/work_space/install/services_actions/include/services_actions/services_actions/srv/detail/add_two_int__rosidl_typesupport_introspection_c.h
[1.363s] -- Up-to-date: /home/ziad/Ziad_WS/ROS2/work_space/install/services_actions/include/services_actions/services_actions/msg
[1.363s] -- Up-to-date: /home/ziad/Ziad_WS/ROS2/work_space/install/services_actions/include/services_actions/services_actions/msg/rosidl_typesupport_introspection_c__visibility_control.h
[1.363s] -- Up-to-date: /home/ziad/Ziad_WS/ROS2/work_space/install/services_actions/lib/libservices_actions__rosidl_typesupport_introspection_c.so
[1.364s] -- Up-to-date: /home/ziad/Ziad_WS/ROS2/work_space/install/services_actions/lib/libservices_actions__rosidl_typesupport_c.so
[1.364s] -- Up-to-date: /home/ziad/Ziad_WS/ROS2/work_space/install/services_actions/include/services_actions/services_actions
[1.364s] -- Up-to-date: /home/ziad/Ziad_WS/ROS2/work_space/install/services_actions/include/services_actions/services_actions/action
[1.364s] -- Up-to-date: /home/ziad/Ziad_WS/ROS2/work_space/install/services_actions/include/services_actions/services_actions/action/detail
[1.364s] -- Up-to-date: /home/ziad/Ziad_WS/ROS2/work_space/install/services_actions/include/services_actions/services_actions/action/detail/countdown__rosidl_typesupport_introspection_cpp.hpp
[1.364s] -- Up-to-date: /home/ziad/Ziad_WS/ROS2/work_space/install/services_actions/include/services_actions/services_actions/action/detail/countdown__type_support.cpp
[1.364s] -- Up-to-date: /home/ziad/Ziad_WS/ROS2/work_space/install/services_actions/include/services_actions/services_actions/srv
[1.364s] -- Up-to-date: /home/ziad/Ziad_WS/ROS2/work_space/install/services_actions/include/services_actions/services_actions/srv/detail
[1.364s] -- Up-to-date: /home/ziad/Ziad_WS/ROS2/work_space/install/services_actions/include/services_actions/services_actions/srv/detail/add_two_int__rosidl_typesupport_introspection_cpp.hpp
[1.365s] -- Up-to-date: /home/ziad/Ziad_WS/ROS2/work_space/install/services_actions/include/services_actions/services_actions/srv/detail/add_two_int__type_support.cpp
[1.365s] -- Up-to-date: /home/ziad/Ziad_WS/ROS2/work_space/install/services_actions/lib/libservices_actions__rosidl_typesupport_introspection_cpp.so
[1.366s] -- Up-to-date: /home/ziad/Ziad_WS/ROS2/work_space/install/services_actions/lib/libservices_actions__rosidl_typesupport_cpp.so
[1.366s] -- Up-to-date: /home/ziad/Ziad_WS/ROS2/work_space/install/services_actions/share/services_actions/environment/pythonpath.sh
[1.366s] -- Up-to-date: /home/ziad/Ziad_WS/ROS2/work_space/install/services_actions/share/services_actions/environment/pythonpath.dsv
[1.366s] -- Up-to-date: /home/ziad/Ziad_WS/ROS2/work_space/install/services_actions/local/lib/python3.10/dist-packages/services_actions-0.0.0-py3.10.egg-info
[1.366s] -- Installing: /home/ziad/Ziad_WS/ROS2/work_space/install/services_actions/local/lib/python3.10/dist-packages/services_actions-0.0.0-py3.10.egg-info/dependency_links.txt
[1.367s] -- Installing: /home/ziad/Ziad_WS/ROS2/work_space/install/services_actions/local/lib/python3.10/dist-packages/services_actions-0.0.0-py3.10.egg-info/top_level.txt
[1.367s] -- Installing: /home/ziad/Ziad_WS/ROS2/work_space/install/services_actions/local/lib/python3.10/dist-packages/services_actions-0.0.0-py3.10.egg-info/PKG-INFO
[1.367s] -- Installing: /home/ziad/Ziad_WS/ROS2/work_space/install/services_actions/local/lib/python3.10/dist-packages/services_actions-0.0.0-py3.10.egg-info/SOURCES.txt
[1.367s] -- Up-to-date: /home/ziad/Ziad_WS/ROS2/work_space/install/services_actions/local/lib/python3.10/dist-packages/services_actions
[1.367s] -- Up-to-date: /home/ziad/Ziad_WS/ROS2/work_space/install/services_actions/local/lib/python3.10/dist-packages/services_actions/_services_actions_s.ep.rosidl_typesupport_fastrtps_c.c
[1.367s] -- Up-to-date: /home/ziad/Ziad_WS/ROS2/work_space/install/services_actions/local/lib/python3.10/dist-packages/services_actions/action
[1.368s] -- Up-to-date: /home/ziad/Ziad_WS/ROS2/work_space/install/services_actions/local/lib/python3.10/dist-packages/services_actions/action/_countdown.py
[1.368s] -- Up-to-date: /home/ziad/Ziad_WS/ROS2/work_space/install/services_actions/local/lib/python3.10/dist-packages/services_actions/action/_countdown_s.c
[1.368s] -- Up-to-date: /home/ziad/Ziad_WS/ROS2/work_space/install/services_actions/local/lib/python3.10/dist-packages/services_actions/action/__init__.py
[1.368s] -- Up-to-date: /home/ziad/Ziad_WS/ROS2/work_space/install/services_actions/local/lib/python3.10/dist-packages/services_actions/services_actions_s__rosidl_typesupport_fastrtps_c.cpython-310-x86_64-linux-gnu.so
[1.368s] -- Up-to-date: /home/ziad/Ziad_WS/ROS2/work_space/install/services_actions/local/lib/python3.10/dist-packages/services_actions/srv
[1.368s] -- Up-to-date: /home/ziad/Ziad_WS/ROS2/work_space/install/services_actions/local/lib/python3.10/dist-packages/services_actions/srv/_add_two_int_s.c
[1.369s] -- Up-to-date: /home/ziad/Ziad_WS/ROS2/work_space/install/services_actions/local/lib/python3.10/dist-packages/services_actions/srv/_add_two_int.py
[1.369s] -- Up-to-date: /home/ziad/Ziad_WS/ROS2/work_space/install/services_actions/local/lib/python3.10/dist-packages/services_actions/srv/__init__.py
[1.369s] -- Up-to-date: /home/ziad/Ziad_WS/ROS2/work_space/install/services_actions/local/lib/python3.10/dist-packages/services_actions/_services_actions_s.ep.rosidl_typesupport_c.c
[1.369s] -- Up-to-date: /home/ziad/Ziad_WS/ROS2/work_space/install/services_actions/local/lib/python3.10/dist-packages/services_actions/_services_actions_s.ep.rosidl_typesupport_introspection_c.c
[1.369s] -- Up-to-date: /home/ziad/Ziad_WS/ROS2/work_space/install/services_actions/local/lib/python3.10/dist-packages/services_actions/services_actions_s__rosidl_typesupport_c.cpython-310-x86_64-linux-gnu.so
[1.369s] -- Up-to-date: /home/ziad/Ziad_WS/ROS2/work_space/install/services_actions/local/lib/python3.10/dist-packages/services_actions/__init__.py
[1.369s] -- Up-to-date: /home/ziad/Ziad_WS/ROS2/work_space/install/services_actions/local/lib/python3.10/dist-packages/services_actions/services_actions_s__rosidl_typesupport_introspection_c.cpython-310-x86_64-linux-gnu.so
[1.369s] -- Up-to-date: /home/ziad/Ziad_WS/ROS2/work_space/install/services_actions/local/lib/python3.10/dist-packages/services_actions/libservices_actions__rosidl_generator_py.so
[1.410s] Listing '/home/ziad/Ziad_WS/ROS2/work_space/install/services_actions/local/lib/python3.10/dist-packages/services_actions'...
[1.410s] Listing '/home/ziad/Ziad_WS/ROS2/work_space/install/services_actions/local/lib/python3.10/dist-packages/services_actions/action'...
[1.410s] Listing '/home/ziad/Ziad_WS/ROS2/work_space/install/services_actions/local/lib/python3.10/dist-packages/services_actions/srv'...
[1.418s] -- Up-to-date: /home/ziad/Ziad_WS/ROS2/work_space/install/services_actions/local/lib/python3.10/dist-packages/services_actions/services_actions_s__rosidl_typesupport_fastrtps_c.cpython-310-x86_64-linux-gnu.so
[1.419s] -- Up-to-date: /home/ziad/Ziad_WS/ROS2/work_space/install/services_actions/local/lib/python3.10/dist-packages/services_actions/services_actions_s__rosidl_typesupport_introspection_c.cpython-310-x86_64-linux-gnu.so
[1.420s] -- Up-to-date: /home/ziad/Ziad_WS/ROS2/work_space/install/services_actions/local/lib/python3.10/dist-packages/services_actions/services_actions_s__rosidl_typesupport_c.cpython-310-x86_64-linux-gnu.so
[1.421s] -- Up-to-date: /home/ziad/Ziad_WS/ROS2/work_space/install/services_actions/lib/libservices_actions__rosidl_generator_py.so
[1.421s] -- Up-to-date: /home/ziad/Ziad_WS/ROS2/work_space/install/services_actions/share/services_actions/srv/AddTwoInt.idl
[1.422s] -- Up-to-date: /home/ziad/Ziad_WS/ROS2/work_space/install/services_actions/share/services_actions/action/Countdown.idl
[1.422s] -- Up-to-date: /home/ziad/Ziad_WS/ROS2/work_space/install/services_actions/share/services_actions/srv/AddTwoInt.srv
[1.422s] -- Up-to-date: /home/ziad/Ziad_WS/ROS2/work_space/install/services_actions/share/services_actions/srv/AddTwoInt_Request.msg
[1.422s] -- Up-to-date: /home/ziad/Ziad_WS/ROS2/work_space/install/services_actions/share/services_actions/srv/AddTwoInt_Response.msg
[1.422s] -- Up-to-date: /home/ziad/Ziad_WS/ROS2/work_space/install/services_actions/share/services_actions/action/Countdown.action
[1.423s] -- Up-to-date: /home/ziad/Ziad_WS/ROS2/work_space/install/services_actions/lib/services_actions/add_two_ints_server
[1.424s] -- Up-to-date: /home/ziad/Ziad_WS/ROS2/work_space/install/services_actions/lib/services_actions/add_two_ints_client
[1.425s] -- Up-to-date: /home/ziad/Ziad_WS/ROS2/work_space/install/services_actions/lib/services_actions/count_down_action_server
[1.426s] -- Up-to-date: /home/ziad/Ziad_WS/ROS2/work_space/install/services_actions/lib/services_actions/count_down_action_client
[1.426s] -- Up-to-date: /home/ziad/Ziad_WS/ROS2/work_space/install/services_actions/share/services_actions/launch
[1.426s] -- Up-to-date: /home/ziad/Ziad_WS/ROS2/work_space/install/services_actions/share/services_actions/launch/run_action.launch.py
[1.427s] -- Up-to-date: /home/ziad/Ziad_WS/ROS2/work_space/install/services_actions/share/services_actions/launch/run_service.launch.py
[1.427s] -- Up-to-date: /home/ziad/Ziad_WS/ROS2/work_space/install/services_actions/share/services_actions/launch/run.launch.py
[1.427s] -- Up-to-date: /home/ziad/Ziad_WS/ROS2/work_space/install/services_actions/share/ament_index/resource_index/package_run_dependencies/services_actions
[1.427s] -- Up-to-date: /home/ziad/Ziad_WS/ROS2/work_space/install/services_actions/share/ament_index/resource_index/parent_prefix_path/services_actions
[1.427s] -- Up-to-date: /home/ziad/Ziad_WS/ROS2/work_space/install/services_actions/share/services_actions/environment/ament_prefix_path.sh
[1.427s] -- Up-to-date: /home/ziad/Ziad_WS/ROS2/work_space/install/services_actions/share/services_actions/environment/ament_prefix_path.dsv
[1.427s] -- Up-to-date: /home/ziad/Ziad_WS/ROS2/work_space/install/services_actions/share/services_actions/environment/path.sh
[1.427s] -- Up-to-date: /home/ziad/Ziad_WS/ROS2/work_space/install/services_actions/share/services_actions/environment/path.dsv
[1.428s] -- Up-to-date: /home/ziad/Ziad_WS/ROS2/work_space/install/services_actions/share/services_actions/local_setup.bash
[1.428s] -- Up-to-date: /home/ziad/Ziad_WS/ROS2/work_space/install/services_actions/share/services_actions/local_setup.sh
[1.428s] -- Up-to-date: /home/ziad/Ziad_WS/ROS2/work_space/install/services_actions/share/services_actions/local_setup.zsh
[1.428s] -- Up-to-date: /home/ziad/Ziad_WS/ROS2/work_space/install/services_actions/share/services_actions/local_setup.dsv
[1.428s] -- Installing: /home/ziad/Ziad_WS/ROS2/work_space/install/services_actions/share/services_actions/package.dsv
[1.428s] -- Up-to-date: /home/ziad/Ziad_WS/ROS2/work_space/install/services_actions/share/ament_index/resource_index/packages/services_actions
[1.429s] -- Up-to-date: /home/ziad/Ziad_WS/ROS2/work_space/install/services_actions/share/services_actions/cmake/export_services_actions__rosidl_generator_cExport.cmake
[1.429s] -- Up-to-date: /home/ziad/Ziad_WS/ROS2/work_space/install/services_actions/share/services_actions/cmake/export_services_actions__rosidl_generator_cExport-noconfig.cmake
[1.429s] -- Up-to-date: /home/ziad/Ziad_WS/ROS2/work_space/install/services_actions/share/services_actions/cmake/export_services_actions__rosidl_typesupport_fastrtps_cExport.cmake
[1.429s] -- Up-to-date: /home/ziad/Ziad_WS/ROS2/work_space/install/services_actions/share/services_actions/cmake/export_services_actions__rosidl_typesupport_fastrtps_cExport-noconfig.cmake
[1.430s] -- Up-to-date: /home/ziad/Ziad_WS/ROS2/work_space/install/services_actions/share/services_actions/cmake/export_services_actions__rosidl_generator_cppExport.cmake
[1.430s] -- Up-to-date: /home/ziad/Ziad_WS/ROS2/work_space/install/services_actions/share/services_actions/cmake/export_services_actions__rosidl_typesupport_fastrtps_cppExport.cmake
[1.430s] -- Up-to-date: /home/ziad/Ziad_WS/ROS2/work_space/install/services_actions/share/services_actions/cmake/export_services_actions__rosidl_typesupport_fastrtps_cppExport-noconfig.cmake
[1.431s] -- Up-to-date: /home/ziad/Ziad_WS/ROS2/work_space/install/services_actions/share/services_actions/cmake/services_actions__rosidl_typesupport_introspection_cExport.cmake
[1.431s] -- Up-to-date: /home/ziad/Ziad_WS/ROS2/work_space/install/services_actions/share/services_actions/cmake/services_actions__rosidl_typesupport_introspection_cExport-noconfig.cmake
[1.432s] -- Up-to-date: /home/ziad/Ziad_WS/ROS2/work_space/install/services_actions/share/services_actions/cmake/services_actions__rosidl_typesupport_cExport.cmake
[1.432s] -- Up-to-date: /home/ziad/Ziad_WS/ROS2/work_space/install/services_actions/share/services_actions/cmake/services_actions__rosidl_typesupport_cExport-noconfig.cmake
[1.432s] -- Up-to-date: /home/ziad/Ziad_WS/ROS2/work_space/install/services_actions/share/services_actions/cmake/services_actions__rosidl_typesupport_introspection_cppExport.cmake
[1.432s] -- Up-to-date: /home/ziad/Ziad_WS/ROS2/work_space/install/services_actions/share/services_actions/cmake/services_actions__rosidl_typesupport_introspection_cppExport-noconfig.cmake
[1.433s] -- Up-to-date: /home/ziad/Ziad_WS/ROS2/work_space/install/services_actions/share/services_actions/cmake/services_actions__rosidl_typesupport_cppExport.cmake
[1.433s] -- Up-to-date: /home/ziad/Ziad_WS/ROS2/work_space/install/services_actions/share/services_actions/cmake/services_actions__rosidl_typesupport_cppExport-noconfig.cmake
[1.434s] -- Up-to-date: /home/ziad/Ziad_WS/ROS2/work_space/install/services_actions/share/services_actions/cmake/export_services_actions__rosidl_generator_pyExport.cmake
[1.434s] -- Up-to-date: /home/ziad/Ziad_WS/ROS2/work_space/install/services_actions/share/services_actions/cmake/export_services_actions__rosidl_generator_pyExport-noconfig.cmake
[1.434s] -- Up-to-date: /home/ziad/Ziad_WS/ROS2/work_space/install/services_actions/share/services_actions/cmake/rosidl_cmake-extras.cmake
[1.434s] -- Up-to-date: /home/ziad/Ziad_WS/ROS2/work_space/install/services_actions/share/services_actions/cmake/ament_cmake_export_dependencies-extras.cmake
[1.434s] -- Up-to-date: /home/ziad/Ziad_WS/ROS2/work_space/install/services_actions/share/services_actions/cmake/ament_cmake_export_include_directories-extras.cmake
[1.435s] -- Up-to-date: /home/ziad/Ziad_WS/ROS2/work_space/install/services_actions/share/services_actions/cmake/ament_cmake_export_libraries-extras.cmake
[1.435s] -- Up-to-date: /home/ziad/Ziad_WS/ROS2/work_space/install/services_actions/share/services_actions/cmake/ament_cmake_export_targets-extras.cmake
[1.435s] -- Up-to-date: /home/ziad/Ziad_WS/ROS2/work_space/install/services_actions/share/services_actions/cmake/rosidl_cmake_export_typesupport_targets-extras.cmake
[1.435s] -- Up-to-date: /home/ziad/Ziad_WS/ROS2/work_space/install/services_actions/share/services_actions/cmake/rosidl_cmake_export_typesupport_libraries-extras.cmake
[1.435s] -- Up-to-date: /home/ziad/Ziad_WS/ROS2/work_space/install/services_actions/share/services_actions/cmake/services_actionsConfig.cmake
[1.435s] -- Up-to-date: /home/ziad/Ziad_WS/ROS2/work_space/install/services_actions/share/services_actions/cmake/services_actionsConfig-version.cmake
[1.435s] -- Up-to-date: /home/ziad/Ziad_WS/ROS2/work_space/install/services_actions/share/services_actions/package.xml
[1.439s] Invoked command in '/home/ziad/Ziad_WS/ROS2/work_space/build/services_actions' returned '0': CMAKE_PREFIX_PATH=${CMAKE_PREFIX_PATH}:/opt/ros/humble /usr/bin/cmake --install /home/ziad/Ziad_WS/ROS2/work_space/build/services_actions
