[3.438s] DEBUG:colcon:Command line arguments: ['/usr/bin/colcon', 'build']
[3.438s] DEBUG:colcon:Parsed command line arguments: Namespace(log_base=None, log_level=None, verb_name='build', build_base='build', install_base='install', merge_install=False, symlink_install=False, test_result_base=None, continue_on_error=False, executor='parallel', parallel_workers=8, event_handlers=None, ignore_user_meta=False, metas=['./colcon.meta'], base_paths=['.'], packages_ignore=None, packages_ignore_regex=None, paths=None, packages_up_to=None, packages_up_to_regex=None, packages_above=None, packages_above_and_dependencies=None, packages_above_depth=None, packages_select_by_dep=None, packages_skip_by_dep=None, packages_skip_up_to=None, packages_select_build_failed=False, packages_skip_build_finished=False, packages_select_test_failures=False, packages_skip_test_passed=False, packages_select=None, packages_skip=None, packages_select_regex=None, packages_skip_regex=None, packages_start=None, packages_end=None, allow_overriding=[], cmake_args=None, cmake_target=None, cmake_target_skip_unavailable=False, cmake_clean_cache=False, cmake_clean_first=False, cmake_force_configure=False, ament_cmake_args=None, catkin_cmake_args=None, catkin_skip_building_tests=False, verb_parser=<colcon_defaults.argument_parser.defaults.DefaultArgumentsDecorator object at 0x757e44560be0>, verb_extension=<colcon_core.verb.build.BuildVerb object at 0x757e44560790>, main=<bound method BuildVerb.main of <colcon_core.verb.build.BuildVerb object at 0x757e44560790>>)
[3.840s] Level 1:colcon.colcon_core.package_discovery:discover_packages(colcon_meta) check parameters
[3.840s] Level 1:colcon.colcon_core.package_discovery:discover_packages(recursive) check parameters
[3.840s] Level 1:colcon.colcon_core.package_discovery:discover_packages(ignore) check parameters
[3.841s] Level 1:colcon.colcon_core.package_discovery:discover_packages(path) check parameters
[3.841s] Level 1:colcon.colcon_core.package_discovery:discover_packages(colcon_meta) discover
[3.841s] Level 1:colcon.colcon_core.package_discovery:discover_packages(recursive) discover
[3.841s] INFO:colcon.colcon_core.package_discovery:Crawling recursively for packages in '/home/ziad/Ziad_work_space/ROS2/work_space'
[3.841s] Level 1:colcon.colcon_core.package_identification:_identify(.) by extensions ['ignore', 'ignore_ament_install']
[3.842s] Level 1:colcon.colcon_core.package_identification:_identify(.) by extension 'ignore'
[3.842s] Level 1:colcon.colcon_core.package_identification:_identify(.) by extension 'ignore_ament_install'
[3.842s] Level 1:colcon.colcon_core.package_identification:_identify(.) by extensions ['colcon_pkg']
[3.842s] Level 1:colcon.colcon_core.package_identification:_identify(.) by extension 'colcon_pkg'
[3.843s] Level 1:colcon.colcon_core.package_identification:_identify(.) by extensions ['colcon_meta']
[3.843s] Level 1:colcon.colcon_core.package_identification:_identify(.) by extension 'colcon_meta'
[3.843s] Level 1:colcon.colcon_core.package_identification:_identify(.) by extensions ['ros']
[3.843s] Level 1:colcon.colcon_core.package_identification:_identify(.) by extension 'ros'
[3.971s] Level 1:colcon.colcon_core.package_identification:_identify(.) by extensions ['cmake', 'python']
[3.971s] Level 1:colcon.colcon_core.package_identification:_identify(.) by extension 'cmake'
[3.971s] Level 1:colcon.colcon_core.package_identification:_identify(.) by extension 'python'
[3.971s] Level 1:colcon.colcon_core.package_identification:_identify(.) by extensions ['python_setup_py']
[3.971s] Level 1:colcon.colcon_core.package_identification:_identify(.) by extension 'python_setup_py'
[3.972s] Level 1:colcon.colcon_core.package_identification:_identify(build) by extensions ['ignore', 'ignore_ament_install']
[3.972s] Level 1:colcon.colcon_core.package_identification:_identify(build) by extension 'ignore'
[3.972s] Level 1:colcon.colcon_core.package_identification:_identify(build) ignored
[3.972s] Level 1:colcon.colcon_core.package_identification:_identify(install) by extensions ['ignore', 'ignore_ament_install']
[3.972s] Level 1:colcon.colcon_core.package_identification:_identify(install) by extension 'ignore'
[3.972s] Level 1:colcon.colcon_core.package_identification:_identify(install) ignored
[3.973s] Level 1:colcon.colcon_core.package_identification:_identify(log) by extensions ['ignore', 'ignore_ament_install']
[3.973s] Level 1:colcon.colcon_core.package_identification:_identify(log) by extension 'ignore'
[3.973s] Level 1:colcon.colcon_core.package_identification:_identify(log) ignored
[3.973s] Level 1:colcon.colcon_core.package_identification:_identify(src) by extensions ['ignore', 'ignore_ament_install']
[3.973s] Level 1:colcon.colcon_core.package_identification:_identify(src) by extension 'ignore'
[3.973s] Level 1:colcon.colcon_core.package_identification:_identify(src) by extension 'ignore_ament_install'
[3.974s] Level 1:colcon.colcon_core.package_identification:_identify(src) by extensions ['colcon_pkg']
[3.974s] Level 1:colcon.colcon_core.package_identification:_identify(src) by extension 'colcon_pkg'
[3.974s] Level 1:colcon.colcon_core.package_identification:_identify(src) by extensions ['colcon_meta']
[3.974s] Level 1:colcon.colcon_core.package_identification:_identify(src) by extension 'colcon_meta'
[3.974s] Level 1:colcon.colcon_core.package_identification:_identify(src) by extensions ['ros']
[3.974s] Level 1:colcon.colcon_core.package_identification:_identify(src) by extension 'ros'
[3.974s] Level 1:colcon.colcon_core.package_identification:_identify(src) by extensions ['cmake', 'python']
[3.974s] Level 1:colcon.colcon_core.package_identification:_identify(src) by extension 'cmake'
[3.974s] Level 1:colcon.colcon_core.package_identification:_identify(src) by extension 'python'
[3.974s] Level 1:colcon.colcon_core.package_identification:_identify(src) by extensions ['python_setup_py']
[3.974s] Level 1:colcon.colcon_core.package_identification:_identify(src) by extension 'python_setup_py'
[3.975s] Level 1:colcon.colcon_core.package_identification:_identify(src/simple_pub_sub) by extensions ['ignore', 'ignore_ament_install']
[3.975s] Level 1:colcon.colcon_core.package_identification:_identify(src/simple_pub_sub) by extension 'ignore'
[3.975s] Level 1:colcon.colcon_core.package_identification:_identify(src/simple_pub_sub) by extension 'ignore_ament_install'
[3.975s] Level 1:colcon.colcon_core.package_identification:_identify(src/simple_pub_sub) by extensions ['colcon_pkg']
[3.975s] Level 1:colcon.colcon_core.package_identification:_identify(src/simple_pub_sub) by extension 'colcon_pkg'
[3.975s] Level 1:colcon.colcon_core.package_identification:_identify(src/simple_pub_sub) by extensions ['colcon_meta']
[3.975s] Level 1:colcon.colcon_core.package_identification:_identify(src/simple_pub_sub) by extension 'colcon_meta'
[3.975s] Level 1:colcon.colcon_core.package_identification:_identify(src/simple_pub_sub) by extensions ['ros']
[3.975s] Level 1:colcon.colcon_core.package_identification:_identify(src/simple_pub_sub) by extension 'ros'
[3.980s] DEBUG:colcon.colcon_core.package_identification:Package 'src/simple_pub_sub' with type 'ros.ament_cmake' and name 'simple_pub_sub'
[3.980s] Level 1:colcon.colcon_core.package_discovery:discover_packages(recursive) using defaults
[3.980s] Level 1:colcon.colcon_core.package_discovery:discover_packages(ignore) discover
[3.980s] Level 1:colcon.colcon_core.package_discovery:discover_packages(ignore) using defaults
[3.980s] Level 1:colcon.colcon_core.package_discovery:discover_packages(path) discover
[3.980s] Level 1:colcon.colcon_core.package_discovery:discover_packages(path) using defaults
[4.167s] Level 1:colcon.colcon_core.package_discovery:discover_packages(prefix_path) check parameters
[4.167s] Level 1:colcon.colcon_core.package_discovery:discover_packages(prefix_path) discover
[4.196s] DEBUG:colcon.colcon_installed_package_information.package_discovery:Found 271 installed packages in /opt/ros/humble
[4.199s] Level 1:colcon.colcon_core.package_discovery:discover_packages(prefix_path) using defaults
[5.266s] Level 5:colcon.colcon_core.verb:set package 'simple_pub_sub' build argument 'cmake_args' from command line to 'None'
[5.266s] Level 5:colcon.colcon_core.verb:set package 'simple_pub_sub' build argument 'cmake_target' from command line to 'None'
[5.266s] Level 5:colcon.colcon_core.verb:set package 'simple_pub_sub' build argument 'cmake_target_skip_unavailable' from command line to 'False'
[5.266s] Level 5:colcon.colcon_core.verb:set package 'simple_pub_sub' build argument 'cmake_clean_cache' from command line to 'False'
[5.266s] Level 5:colcon.colcon_core.verb:set package 'simple_pub_sub' build argument 'cmake_clean_first' from command line to 'False'
[5.266s] Level 5:colcon.colcon_core.verb:set package 'simple_pub_sub' build argument 'cmake_force_configure' from command line to 'False'
[5.266s] Level 5:colcon.colcon_core.verb:set package 'simple_pub_sub' build argument 'ament_cmake_args' from command line to 'None'
[5.266s] Level 5:colcon.colcon_core.verb:set package 'simple_pub_sub' build argument 'catkin_cmake_args' from command line to 'None'
[5.267s] Level 5:colcon.colcon_core.verb:set package 'simple_pub_sub' build argument 'catkin_skip_building_tests' from command line to 'False'
[5.267s] DEBUG:colcon.colcon_core.verb:Building package 'simple_pub_sub' with the following arguments: {'ament_cmake_args': None, 'build_base': '/home/ziad/Ziad_work_space/ROS2/work_space/build/simple_pub_sub', 'catkin_cmake_args': None, 'catkin_skip_building_tests': False, 'cmake_args': None, 'cmake_clean_cache': False, 'cmake_clean_first': False, 'cmake_force_configure': False, 'cmake_target': None, 'cmake_target_skip_unavailable': False, 'install_base': '/home/ziad/Ziad_work_space/ROS2/work_space/install/simple_pub_sub', 'merge_install': False, 'path': '/home/ziad/Ziad_work_space/ROS2/work_space/src/simple_pub_sub', 'symlink_install': False, 'test_result_base': None}
[5.267s] INFO:colcon.colcon_core.executor:Executing jobs using 'parallel' executor
[5.269s] DEBUG:colcon.colcon_parallel_executor.executor.parallel:run_until_complete
[5.269s] INFO:colcon.colcon_ros.task.ament_cmake.build:Building ROS package in '/home/ziad/Ziad_work_space/ROS2/work_space/src/simple_pub_sub' with build type 'ament_cmake'
[5.269s] INFO:colcon.colcon_cmake.task.cmake.build:Building CMake package in '/home/ziad/Ziad_work_space/ROS2/work_space/src/simple_pub_sub'
[5.318s] INFO:colcon.colcon_core.plugin_system:Skipping extension 'colcon_core.shell.bat': Not used on non-Windows systems
[5.319s] INFO:colcon.colcon_core.shell:Skip shell extension 'powershell' for command environment: Not usable outside of PowerShell
[5.319s] DEBUG:colcon.colcon_core.shell:Skip shell extension 'dsv' for command environment
[5.449s] DEBUG:colcon.colcon_core.event_handler.log_command:Invoking command in '/home/ziad/Ziad_work_space/ROS2/work_space/build/simple_pub_sub': CMAKE_PREFIX_PATH=/opt/ros/humble /usr/bin/cmake --build /home/ziad/Ziad_work_space/ROS2/work_space/build/simple_pub_sub -- -j8 -l8
[25.559s] DEBUG:colcon.colcon_core.event_handler.log_command:Invoked command in '/home/ziad/Ziad_work_space/ROS2/work_space/build/simple_pub_sub' returned '2': CMAKE_PREFIX_PATH=/opt/ros/humble /usr/bin/cmake --build /home/ziad/Ziad_work_space/ROS2/work_space/build/simple_pub_sub -- -j8 -l8
[25.607s] Level 1:colcon.colcon_core.environment:create_environment_scripts_only(simple_pub_sub)
[25.649s] Level 1:colcon.colcon_core.environment:checking '/home/ziad/Ziad_work_space/ROS2/work_space/install/simple_pub_sub' for CMake module files
[25.671s] Level 1:colcon.colcon_core.environment:checking '/home/ziad/Ziad_work_space/ROS2/work_space/install/simple_pub_sub' for CMake config files
[25.673s] Level 1:colcon.colcon_core.environment:checking '/home/ziad/Ziad_work_space/ROS2/work_space/install/simple_pub_sub/bin'
[25.674s] Level 1:colcon.colcon_core.environment:checking '/home/ziad/Ziad_work_space/ROS2/work_space/install/simple_pub_sub/lib/pkgconfig/simple_pub_sub.pc'
[25.675s] Level 1:colcon.colcon_core.environment:checking '/home/ziad/Ziad_work_space/ROS2/work_space/install/simple_pub_sub/lib/python3.10/site-packages'
[25.676s] Level 1:colcon.colcon_core.environment:checking '/home/ziad/Ziad_work_space/ROS2/work_space/install/simple_pub_sub/bin'
[25.677s] INFO:colcon.colcon_core.shell:Creating package script '/home/ziad/Ziad_work_space/ROS2/work_space/install/simple_pub_sub/share/simple_pub_sub/package.ps1'
[25.702s] INFO:colcon.colcon_core.shell:Creating package descriptor '/home/ziad/Ziad_work_space/ROS2/work_space/install/simple_pub_sub/share/simple_pub_sub/package.dsv'
[25.721s] INFO:colcon.colcon_core.shell:Creating package script '/home/ziad/Ziad_work_space/ROS2/work_space/install/simple_pub_sub/share/simple_pub_sub/package.sh'
[25.724s] INFO:colcon.colcon_core.shell:Creating package script '/home/ziad/Ziad_work_space/ROS2/work_space/install/simple_pub_sub/share/simple_pub_sub/package.bash'
[25.745s] INFO:colcon.colcon_core.shell:Creating package script '/home/ziad/Ziad_work_space/ROS2/work_space/install/simple_pub_sub/share/simple_pub_sub/package.zsh'
[25.756s] Level 1:colcon.colcon_core.environment:create_file_with_runtime_dependencies(/home/ziad/Ziad_work_space/ROS2/work_space/install/simple_pub_sub/share/colcon-core/packages/simple_pub_sub)
[25.767s] DEBUG:colcon.colcon_parallel_executor.executor.parallel:closing loop
[25.768s] DEBUG:colcon.colcon_parallel_executor.executor.parallel:loop closed
[25.768s] DEBUG:colcon.colcon_parallel_executor.executor.parallel:run_until_complete finished with '2'
[25.768s] DEBUG:colcon.colcon_core.event_reactor:joining thread
[26.015s] INFO:colcon.colcon_core.plugin_system:Skipping extension 'colcon_notification.desktop_notification.terminal_notifier': Not used on non-Darwin systems
[26.015s] INFO:colcon.colcon_core.plugin_system:Skipping extension 'colcon_notification.desktop_notification.win32': Not used on non-Windows systems
[26.016s] INFO:colcon.colcon_notification.desktop_notification:Sending desktop notification using 'notify2'
[27.790s] DEBUG:colcon.colcon_core.event_reactor:joined thread
[27.791s] INFO:colcon.colcon_core.shell:Creating prefix script '/home/ziad/Ziad_work_space/ROS2/work_space/install/local_setup.ps1'
[27.827s] INFO:colcon.colcon_core.shell:Creating prefix util module '/home/ziad/Ziad_work_space/ROS2/work_space/install/_local_setup_util_ps1.py'
[27.892s] INFO:colcon.colcon_core.shell:Creating prefix chain script '/home/ziad/Ziad_work_space/ROS2/work_space/install/setup.ps1'
[27.912s] INFO:colcon.colcon_core.shell:Creating prefix script '/home/ziad/Ziad_work_space/ROS2/work_space/install/local_setup.sh'
[27.943s] INFO:colcon.colcon_core.shell:Creating prefix util module '/home/ziad/Ziad_work_space/ROS2/work_space/install/_local_setup_util_sh.py'
[27.946s] INFO:colcon.colcon_core.shell:Creating prefix chain script '/home/ziad/Ziad_work_space/ROS2/work_space/install/setup.sh'
[27.964s] INFO:colcon.colcon_core.shell:Creating prefix script '/home/ziad/Ziad_work_space/ROS2/work_space/install/local_setup.bash'
[27.994s] INFO:colcon.colcon_core.shell:Creating prefix chain script '/home/ziad/Ziad_work_space/ROS2/work_space/install/setup.bash'
[28.008s] INFO:colcon.colcon_core.shell:Creating prefix script '/home/ziad/Ziad_work_space/ROS2/work_space/install/local_setup.zsh'
[28.022s] INFO:colcon.colcon_core.shell:Creating prefix chain script '/home/ziad/Ziad_work_space/ROS2/work_space/install/setup.zsh'
