[0.038s] Invoking command in '/home/ziad/Ziad_WS/ROS2/work_space/build/custom_robot': CMAKE_PREFIX_PATH=${CMAKE_PREFIX_PATH}:/opt/ros/humble /usr/bin/cmake --build /home/ziad/Ziad_WS/ROS2/work_space/build/custom_robot -- -j4 -l4
[0.280s] [ 50%] Built target cmd_vel_publisher
[0.282s] [100%] Built target teleop_keyboard
[0.312s] Invoked command in '/home/ziad/Ziad_WS/ROS2/work_space/build/custom_robot' returned '0': CMAKE_PREFIX_PATH=${CMAKE_PREFIX_PATH}:/opt/ros/humble /usr/bin/cmake --build /home/ziad/Ziad_WS/ROS2/work_space/build/custom_robot -- -j4 -l4
[0.319s] Invoking command in '/home/ziad/Ziad_WS/ROS2/work_space/build/custom_robot': CMAKE_PREFIX_PATH=${CMAKE_PREFIX_PATH}:/opt/ros/humble /usr/bin/cmake --install /home/ziad/Ziad_WS/ROS2/work_space/build/custom_robot
[0.345s] -- Install configuration: ""
[0.346s] -- Up-to-date: /home/ziad/Ziad_WS/ROS2/work_space/install/custom_robot/lib/custom_robot/cmd_vel_publisher
[0.350s] -- Up-to-date: /home/ziad/Ziad_WS/ROS2/work_space/install/custom_robot/lib/custom_robot/teleop_keyboard
[0.351s] -- Up-to-date: /home/ziad/Ziad_WS/ROS2/work_space/install/custom_robot/share/custom_robot/urdf
[0.351s] -- Up-to-date: /home/ziad/Ziad_WS/ROS2/work_space/install/custom_robot/share/custom_robot/urdf/custom_robot.urdf.xacro
[0.351s] -- Up-to-date: /home/ziad/Ziad_WS/ROS2/work_space/install/custom_robot/share/custom_robot/launch
[0.352s] -- Installing: /home/ziad/Ziad_WS/ROS2/work_space/install/custom_robot/share/custom_robot/launch/gazebo.launch.py
[0.352s] -- Up-to-date: /home/ziad/Ziad_WS/ROS2/work_space/install/custom_robot/share/custom_robot/launch/display_rviz2.launch.py
[0.352s] -- Up-to-date: /home/ziad/Ziad_WS/ROS2/work_space/install/custom_robot/share/custom_robot/worlds
[0.355s] -- Installing: /home/ziad/Ziad_WS/ROS2/work_space/install/custom_robot/share/custom_robot/worlds/hospital.world
[0.356s] -- Up-to-date: /home/ziad/Ziad_WS/ROS2/work_space/install/custom_robot/share/custom_robot/models
[0.356s] -- Up-to-date: /home/ziad/Ziad_WS/ROS2/work_space/install/custom_robot/share/custom_robot/models/aws_robomaker_residential_SofaB_01
[0.356s] -- Up-to-date: /home/ziad/Ziad_WS/ROS2/work_space/install/custom_robot/share/custom_robot/models/aws_robomaker_residential_SofaB_01/meshes
[0.356s] -- Up-to-date: /home/ziad/Ziad_WS/ROS2/work_space/install/custom_robot/share/custom_robot/models/aws_robomaker_residential_SofaB_01/meshes/aws_SofaB_01_visual.DAE
[0.358s] -- Up-to-date: /home/ziad/Ziad_WS/ROS2/work_space/install/custom_robot/share/custom_robot/models/aws_robomaker_residential_SofaB_01/meshes/aws_SofaB_01_collision.DAE
[0.358s] -- Up-to-date: /home/ziad/Ziad_WS/ROS2/work_space/install/custom_robot/share/custom_robot/models/aws_robomaker_residential_SofaB_01/materials
[0.359s] -- Up-to-date: /home/ziad/Ziad_WS/ROS2/work_space/install/custom_robot/share/custom_robot/models/aws_robomaker_residential_SofaB_01/materials/textures
[0.359s] -- Up-to-date: /home/ziad/Ziad_WS/ROS2/work_space/install/custom_robot/share/custom_robot/models/aws_robomaker_residential_SofaB_01/materials/textures/aws_SofaB_01.png
[0.360s] -- Up-to-date: /home/ziad/Ziad_WS/ROS2/work_space/install/custom_robot/share/custom_robot/models/aws_robomaker_residential_SofaB_01/model.config
[0.361s] -- Up-to-date: /home/ziad/Ziad_WS/ROS2/work_space/install/custom_robot/share/custom_robot/models/aws_robomaker_residential_SofaB_01/model.sdf
[0.362s] -- Up-to-date: /home/ziad/Ziad_WS/ROS2/work_space/install/custom_robot/share/custom_robot/models/aws_robomaker_residential_PortraitB_03
[0.362s] -- Up-to-date: /home/ziad/Ziad_WS/ROS2/work_space/install/custom_robot/share/custom_robot/models/aws_robomaker_residential_PortraitB_03/meshes
[0.362s] -- Up-to-date: /home/ziad/Ziad_WS/ROS2/work_space/install/custom_robot/share/custom_robot/models/aws_robomaker_residential_PortraitB_03/meshes/aws_PortraitB_01_visual.DAE
[0.362s] -- Up-to-date: /home/ziad/Ziad_WS/ROS2/work_space/install/custom_robot/share/custom_robot/models/aws_robomaker_residential_PortraitB_03/meshes/aws_PortraitB_01_collision.DAE
[0.362s] -- Up-to-date: /home/ziad/Ziad_WS/ROS2/work_space/install/custom_robot/share/custom_robot/models/aws_robomaker_residential_PortraitB_03/materials
[0.363s] -- Up-to-date: /home/ziad/Ziad_WS/ROS2/work_space/install/custom_robot/share/custom_robot/models/aws_robomaker_residential_PortraitB_03/materials/textures
[0.363s] -- Up-to-date: /home/ziad/Ziad_WS/ROS2/work_space/install/custom_robot/share/custom_robot/models/aws_robomaker_residential_PortraitB_03/materials/textures/aws_PortraitB_02.png
[0.364s] -- Up-to-date: /home/ziad/Ziad_WS/ROS2/work_space/install/custom_robot/share/custom_robot/models/aws_robomaker_residential_PortraitB_03/materials/textures/aws_PortraitB_01.png
[0.365s] -- Up-to-date: /home/ziad/Ziad_WS/ROS2/work_space/install/custom_robot/share/custom_robot/models/aws_robomaker_residential_PortraitB_03/model.config
[0.365s] -- Up-to-date: /home/ziad/Ziad_WS/ROS2/work_space/install/custom_robot/share/custom_robot/models/aws_robomaker_residential_PortraitB_03/model.sdf
[0.365s] -- Up-to-date: /home/ziad/Ziad_WS/ROS2/work_space/install/custom_robot/share/custom_robot/models/aws_robomaker_retail_BookshelfB_01
[0.366s] -- Up-to-date: /home/ziad/Ziad_WS/ROS2/work_space/install/custom_robot/share/custom_robot/models/aws_robomaker_retail_BookshelfB_01/meshes
[0.366s] -- Up-to-date: /home/ziad/Ziad_WS/ROS2/work_space/install/custom_robot/share/custom_robot/models/aws_robomaker_retail_BookshelfB_01/meshes/aws_BookshelfB_01_collision.DAE
[0.366s] -- Up-to-date: /home/ziad/Ziad_WS/ROS2/work_space/install/custom_robot/share/custom_robot/models/aws_robomaker_retail_BookshelfB_01/meshes/aws_BookshelfB_01_visual.DAE
[0.366s] -- Up-to-date: /home/ziad/Ziad_WS/ROS2/work_space/install/custom_robot/share/custom_robot/models/aws_robomaker_retail_BookshelfB_01/materials
[0.367s] -- Up-to-date: /home/ziad/Ziad_WS/ROS2/work_space/install/custom_robot/share/custom_robot/models/aws_robomaker_retail_BookshelfB_01/materials/textures
[0.368s] -- Up-to-date: /home/ziad/Ziad_WS/ROS2/work_space/install/custom_robot/share/custom_robot/models/aws_robomaker_retail_BookshelfB_01/materials/textures/aws_BookshelfB_01.png
[0.368s] -- Up-to-date: /home/ziad/Ziad_WS/ROS2/work_space/install/custom_robot/share/custom_robot/models/aws_robomaker_retail_BookshelfB_01/materials/textures/aws_BookshelfB_02.png
[0.369s] -- Up-to-date: /home/ziad/Ziad_WS/ROS2/work_space/install/custom_robot/share/custom_robot/models/aws_robomaker_retail_BookshelfB_01/model.config
[0.369s] -- Up-to-date: /home/ziad/Ziad_WS/ROS2/work_space/install/custom_robot/share/custom_robot/models/aws_robomaker_retail_BookshelfB_01/model.sdf
[0.369s] -- Up-to-date: /home/ziad/Ziad_WS/ROS2/work_space/install/custom_robot/share/custom_robot/models/aws_robomaker_hospital_elevator_01_portal
[0.369s] -- Up-to-date: /home/ziad/Ziad_WS/ROS2/work_space/install/custom_robot/share/custom_robot/models/aws_robomaker_hospital_elevator_01_portal/meshes
[0.369s] -- Up-to-date: /home/ziad/Ziad_WS/ROS2/work_space/install/custom_robot/share/custom_robot/models/aws_robomaker_hospital_elevator_01_portal/meshes/aws_robomaker_hospital_elevator_01_low_normal.png
[0.369s] -- Up-to-date: /home/ziad/Ziad_WS/ROS2/work_space/install/custom_robot/share/custom_robot/models/aws_robomaker_hospital_elevator_01_portal/meshes/aws_robomaker_hospital_elevator_01_low.png
[0.371s] -- Up-to-date: /home/ziad/Ziad_WS/ROS2/work_space/install/custom_robot/share/custom_robot/models/aws_robomaker_hospital_elevator_01_portal/meshes/aws_robomaker_hospital_elevator_01_portal_visual.dae
[0.372s] -- Up-to-date: /home/ziad/Ziad_WS/ROS2/work_space/install/custom_robot/share/custom_robot/models/aws_robomaker_hospital_elevator_01_portal/meshes/aws_robomaker_hospital_elevator_01_visual_normal.png
[0.372s] -- Up-to-date: /home/ziad/Ziad_WS/ROS2/work_space/install/custom_robot/share/custom_robot/models/aws_robomaker_hospital_elevator_01_portal/meshes/aws_robomaker_hospital_elevator_01_visual.png
[0.372s] -- Up-to-date: /home/ziad/Ziad_WS/ROS2/work_space/install/custom_robot/share/custom_robot/models/aws_robomaker_hospital_elevator_01_portal/meshes/aws_robomaker_hospital_elevator_01_portal_collision.dae
[0.372s] -- Up-to-date: /home/ziad/Ziad_WS/ROS2/work_space/install/custom_robot/share/custom_robot/models/aws_robomaker_hospital_elevator_01_portal/meshes/aws_robomaker_hospital_elevator_01_portal_low.dae
[0.373s] -- Up-to-date: /home/ziad/Ziad_WS/ROS2/work_space/install/custom_robot/share/custom_robot/models/aws_robomaker_hospital_elevator_01_portal/model.config
[0.373s] -- Up-to-date: /home/ziad/Ziad_WS/ROS2/work_space/install/custom_robot/share/custom_robot/models/aws_robomaker_hospital_elevator_01_portal/model.sdf
[0.373s] -- Up-to-date: /home/ziad/Ziad_WS/ROS2/work_space/install/custom_robot/share/custom_robot/models/aws_robomaker_warehouse_ClutteringA_01
[0.374s] -- Up-to-date: /home/ziad/Ziad_WS/ROS2/work_space/install/custom_robot/share/custom_robot/models/aws_robomaker_warehouse_ClutteringA_01/meshes
[0.374s] -- Up-to-date: /home/ziad/Ziad_WS/ROS2/work_space/install/custom_robot/share/custom_robot/models/aws_robomaker_warehouse_ClutteringA_01/meshes/aws_robomaker_warehouse_ClutteringA_01_collision.DAE
[0.374s] -- Up-to-date: /home/ziad/Ziad_WS/ROS2/work_space/install/custom_robot/share/custom_robot/models/aws_robomaker_warehouse_ClutteringA_01/meshes/aws_robomaker_warehouse_ClutteringA_01_visual.DAE
[0.376s] -- Up-to-date: /home/ziad/Ziad_WS/ROS2/work_space/install/custom_robot/share/custom_robot/models/aws_robomaker_warehouse_ClutteringA_01/materials
[0.377s] -- Up-to-date: /home/ziad/Ziad_WS/ROS2/work_space/install/custom_robot/share/custom_robot/models/aws_robomaker_warehouse_ClutteringA_01/materials/textures
[0.377s] -- Up-to-date: /home/ziad/Ziad_WS/ROS2/work_space/install/custom_robot/share/custom_robot/models/aws_robomaker_warehouse_ClutteringA_01/materials/textures/aws_robomaker_warehouse_ClutteringA_03.png
[0.377s] -- Up-to-date: /home/ziad/Ziad_WS/ROS2/work_space/install/custom_robot/share/custom_robot/models/aws_robomaker_warehouse_ClutteringA_01/materials/textures/aws_robomaker_warehouse_ClutteringA_02.png
[0.377s] -- Up-to-date: /home/ziad/Ziad_WS/ROS2/work_space/install/custom_robot/share/custom_robot/models/aws_robomaker_warehouse_ClutteringA_01/materials/textures/aws_robomaker_warehouse_ClutteringA_01.png
[0.378s] -- Up-to-date: /home/ziad/Ziad_WS/ROS2/work_space/install/custom_robot/share/custom_robot/models/aws_robomaker_warehouse_ClutteringA_01/model.config
[0.378s] -- Up-to-date: /home/ziad/Ziad_WS/ROS2/work_space/install/custom_robot/share/custom_robot/models/aws_robomaker_warehouse_ClutteringA_01/model.sdf
[0.378s] -- Up-to-date: /home/ziad/Ziad_WS/ROS2/work_space/install/custom_robot/share/custom_robot/models/aws_robomaker_hospital_hospitalsign_01
[0.378s] -- Up-to-date: /home/ziad/Ziad_WS/ROS2/work_space/install/custom_robot/share/custom_robot/models/aws_robomaker_hospital_hospitalsign_01/meshes
[0.378s] -- Up-to-date: /home/ziad/Ziad_WS/ROS2/work_space/install/custom_robot/share/custom_robot/models/aws_robomaker_hospital_hospitalsign_01/meshes/aws_robomaker_hospital_hospitalsign_01_visual.dae
[0.378s] -- Up-to-date: /home/ziad/Ziad_WS/ROS2/work_space/install/custom_robot/share/custom_robot/models/aws_robomaker_hospital_hospitalsign_01/meshes/aws_robomaker_hospital_hospitalsign_01.png
[0.378s] -- Up-to-date: /home/ziad/Ziad_WS/ROS2/work_space/install/custom_robot/share/custom_robot/models/aws_robomaker_hospital_hospitalsign_01/meshes/aws_robomaker_hospital_hospitalsign_01_normal.png
[0.379s] -- Up-to-date: /home/ziad/Ziad_WS/ROS2/work_space/install/custom_robot/share/custom_robot/models/aws_robomaker_hospital_hospitalsign_01/meshes/aws_robomaker_hospital_hospitalsign_01_collision.dae
[0.379s] -- Up-to-date: /home/ziad/Ziad_WS/ROS2/work_space/install/custom_robot/share/custom_robot/models/aws_robomaker_hospital_hospitalsign_01/model.config
[0.379s] -- Up-to-date: /home/ziad/Ziad_WS/ROS2/work_space/install/custom_robot/share/custom_robot/models/aws_robomaker_hospital_hospitalsign_01/model.sdf
[0.379s] -- Up-to-date: /home/ziad/Ziad_WS/ROS2/work_space/install/custom_robot/share/custom_robot/models/aws_robomaker_hospital_curtain_open_01
[0.379s] -- Up-to-date: /home/ziad/Ziad_WS/ROS2/work_space/install/custom_robot/share/custom_robot/models/aws_robomaker_hospital_curtain_open_01/meshes
[0.382s] -- Up-to-date: /home/ziad/Ziad_WS/ROS2/work_space/install/custom_robot/share/custom_robot/models/aws_robomaker_hospital_curtain_open_01/meshes/aws_robomaker_hospital_curtainrail_01_visual_normal.png
[0.385s] -- Up-to-date: /home/ziad/Ziad_WS/ROS2/work_space/install/custom_robot/share/custom_robot/models/aws_robomaker_hospital_curtain_open_01/meshes/aws_robomaker_hospital_curtain_open_01_visual.dae
[0.386s] -- Up-to-date: /home/ziad/Ziad_WS/ROS2/work_space/install/custom_robot/share/custom_robot/models/aws_robomaker_hospital_curtain_open_01/meshes/aws_robomaker_hospital_curtainrail_01_low_normal.png
[0.387s] -- Up-to-date: /home/ziad/Ziad_WS/ROS2/work_space/install/custom_robot/share/custom_robot/models/aws_robomaker_hospital_curtain_open_01/meshes/aws_robomaker_hospital_curtain_open_01_visual_normal.png
[0.387s] -- Up-to-date: /home/ziad/Ziad_WS/ROS2/work_space/install/custom_robot/share/custom_robot/models/aws_robomaker_hospital_curtain_open_01/meshes/aws_robomaker_hospital_curtain_open_01_collision.dae
[0.387s] -- Up-to-date: /home/ziad/Ziad_WS/ROS2/work_space/install/custom_robot/share/custom_robot/models/aws_robomaker_hospital_curtain_open_01/meshes/aws_robomaker_hospital_curtain_open_01_low.png
[0.387s] -- Up-to-date: /home/ziad/Ziad_WS/ROS2/work_space/install/custom_robot/share/custom_robot/models/aws_robomaker_hospital_curtain_open_01/meshes/aws_robomaker_hospital_curtain_open_01_visual.png
[0.387s] -- Up-to-date: /home/ziad/Ziad_WS/ROS2/work_space/install/custom_robot/share/custom_robot/models/aws_robomaker_hospital_curtain_open_01/meshes/aws_robomaker_hospital_curtainrail_01_low.png
[0.387s] -- Up-to-date: /home/ziad/Ziad_WS/ROS2/work_space/install/custom_robot/share/custom_robot/models/aws_robomaker_hospital_curtain_open_01/meshes/aws_robomaker_hospital_curtain_open_01_low_normal.png
[0.388s] -- Up-to-date: /home/ziad/Ziad_WS/ROS2/work_space/install/custom_robot/share/custom_robot/models/aws_robomaker_hospital_curtain_open_01/meshes/aws_robomaker_hospital_curtainrail_01_visual.png
[0.388s] -- Up-to-date: /home/ziad/Ziad_WS/ROS2/work_space/install/custom_robot/share/custom_robot/models/aws_robomaker_hospital_curtain_open_01/model.config
[0.388s] -- Up-to-date: /home/ziad/Ziad_WS/ROS2/work_space/install/custom_robot/share/custom_robot/models/aws_robomaker_hospital_curtain_open_01/model.sdf
[0.388s] -- Up-to-date: /home/ziad/Ziad_WS/ROS2/work_space/install/custom_robot/share/custom_robot/models/aws_robomaker_hospital_floor_02_walls
[0.388s] -- Up-to-date: /home/ziad/Ziad_WS/ROS2/work_space/install/custom_robot/share/custom_robot/models/aws_robomaker_hospital_floor_02_walls/meshes
[0.390s] -- Up-to-date: /home/ziad/Ziad_WS/ROS2/work_space/install/custom_robot/share/custom_robot/models/aws_robomaker_hospital_floor_02_walls/meshes/aws_robomaker_hospital_floor_02_stairs.png
[0.391s] -- Up-to-date: /home/ziad/Ziad_WS/ROS2/work_space/install/custom_robot/share/custom_robot/models/aws_robomaker_hospital_floor_02_walls/meshes/aws_robomaker_hospital_floor_02_doorframes_big.png
[0.391s] -- Up-to-date: /home/ziad/Ziad_WS/ROS2/work_space/install/custom_robot/share/custom_robot/models/aws_robomaker_hospital_floor_02_walls/meshes/aws_robomaker_hospital_floor_02_windows.png
[0.391s] -- Up-to-date: /home/ziad/Ziad_WS/ROS2/work_space/install/custom_robot/share/custom_robot/models/aws_robomaker_hospital_floor_02_walls/meshes/aws_robomaker_hospital_floor_02_doorsign.png
[0.391s] -- Up-to-date: /home/ziad/Ziad_WS/ROS2/work_space/install/custom_robot/share/custom_robot/models/aws_robomaker_hospital_floor_02_walls/meshes/aws_robomaker_hospital_floor_02_bumprail.png
[0.391s] -- Up-to-date: /home/ziad/Ziad_WS/ROS2/work_space/install/custom_robot/share/custom_robot/models/aws_robomaker_hospital_floor_02_walls/meshes/aws_robomaker_hospital_floor_02_handrail.png
[0.393s] -- Up-to-date: /home/ziad/Ziad_WS/ROS2/work_space/install/custom_robot/share/custom_robot/models/aws_robomaker_hospital_floor_02_walls/meshes/aws_robomaker_hospital_floor_02_doorframes_small.png
[0.393s] -- Up-to-date: /home/ziad/Ziad_WS/ROS2/work_space/install/custom_robot/share/custom_robot/models/aws_robomaker_hospital_floor_02_walls/meshes/aws_robomaker_hospital_floor_02_walls_visual.dae
[0.393s] -- Up-to-date: /home/ziad/Ziad_WS/ROS2/work_space/install/custom_robot/share/custom_robot/models/aws_robomaker_hospital_floor_02_walls/meshes/aws_robomaker_hospital_floor_02_walls_collision.dae
[0.394s] -- Up-to-date: /home/ziad/Ziad_WS/ROS2/work_space/install/custom_robot/share/custom_robot/models/aws_robomaker_hospital_floor_02_walls/meshes/aws_robomaker_hospital_floor_02_walls.png
[0.394s] -- Up-to-date: /home/ziad/Ziad_WS/ROS2/work_space/install/custom_robot/share/custom_robot/models/aws_robomaker_hospital_floor_02_walls/model.config
[0.394s] -- Up-to-date: /home/ziad/Ziad_WS/ROS2/work_space/install/custom_robot/share/custom_robot/models/aws_robomaker_hospital_floor_02_walls/model.sdf
[0.395s] -- Up-to-date: /home/ziad/Ziad_WS/ROS2/work_space/install/custom_robot/share/custom_robot/models/aws_robomaker_residential_PortraitA_02
[0.396s] -- Up-to-date: /home/ziad/Ziad_WS/ROS2/work_space/install/custom_robot/share/custom_robot/models/aws_robomaker_residential_PortraitA_02/meshes
[0.397s] -- Up-to-date: /home/ziad/Ziad_WS/ROS2/work_space/install/custom_robot/share/custom_robot/models/aws_robomaker_residential_PortraitA_02/meshes/aws_PortraitA_01_visual.DAE
[0.397s] -- Up-to-date: /home/ziad/Ziad_WS/ROS2/work_space/install/custom_robot/share/custom_robot/models/aws_robomaker_residential_PortraitA_02/meshes/aws_PortraitA_01_collision.DAE
[0.397s] -- Up-to-date: /home/ziad/Ziad_WS/ROS2/work_space/install/custom_robot/share/custom_robot/models/aws_robomaker_residential_PortraitA_02/materials
[0.397s] -- Up-to-date: /home/ziad/Ziad_WS/ROS2/work_space/install/custom_robot/share/custom_robot/models/aws_robomaker_residential_PortraitA_02/materials/textures
[0.401s] -- Up-to-date: /home/ziad/Ziad_WS/ROS2/work_space/install/custom_robot/share/custom_robot/models/aws_robomaker_residential_PortraitA_02/materials/textures/aws_PortraitA_02.png
[0.401s] -- Up-to-date: /home/ziad/Ziad_WS/ROS2/work_space/install/custom_robot/share/custom_robot/models/aws_robomaker_residential_PortraitA_02/materials/textures/aws_PortraitA_01.png
[0.403s] -- Up-to-date: /home/ziad/Ziad_WS/ROS2/work_space/install/custom_robot/share/custom_robot/models/aws_robomaker_residential_PortraitA_02/model.config
[0.403s] -- Up-to-date: /home/ziad/Ziad_WS/ROS2/work_space/install/custom_robot/share/custom_robot/models/aws_robomaker_residential_PortraitA_02/model.sdf
[0.403s] -- Up-to-date: /home/ziad/Ziad_WS/ROS2/work_space/install/custom_robot/share/custom_robot/models/aws_robomaker_hospital_ramp_01
[0.403s] -- Up-to-date: /home/ziad/Ziad_WS/ROS2/work_space/install/custom_robot/share/custom_robot/models/aws_robomaker_hospital_ramp_01/meshes
[0.403s] -- Up-to-date: /home/ziad/Ziad_WS/ROS2/work_space/install/custom_robot/share/custom_robot/models/aws_robomaker_hospital_ramp_01/meshes/aws_robomaker_hospital_ramp_01_collision.dae
[0.405s] -- Up-to-date: /home/ziad/Ziad_WS/ROS2/work_space/install/custom_robot/share/custom_robot/models/aws_robomaker_hospital_ramp_01/meshes/aws_robomaker_hospital_ramp_01_visual.dae
[0.405s] -- Up-to-date: /home/ziad/Ziad_WS/ROS2/work_space/install/custom_robot/share/custom_robot/models/aws_robomaker_hospital_ramp_01/meshes/aws_robomaker_hospital_ramp_01_normal.png
[0.406s] -- Up-to-date: /home/ziad/Ziad_WS/ROS2/work_space/install/custom_robot/share/custom_robot/models/aws_robomaker_hospital_ramp_01/meshes/aws_robomaker_hospital_ramp_01.png
[0.406s] -- Up-to-date: /home/ziad/Ziad_WS/ROS2/work_space/install/custom_robot/share/custom_robot/models/aws_robomaker_hospital_ramp_01/model.config
[0.407s] -- Up-to-date: /home/ziad/Ziad_WS/ROS2/work_space/install/custom_robot/share/custom_robot/models/aws_robomaker_hospital_ramp_01/model.sdf
[0.407s] -- Up-to-date: /home/ziad/Ziad_WS/ROS2/work_space/install/custom_robot/share/custom_robot/models/aws_robomaker_residential_PortraitD_01
[0.407s] -- Up-to-date: /home/ziad/Ziad_WS/ROS2/work_space/install/custom_robot/share/custom_robot/models/aws_robomaker_residential_PortraitD_01/meshes
[0.407s] -- Up-to-date: /home/ziad/Ziad_WS/ROS2/work_space/install/custom_robot/share/custom_robot/models/aws_robomaker_residential_PortraitD_01/meshes/aws_PortraitD_01_visual.DAE
[0.408s] -- Up-to-date: /home/ziad/Ziad_WS/ROS2/work_space/install/custom_robot/share/custom_robot/models/aws_robomaker_residential_PortraitD_01/meshes/aws_PortraitD_01_collision.DAE
[0.408s] -- Up-to-date: /home/ziad/Ziad_WS/ROS2/work_space/install/custom_robot/share/custom_robot/models/aws_robomaker_residential_PortraitD_01/materials
[0.408s] -- Up-to-date: /home/ziad/Ziad_WS/ROS2/work_space/install/custom_robot/share/custom_robot/models/aws_robomaker_residential_PortraitD_01/materials/textures
[0.408s] -- Up-to-date: /home/ziad/Ziad_WS/ROS2/work_space/install/custom_robot/share/custom_robot/models/aws_robomaker_residential_PortraitD_01/materials/textures/aws_PortraitD_02.png
[0.408s] -- Up-to-date: /home/ziad/Ziad_WS/ROS2/work_space/install/custom_robot/share/custom_robot/models/aws_robomaker_residential_PortraitD_01/materials/textures/aws_PortraitD_01.png
[0.408s] -- Up-to-date: /home/ziad/Ziad_WS/ROS2/work_space/install/custom_robot/share/custom_robot/models/aws_robomaker_residential_PortraitD_01/model.config
[0.410s] -- Up-to-date: /home/ziad/Ziad_WS/ROS2/work_space/install/custom_robot/share/custom_robot/models/aws_robomaker_residential_PortraitD_01/model.sdf
[0.411s] -- Up-to-date: /home/ziad/Ziad_WS/ROS2/work_space/install/custom_robot/share/custom_robot/models/aws_robomaker_residential_Sofa_01
[0.411s] -- Up-to-date: /home/ziad/Ziad_WS/ROS2/work_space/install/custom_robot/share/custom_robot/models/aws_robomaker_residential_Sofa_01/meshes
[0.414s] -- Up-to-date: /home/ziad/Ziad_WS/ROS2/work_space/install/custom_robot/share/custom_robot/models/aws_robomaker_residential_Sofa_01/meshes/aws_Sofa_01_visual.DAE
[0.414s] -- Up-to-date: /home/ziad/Ziad_WS/ROS2/work_space/install/custom_robot/share/custom_robot/models/aws_robomaker_residential_Sofa_01/meshes/aws_Sofa_01.DAE
[0.414s] -- Up-to-date: /home/ziad/Ziad_WS/ROS2/work_space/install/custom_robot/share/custom_robot/models/aws_robomaker_residential_Sofa_01/meshes/aws_Sofa_01_collision.DAE
[0.414s] -- Up-to-date: /home/ziad/Ziad_WS/ROS2/work_space/install/custom_robot/share/custom_robot/models/aws_robomaker_residential_Sofa_01/materials
[0.415s] -- Up-to-date: /home/ziad/Ziad_WS/ROS2/work_space/install/custom_robot/share/custom_robot/models/aws_robomaker_residential_Sofa_01/materials/textures
[0.415s] -- Up-to-date: /home/ziad/Ziad_WS/ROS2/work_space/install/custom_robot/share/custom_robot/models/aws_robomaker_residential_Sofa_01/materials/textures/aws_Sofa_01.png
[0.415s] -- Up-to-date: /home/ziad/Ziad_WS/ROS2/work_space/install/custom_robot/share/custom_robot/models/aws_robomaker_residential_Sofa_01/model.config
[0.416s] -- Up-to-date: /home/ziad/Ziad_WS/ROS2/work_space/install/custom_robot/share/custom_robot/models/aws_robomaker_residential_Sofa_01/model.sdf
[0.417s] -- Up-to-date: /home/ziad/Ziad_WS/ROS2/work_space/install/custom_robot/share/custom_robot/models/aws_robomaker_hospital_curtain_half_open_01
[0.417s] -- Up-to-date: /home/ziad/Ziad_WS/ROS2/work_space/install/custom_robot/share/custom_robot/models/aws_robomaker_hospital_curtain_half_open_01/meshes
[0.418s] -- Up-to-date: /home/ziad/Ziad_WS/ROS2/work_space/install/custom_robot/share/custom_robot/models/aws_robomaker_hospital_curtain_half_open_01/meshes/aws_robomaker_hospital_curtain_half_open_01_visual.dae
[0.418s] -- Up-to-date: /home/ziad/Ziad_WS/ROS2/work_space/install/custom_robot/share/custom_robot/models/aws_robomaker_hospital_curtain_half_open_01/meshes/aws_robomaker_hospital_curtainrail_01_visual_normal.png
[0.418s] -- Up-to-date: /home/ziad/Ziad_WS/ROS2/work_space/install/custom_robot/share/custom_robot/models/aws_robomaker_hospital_curtain_half_open_01/meshes/aws_robomaker_hospital_curtain_half_open_01_low_normal.png
[0.419s] -- Up-to-date: /home/ziad/Ziad_WS/ROS2/work_space/install/custom_robot/share/custom_robot/models/aws_robomaker_hospital_curtain_half_open_01/meshes/aws_robomaker_hospital_curtainrail_01_low_normal.png
[0.419s] -- Up-to-date: /home/ziad/Ziad_WS/ROS2/work_space/install/custom_robot/share/custom_robot/models/aws_robomaker_hospital_curtain_half_open_01/meshes/aws_robomaker_hospital_curtain_half_open_01_visual.png
[0.421s] -- Up-to-date: /home/ziad/Ziad_WS/ROS2/work_space/install/custom_robot/share/custom_robot/models/aws_robomaker_hospital_curtain_half_open_01/meshes/aws_robomaker_hospital_curtain_half_open_01_low.png
[0.421s] -- Up-to-date: /home/ziad/Ziad_WS/ROS2/work_space/install/custom_robot/share/custom_robot/models/aws_robomaker_hospital_curtain_half_open_01/meshes/aws_robomaker_hospital_curtain_half_open_01_collision.dae
[0.421s] -- Up-to-date: /home/ziad/Ziad_WS/ROS2/work_space/install/custom_robot/share/custom_robot/models/aws_robomaker_hospital_curtain_half_open_01/meshes/aws_robomaker_hospital_curtain_half_open_01_visual_normal.png
[0.421s] -- Up-to-date: /home/ziad/Ziad_WS/ROS2/work_space/install/custom_robot/share/custom_robot/models/aws_robomaker_hospital_curtain_half_open_01/meshes/aws_robomaker_hospital_curtainrail_01_low.png
[0.421s] -- Up-to-date: /home/ziad/Ziad_WS/ROS2/work_space/install/custom_robot/share/custom_robot/models/aws_robomaker_hospital_curtain_half_open_01/meshes/aws_robomaker_hospital_curtainrail_01_visual.png
[0.422s] -- Up-to-date: /home/ziad/Ziad_WS/ROS2/work_space/install/custom_robot/share/custom_robot/models/aws_robomaker_hospital_curtain_half_open_01/model.config
[0.423s] -- Up-to-date: /home/ziad/Ziad_WS/ROS2/work_space/install/custom_robot/share/custom_robot/models/aws_robomaker_hospital_curtain_half_open_01/model.sdf
[0.423s] -- Up-to-date: /home/ziad/Ziad_WS/ROS2/work_space/install/custom_robot/share/custom_robot/models/aws_robomaker_hospital_floor_01_floor
[0.424s] -- Up-to-date: /home/ziad/Ziad_WS/ROS2/work_space/install/custom_robot/share/custom_robot/models/aws_robomaker_hospital_floor_01_floor/meshes
[0.426s] -- Up-to-date: /home/ziad/Ziad_WS/ROS2/work_space/install/custom_robot/share/custom_robot/models/aws_robomaker_hospital_floor_01_floor/meshes/aws_robomaker_hospital_floor_01_floor.png
[0.426s] -- Up-to-date: /home/ziad/Ziad_WS/ROS2/work_space/install/custom_robot/share/custom_robot/models/aws_robomaker_hospital_floor_01_floor/meshes/aws_robomaker_hospital_floor_01_floor_normal.png
[0.426s] -- Up-to-date: /home/ziad/Ziad_WS/ROS2/work_space/install/custom_robot/share/custom_robot/models/aws_robomaker_hospital_floor_01_floor/meshes/aws_robomaker_hospital_floor_01_floor_collision.dae
[0.426s] -- Up-to-date: /home/ziad/Ziad_WS/ROS2/work_space/install/custom_robot/share/custom_robot/models/aws_robomaker_hospital_floor_01_floor/meshes/aws_robomaker_hospital_floor_01_floor_visual.dae
[0.427s] -- Up-to-date: /home/ziad/Ziad_WS/ROS2/work_space/install/custom_robot/share/custom_robot/models/aws_robomaker_hospital_floor_01_floor/model.config
[0.427s] -- Up-to-date: /home/ziad/Ziad_WS/ROS2/work_space/install/custom_robot/share/custom_robot/models/aws_robomaker_hospital_floor_01_floor/model.sdf
[0.427s] -- Up-to-date: /home/ziad/Ziad_WS/ROS2/work_space/install/custom_robot/share/custom_robot/models/aws_robomaker_residential_PortraitE_01
[0.427s] -- Up-to-date: /home/ziad/Ziad_WS/ROS2/work_space/install/custom_robot/share/custom_robot/models/aws_robomaker_residential_PortraitE_01/meshes
[0.427s] -- Up-to-date: /home/ziad/Ziad_WS/ROS2/work_space/install/custom_robot/share/custom_robot/models/aws_robomaker_residential_PortraitE_01/meshes/aws_PortraitE_01_collision.DAE
[0.427s] -- Up-to-date: /home/ziad/Ziad_WS/ROS2/work_space/install/custom_robot/share/custom_robot/models/aws_robomaker_residential_PortraitE_01/meshes/aws_PortraitE_01_visual.DAE
[0.428s] -- Up-to-date: /home/ziad/Ziad_WS/ROS2/work_space/install/custom_robot/share/custom_robot/models/aws_robomaker_residential_PortraitE_01/materials
[0.428s] -- Up-to-date: /home/ziad/Ziad_WS/ROS2/work_space/install/custom_robot/share/custom_robot/models/aws_robomaker_residential_PortraitE_01/materials/textures
[0.428s] -- Up-to-date: /home/ziad/Ziad_WS/ROS2/work_space/install/custom_robot/share/custom_robot/models/aws_robomaker_residential_PortraitE_01/materials/textures/aws_PortraitE_01.png
[0.428s] -- Up-to-date: /home/ziad/Ziad_WS/ROS2/work_space/install/custom_robot/share/custom_robot/models/aws_robomaker_residential_PortraitE_01/materials/textures/aws_PortraitE_02.png
[0.428s] -- Up-to-date: /home/ziad/Ziad_WS/ROS2/work_space/install/custom_robot/share/custom_robot/models/aws_robomaker_residential_PortraitE_01/model.config
[0.433s] -- Up-to-date: /home/ziad/Ziad_WS/ROS2/work_space/install/custom_robot/share/custom_robot/models/aws_robomaker_residential_PortraitE_01/model.sdf
[0.433s] -- Up-to-date: /home/ziad/Ziad_WS/ROS2/work_space/install/custom_robot/share/custom_robot/models/aws_robomaker_residential_PortraitC_01
[0.433s] -- Up-to-date: /home/ziad/Ziad_WS/ROS2/work_space/install/custom_robot/share/custom_robot/models/aws_robomaker_residential_PortraitC_01/meshes
[0.433s] -- Up-to-date: /home/ziad/Ziad_WS/ROS2/work_space/install/custom_robot/share/custom_robot/models/aws_robomaker_residential_PortraitC_01/meshes/aws_PortraitC_01_collision.DAE
[0.434s] -- Up-to-date: /home/ziad/Ziad_WS/ROS2/work_space/install/custom_robot/share/custom_robot/models/aws_robomaker_residential_PortraitC_01/meshes/aws_PortraitC_01_visual.DAE
[0.434s] -- Up-to-date: /home/ziad/Ziad_WS/ROS2/work_space/install/custom_robot/share/custom_robot/models/aws_robomaker_residential_PortraitC_01/materials
[0.434s] -- Up-to-date: /home/ziad/Ziad_WS/ROS2/work_space/install/custom_robot/share/custom_robot/models/aws_robomaker_residential_PortraitC_01/materials/textures
[0.434s] -- Up-to-date: /home/ziad/Ziad_WS/ROS2/work_space/install/custom_robot/share/custom_robot/models/aws_robomaker_residential_PortraitC_01/materials/textures/aws_PortraitC_01.png
[0.434s] -- Up-to-date: /home/ziad/Ziad_WS/ROS2/work_space/install/custom_robot/share/custom_robot/models/aws_robomaker_residential_PortraitC_01/materials/textures/aws_PortraitC_02.png
[0.434s] -- Up-to-date: /home/ziad/Ziad_WS/ROS2/work_space/install/custom_robot/share/custom_robot/models/aws_robomaker_residential_PortraitC_01/model.config
[0.435s] -- Up-to-date: /home/ziad/Ziad_WS/ROS2/work_space/install/custom_robot/share/custom_robot/models/aws_robomaker_residential_PortraitC_01/model.sdf
[0.437s] -- Up-to-date: /home/ziad/Ziad_WS/ROS2/work_space/install/custom_robot/share/custom_robot/models/aws_robomaker_hospital_floor_01_ceiling
[0.437s] -- Up-to-date: /home/ziad/Ziad_WS/ROS2/work_space/install/custom_robot/share/custom_robot/models/aws_robomaker_hospital_floor_01_ceiling/meshes
[0.439s] -- Up-to-date: /home/ziad/Ziad_WS/ROS2/work_space/install/custom_robot/share/custom_robot/models/aws_robomaker_hospital_floor_01_ceiling/meshes/aws_robomaker_hospital_floor_01_ceiling_normal.png
[0.441s] -- Up-to-date: /home/ziad/Ziad_WS/ROS2/work_space/install/custom_robot/share/custom_robot/models/aws_robomaker_hospital_floor_01_ceiling/meshes/aws_robomaker_hospital_floor_01_ceiling.png
[0.442s] -- Up-to-date: /home/ziad/Ziad_WS/ROS2/work_space/install/custom_robot/share/custom_robot/models/aws_robomaker_hospital_floor_01_ceiling/meshes/aws_robomaker_hospital_floor_01_ceiling_collision.dae
[0.442s] -- Up-to-date: /home/ziad/Ziad_WS/ROS2/work_space/install/custom_robot/share/custom_robot/models/aws_robomaker_hospital_floor_01_ceiling/meshes/aws_robomaker_hospital_floor_01_ceiling_visual.dae
[0.442s] -- Up-to-date: /home/ziad/Ziad_WS/ROS2/work_space/install/custom_robot/share/custom_robot/models/aws_robomaker_hospital_floor_01_ceiling/model.config
[0.442s] -- Up-to-date: /home/ziad/Ziad_WS/ROS2/work_space/install/custom_robot/share/custom_robot/models/aws_robomaker_hospital_floor_01_ceiling/model.sdf
[0.443s] -- Up-to-date: /home/ziad/Ziad_WS/ROS2/work_space/install/custom_robot/share/custom_robot/models/aws_robomaker_residential_CoffeeTable_01
[0.443s] -- Up-to-date: /home/ziad/Ziad_WS/ROS2/work_space/install/custom_robot/share/custom_robot/models/aws_robomaker_residential_CoffeeTable_01/meshes
[0.443s] -- Up-to-date: /home/ziad/Ziad_WS/ROS2/work_space/install/custom_robot/share/custom_robot/models/aws_robomaker_residential_CoffeeTable_01/meshes/aws_CoffeeTable_01_collision.DAE
[0.443s] -- Up-to-date: /home/ziad/Ziad_WS/ROS2/work_space/install/custom_robot/share/custom_robot/models/aws_robomaker_residential_CoffeeTable_01/meshes/aws_CoffeeTable_01_visual.DAE
[0.443s] -- Up-to-date: /home/ziad/Ziad_WS/ROS2/work_space/install/custom_robot/share/custom_robot/models/aws_robomaker_residential_CoffeeTable_01/materials
[0.443s] -- Up-to-date: /home/ziad/Ziad_WS/ROS2/work_space/install/custom_robot/share/custom_robot/models/aws_robomaker_residential_CoffeeTable_01/materials/textures
[0.443s] -- Up-to-date: /home/ziad/Ziad_WS/ROS2/work_space/install/custom_robot/share/custom_robot/models/aws_robomaker_residential_CoffeeTable_01/materials/textures/aws_CoffeeTable_01.png
[0.444s] -- Up-to-date: /home/ziad/Ziad_WS/ROS2/work_space/install/custom_robot/share/custom_robot/models/aws_robomaker_residential_CoffeeTable_01/model.config
[0.444s] -- Up-to-date: /home/ziad/Ziad_WS/ROS2/work_space/install/custom_robot/share/custom_robot/models/aws_robomaker_residential_CoffeeTable_01/model.sdf
[0.444s] -- Up-to-date: /home/ziad/Ziad_WS/ROS2/work_space/install/custom_robot/share/custom_robot/models/aws_robomaker_hospital_elevator_01_car
[0.444s] -- Up-to-date: /home/ziad/Ziad_WS/ROS2/work_space/install/custom_robot/share/custom_robot/models/aws_robomaker_hospital_elevator_01_car/meshes
[0.444s] -- Up-to-date: /home/ziad/Ziad_WS/ROS2/work_space/install/custom_robot/share/custom_robot/models/aws_robomaker_hospital_elevator_01_car/meshes/aws_robomaker_hospital_elevator_01_car_visual.dae
[0.444s] -- Up-to-date: /home/ziad/Ziad_WS/ROS2/work_space/install/custom_robot/share/custom_robot/models/aws_robomaker_hospital_elevator_01_car/meshes/aws_robomaker_hospital_elevator_01_low_normal.png
[0.448s] -- Up-to-date: /home/ziad/Ziad_WS/ROS2/work_space/install/custom_robot/share/custom_robot/models/aws_robomaker_hospital_elevator_01_car/meshes/aws_robomaker_hospital_elevator_01_low.png
[0.448s] -- Up-to-date: /home/ziad/Ziad_WS/ROS2/work_space/install/custom_robot/share/custom_robot/models/aws_robomaker_hospital_elevator_01_car/meshes/aws_robomaker_hospital_elevator_01_car_low.dae
[0.448s] -- Up-to-date: /home/ziad/Ziad_WS/ROS2/work_space/install/custom_robot/share/custom_robot/models/aws_robomaker_hospital_elevator_01_car/meshes/aws_robomaker_hospital_elevator_01_car_collision.dae
[0.448s] -- Up-to-date: /home/ziad/Ziad_WS/ROS2/work_space/install/custom_robot/share/custom_robot/models/aws_robomaker_hospital_elevator_01_car/meshes/aws_robomaker_hospital_elevator_01_visual_normal.png
[0.449s] -- Up-to-date: /home/ziad/Ziad_WS/ROS2/work_space/install/custom_robot/share/custom_robot/models/aws_robomaker_hospital_elevator_01_car/meshes/aws_robomaker_hospital_elevator_01_visual.png
[0.449s] -- Up-to-date: /home/ziad/Ziad_WS/ROS2/work_space/install/custom_robot/share/custom_robot/models/aws_robomaker_hospital_elevator_01_car/model.config
[0.449s] -- Up-to-date: /home/ziad/Ziad_WS/ROS2/work_space/install/custom_robot/share/custom_robot/models/aws_robomaker_hospital_elevator_01_car/model.sdf
[0.449s] -- Up-to-date: /home/ziad/Ziad_WS/ROS2/work_space/install/custom_robot/share/custom_robot/models/aws_robomaker_residential_PortraitE_02
[0.449s] -- Up-to-date: /home/ziad/Ziad_WS/ROS2/work_space/install/custom_robot/share/custom_robot/models/aws_robomaker_residential_PortraitE_02/meshes
[0.449s] -- Up-to-date: /home/ziad/Ziad_WS/ROS2/work_space/install/custom_robot/share/custom_robot/models/aws_robomaker_residential_PortraitE_02/meshes/aws_PortraitE_01_collision.DAE
[0.449s] -- Up-to-date: /home/ziad/Ziad_WS/ROS2/work_space/install/custom_robot/share/custom_robot/models/aws_robomaker_residential_PortraitE_02/meshes/aws_PortraitE_01_visual.DAE
[0.450s] -- Up-to-date: /home/ziad/Ziad_WS/ROS2/work_space/install/custom_robot/share/custom_robot/models/aws_robomaker_residential_PortraitE_02/materials
[0.450s] -- Up-to-date: /home/ziad/Ziad_WS/ROS2/work_space/install/custom_robot/share/custom_robot/models/aws_robomaker_residential_PortraitE_02/materials/textures
[0.450s] -- Up-to-date: /home/ziad/Ziad_WS/ROS2/work_space/install/custom_robot/share/custom_robot/models/aws_robomaker_residential_PortraitE_02/materials/textures/aws_PortraitE_01.png
[0.455s] -- Up-to-date: /home/ziad/Ziad_WS/ROS2/work_space/install/custom_robot/share/custom_robot/models/aws_robomaker_residential_PortraitE_02/materials/textures/aws_PortraitE_02.png
[0.455s] -- Up-to-date: /home/ziad/Ziad_WS/ROS2/work_space/install/custom_robot/share/custom_robot/models/aws_robomaker_residential_PortraitE_02/model.config
[0.456s] -- Up-to-date: /home/ziad/Ziad_WS/ROS2/work_space/install/custom_robot/share/custom_robot/models/aws_robomaker_residential_PortraitE_02/model.sdf
[0.456s] -- Up-to-date: /home/ziad/Ziad_WS/ROS2/work_space/install/custom_robot/share/custom_robot/models/aws_robomaker_residential_Trash_01
[0.456s] -- Up-to-date: /home/ziad/Ziad_WS/ROS2/work_space/install/custom_robot/share/custom_robot/models/aws_robomaker_residential_Trash_01/meshes
[0.456s] -- Up-to-date: /home/ziad/Ziad_WS/ROS2/work_space/install/custom_robot/share/custom_robot/models/aws_robomaker_residential_Trash_01/meshes/aws_Trash_01_collision.DAE
[0.459s] -- Up-to-date: /home/ziad/Ziad_WS/ROS2/work_space/install/custom_robot/share/custom_robot/models/aws_robomaker_residential_Trash_01/meshes/aws_Trash_01_visual.DAE
[0.462s] -- Up-to-date: /home/ziad/Ziad_WS/ROS2/work_space/install/custom_robot/share/custom_robot/models/aws_robomaker_residential_Trash_01/materials
[0.462s] -- Up-to-date: /home/ziad/Ziad_WS/ROS2/work_space/install/custom_robot/share/custom_robot/models/aws_robomaker_residential_Trash_01/materials/textures
[0.462s] -- Up-to-date: /home/ziad/Ziad_WS/ROS2/work_space/install/custom_robot/share/custom_robot/models/aws_robomaker_residential_Trash_01/materials/textures/aws_Trash_01.png
[0.463s] -- Up-to-date: /home/ziad/Ziad_WS/ROS2/work_space/install/custom_robot/share/custom_robot/models/aws_robomaker_residential_Trash_01/model.config
[0.463s] -- Up-to-date: /home/ziad/Ziad_WS/ROS2/work_space/install/custom_robot/share/custom_robot/models/aws_robomaker_residential_Trash_01/model.sdf
[0.463s] -- Up-to-date: /home/ziad/Ziad_WS/ROS2/work_space/install/custom_robot/share/custom_robot/models/aws_robomaker_residential_Carpet_01
[0.463s] -- Up-to-date: /home/ziad/Ziad_WS/ROS2/work_space/install/custom_robot/share/custom_robot/models/aws_robomaker_residential_Carpet_01/meshes
[0.463s] -- Up-to-date: /home/ziad/Ziad_WS/ROS2/work_space/install/custom_robot/share/custom_robot/models/aws_robomaker_residential_Carpet_01/meshes/aws_Carpet_01_collision.DAE
[0.464s] -- Up-to-date: /home/ziad/Ziad_WS/ROS2/work_space/install/custom_robot/share/custom_robot/models/aws_robomaker_residential_Carpet_01/meshes/aws_Carpet_01_visual.DAE
[0.464s] -- Up-to-date: /home/ziad/Ziad_WS/ROS2/work_space/install/custom_robot/share/custom_robot/models/aws_robomaker_residential_Carpet_01/materials
[0.464s] -- Up-to-date: /home/ziad/Ziad_WS/ROS2/work_space/install/custom_robot/share/custom_robot/models/aws_robomaker_residential_Carpet_01/materials/textures
[0.464s] -- Up-to-date: /home/ziad/Ziad_WS/ROS2/work_space/install/custom_robot/share/custom_robot/models/aws_robomaker_residential_Carpet_01/materials/textures/aws_Carpet_01.png
[0.464s] -- Up-to-date: /home/ziad/Ziad_WS/ROS2/work_space/install/custom_robot/share/custom_robot/models/aws_robomaker_residential_Carpet_01/model.config
[0.464s] -- Up-to-date: /home/ziad/Ziad_WS/ROS2/work_space/install/custom_robot/share/custom_robot/models/aws_robomaker_residential_Carpet_01/model.sdf
[0.464s] -- Up-to-date: /home/ziad/Ziad_WS/ROS2/work_space/install/custom_robot/share/custom_robot/models/aws_robomaker_hospital_nursesstation_01
[0.465s] -- Up-to-date: /home/ziad/Ziad_WS/ROS2/work_space/install/custom_robot/share/custom_robot/models/aws_robomaker_hospital_nursesstation_01/meshes
[0.465s] -- Up-to-date: /home/ziad/Ziad_WS/ROS2/work_space/install/custom_robot/share/custom_robot/models/aws_robomaker_hospital_nursesstation_01/meshes/aws_robomaker_hospital_nursesstation_01_low.png
[0.465s] -- Up-to-date: /home/ziad/Ziad_WS/ROS2/work_space/install/custom_robot/share/custom_robot/models/aws_robomaker_hospital_nursesstation_01/meshes/aws_robomaker_hospital_nursesstation_01_visual.png
[0.465s] -- Up-to-date: /home/ziad/Ziad_WS/ROS2/work_space/install/custom_robot/share/custom_robot/models/aws_robomaker_hospital_nursesstation_01/meshes/aws_robomaker_hospital_nursesstation_01_low_normal.png
[0.465s] -- Up-to-date: /home/ziad/Ziad_WS/ROS2/work_space/install/custom_robot/share/custom_robot/models/aws_robomaker_hospital_nursesstation_01/meshes/aws_robomaker_hospital_nursesstation_01_visual.dae
[0.465s] -- Up-to-date: /home/ziad/Ziad_WS/ROS2/work_space/install/custom_robot/share/custom_robot/models/aws_robomaker_hospital_nursesstation_01/meshes/aws_robomaker_hospital_nursesstation_01_low.dae
[0.466s] -- Up-to-date: /home/ziad/Ziad_WS/ROS2/work_space/install/custom_robot/share/custom_robot/models/aws_robomaker_hospital_nursesstation_01/meshes/aws_robomaker_hospital_nursesstation_01_collision.dae
[0.467s] -- Up-to-date: /home/ziad/Ziad_WS/ROS2/work_space/install/custom_robot/share/custom_robot/models/aws_robomaker_hospital_nursesstation_01/meshes/aws_robomaker_hospital_nursesstation_01_visual_normal.png
[0.467s] -- Up-to-date: /home/ziad/Ziad_WS/ROS2/work_space/install/custom_robot/share/custom_robot/models/aws_robomaker_hospital_nursesstation_01/model.config
[0.468s] -- Up-to-date: /home/ziad/Ziad_WS/ROS2/work_space/install/custom_robot/share/custom_robot/models/aws_robomaker_hospital_nursesstation_01/model.sdf
[0.468s] -- Up-to-date: /home/ziad/Ziad_WS/ROS2/work_space/install/custom_robot/share/custom_robot/models/aws_robomaker_residential_PortraitB_02
[0.469s] -- Up-to-date: /home/ziad/Ziad_WS/ROS2/work_space/install/custom_robot/share/custom_robot/models/aws_robomaker_residential_PortraitB_02/meshes
[0.469s] -- Up-to-date: /home/ziad/Ziad_WS/ROS2/work_space/install/custom_robot/share/custom_robot/models/aws_robomaker_residential_PortraitB_02/meshes/aws_PortraitB_01_visual.DAE
[0.469s] -- Up-to-date: /home/ziad/Ziad_WS/ROS2/work_space/install/custom_robot/share/custom_robot/models/aws_robomaker_residential_PortraitB_02/meshes/aws_PortraitB_01_collision.DAE
[0.469s] -- Up-to-date: /home/ziad/Ziad_WS/ROS2/work_space/install/custom_robot/share/custom_robot/models/aws_robomaker_residential_PortraitB_02/materials
[0.470s] -- Up-to-date: /home/ziad/Ziad_WS/ROS2/work_space/install/custom_robot/share/custom_robot/models/aws_robomaker_residential_PortraitB_02/materials/textures
[0.470s] -- Up-to-date: /home/ziad/Ziad_WS/ROS2/work_space/install/custom_robot/share/custom_robot/models/aws_robomaker_residential_PortraitB_02/materials/textures/aws_PortraitB_02.png
[0.470s] -- Up-to-date: /home/ziad/Ziad_WS/ROS2/work_space/install/custom_robot/share/custom_robot/models/aws_robomaker_residential_PortraitB_02/materials/textures/aws_PortraitB_01.png
[0.470s] -- Up-to-date: /home/ziad/Ziad_WS/ROS2/work_space/install/custom_robot/share/custom_robot/models/aws_robomaker_residential_PortraitB_02/model.config
[0.470s] -- Up-to-date: /home/ziad/Ziad_WS/ROS2/work_space/install/custom_robot/share/custom_robot/models/aws_robomaker_residential_PortraitB_02/model.sdf
[0.471s] -- Up-to-date: /home/ziad/Ziad_WS/ROS2/work_space/install/custom_robot/share/custom_robot/models/aws_robomaker_residential_PortraitA_01
[0.471s] -- Up-to-date: /home/ziad/Ziad_WS/ROS2/work_space/install/custom_robot/share/custom_robot/models/aws_robomaker_residential_PortraitA_01/meshes
[0.471s] -- Up-to-date: /home/ziad/Ziad_WS/ROS2/work_space/install/custom_robot/share/custom_robot/models/aws_robomaker_residential_PortraitA_01/meshes/aws_PortraitA_01_visual.DAE
[0.471s] -- Up-to-date: /home/ziad/Ziad_WS/ROS2/work_space/install/custom_robot/share/custom_robot/models/aws_robomaker_residential_PortraitA_01/meshes/aws_PortraitA_01_collision.DAE
[0.471s] -- Up-to-date: /home/ziad/Ziad_WS/ROS2/work_space/install/custom_robot/share/custom_robot/models/aws_robomaker_residential_PortraitA_01/materials
[0.474s] -- Up-to-date: /home/ziad/Ziad_WS/ROS2/work_space/install/custom_robot/share/custom_robot/models/aws_robomaker_residential_PortraitA_01/materials/textures
[0.474s] -- Up-to-date: /home/ziad/Ziad_WS/ROS2/work_space/install/custom_robot/share/custom_robot/models/aws_robomaker_residential_PortraitA_01/materials/textures/aws_PortraitA_02.png
[0.474s] -- Up-to-date: /home/ziad/Ziad_WS/ROS2/work_space/install/custom_robot/share/custom_robot/models/aws_robomaker_residential_PortraitA_01/materials/textures/aws_PortraitA_01.png
[0.475s] -- Up-to-date: /home/ziad/Ziad_WS/ROS2/work_space/install/custom_robot/share/custom_robot/models/aws_robomaker_residential_PortraitA_01/model.config
[0.475s] -- Up-to-date: /home/ziad/Ziad_WS/ROS2/work_space/install/custom_robot/share/custom_robot/models/aws_robomaker_residential_PortraitA_01/model.sdf
[0.475s] -- Up-to-date: /home/ziad/Ziad_WS/ROS2/work_space/install/custom_robot/share/custom_robot/models/aws_robomaker_residential_PortraitB_01
[0.475s] -- Up-to-date: /home/ziad/Ziad_WS/ROS2/work_space/install/custom_robot/share/custom_robot/models/aws_robomaker_residential_PortraitB_01/meshes
[0.475s] -- Up-to-date: /home/ziad/Ziad_WS/ROS2/work_space/install/custom_robot/share/custom_robot/models/aws_robomaker_residential_PortraitB_01/meshes/aws_PortraitB_01_visual.DAE
[0.475s] -- Up-to-date: /home/ziad/Ziad_WS/ROS2/work_space/install/custom_robot/share/custom_robot/models/aws_robomaker_residential_PortraitB_01/meshes/aws_PortraitB_01_collision.DAE
[0.475s] -- Up-to-date: /home/ziad/Ziad_WS/ROS2/work_space/install/custom_robot/share/custom_robot/models/aws_robomaker_residential_PortraitB_01/materials
[0.476s] -- Up-to-date: /home/ziad/Ziad_WS/ROS2/work_space/install/custom_robot/share/custom_robot/models/aws_robomaker_residential_PortraitB_01/materials/textures
[0.476s] -- Up-to-date: /home/ziad/Ziad_WS/ROS2/work_space/install/custom_robot/share/custom_robot/models/aws_robomaker_residential_PortraitB_01/materials/textures/aws_PortraitB_02.png
[0.476s] -- Up-to-date: /home/ziad/Ziad_WS/ROS2/work_space/install/custom_robot/share/custom_robot/models/aws_robomaker_residential_PortraitB_01/materials/textures/aws_PortraitB_01.png
[0.476s] -- Up-to-date: /home/ziad/Ziad_WS/ROS2/work_space/install/custom_robot/share/custom_robot/models/aws_robomaker_residential_PortraitB_01/model.config
[0.476s] -- Up-to-date: /home/ziad/Ziad_WS/ROS2/work_space/install/custom_robot/share/custom_robot/models/aws_robomaker_residential_PortraitB_01/model.sdf
[0.476s] -- Up-to-date: /home/ziad/Ziad_WS/ROS2/work_space/install/custom_robot/share/custom_robot/models/aws_robomaker_residential_TV_02
[0.476s] -- Up-to-date: /home/ziad/Ziad_WS/ROS2/work_space/install/custom_robot/share/custom_robot/models/aws_robomaker_residential_TV_02/meshes
[0.476s] -- Up-to-date: /home/ziad/Ziad_WS/ROS2/work_space/install/custom_robot/share/custom_robot/models/aws_robomaker_residential_TV_02/meshes/aws_TV_01_visual.DAE
[0.477s] -- Up-to-date: /home/ziad/Ziad_WS/ROS2/work_space/install/custom_robot/share/custom_robot/models/aws_robomaker_residential_TV_02/meshes/aws_TV_01_collision.DAE
[0.477s] -- Up-to-date: /home/ziad/Ziad_WS/ROS2/work_space/install/custom_robot/share/custom_robot/models/aws_robomaker_residential_TV_02/materials
[0.477s] -- Up-to-date: /home/ziad/Ziad_WS/ROS2/work_space/install/custom_robot/share/custom_robot/models/aws_robomaker_residential_TV_02/materials/textures
[0.477s] -- Up-to-date: /home/ziad/Ziad_WS/ROS2/work_space/install/custom_robot/share/custom_robot/models/aws_robomaker_residential_TV_02/materials/textures/aws_TV_01.png
[0.477s] -- Up-to-date: /home/ziad/Ziad_WS/ROS2/work_space/install/custom_robot/share/custom_robot/models/aws_robomaker_residential_TV_02/model.config
[0.477s] -- Up-to-date: /home/ziad/Ziad_WS/ROS2/work_space/install/custom_robot/share/custom_robot/models/aws_robomaker_residential_TV_02/model.sdf
[0.477s] -- Up-to-date: /home/ziad/Ziad_WS/ROS2/work_space/install/custom_robot/share/custom_robot/models/aws_robomaker_hospital_floor_02_floor
[0.478s] -- Up-to-date: /home/ziad/Ziad_WS/ROS2/work_space/install/custom_robot/share/custom_robot/models/aws_robomaker_hospital_floor_02_floor/meshes
[0.478s] -- Up-to-date: /home/ziad/Ziad_WS/ROS2/work_space/install/custom_robot/share/custom_robot/models/aws_robomaker_hospital_floor_02_floor/meshes/aws_robomaker_hospital_floor_02_floor_collision.dae
[0.478s] -- Up-to-date: /home/ziad/Ziad_WS/ROS2/work_space/install/custom_robot/share/custom_robot/models/aws_robomaker_hospital_floor_02_floor/meshes/aws_robomaker_hospital_floor_02_floor_visual.dae
[0.478s] -- Up-to-date: /home/ziad/Ziad_WS/ROS2/work_space/install/custom_robot/share/custom_robot/models/aws_robomaker_hospital_floor_02_floor/meshes/aws_robomaker_hospital_floor_02_floor_normal.png
[0.478s] -- Up-to-date: /home/ziad/Ziad_WS/ROS2/work_space/install/custom_robot/share/custom_robot/models/aws_robomaker_hospital_floor_02_floor/meshes/aws_robomaker_hospital_floor_02_floor.png
[0.480s] -- Up-to-date: /home/ziad/Ziad_WS/ROS2/work_space/install/custom_robot/share/custom_robot/models/aws_robomaker_hospital_floor_02_floor/model.config
[0.480s] -- Up-to-date: /home/ziad/Ziad_WS/ROS2/work_space/install/custom_robot/share/custom_robot/models/aws_robomaker_hospital_floor_02_floor/model.sdf
[0.480s] -- Up-to-date: /home/ziad/Ziad_WS/ROS2/work_space/install/custom_robot/share/custom_robot/models/aws_robomaker_hospital_floor_02_ceiling
[0.480s] -- Up-to-date: /home/ziad/Ziad_WS/ROS2/work_space/install/custom_robot/share/custom_robot/models/aws_robomaker_hospital_floor_02_ceiling/meshes
[0.481s] -- Up-to-date: /home/ziad/Ziad_WS/ROS2/work_space/install/custom_robot/share/custom_robot/models/aws_robomaker_hospital_floor_02_ceiling/meshes/aws_robomaker_hospital_floor_02_ceiling_visual.dae
[0.481s] -- Up-to-date: /home/ziad/Ziad_WS/ROS2/work_space/install/custom_robot/share/custom_robot/models/aws_robomaker_hospital_floor_02_ceiling/meshes/aws_robomaker_hospital_floor_02_ceiling_collision.dae
[0.481s] -- Up-to-date: /home/ziad/Ziad_WS/ROS2/work_space/install/custom_robot/share/custom_robot/models/aws_robomaker_hospital_floor_02_ceiling/meshes/aws_robomaker_hospital_floor_02_ceiling_normal.png
[0.481s] -- Up-to-date: /home/ziad/Ziad_WS/ROS2/work_space/install/custom_robot/share/custom_robot/models/aws_robomaker_hospital_floor_02_ceiling/meshes/aws_robomaker_hospital_floor_02_ceiling.png
[0.486s] -- Up-to-date: /home/ziad/Ziad_WS/ROS2/work_space/install/custom_robot/share/custom_robot/models/aws_robomaker_hospital_floor_02_ceiling/materials
[0.486s] -- Up-to-date: /home/ziad/Ziad_WS/ROS2/work_space/install/custom_robot/share/custom_robot/models/aws_robomaker_hospital_floor_02_ceiling/materials/model.sdf
[0.486s] -- Up-to-date: /home/ziad/Ziad_WS/ROS2/work_space/install/custom_robot/share/custom_robot/models/aws_robomaker_hospital_floor_02_ceiling/model.config
[0.486s] -- Up-to-date: /home/ziad/Ziad_WS/ROS2/work_space/install/custom_robot/share/custom_robot/models/aws_robomaker_hospital_floor_02_ceiling/model.sdf
[0.486s] -- Up-to-date: /home/ziad/Ziad_WS/ROS2/work_space/install/custom_robot/share/custom_robot/models/aws_robomaker_hospital_curtain_closed_01
[0.487s] -- Up-to-date: /home/ziad/Ziad_WS/ROS2/work_space/install/custom_robot/share/custom_robot/models/aws_robomaker_hospital_curtain_closed_01/meshes
[0.487s] -- Up-to-date: /home/ziad/Ziad_WS/ROS2/work_space/install/custom_robot/share/custom_robot/models/aws_robomaker_hospital_curtain_closed_01/meshes/aws_robomaker_hospital_curtain_closed_01_low.png
[0.487s] -- Up-to-date: /home/ziad/Ziad_WS/ROS2/work_space/install/custom_robot/share/custom_robot/models/aws_robomaker_hospital_curtain_closed_01/meshes/aws_robomaker_hospital_curtain_closed_01_collision.dae
[0.487s] -- Up-to-date: /home/ziad/Ziad_WS/ROS2/work_space/install/custom_robot/share/custom_robot/models/aws_robomaker_hospital_curtain_closed_01/meshes/aws_robomaker_hospital_curtainrail_01_visual_normal.png
[0.487s] -- Up-to-date: /home/ziad/Ziad_WS/ROS2/work_space/install/custom_robot/share/custom_robot/models/aws_robomaker_hospital_curtain_closed_01/meshes/aws_robomaker_hospital_curtainrail_01_low_normal.png
[0.487s] -- Up-to-date: /home/ziad/Ziad_WS/ROS2/work_space/install/custom_robot/share/custom_robot/models/aws_robomaker_hospital_curtain_closed_01/meshes/aws_robomaker_hospital_curtain_closed_01_visual.dae
[0.487s] -- Up-to-date: /home/ziad/Ziad_WS/ROS2/work_space/install/custom_robot/share/custom_robot/models/aws_robomaker_hospital_curtain_closed_01/meshes/aws_robomaker_hospital_curtain_closed_01_visual.png
[0.488s] -- Up-to-date: /home/ziad/Ziad_WS/ROS2/work_space/install/custom_robot/share/custom_robot/models/aws_robomaker_hospital_curtain_closed_01/meshes/aws_robomaker_hospital_curtain_closed_01_visual_normal.png
[0.488s] -- Up-to-date: /home/ziad/Ziad_WS/ROS2/work_space/install/custom_robot/share/custom_robot/models/aws_robomaker_hospital_curtain_closed_01/meshes/aws_robomaker_hospital_curtainrail_01_low.png
[0.488s] -- Up-to-date: /home/ziad/Ziad_WS/ROS2/work_space/install/custom_robot/share/custom_robot/models/aws_robomaker_hospital_curtain_closed_01/meshes/aws_robomaker_hospital_curtainrail_01_visual.png
[0.488s] -- Up-to-date: /home/ziad/Ziad_WS/ROS2/work_space/install/custom_robot/share/custom_robot/models/aws_robomaker_hospital_curtain_closed_01/meshes/aws_robomaker_hospital_curtain_closed_01_low_normal.png
[0.488s] -- Up-to-date: /home/ziad/Ziad_WS/ROS2/work_space/install/custom_robot/share/custom_robot/models/aws_robomaker_hospital_curtain_closed_01/model.config
[0.489s] -- Up-to-date: /home/ziad/Ziad_WS/ROS2/work_space/install/custom_robot/share/custom_robot/models/aws_robomaker_hospital_curtain_closed_01/model.sdf
[0.489s] -- Up-to-date: /home/ziad/Ziad_WS/ROS2/work_space/install/custom_robot/share/custom_robot/models/aws_robomaker_warehouse_ClutteringC_01
[0.489s] -- Up-to-date: /home/ziad/Ziad_WS/ROS2/work_space/install/custom_robot/share/custom_robot/models/aws_robomaker_warehouse_ClutteringC_01/meshes
[0.489s] -- Up-to-date: /home/ziad/Ziad_WS/ROS2/work_space/install/custom_robot/share/custom_robot/models/aws_robomaker_warehouse_ClutteringC_01/meshes/aws_robomaker_warehouse_ClutteringC_01_collision.DAE
[0.489s] -- Up-to-date: /home/ziad/Ziad_WS/ROS2/work_space/install/custom_robot/share/custom_robot/models/aws_robomaker_warehouse_ClutteringC_01/meshes/aws_robomaker_warehouse_ClutteringC_01_visual.DAE
[0.489s] -- Up-to-date: /home/ziad/Ziad_WS/ROS2/work_space/install/custom_robot/share/custom_robot/models/aws_robomaker_warehouse_ClutteringC_01/materials
[0.489s] -- Up-to-date: /home/ziad/Ziad_WS/ROS2/work_space/install/custom_robot/share/custom_robot/models/aws_robomaker_warehouse_ClutteringC_01/materials/textures
[0.490s] -- Up-to-date: /home/ziad/Ziad_WS/ROS2/work_space/install/custom_robot/share/custom_robot/models/aws_robomaker_warehouse_ClutteringC_01/materials/textures/aws_robomaker_warehouse_ClutteringC_02.png
[0.490s] -- Up-to-date: /home/ziad/Ziad_WS/ROS2/work_space/install/custom_robot/share/custom_robot/models/aws_robomaker_warehouse_ClutteringC_01/materials/textures/aws_robomaker_warehouse_ClutteringC_01.png
[0.490s] -- Up-to-date: /home/ziad/Ziad_WS/ROS2/work_space/install/custom_robot/share/custom_robot/models/aws_robomaker_warehouse_ClutteringC_01/model.config
[0.490s] -- Up-to-date: /home/ziad/Ziad_WS/ROS2/work_space/install/custom_robot/share/custom_robot/models/aws_robomaker_warehouse_ClutteringC_01/model.sdf
[0.490s] -- Up-to-date: /home/ziad/Ziad_WS/ROS2/work_space/install/custom_robot/share/custom_robot/models/aws_robomaker_retail_Computer_01
[0.490s] -- Up-to-date: /home/ziad/Ziad_WS/ROS2/work_space/install/custom_robot/share/custom_robot/models/aws_robomaker_retail_Computer_01/meshes
[0.493s] -- Up-to-date: /home/ziad/Ziad_WS/ROS2/work_space/install/custom_robot/share/custom_robot/models/aws_robomaker_retail_Computer_01/meshes/aws_Computer_01_visual.DAE
[0.493s] -- Up-to-date: /home/ziad/Ziad_WS/ROS2/work_space/install/custom_robot/share/custom_robot/models/aws_robomaker_retail_Computer_01/meshes/aws_Computer_01_collision.DAE
[0.493s] -- Up-to-date: /home/ziad/Ziad_WS/ROS2/work_space/install/custom_robot/share/custom_robot/models/aws_robomaker_retail_Computer_01/materials
[0.493s] -- Up-to-date: /home/ziad/Ziad_WS/ROS2/work_space/install/custom_robot/share/custom_robot/models/aws_robomaker_retail_Computer_01/materials/textures
[0.493s] -- Up-to-date: /home/ziad/Ziad_WS/ROS2/work_space/install/custom_robot/share/custom_robot/models/aws_robomaker_retail_Computer_01/materials/textures/aws_Computer_01.png
[0.493s] -- Up-to-date: /home/ziad/Ziad_WS/ROS2/work_space/install/custom_robot/share/custom_robot/models/aws_robomaker_retail_Computer_01/model.config
[0.495s] -- Up-to-date: /home/ziad/Ziad_WS/ROS2/work_space/install/custom_robot/share/custom_robot/models/aws_robomaker_retail_Computer_01/model.sdf
[0.495s] -- Up-to-date: /home/ziad/Ziad_WS/ROS2/work_space/install/custom_robot/share/custom_robot/models/aws_robomaker_hospital_floor_01_walls
[0.496s] -- Up-to-date: /home/ziad/Ziad_WS/ROS2/work_space/install/custom_robot/share/custom_robot/models/aws_robomaker_hospital_floor_01_walls/meshes
[0.496s] -- Up-to-date: /home/ziad/Ziad_WS/ROS2/work_space/install/custom_robot/share/custom_robot/models/aws_robomaker_hospital_floor_01_walls/meshes/aws_robomaker_hospital_floor_01_stairs.png
[0.496s] -- Up-to-date: /home/ziad/Ziad_WS/ROS2/work_space/install/custom_robot/share/custom_robot/models/aws_robomaker_hospital_floor_01_walls/meshes/aws_robomaker_hospital_floor_01_doorframes_small.png
[0.496s] -- Up-to-date: /home/ziad/Ziad_WS/ROS2/work_space/install/custom_robot/share/custom_robot/models/aws_robomaker_hospital_floor_01_walls/meshes/aws_robomaker_hospital_floor_01_doorframes_big.png
[0.496s] -- Up-to-date: /home/ziad/Ziad_WS/ROS2/work_space/install/custom_robot/share/custom_robot/models/aws_robomaker_hospital_floor_01_walls/meshes/aws_robomaker_hospital_floor_01_walls.png
[0.497s] -- Up-to-date: /home/ziad/Ziad_WS/ROS2/work_space/install/custom_robot/share/custom_robot/models/aws_robomaker_hospital_floor_01_walls/meshes/aws_robomaker_hospital_floor_01_bumprail.png
[0.498s] -- Up-to-date: /home/ziad/Ziad_WS/ROS2/work_space/install/custom_robot/share/custom_robot/models/aws_robomaker_hospital_floor_01_walls/meshes/aws_robomaker_hospital_floor_01_walls_collision.dae
[0.498s] -- Up-to-date: /home/ziad/Ziad_WS/ROS2/work_space/install/custom_robot/share/custom_robot/models/aws_robomaker_hospital_floor_01_walls/meshes/aws_robomaker_hospital_floor_01_handrail.png
[0.498s] -- Up-to-date: /home/ziad/Ziad_WS/ROS2/work_space/install/custom_robot/share/custom_robot/models/aws_robomaker_hospital_floor_01_walls/meshes/aws_robomaker_hospital_floor_01_doorsign.png
[0.498s] -- Up-to-date: /home/ziad/Ziad_WS/ROS2/work_space/install/custom_robot/share/custom_robot/models/aws_robomaker_hospital_floor_01_walls/meshes/aws_robomaker_hospital_floor_01_walls_visual.dae
[0.498s] -- Up-to-date: /home/ziad/Ziad_WS/ROS2/work_space/install/custom_robot/share/custom_robot/models/aws_robomaker_hospital_floor_01_walls/meshes/aws_robomaker_hospital_floor_01_windows.png
[0.499s] -- Up-to-date: /home/ziad/Ziad_WS/ROS2/work_space/install/custom_robot/share/custom_robot/models/aws_robomaker_hospital_floor_01_walls/model.config
[0.499s] -- Up-to-date: /home/ziad/Ziad_WS/ROS2/work_space/install/custom_robot/share/custom_robot/models/aws_robomaker_hospital_floor_01_walls/model.sdf
[0.499s] -- Up-to-date: /home/ziad/Ziad_WS/ROS2/work_space/install/custom_robot/share/custom_robot/models/aws_robomaker_residential_PortraitD_02
[0.499s] -- Up-to-date: /home/ziad/Ziad_WS/ROS2/work_space/install/custom_robot/share/custom_robot/models/aws_robomaker_residential_PortraitD_02/meshes
[0.499s] -- Up-to-date: /home/ziad/Ziad_WS/ROS2/work_space/install/custom_robot/share/custom_robot/models/aws_robomaker_residential_PortraitD_02/meshes/aws_PortraitD_01_visual.DAE
[0.499s] -- Up-to-date: /home/ziad/Ziad_WS/ROS2/work_space/install/custom_robot/share/custom_robot/models/aws_robomaker_residential_PortraitD_02/meshes/aws_PortraitD_01_collision.DAE
[0.499s] -- Up-to-date: /home/ziad/Ziad_WS/ROS2/work_space/install/custom_robot/share/custom_robot/models/aws_robomaker_residential_PortraitD_02/materials
[0.500s] -- Up-to-date: /home/ziad/Ziad_WS/ROS2/work_space/install/custom_robot/share/custom_robot/models/aws_robomaker_residential_PortraitD_02/materials/textures
[0.500s] -- Up-to-date: /home/ziad/Ziad_WS/ROS2/work_space/install/custom_robot/share/custom_robot/models/aws_robomaker_residential_PortraitD_02/materials/textures/aws_PortraitD_02.png
[0.500s] -- Up-to-date: /home/ziad/Ziad_WS/ROS2/work_space/install/custom_robot/share/custom_robot/models/aws_robomaker_residential_PortraitD_02/materials/textures/aws_PortraitD_01.png
[0.500s] -- Up-to-date: /home/ziad/Ziad_WS/ROS2/work_space/install/custom_robot/share/custom_robot/models/aws_robomaker_residential_PortraitD_02/model.config
[0.502s] -- Up-to-date: /home/ziad/Ziad_WS/ROS2/work_space/install/custom_robot/share/custom_robot/models/aws_robomaker_residential_PortraitD_02/model.sdf
[0.504s] -- Up-to-date: /home/ziad/Ziad_WS/ROS2/work_space/install/custom_robot/share/custom_robot/models/aws_robomaker_residential_Refrigerator_01
[0.506s] -- Up-to-date: /home/ziad/Ziad_WS/ROS2/work_space/install/custom_robot/share/custom_robot/models/aws_robomaker_residential_Refrigerator_01/meshes
[0.507s] -- Up-to-date: /home/ziad/Ziad_WS/ROS2/work_space/install/custom_robot/share/custom_robot/models/aws_robomaker_residential_Refrigerator_01/meshes/aws_Refrigerator_01.DAE
[0.512s] -- Up-to-date: /home/ziad/Ziad_WS/ROS2/work_space/install/custom_robot/share/custom_robot/models/aws_robomaker_residential_Refrigerator_01/meshes/aws_Refrigerator_01_collision.DAE
[0.512s] -- Up-to-date: /home/ziad/Ziad_WS/ROS2/work_space/install/custom_robot/share/custom_robot/models/aws_robomaker_residential_Refrigerator_01/meshes/aws_Refrigerator_01_visual.DAE
[0.512s] -- Up-to-date: /home/ziad/Ziad_WS/ROS2/work_space/install/custom_robot/share/custom_robot/models/aws_robomaker_residential_Refrigerator_01/materials
[0.512s] -- Up-to-date: /home/ziad/Ziad_WS/ROS2/work_space/install/custom_robot/share/custom_robot/models/aws_robomaker_residential_Refrigerator_01/materials/textures
[0.514s] -- Up-to-date: /home/ziad/Ziad_WS/ROS2/work_space/install/custom_robot/share/custom_robot/models/aws_robomaker_residential_Refrigerator_01/materials/textures/aws_Refrigerator_01.png
[0.514s] -- Up-to-date: /home/ziad/Ziad_WS/ROS2/work_space/install/custom_robot/share/custom_robot/models/aws_robomaker_residential_Refrigerator_01/materials/textures/aws_Refrigerator_02.png
[0.514s] -- Up-to-date: /home/ziad/Ziad_WS/ROS2/work_space/install/custom_robot/share/custom_robot/models/aws_robomaker_residential_Refrigerator_01/model.config
[0.514s] -- Up-to-date: /home/ziad/Ziad_WS/ROS2/work_space/install/custom_robot/share/custom_robot/models/aws_robomaker_residential_Refrigerator_01/model.sdf
[0.514s] -- Up-to-date: /home/ziad/Ziad_WS/ROS2/work_space/install/custom_robot/share/custom_robot/models/aws_robomaker_residential_KitchenCabinet_01
[0.515s] -- Up-to-date: /home/ziad/Ziad_WS/ROS2/work_space/install/custom_robot/share/custom_robot/models/aws_robomaker_residential_KitchenCabinet_01/meshes
[0.515s] -- Up-to-date: /home/ziad/Ziad_WS/ROS2/work_space/install/custom_robot/share/custom_robot/models/aws_robomaker_residential_KitchenCabinet_01/meshes/aws_KitchenCabinet_01_collision.DAE
[0.515s] -- Up-to-date: /home/ziad/Ziad_WS/ROS2/work_space/install/custom_robot/share/custom_robot/models/aws_robomaker_residential_KitchenCabinet_01/meshes/aws_KitchenCabinet_01_visual.DAE
[0.515s] -- Up-to-date: /home/ziad/Ziad_WS/ROS2/work_space/install/custom_robot/share/custom_robot/models/aws_robomaker_residential_KitchenCabinet_01/materials
[0.515s] -- Up-to-date: /home/ziad/Ziad_WS/ROS2/work_space/install/custom_robot/share/custom_robot/models/aws_robomaker_residential_KitchenCabinet_01/materials/textures
[0.515s] -- Up-to-date: /home/ziad/Ziad_WS/ROS2/work_space/install/custom_robot/share/custom_robot/models/aws_robomaker_residential_KitchenCabinet_01/materials/textures/aws_KitchenCabinet_01.png
[0.515s] -- Up-to-date: /home/ziad/Ziad_WS/ROS2/work_space/install/custom_robot/share/custom_robot/models/aws_robomaker_residential_KitchenCabinet_01/model.config
[0.515s] -- Up-to-date: /home/ziad/Ziad_WS/ROS2/work_space/install/custom_robot/share/custom_robot/models/aws_robomaker_residential_KitchenCabinet_01/model.sdf
[0.516s] -- Up-to-date: /home/ziad/Ziad_WS/ROS2/work_space/install/custom_robot/share/custom_robot/models/aws_robomaker_hospital_elevator_01_door
[0.516s] -- Up-to-date: /home/ziad/Ziad_WS/ROS2/work_space/install/custom_robot/share/custom_robot/models/aws_robomaker_hospital_elevator_01_door/meshes
[0.518s] -- Up-to-date: /home/ziad/Ziad_WS/ROS2/work_space/install/custom_robot/share/custom_robot/models/aws_robomaker_hospital_elevator_01_door/meshes/aws_robomaker_hospital_elevator_01_low_normal.png
[0.521s] -- Up-to-date: /home/ziad/Ziad_WS/ROS2/work_space/install/custom_robot/share/custom_robot/models/aws_robomaker_hospital_elevator_01_door/meshes/aws_robomaker_hospital_elevator_01_door_visual.dae
[0.521s] -- Up-to-date: /home/ziad/Ziad_WS/ROS2/work_space/install/custom_robot/share/custom_robot/models/aws_robomaker_hospital_elevator_01_door/meshes/aws_robomaker_hospital_elevator_01_low.png
[0.522s] -- Up-to-date: /home/ziad/Ziad_WS/ROS2/work_space/install/custom_robot/share/custom_robot/models/aws_robomaker_hospital_elevator_01_door/meshes/aws_robomaker_hospital_elevator_01_door_low.dae
[0.522s] -- Up-to-date: /home/ziad/Ziad_WS/ROS2/work_space/install/custom_robot/share/custom_robot/models/aws_robomaker_hospital_elevator_01_door/meshes/aws_robomaker_hospital_elevator_01_visual_normal.png
[0.522s] -- Up-to-date: /home/ziad/Ziad_WS/ROS2/work_space/install/custom_robot/share/custom_robot/models/aws_robomaker_hospital_elevator_01_door/meshes/aws_robomaker_hospital_elevator_01_door_collision.dae
[0.522s] -- Up-to-date: /home/ziad/Ziad_WS/ROS2/work_space/install/custom_robot/share/custom_robot/models/aws_robomaker_hospital_elevator_01_door/meshes/aws_robomaker_hospital_elevator_01_visual.png
[0.522s] -- Up-to-date: /home/ziad/Ziad_WS/ROS2/work_space/install/custom_robot/share/custom_robot/models/aws_robomaker_hospital_elevator_01_door/model.config
[0.522s] -- Up-to-date: /home/ziad/Ziad_WS/ROS2/work_space/install/custom_robot/share/custom_robot/models/aws_robomaker_hospital_elevator_01_door/model.sdf
[0.522s] -- Up-to-date: /home/ziad/Ziad_WS/ROS2/work_space/install/custom_robot/share/ament_index/resource_index/package_run_dependencies/custom_robot
[0.522s] -- Up-to-date: /home/ziad/Ziad_WS/ROS2/work_space/install/custom_robot/share/ament_index/resource_index/parent_prefix_path/custom_robot
[0.523s] -- Up-to-date: /home/ziad/Ziad_WS/ROS2/work_space/install/custom_robot/share/custom_robot/environment/ament_prefix_path.sh
[0.523s] -- Up-to-date: /home/ziad/Ziad_WS/ROS2/work_space/install/custom_robot/share/custom_robot/environment/ament_prefix_path.dsv
[0.523s] -- Up-to-date: /home/ziad/Ziad_WS/ROS2/work_space/install/custom_robot/share/custom_robot/environment/path.sh
[0.524s] -- Up-to-date: /home/ziad/Ziad_WS/ROS2/work_space/install/custom_robot/share/custom_robot/environment/path.dsv
[0.525s] -- Up-to-date: /home/ziad/Ziad_WS/ROS2/work_space/install/custom_robot/share/custom_robot/local_setup.bash
[0.525s] -- Up-to-date: /home/ziad/Ziad_WS/ROS2/work_space/install/custom_robot/share/custom_robot/local_setup.sh
[0.525s] -- Up-to-date: /home/ziad/Ziad_WS/ROS2/work_space/install/custom_robot/share/custom_robot/local_setup.zsh
[0.525s] -- Up-to-date: /home/ziad/Ziad_WS/ROS2/work_space/install/custom_robot/share/custom_robot/local_setup.dsv
[0.525s] -- Installing: /home/ziad/Ziad_WS/ROS2/work_space/install/custom_robot/share/custom_robot/package.dsv
[0.525s] -- Up-to-date: /home/ziad/Ziad_WS/ROS2/work_space/install/custom_robot/share/ament_index/resource_index/packages/custom_robot
[0.526s] -- Up-to-date: /home/ziad/Ziad_WS/ROS2/work_space/install/custom_robot/share/custom_robot/cmake/custom_robotConfig.cmake
[0.526s] -- Up-to-date: /home/ziad/Ziad_WS/ROS2/work_space/install/custom_robot/share/custom_robot/cmake/custom_robotConfig-version.cmake
[0.526s] -- Up-to-date: /home/ziad/Ziad_WS/ROS2/work_space/install/custom_robot/share/custom_robot/package.xml
[0.535s] Invoked command in '/home/ziad/Ziad_WS/ROS2/work_space/build/custom_robot' returned '0': CMAKE_PREFIX_PATH=${CMAKE_PREFIX_PATH}:/opt/ros/humble /usr/bin/cmake --install /home/ziad/Ziad_WS/ROS2/work_space/build/custom_robot
