-- The C compiler identification is GNU 11.4.0
-- The CXX compiler identification is GNU 11.4.0
-- Detecting C compiler ABI info
-- Detecting C compiler ABI info - done
-- Check for working C compiler: /usr/bin/cc - skipped
-- Detecting C compile features
-- Detecting C compile features - done
-- Detecting CXX compiler ABI info
-- Detecting CXX compiler ABI info - done
-- Check for working CXX compiler: /usr/bin/c++ - skipped
-- Detecting CXX compile features
-- Detecting CXX compile features - done
-- Found ament_cmake: 1.3.12 (/opt/ros/humble/share/ament_cmake/cmake)
-- Found Python3: /usr/bin/python3 (found version "3.10.12") found components: Interpreter 
-- Found rclcpp: 16.0.14 (/opt/ros/humble/share/rclcpp/cmake)
-- Found rosidl_generator_c: 3.1.7 (/opt/ros/humble/share/rosidl_generator_c/cmake)
-- Found rosidl_adapter: 3.1.7 (/opt/ros/humble/share/rosidl_adapter/cmake)
-- Found rosidl_generator_cpp: 3.1.7 (/opt/ros/humble/share/rosidl_generator_cpp/cmake)
-- Using all available rosidl_typesupport_c: rosidl_typesupport_fastrtps_c;rosidl_typesupport_introspection_c
-- Using all available rosidl_typesupport_cpp: rosidl_typesupport_fastrtps_cpp;rosidl_typesupport_introspection_cpp
-- Found rmw_implementation_cmake: 6.1.2 (/opt/ros/humble/share/rmw_implementation_cmake/cmake)
-- Found rmw_fastrtps_cpp: 6.2.8 (/opt/ros/humble/share/rmw_fastrtps_cpp/cmake)
-- Found OpenSSL: /usr/lib/x86_64-linux-gnu/libcrypto.so (found version "3.0.2")  
-- Found FastRTPS: /opt/ros/humble/include  
-- Using RMW implementation 'rmw_fastrtps_cpp' as default
-- Looking for pthread.h
-- Looking for pthread.h - found
-- Performing Test CMAKE_HAVE_LIBC_PTHREAD
-- Performing Test CMAKE_HAVE_LIBC_PTHREAD - Success
-- Found Threads: TRUE  
-- Found rclcpp_action: 16.0.14 (/opt/ros/humble/share/rclcpp_action/cmake)
-- Found rosidl_default_generators: 1.2.0 (/opt/ros/humble/share/rosidl_default_generators/cmake)
-- Found ament_cmake_ros: 0.10.0 (/opt/ros/humble/share/ament_cmake_ros/cmake)
-- Using all available rosidl_typesupport_c: rosidl_typesupport_fastrtps_c;rosidl_typesupport_introspection_c
-- Using all available rosidl_typesupport_cpp: rosidl_typesupport_fastrtps_cpp;rosidl_typesupport_introspection_cpp
-- Found PythonInterp: /usr/bin/python3 (found suitable version "3.10.12", minimum required is "3.6") 
-- Found python_cmake_module: 0.10.0 (/opt/ros/humble/share/python_cmake_module/cmake)
-- Found PythonLibs: /usr/lib/x86_64-linux-gnu/libpython3.10.so (found suitable version "3.10.12", minimum required is "3.5") 
-- Using PYTHON_EXECUTABLE: /usr/bin/python3
-- Using PYTHON_INCLUDE_DIRS: /usr/include/python3.10
-- Using PYTHON_LIBRARIES: /usr/lib/x86_64-linux-gnu/libpython3.10.so
-- Found PythonExtra: .so  
-- Configuring done
-- Generating done
-- Build files have been written to: /home/ziad/Ziad_WS/ROS2/work_space/build/srv_act_ros2
[  2%] [34m[1mGenerating C code for ROS interfaces[0m
[  4%] [34m[1mGenerating C++ code for ROS interfaces[0m
[  4%] Built target ament_cmake_python_copy_srv_act_ros2
[  4%] Built target srv_act_ros2__cpp
[  6%] [32mBuilding C object CMakeFiles/srv_act_ros2__rosidl_generator_c.dir/rosidl_generator_c/srv_act_ros2/srv/detail/add_two_ints__functions.c.o[0m
[  8%] [34m[1mGenerating C++ type support for eProsima Fast-RTPS[0m
[ 10%] [34m[1mGenerating C++ type support dispatch for ROS interfaces[0m
[ 12%] [32mBuilding C object CMakeFiles/srv_act_ros2__rosidl_generator_c.dir/rosidl_generator_c/srv_act_ros2/action/detail/countdown__functions.c.o[0m
running egg_info
creating srv_act_ros2.egg-info
writing srv_act_ros2.egg-info/PKG-INFO
writing dependency_links to srv_act_ros2.egg-info/dependency_links.txt
writing top-level names to srv_act_ros2.egg-info/top_level.txt
writing manifest file 'srv_act_ros2.egg-info/SOURCES.txt'
[ 14%] [32m[1mLinking C shared library libsrv_act_ros2__rosidl_generator_c.so[0m
reading manifest file 'srv_act_ros2.egg-info/SOURCES.txt'
writing manifest file 'srv_act_ros2.egg-info/SOURCES.txt'
[ 14%] Built target ament_cmake_python_build_srv_act_ros2_egg
[ 17%] [34m[1mGenerating C++ introspection for ROS interfaces[0m
[ 17%] Built target srv_act_ros2__rosidl_generator_c
[ 19%] [34m[1mGenerating C type support for eProsima Fast-RTPS[0m
[ 21%] [32mBuilding CXX object CMakeFiles/srv_act_ros2__rosidl_typesupport_cpp.dir/rosidl_typesupport_cpp/srv_act_ros2/srv/add_two_ints__type_support.cpp.o[0m
[ 23%] [32mBuilding CXX object CMakeFiles/srv_act_ros2__rosidl_typesupport_introspection_cpp.dir/rosidl_typesupport_introspection_cpp/srv_act_ros2/srv/detail/add_two_ints__type_support.cpp.o[0m
[ 25%] [32mBuilding CXX object CMakeFiles/srv_act_ros2__rosidl_typesupport_fastrtps_cpp.dir/rosidl_typesupport_fastrtps_cpp/srv_act_ros2/srv/detail/dds_fastrtps/add_two_ints__type_support.cpp.o[0m
[ 27%] [32mBuilding CXX object CMakeFiles/srv_act_ros2__rosidl_typesupport_fastrtps_c.dir/rosidl_typesupport_fastrtps_c/srv_act_ros2/srv/detail/add_two_ints__type_support_c.cpp.o[0m
[ 29%] [32mBuilding CXX object CMakeFiles/srv_act_ros2__rosidl_typesupport_introspection_cpp.dir/rosidl_typesupport_introspection_cpp/srv_act_ros2/action/detail/countdown__type_support.cpp.o[0m
[ 31%] [32mBuilding CXX object CMakeFiles/srv_act_ros2__rosidl_typesupport_cpp.dir/rosidl_typesupport_cpp/srv_act_ros2/action/countdown__type_support.cpp.o[0m
[ 34%] [32mBuilding CXX object CMakeFiles/srv_act_ros2__rosidl_typesupport_fastrtps_cpp.dir/rosidl_typesupport_fastrtps_cpp/srv_act_ros2/action/detail/dds_fastrtps/countdown__type_support.cpp.o[0m
[ 36%] [32mBuilding CXX object CMakeFiles/srv_act_ros2__rosidl_typesupport_fastrtps_c.dir/rosidl_typesupport_fastrtps_c/srv_act_ros2/action/detail/countdown__type_support_c.cpp.o[0m
[ 38%] [32m[1mLinking CXX shared library libsrv_act_ros2__rosidl_typesupport_cpp.so[0m
[ 38%] Built target srv_act_ros2__rosidl_typesupport_cpp
[ 40%] [34m[1mGenerating C introspection for ROS interfaces[0m
[ 42%] [32m[1mLinking CXX shared library libsrv_act_ros2__rosidl_typesupport_introspection_cpp.so[0m
[ 42%] Built target srv_act_ros2__rosidl_typesupport_introspection_cpp
[ 44%] [34m[1mGenerating C type support dispatch for ROS interfaces[0m
[ 46%] [32m[1mLinking CXX shared library libsrv_act_ros2__rosidl_typesupport_fastrtps_c.so[0m
[ 48%] [32mBuilding C object CMakeFiles/srv_act_ros2__rosidl_typesupport_introspection_c.dir/rosidl_typesupport_introspection_c/srv_act_ros2/srv/detail/add_two_ints__type_support.c.o[0m
[ 48%] Built target srv_act_ros2__rosidl_typesupport_fastrtps_c
[ 51%] [32m[1mLinking CXX shared library libsrv_act_ros2__rosidl_typesupport_fastrtps_cpp.so[0m
[ 53%] [32mBuilding C object CMakeFiles/srv_act_ros2__rosidl_typesupport_introspection_c.dir/rosidl_typesupport_introspection_c/srv_act_ros2/action/detail/countdown__type_support.c.o[0m
[ 55%] [32m[1mLinking C shared library libsrv_act_ros2__rosidl_typesupport_introspection_c.so[0m
[ 55%] Built target srv_act_ros2__rosidl_typesupport_fastrtps_cpp
[ 55%] Built target srv_act_ros2__rosidl_typesupport_introspection_c
[ 57%] [32mBuilding CXX object CMakeFiles/srv_act_ros2__rosidl_typesupport_c.dir/rosidl_typesupport_c/srv_act_ros2/srv/add_two_ints__type_support.cpp.o[0m
[ 59%] [32mBuilding CXX object CMakeFiles/srv_act_ros2__rosidl_typesupport_c.dir/rosidl_typesupport_c/srv_act_ros2/action/countdown__type_support.cpp.o[0m
